#! /usr/bin/vvp
:ivl_version "10.3 (stable)";
:ivl_delay_selection "TYPICAL";
:vpi_time_precision + 0;
:vpi_module "system";
:vpi_module "vhdl_sys";
:vpi_module "v2005_math";
:vpi_module "va_math";
S_0x55e7d885f6d0 .scope module, "tbMul" "tbMul" 2 3;
 .timescale 0 0;
v0x55e7d888d2b0_0 .var "DATA1", 7 0;
v0x55e7d888d370_0 .var "DATA2", 7 0;
v0x55e7d888d410_0 .net "RESULT", 7 0, v0x55e7d8888e40_0;  1 drivers
S_0x55e7d885f850 .scope module, "m" "multiplier" 2 8, 3 6 0, S_0x55e7d885f6d0;
 .timescale 0 0;
    .port_info 0 /INPUT 8 "DATA1"
    .port_info 1 /INPUT 8 "DATA2"
    .port_info 2 /OUTPUT 8 "RESULT"
v0x55e7d88508e0_0 .net "DATA1", 7 0, v0x55e7d888d2b0_0;  1 drivers
v0x55e7d8888630_0 .net "DATA2", 7 0, v0x55e7d888d370_0;  1 drivers
v0x55e7d8888710_0 .var "RES0", 7 0;
v0x55e7d88887d0_0 .var "RES1", 7 0;
v0x55e7d88888b0_0 .var "RES2", 7 0;
v0x55e7d88889e0_0 .var "RES3", 7 0;
v0x55e7d8888ac0_0 .var "RES4", 7 0;
v0x55e7d8888ba0_0 .var "RES5", 7 0;
v0x55e7d8888c80_0 .var "RES6", 7 0;
v0x55e7d8888d60_0 .var "RES7", 7 0;
v0x55e7d8888e40_0 .var "RESULT", 7 0;
v0x55e7d8888f20_0 .net "SHIFT0", 7 0, L_0x55e7d888db60;  1 drivers
v0x55e7d8889000_0 .net "SHIFT1", 7 0, L_0x55e7d888e4f0;  1 drivers
v0x55e7d88890e0_0 .net "SHIFT2", 7 0, L_0x55e7d888eda0;  1 drivers
v0x55e7d88891c0_0 .net "SHIFT3", 7 0, L_0x55e7d888f750;  1 drivers
v0x55e7d88892a0_0 .net "SHIFT4", 7 0, L_0x55e7d8890070;  1 drivers
v0x55e7d8889380_0 .net "SHIFT5", 7 0, L_0x55e7d8890b80;  1 drivers
v0x55e7d8889460_0 .net "SHIFT6", 7 0, L_0x55e7d8891130;  1 drivers
v0x55e7d8889540_0 .net "SHIFT7", 7 0, L_0x55e7d88916d0;  1 drivers
v0x55e7d8889620_0 .net *"_s1", 0 0, L_0x55e7d888d4b0;  1 drivers
L_0x7fc43776b378 .functor BUFT 1, C4<0>, C4<0>, C4<0>, C4<0>;
v0x55e7d8889700_0 .net/2u *"_s100", 0 0, L_0x7fc43776b378;  1 drivers
L_0x7fc43776b3c0 .functor BUFT 1, C4<0>, C4<0>, C4<0>, C4<0>;
v0x55e7d88897e0_0 .net/2u *"_s102", 0 0, L_0x7fc43776b3c0;  1 drivers
L_0x7fc43776b408 .functor BUFT 1, C4<0>, C4<0>, C4<0>, C4<0>;
v0x55e7d88898c0_0 .net/2u *"_s104", 0 0, L_0x7fc43776b408;  1 drivers
v0x55e7d88899a0_0 .net *"_s109", 0 0, L_0x55e7d8890ea0;  1 drivers
v0x55e7d8889a80_0 .net *"_s11", 0 0, L_0x55e7d888d890;  1 drivers
v0x55e7d8889b60_0 .net *"_s111", 0 0, L_0x55e7d8891090;  1 drivers
L_0x7fc43776b450 .functor BUFT 1, C4<0>, C4<0>, C4<0>, C4<0>;
v0x55e7d8889c40_0 .net/2u *"_s112", 0 0, L_0x7fc43776b450;  1 drivers
L_0x7fc43776b498 .functor BUFT 1, C4<0>, C4<0>, C4<0>, C4<0>;
v0x55e7d8889d20_0 .net/2u *"_s114", 0 0, L_0x7fc43776b498;  1 drivers
L_0x7fc43776b4e0 .functor BUFT 1, C4<0>, C4<0>, C4<0>, C4<0>;
v0x55e7d8889e00_0 .net/2u *"_s116", 0 0, L_0x7fc43776b4e0;  1 drivers
L_0x7fc43776b528 .functor BUFT 1, C4<0>, C4<0>, C4<0>, C4<0>;
v0x55e7d8889ee0_0 .net/2u *"_s118", 0 0, L_0x7fc43776b528;  1 drivers
L_0x7fc43776b570 .functor BUFT 1, C4<0>, C4<0>, C4<0>, C4<0>;
v0x55e7d8889fc0_0 .net/2u *"_s120", 0 0, L_0x7fc43776b570;  1 drivers
L_0x7fc43776b5b8 .functor BUFT 1, C4<0>, C4<0>, C4<0>, C4<0>;
v0x55e7d888a0a0_0 .net/2u *"_s122", 0 0, L_0x7fc43776b5b8;  1 drivers
v0x55e7d888a180_0 .net *"_s127", 0 0, L_0x55e7d8891630;  1 drivers
L_0x7fc43776b600 .functor BUFT 1, C4<0>, C4<0>, C4<0>, C4<0>;
v0x55e7d888a260_0 .net/2u *"_s128", 0 0, L_0x7fc43776b600;  1 drivers
v0x55e7d888a340_0 .net *"_s13", 0 0, L_0x55e7d888d9a0;  1 drivers
L_0x7fc43776b648 .functor BUFT 1, C4<0>, C4<0>, C4<0>, C4<0>;
v0x55e7d888a420_0 .net/2u *"_s130", 0 0, L_0x7fc43776b648;  1 drivers
L_0x7fc43776b690 .functor BUFT 1, C4<0>, C4<0>, C4<0>, C4<0>;
v0x55e7d888a500_0 .net/2u *"_s132", 0 0, L_0x7fc43776b690;  1 drivers
L_0x7fc43776b6d8 .functor BUFT 1, C4<0>, C4<0>, C4<0>, C4<0>;
v0x55e7d888a5e0_0 .net/2u *"_s134", 0 0, L_0x7fc43776b6d8;  1 drivers
L_0x7fc43776b720 .functor BUFT 1, C4<0>, C4<0>, C4<0>, C4<0>;
v0x55e7d888a6c0_0 .net/2u *"_s136", 0 0, L_0x7fc43776b720;  1 drivers
L_0x7fc43776b768 .functor BUFT 1, C4<0>, C4<0>, C4<0>, C4<0>;
v0x55e7d888a7a0_0 .net/2u *"_s138", 0 0, L_0x7fc43776b768;  1 drivers
L_0x7fc43776b7b0 .functor BUFT 1, C4<0>, C4<0>, C4<0>, C4<0>;
v0x55e7d888a880_0 .net/2u *"_s140", 0 0, L_0x7fc43776b7b0;  1 drivers
v0x55e7d888a960_0 .net *"_s15", 0 0, L_0x55e7d888da40;  1 drivers
v0x55e7d888aa40_0 .net *"_s19", 0 0, L_0x55e7d888deb0;  1 drivers
v0x55e7d888ab20_0 .net *"_s21", 0 0, L_0x55e7d888dfb0;  1 drivers
v0x55e7d888ac00_0 .net *"_s23", 0 0, L_0x55e7d888e050;  1 drivers
v0x55e7d888ace0_0 .net *"_s25", 0 0, L_0x55e7d888e160;  1 drivers
v0x55e7d888adc0_0 .net *"_s27", 0 0, L_0x55e7d888e200;  1 drivers
v0x55e7d888aea0_0 .net *"_s29", 0 0, L_0x55e7d888e320;  1 drivers
v0x55e7d888af80_0 .net *"_s3", 0 0, L_0x55e7d888d550;  1 drivers
v0x55e7d888b060_0 .net *"_s31", 0 0, L_0x55e7d888e3c0;  1 drivers
L_0x7fc43776b018 .functor BUFT 1, C4<0>, C4<0>, C4<0>, C4<0>;
v0x55e7d888b140_0 .net/2u *"_s32", 0 0, L_0x7fc43776b018;  1 drivers
v0x55e7d888b220_0 .net *"_s37", 0 0, L_0x55e7d888e840;  1 drivers
v0x55e7d888b300_0 .net *"_s39", 0 0, L_0x55e7d888e980;  1 drivers
v0x55e7d888b3e0_0 .net *"_s41", 0 0, L_0x55e7d888ea20;  1 drivers
v0x55e7d888b4c0_0 .net *"_s43", 0 0, L_0x55e7d888e8e0;  1 drivers
v0x55e7d888b5a0_0 .net *"_s45", 0 0, L_0x55e7d888eb70;  1 drivers
v0x55e7d888b680_0 .net *"_s47", 0 0, L_0x55e7d888ecd0;  1 drivers
L_0x7fc43776b060 .functor BUFT 1, C4<0>, C4<0>, C4<0>, C4<0>;
v0x55e7d888b760_0 .net/2u *"_s48", 0 0, L_0x7fc43776b060;  1 drivers
v0x55e7d888b840_0 .net *"_s5", 0 0, L_0x55e7d888d5f0;  1 drivers
L_0x7fc43776b0a8 .functor BUFT 1, C4<0>, C4<0>, C4<0>, C4<0>;
v0x55e7d888b920_0 .net/2u *"_s50", 0 0, L_0x7fc43776b0a8;  1 drivers
v0x55e7d888ba00_0 .net *"_s55", 0 0, L_0x55e7d888f210;  1 drivers
v0x55e7d888bae0_0 .net *"_s57", 0 0, L_0x55e7d888f2b0;  1 drivers
v0x55e7d888bbc0_0 .net *"_s59", 0 0, L_0x55e7d888f430;  1 drivers
v0x55e7d888bca0_0 .net *"_s61", 0 0, L_0x55e7d888f4d0;  1 drivers
v0x55e7d888bd80_0 .net *"_s63", 0 0, L_0x55e7d888f660;  1 drivers
L_0x7fc43776b0f0 .functor BUFT 1, C4<0>, C4<0>, C4<0>, C4<0>;
v0x55e7d888c270_0 .net/2u *"_s64", 0 0, L_0x7fc43776b0f0;  1 drivers
L_0x7fc43776b138 .functor BUFT 1, C4<0>, C4<0>, C4<0>, C4<0>;
v0x55e7d888c350_0 .net/2u *"_s66", 0 0, L_0x7fc43776b138;  1 drivers
L_0x7fc43776b180 .functor BUFT 1, C4<0>, C4<0>, C4<0>, C4<0>;
v0x55e7d888c430_0 .net/2u *"_s68", 0 0, L_0x7fc43776b180;  1 drivers
v0x55e7d888c510_0 .net *"_s7", 0 0, L_0x55e7d888d6c0;  1 drivers
v0x55e7d888c5f0_0 .net *"_s73", 0 0, L_0x55e7d888fbc0;  1 drivers
v0x55e7d888c6d0_0 .net *"_s75", 0 0, L_0x55e7d888fc60;  1 drivers
v0x55e7d888c7b0_0 .net *"_s77", 0 0, L_0x55e7d888fe10;  1 drivers
v0x55e7d888c890_0 .net *"_s79", 0 0, L_0x55e7d888feb0;  1 drivers
L_0x7fc43776b1c8 .functor BUFT 1, C4<0>, C4<0>, C4<0>, C4<0>;
v0x55e7d888c970_0 .net/2u *"_s80", 0 0, L_0x7fc43776b1c8;  1 drivers
L_0x7fc43776b210 .functor BUFT 1, C4<0>, C4<0>, C4<0>, C4<0>;
v0x55e7d888ca50_0 .net/2u *"_s82", 0 0, L_0x7fc43776b210;  1 drivers
L_0x7fc43776b258 .functor BUFT 1, C4<0>, C4<0>, C4<0>, C4<0>;
v0x55e7d888cb30_0 .net/2u *"_s84", 0 0, L_0x7fc43776b258;  1 drivers
L_0x7fc43776b2a0 .functor BUFT 1, C4<0>, C4<0>, C4<0>, C4<0>;
v0x55e7d888cc10_0 .net/2u *"_s86", 0 0, L_0x7fc43776b2a0;  1 drivers
v0x55e7d888ccf0_0 .net *"_s9", 0 0, L_0x55e7d888d7c0;  1 drivers
v0x55e7d888cdd0_0 .net *"_s91", 0 0, L_0x55e7d88903c0;  1 drivers
v0x55e7d888ceb0_0 .net *"_s93", 0 0, L_0x55e7d888ff50;  1 drivers
v0x55e7d888cf90_0 .net *"_s95", 0 0, L_0x55e7d88909a0;  1 drivers
L_0x7fc43776b2e8 .functor BUFT 1, C4<0>, C4<0>, C4<0>, C4<0>;
v0x55e7d888d070_0 .net/2u *"_s96", 0 0, L_0x7fc43776b2e8;  1 drivers
L_0x7fc43776b330 .functor BUFT 1, C4<0>, C4<0>, C4<0>, C4<0>;
v0x55e7d888d150_0 .net/2u *"_s98", 0 0, L_0x7fc43776b330;  1 drivers
E_0x55e7d8855ce0/0 .event edge, v0x55e7d8888710_0, v0x55e7d88887d0_0, v0x55e7d88888b0_0, v0x55e7d88889e0_0;
E_0x55e7d8855ce0/1 .event edge, v0x55e7d8888ac0_0, v0x55e7d8888ba0_0, v0x55e7d8888c80_0, v0x55e7d8888d60_0;
E_0x55e7d8855ce0 .event/or E_0x55e7d8855ce0/0, E_0x55e7d8855ce0/1;
E_0x55e7d8855e10/0 .event edge, v0x55e7d8888630_0, v0x55e7d8888f20_0, v0x55e7d8889000_0, v0x55e7d88890e0_0;
E_0x55e7d8855e10/1 .event edge, v0x55e7d88891c0_0, v0x55e7d88892a0_0, v0x55e7d8889380_0, v0x55e7d8889460_0;
E_0x55e7d8855e10/2 .event edge, v0x55e7d8889540_0;
E_0x55e7d8855e10 .event/or E_0x55e7d8855e10/0, E_0x55e7d8855e10/1, E_0x55e7d8855e10/2;
L_0x55e7d888d4b0 .part v0x55e7d888d2b0_0, 7, 1;
L_0x55e7d888d550 .part v0x55e7d888d2b0_0, 6, 1;
L_0x55e7d888d5f0 .part v0x55e7d888d2b0_0, 5, 1;
L_0x55e7d888d6c0 .part v0x55e7d888d2b0_0, 4, 1;
L_0x55e7d888d7c0 .part v0x55e7d888d2b0_0, 3, 1;
L_0x55e7d888d890 .part v0x55e7d888d2b0_0, 2, 1;
L_0x55e7d888d9a0 .part v0x55e7d888d2b0_0, 1, 1;
L_0x55e7d888da40 .part v0x55e7d888d2b0_0, 0, 1;
LS_0x55e7d888db60_0_0 .concat [ 1 1 1 1], L_0x55e7d888da40, L_0x55e7d888d9a0, L_0x55e7d888d890, L_0x55e7d888d7c0;
LS_0x55e7d888db60_0_4 .concat [ 1 1 1 1], L_0x55e7d888d6c0, L_0x55e7d888d5f0, L_0x55e7d888d550, L_0x55e7d888d4b0;
L_0x55e7d888db60 .concat [ 4 4 0 0], LS_0x55e7d888db60_0_0, LS_0x55e7d888db60_0_4;
L_0x55e7d888deb0 .part v0x55e7d888d2b0_0, 6, 1;
L_0x55e7d888dfb0 .part v0x55e7d888d2b0_0, 5, 1;
L_0x55e7d888e050 .part v0x55e7d888d2b0_0, 4, 1;
L_0x55e7d888e160 .part v0x55e7d888d2b0_0, 3, 1;
L_0x55e7d888e200 .part v0x55e7d888d2b0_0, 2, 1;
L_0x55e7d888e320 .part v0x55e7d888d2b0_0, 1, 1;
L_0x55e7d888e3c0 .part v0x55e7d888d2b0_0, 0, 1;
LS_0x55e7d888e4f0_0_0 .concat [ 1 1 1 1], L_0x7fc43776b018, L_0x55e7d888e3c0, L_0x55e7d888e320, L_0x55e7d888e200;
LS_0x55e7d888e4f0_0_4 .concat [ 1 1 1 1], L_0x55e7d888e160, L_0x55e7d888e050, L_0x55e7d888dfb0, L_0x55e7d888deb0;
L_0x55e7d888e4f0 .concat [ 4 4 0 0], LS_0x55e7d888e4f0_0_0, LS_0x55e7d888e4f0_0_4;
L_0x55e7d888e840 .part v0x55e7d888d2b0_0, 5, 1;
L_0x55e7d888e980 .part v0x55e7d888d2b0_0, 4, 1;
L_0x55e7d888ea20 .part v0x55e7d888d2b0_0, 3, 1;
L_0x55e7d888e8e0 .part v0x55e7d888d2b0_0, 2, 1;
L_0x55e7d888eb70 .part v0x55e7d888d2b0_0, 1, 1;
L_0x55e7d888ecd0 .part v0x55e7d888d2b0_0, 0, 1;
LS_0x55e7d888eda0_0_0 .concat [ 1 1 1 1], L_0x7fc43776b0a8, L_0x7fc43776b060, L_0x55e7d888ecd0, L_0x55e7d888eb70;
LS_0x55e7d888eda0_0_4 .concat [ 1 1 1 1], L_0x55e7d888e8e0, L_0x55e7d888ea20, L_0x55e7d888e980, L_0x55e7d888e840;
L_0x55e7d888eda0 .concat [ 4 4 0 0], LS_0x55e7d888eda0_0_0, LS_0x55e7d888eda0_0_4;
L_0x55e7d888f210 .part v0x55e7d888d2b0_0, 4, 1;
L_0x55e7d888f2b0 .part v0x55e7d888d2b0_0, 3, 1;
L_0x55e7d888f430 .part v0x55e7d888d2b0_0, 2, 1;
L_0x55e7d888f4d0 .part v0x55e7d888d2b0_0, 1, 1;
L_0x55e7d888f660 .part v0x55e7d888d2b0_0, 0, 1;
LS_0x55e7d888f750_0_0 .concat [ 1 1 1 1], L_0x7fc43776b180, L_0x7fc43776b138, L_0x7fc43776b0f0, L_0x55e7d888f660;
LS_0x55e7d888f750_0_4 .concat [ 1 1 1 1], L_0x55e7d888f4d0, L_0x55e7d888f430, L_0x55e7d888f2b0, L_0x55e7d888f210;
L_0x55e7d888f750 .concat [ 4 4 0 0], LS_0x55e7d888f750_0_0, LS_0x55e7d888f750_0_4;
L_0x55e7d888fbc0 .part v0x55e7d888d2b0_0, 3, 1;
L_0x55e7d888fc60 .part v0x55e7d888d2b0_0, 2, 1;
L_0x55e7d888fe10 .part v0x55e7d888d2b0_0, 1, 1;
L_0x55e7d888feb0 .part v0x55e7d888d2b0_0, 0, 1;
LS_0x55e7d8890070_0_0 .concat [ 1 1 1 1], L_0x7fc43776b2a0, L_0x7fc43776b258, L_0x7fc43776b210, L_0x7fc43776b1c8;
LS_0x55e7d8890070_0_4 .concat [ 1 1 1 1], L_0x55e7d888feb0, L_0x55e7d888fe10, L_0x55e7d888fc60, L_0x55e7d888fbc0;
L_0x55e7d8890070 .concat [ 4 4 0 0], LS_0x55e7d8890070_0_0, LS_0x55e7d8890070_0_4;
L_0x55e7d88903c0 .part v0x55e7d888d2b0_0, 2, 1;
L_0x55e7d888ff50 .part v0x55e7d888d2b0_0, 1, 1;
L_0x55e7d88909a0 .part v0x55e7d888d2b0_0, 0, 1;
LS_0x55e7d8890b80_0_0 .concat [ 1 1 1 1], L_0x7fc43776b408, L_0x7fc43776b3c0, L_0x7fc43776b378, L_0x7fc43776b330;
LS_0x55e7d8890b80_0_4 .concat [ 1 1 1 1], L_0x7fc43776b2e8, L_0x55e7d88909a0, L_0x55e7d888ff50, L_0x55e7d88903c0;
L_0x55e7d8890b80 .concat [ 4 4 0 0], LS_0x55e7d8890b80_0_0, LS_0x55e7d8890b80_0_4;
L_0x55e7d8890ea0 .part v0x55e7d888d2b0_0, 1, 1;
L_0x55e7d8891090 .part v0x55e7d888d2b0_0, 0, 1;
LS_0x55e7d8891130_0_0 .concat [ 1 1 1 1], L_0x7fc43776b5b8, L_0x7fc43776b570, L_0x7fc43776b528, L_0x7fc43776b4e0;
LS_0x55e7d8891130_0_4 .concat [ 1 1 1 1], L_0x7fc43776b498, L_0x7fc43776b450, L_0x55e7d8891090, L_0x55e7d8890ea0;
L_0x55e7d8891130 .concat [ 4 4 0 0], LS_0x55e7d8891130_0_0, LS_0x55e7d8891130_0_4;
L_0x55e7d8891630 .part v0x55e7d888d2b0_0, 0, 1;
LS_0x55e7d88916d0_0_0 .concat [ 1 1 1 1], L_0x7fc43776b7b0, L_0x7fc43776b768, L_0x7fc43776b720, L_0x7fc43776b6d8;
LS_0x55e7d88916d0_0_4 .concat [ 1 1 1 1], L_0x7fc43776b690, L_0x7fc43776b648, L_0x7fc43776b600, L_0x55e7d8891630;
L_0x55e7d88916d0 .concat [ 4 4 0 0], LS_0x55e7d88916d0_0_0, LS_0x55e7d88916d0_0_4;
    .scope S_0x55e7d885f850;
T_0 ;
    %wait E_0x55e7d8855e10;
    %load/vec4 v0x55e7d8888630_0;
    %parti/s 1, 0, 2;
    %flag_set/vec4 8;
    %jmp/0xz  T_0.0, 8;
    %load/vec4 v0x55e7d8888f20_0;
    %store/vec4 v0x55e7d8888710_0, 0, 8;
    %jmp T_0.1;
T_0.0 ;
    %pushi/vec4 0, 0, 8;
    %store/vec4 v0x55e7d8888710_0, 0, 8;
T_0.1 ;
    %load/vec4 v0x55e7d8888630_0;
    %parti/s 1, 1, 2;
    %flag_set/vec4 8;
    %jmp/0xz  T_0.2, 8;
    %load/vec4 v0x55e7d8889000_0;
    %store/vec4 v0x55e7d88887d0_0, 0, 8;
    %jmp T_0.3;
T_0.2 ;
    %pushi/vec4 0, 0, 8;
    %store/vec4 v0x55e7d88887d0_0, 0, 8;
T_0.3 ;
    %load/vec4 v0x55e7d8888630_0;
    %parti/s 1, 2, 3;
    %flag_set/vec4 8;
    %jmp/0xz  T_0.4, 8;
    %load/vec4 v0x55e7d88890e0_0;
    %store/vec4 v0x55e7d88888b0_0, 0, 8;
    %jmp T_0.5;
T_0.4 ;
    %pushi/vec4 0, 0, 8;
    %store/vec4 v0x55e7d88888b0_0, 0, 8;
T_0.5 ;
    %load/vec4 v0x55e7d8888630_0;
    %parti/s 1, 3, 3;
    %flag_set/vec4 8;
    %jmp/0xz  T_0.6, 8;
    %load/vec4 v0x55e7d88891c0_0;
    %store/vec4 v0x55e7d88889e0_0, 0, 8;
    %jmp T_0.7;
T_0.6 ;
    %pushi/vec4 0, 0, 8;
    %store/vec4 v0x55e7d88889e0_0, 0, 8;
T_0.7 ;
    %load/vec4 v0x55e7d8888630_0;
    %parti/s 1, 4, 4;
    %flag_set/vec4 8;
    %jmp/0xz  T_0.8, 8;
    %load/vec4 v0x55e7d88892a0_0;
    %store/vec4 v0x55e7d8888ac0_0, 0, 8;
    %jmp T_0.9;
T_0.8 ;
    %pushi/vec4 0, 0, 8;
    %store/vec4 v0x55e7d8888ac0_0, 0, 8;
T_0.9 ;
    %load/vec4 v0x55e7d8888630_0;
    %parti/s 1, 5, 4;
    %flag_set/vec4 8;
    %jmp/0xz  T_0.10, 8;
    %load/vec4 v0x55e7d8889380_0;
    %store/vec4 v0x55e7d8888ba0_0, 0, 8;
    %jmp T_0.11;
T_0.10 ;
    %pushi/vec4 0, 0, 8;
    %store/vec4 v0x55e7d8888ba0_0, 0, 8;
T_0.11 ;
    %load/vec4 v0x55e7d8888630_0;
    %parti/s 1, 6, 4;
    %flag_set/vec4 8;
    %jmp/0xz  T_0.12, 8;
    %load/vec4 v0x55e7d8889460_0;
    %store/vec4 v0x55e7d8888c80_0, 0, 8;
    %jmp T_0.13;
T_0.12 ;
    %pushi/vec4 0, 0, 8;
    %store/vec4 v0x55e7d8888c80_0, 0, 8;
T_0.13 ;
    %load/vec4 v0x55e7d8888630_0;
    %parti/s 1, 7, 4;
    %flag_set/vec4 8;
    %jmp/0xz  T_0.14, 8;
    %load/vec4 v0x55e7d8889540_0;
    %store/vec4 v0x55e7d8888d60_0, 0, 8;
    %jmp T_0.15;
T_0.14 ;
    %pushi/vec4 0, 0, 8;
    %store/vec4 v0x55e7d8888d60_0, 0, 8;
T_0.15 ;
    %jmp T_0;
    .thread T_0, $push;
    .scope S_0x55e7d885f850;
T_1 ;
    %wait E_0x55e7d8855ce0;
    %load/vec4 v0x55e7d8888710_0;
    %load/vec4 v0x55e7d88887d0_0;
    %add;
    %load/vec4 v0x55e7d88888b0_0;
    %add;
    %load/vec4 v0x55e7d88889e0_0;
    %add;
    %load/vec4 v0x55e7d8888ac0_0;
    %add;
    %load/vec4 v0x55e7d8888ba0_0;
    %add;
    %load/vec4 v0x55e7d8888c80_0;
    %add;
    %load/vec4 v0x55e7d8888d60_0;
    %add;
    %store/vec4 v0x55e7d8888e40_0, 0, 8;
    %jmp T_1;
    .thread T_1, $push;
    .scope S_0x55e7d885f6d0;
T_2 ;
    %vpi_call 2 12 "$dumpfile", "mul_wavedata.vcd" {0 0 0};
    %vpi_call 2 13 "$dumpvars", 32'sb00000000000000000000000000000000, S_0x55e7d885f6d0 {0 0 0};
    %end;
    .thread T_2;
    .scope S_0x55e7d885f6d0;
T_3 ;
    %pushi/vec4 3, 0, 8;
    %store/vec4 v0x55e7d888d2b0_0, 0, 8;
    %pushi/vec4 5, 0, 8;
    %store/vec4 v0x55e7d888d370_0, 0, 8;
    %delay 2, 0;
    %pushi/vec4 10, 0, 8;
    %store/vec4 v0x55e7d888d2b0_0, 0, 8;
    %pushi/vec4 5, 0, 8;
    %store/vec4 v0x55e7d888d370_0, 0, 8;
    %delay 2, 0;
    %pushi/vec4 8, 0, 8;
    %store/vec4 v0x55e7d888d2b0_0, 0, 8;
    %pushi/vec4 5, 0, 8;
    %store/vec4 v0x55e7d888d370_0, 0, 8;
    %delay 2, 0;
    %pushi/vec4 5, 0, 8;
    %store/vec4 v0x55e7d888d2b0_0, 0, 8;
    %pushi/vec4 5, 0, 8;
    %store/vec4 v0x55e7d888d370_0, 0, 8;
    %delay 2, 0;
    %vpi_call 2 30 "$finish" {0 0 0};
    %end;
    .thread T_3;
# The file index is used to find the file name in the following table.
:file_names 4;
    "N/A";
    "<interactive>";
    "tb.v";
    "./multiplier.v";
