#! /usr/bin/vvp
:ivl_version "10.3 (stable)";
:ivl_delay_selection "TYPICAL";
:vpi_time_precision + 0;
:vpi_module "system";
:vpi_module "vhdl_sys";
:vpi_module "v2005_math";
:vpi_module "va_math";
S_0x55f1c49e9130 .scope module, "data_memory" "data_memory" 2 12;
 .timescale 0 0;
    .port_info 0 /INPUT 1 "clock"
    .port_info 1 /INPUT 1 "reset"
    .port_info 2 /INPUT 1 "read"
    .port_info 3 /INPUT 1 "write"
    .port_info 4 /INPUT 8 "address"
    .port_info 5 /INPUT 8 "writedata"
    .port_info 6 /OUTPUT 8 "readdata"
    .port_info 7 /OUTPUT 1 "busywait"
o0x7fdf093d9018 .functor BUFZ 8, C4<zzzzzzzz>; HiZ drive
v0x55f1c49fd5f0_0 .net "address", 7 0, o0x7fdf093d9018;  0 drivers
v0x55f1c4a31f40_0 .var "busywait", 0 0;
o0x7fdf093d9078 .functor BUFZ 1, C4<z>; HiZ drive
v0x55f1c4a32000_0 .net "clock", 0 0, o0x7fdf093d9078;  0 drivers
v0x55f1c4a320a0_0 .var/i "i", 31 0;
v0x55f1c4a32180 .array "memory_array", 0 255, 7 0;
o0x7fdf093d90d8 .functor BUFZ 1, C4<z>; HiZ drive
v0x55f1c4a32290_0 .net "read", 0 0, o0x7fdf093d90d8;  0 drivers
v0x55f1c4a32350_0 .var "readdata", 7 0;
o0x7fdf093d9138 .functor BUFZ 1, C4<z>; HiZ drive
v0x55f1c4a32430_0 .net "reset", 0 0, o0x7fdf093d9138;  0 drivers
o0x7fdf093d9168 .functor BUFZ 1, C4<z>; HiZ drive
v0x55f1c4a324f0_0 .net "write", 0 0, o0x7fdf093d9168;  0 drivers
o0x7fdf093d9198 .functor BUFZ 8, C4<zzzzzzzz>; HiZ drive
v0x55f1c4a325b0_0 .net "writedata", 7 0, o0x7fdf093d9198;  0 drivers
E_0x55f1c4a1f100 .event posedge, v0x55f1c4a32430_0;
E_0x55f1c4a1e740 .event posedge, v0x55f1c4a32000_0;
E_0x55f1c4a1e960 .event edge, v0x55f1c4a324f0_0, v0x55f1c4a32290_0;
    .scope S_0x55f1c49e9130;
T_0 ;
    %wait E_0x55f1c4a1e960;
    %load/vec4 v0x55f1c4a32290_0;
    %flag_set/vec4 8;
    %load/vec4 v0x55f1c4a324f0_0;
    %flag_set/vec4 9;
    %flag_or 9, 8;
    %jmp/0 T_0.0, 9;
    %pushi/vec4 1, 0, 2;
    %jmp/1 T_0.1, 9;
T_0.0 ; End of true expr.
    %pushi/vec4 0, 0, 2;
    %jmp/0 T_0.1, 9;
 ; End of false expr.
    %blend;
T_0.1;
    %pad/s 1;
    %store/vec4 v0x55f1c4a31f40_0, 0, 1;
    %jmp T_0;
    .thread T_0, $push;
    .scope S_0x55f1c49e9130;
T_1 ;
    %wait E_0x55f1c4a1e740;
    %load/vec4 v0x55f1c4a32290_0;
    %load/vec4 v0x55f1c4a324f0_0;
    %nor/r;
    %and;
    %flag_set/vec4 8;
    %jmp/0xz  T_1.0, 8;
    %delay 40, 0;
    %load/vec4 v0x55f1c49fd5f0_0;
    %pad/u 10;
    %ix/vec4 4;
    %load/vec4a v0x55f1c4a32180, 4;
    %store/vec4 v0x55f1c4a32350_0, 0, 8;
    %pushi/vec4 0, 0, 1;
    %store/vec4 v0x55f1c4a31f40_0, 0, 1;
T_1.0 ;
    %load/vec4 v0x55f1c4a324f0_0;
    %load/vec4 v0x55f1c4a32290_0;
    %nor/r;
    %and;
    %flag_set/vec4 8;
    %jmp/0xz  T_1.2, 8;
    %delay 40, 0;
    %load/vec4 v0x55f1c4a325b0_0;
    %load/vec4 v0x55f1c49fd5f0_0;
    %pad/u 10;
    %ix/vec4 4;
    %store/vec4a v0x55f1c4a32180, 4, 0;
    %pushi/vec4 0, 0, 1;
    %store/vec4 v0x55f1c4a31f40_0, 0, 1;
T_1.2 ;
    %jmp T_1;
    .thread T_1;
    .scope S_0x55f1c49e9130;
T_2 ;
    %wait E_0x55f1c4a1f100;
    %load/vec4 v0x55f1c4a32430_0;
    %flag_set/vec4 8;
    %jmp/0xz  T_2.0, 8;
    %pushi/vec4 0, 0, 32;
    %store/vec4 v0x55f1c4a320a0_0, 0, 32;
T_2.2 ;
    %load/vec4 v0x55f1c4a320a0_0;
    %cmpi/s 256, 0, 32;
    %jmp/0xz T_2.3, 5;
    %pushi/vec4 0, 0, 8;
    %ix/getv/s 4, v0x55f1c4a320a0_0;
    %store/vec4a v0x55f1c4a32180, 4, 0;
    %load/vec4 v0x55f1c4a320a0_0;
    %addi 1, 0, 32;
    %store/vec4 v0x55f1c4a320a0_0, 0, 32;
    %jmp T_2.2;
T_2.3 ;
    %pushi/vec4 0, 0, 1;
    %store/vec4 v0x55f1c4a31f40_0, 0, 1;
T_2.0 ;
    %jmp T_2;
    .thread T_2;
# The file index is used to find the file name in the following table.
:file_names 3;
    "N/A";
    "<interactive>";
    "data_memory.v";
