#! /usr/bin/vvp
:ivl_version "10.3 (stable)";
:ivl_delay_selection "TYPICAL";
:vpi_time_precision - 10;
:vpi_module "system";
:vpi_module "vhdl_sys";
:vpi_module "v2005_math";
:vpi_module "va_math";
S_0x560aea5e5e00 .scope module, "alu" "alu" 2 9;
 .timescale -9 -10;
    .port_info 0 /INPUT 8 "DATA1"
    .port_info 1 /INPUT 8 "DATA2"
    .port_info 2 /OUTPUT 8 "RESULT"
    .port_info 3 /INPUT 3 "SELECT"
    .port_info 4 /OUTPUT 1 "COMP"
o0x7f385b8b2048 .functor BUFZ 8, C4<zzzzzzzz>; HiZ drive
L_0x560aea60c420/d .functor BUFZ 8, o0x7f385b8b2048, C4<00000000>, C4<00000000>, C4<00000000>;
L_0x560aea60c420 .delay 8 (10,10,10) L_0x560aea60c420/d;
o0x7f385b8b2018 .functor BUFZ 8, C4<zzzzzzzz>; HiZ drive
L_0x560aea60c700/d .functor AND 8, o0x7f385b8b2018, o0x7f385b8b2048, C4<11111111>, C4<11111111>;
L_0x560aea60c700 .delay 8 (10,10,10) L_0x560aea60c700/d;
L_0x560aea60c8d0/d .functor OR 8, o0x7f385b8b2018, o0x7f385b8b2048, C4<00000000>, C4<00000000>;
L_0x560aea60c8d0 .delay 8 (10,10,10) L_0x560aea60c8d0/d;
L_0x560aea60d740 .functor OR 1, L_0x560aea611230, L_0x560aea6112d0, C4<0>, C4<0>;
L_0x560aea611530 .functor OR 1, L_0x560aea60d740, L_0x560aea611460, C4<0>, C4<0>;
L_0x560aea6116e0 .functor OR 1, L_0x560aea611530, L_0x560aea611640, C4<0>, C4<0>;
L_0x560aea6118c0 .functor OR 1, L_0x560aea6116e0, L_0x560aea6117e0, C4<0>, C4<0>;
L_0x560aea611a70 .functor OR 1, L_0x560aea6118c0, L_0x560aea6119d0, C4<0>, C4<0>;
L_0x560aea611cc0 .functor OR 1, L_0x560aea611a70, L_0x560aea611bd0, C4<0>, C4<0>;
L_0x560aea611dd0 .functor NOT 1, L_0x560aea611cc0, C4<0>, C4<0>, C4<0>;
v0x560aea60b060_0 .net "COMP", 0 0, L_0x560aea611dd0;  1 drivers
v0x560aea60b120_0 .net "DATA1", 7 0, o0x7f385b8b2018;  0 drivers
v0x560aea60b1e0_0 .net "DATA2", 7 0, o0x7f385b8b2048;  0 drivers
v0x560aea60b280_0 .net "INTER_ADD", 7 0, L_0x560aea60c660;  1 drivers
v0x560aea60b320_0 .net "INTER_AND", 7 0, L_0x560aea60c700;  1 drivers
v0x560aea60b400_0 .net "INTER_FWD", 7 0, L_0x560aea60c420;  1 drivers
v0x560aea60b4e0_0 .net "INTER_OR", 7 0, L_0x560aea60c8d0;  1 drivers
v0x560aea60b5c0_0 .net "MULRESULT", 7 0, v0x560aea6069e0_0;  1 drivers
v0x560aea60b680_0 .var "RESULT", 7 0;
o0x7f385b8b3158 .functor BUFZ 3, C4<zzz>; HiZ drive
v0x560aea60b740_0 .net "SELECT", 2 0, o0x7f385b8b3158;  0 drivers
v0x560aea60b820_0 .net *"_s11", 0 0, L_0x560aea6112d0;  1 drivers
v0x560aea60b900_0 .net *"_s12", 0 0, L_0x560aea60d740;  1 drivers
v0x560aea60b9e0_0 .net *"_s15", 0 0, L_0x560aea611460;  1 drivers
v0x560aea60bac0_0 .net *"_s16", 0 0, L_0x560aea611530;  1 drivers
v0x560aea60bba0_0 .net *"_s19", 0 0, L_0x560aea611640;  1 drivers
v0x560aea60bc80_0 .net *"_s20", 0 0, L_0x560aea6116e0;  1 drivers
v0x560aea60bd60_0 .net *"_s23", 0 0, L_0x560aea6117e0;  1 drivers
v0x560aea60be40_0 .net *"_s24", 0 0, L_0x560aea6118c0;  1 drivers
v0x560aea60bf20_0 .net *"_s27", 0 0, L_0x560aea6119d0;  1 drivers
v0x560aea60c000_0 .net *"_s28", 0 0, L_0x560aea611a70;  1 drivers
v0x560aea60c0e0_0 .net *"_s31", 0 0, L_0x560aea611bd0;  1 drivers
v0x560aea60c1c0_0 .net *"_s32", 0 0, L_0x560aea611cc0;  1 drivers
v0x560aea60c2a0_0 .net *"_s9", 0 0, L_0x560aea611230;  1 drivers
E_0x560aea5d70d0/0 .event edge, v0x560aea60b740_0, v0x560aea60b400_0, v0x560aea60b280_0, v0x560aea60b320_0;
E_0x560aea5d70d0/1 .event edge, v0x560aea60b4e0_0, v0x560aea6069e0_0;
E_0x560aea5d70d0 .event/or E_0x560aea5d70d0/0, E_0x560aea5d70d0/1;
L_0x560aea60c660 .delay 8 (20,20,20) L_0x560aea60c660/d;
L_0x560aea60c660/d .arith/sum 8, o0x7f385b8b2018, o0x7f385b8b2048;
L_0x560aea611230 .part v0x560aea60b680_0, 7, 1;
L_0x560aea6112d0 .part v0x560aea60b680_0, 6, 1;
L_0x560aea611460 .part v0x560aea60b680_0, 5, 1;
L_0x560aea611640 .part v0x560aea60b680_0, 4, 1;
L_0x560aea6117e0 .part v0x560aea60b680_0, 3, 1;
L_0x560aea6119d0 .part v0x560aea60b680_0, 2, 1;
L_0x560aea611bd0 .part v0x560aea60b680_0, 1, 1;
S_0x560aea5c8eb0 .scope module, "mul" "multiplier" 2 28, 3 8 0, S_0x560aea5e5e00;
 .timescale -9 -10;
    .port_info 0 /INPUT 8 "DATA1"
    .port_info 1 /INPUT 8 "DATA2"
    .port_info 2 /OUTPUT 8 "RESULT"
v0x560aea5bbd30_0 .net "DATA1", 7 0, o0x7f385b8b2018;  alias, 0 drivers
v0x560aea6061d0_0 .net "DATA2", 7 0, o0x7f385b8b2048;  alias, 0 drivers
v0x560aea6062b0_0 .var "RES0", 7 0;
v0x560aea606370_0 .var "RES1", 7 0;
v0x560aea606450_0 .var "RES2", 7 0;
v0x560aea606580_0 .var "RES3", 7 0;
v0x560aea606660_0 .var "RES4", 7 0;
v0x560aea606740_0 .var "RES5", 7 0;
v0x560aea606820_0 .var "RES6", 7 0;
v0x560aea606900_0 .var "RES7", 7 0;
v0x560aea6069e0_0 .var "RESULT", 7 0;
v0x560aea606ac0_0 .net "SHIFT0", 7 0, L_0x560aea60d160;  1 drivers
v0x560aea606ba0_0 .net "SHIFT1", 7 0, L_0x560aea60db40;  1 drivers
v0x560aea606c80_0 .net "SHIFT2", 7 0, L_0x560aea60e3f0;  1 drivers
v0x560aea606d60_0 .net "SHIFT3", 7 0, L_0x560aea60eda0;  1 drivers
v0x560aea606e40_0 .net "SHIFT4", 7 0, L_0x560aea60fad0;  1 drivers
v0x560aea606f20_0 .net "SHIFT5", 7 0, L_0x560aea6101d0;  1 drivers
v0x560aea607000_0 .net "SHIFT6", 7 0, L_0x560aea610780;  1 drivers
v0x560aea6070e0_0 .net "SHIFT7", 7 0, L_0x560aea610d20;  1 drivers
v0x560aea6071c0_0 .net *"_s1", 0 0, L_0x560aea60ca50;  1 drivers
L_0x7f385b869378 .functor BUFT 1, C4<0>, C4<0>, C4<0>, C4<0>;
v0x560aea6072a0_0 .net/2u *"_s100", 0 0, L_0x7f385b869378;  1 drivers
L_0x7f385b8693c0 .functor BUFT 1, C4<0>, C4<0>, C4<0>, C4<0>;
v0x560aea607380_0 .net/2u *"_s102", 0 0, L_0x7f385b8693c0;  1 drivers
L_0x7f385b869408 .functor BUFT 1, C4<0>, C4<0>, C4<0>, C4<0>;
v0x560aea607460_0 .net/2u *"_s104", 0 0, L_0x7f385b869408;  1 drivers
v0x560aea607540_0 .net *"_s109", 0 0, L_0x560aea6104f0;  1 drivers
v0x560aea607620_0 .net *"_s11", 0 0, L_0x560aea60ce90;  1 drivers
v0x560aea607700_0 .net *"_s111", 0 0, L_0x560aea6106e0;  1 drivers
L_0x7f385b869450 .functor BUFT 1, C4<0>, C4<0>, C4<0>, C4<0>;
v0x560aea6077e0_0 .net/2u *"_s112", 0 0, L_0x7f385b869450;  1 drivers
L_0x7f385b869498 .functor BUFT 1, C4<0>, C4<0>, C4<0>, C4<0>;
v0x560aea6078c0_0 .net/2u *"_s114", 0 0, L_0x7f385b869498;  1 drivers
L_0x7f385b8694e0 .functor BUFT 1, C4<0>, C4<0>, C4<0>, C4<0>;
v0x560aea6079a0_0 .net/2u *"_s116", 0 0, L_0x7f385b8694e0;  1 drivers
L_0x7f385b869528 .functor BUFT 1, C4<0>, C4<0>, C4<0>, C4<0>;
v0x560aea607a80_0 .net/2u *"_s118", 0 0, L_0x7f385b869528;  1 drivers
L_0x7f385b869570 .functor BUFT 1, C4<0>, C4<0>, C4<0>, C4<0>;
v0x560aea607b60_0 .net/2u *"_s120", 0 0, L_0x7f385b869570;  1 drivers
L_0x7f385b8695b8 .functor BUFT 1, C4<0>, C4<0>, C4<0>, C4<0>;
v0x560aea607c40_0 .net/2u *"_s122", 0 0, L_0x7f385b8695b8;  1 drivers
v0x560aea607d20_0 .net *"_s127", 0 0, L_0x560aea610c80;  1 drivers
L_0x7f385b869600 .functor BUFT 1, C4<0>, C4<0>, C4<0>, C4<0>;
v0x560aea608010_0 .net/2u *"_s128", 0 0, L_0x7f385b869600;  1 drivers
v0x560aea6080f0_0 .net *"_s13", 0 0, L_0x560aea60cfa0;  1 drivers
L_0x7f385b869648 .functor BUFT 1, C4<0>, C4<0>, C4<0>, C4<0>;
v0x560aea6081d0_0 .net/2u *"_s130", 0 0, L_0x7f385b869648;  1 drivers
L_0x7f385b869690 .functor BUFT 1, C4<0>, C4<0>, C4<0>, C4<0>;
v0x560aea6082b0_0 .net/2u *"_s132", 0 0, L_0x7f385b869690;  1 drivers
L_0x7f385b8696d8 .functor BUFT 1, C4<0>, C4<0>, C4<0>, C4<0>;
v0x560aea608390_0 .net/2u *"_s134", 0 0, L_0x7f385b8696d8;  1 drivers
L_0x7f385b869720 .functor BUFT 1, C4<0>, C4<0>, C4<0>, C4<0>;
v0x560aea608470_0 .net/2u *"_s136", 0 0, L_0x7f385b869720;  1 drivers
L_0x7f385b869768 .functor BUFT 1, C4<0>, C4<0>, C4<0>, C4<0>;
v0x560aea608550_0 .net/2u *"_s138", 0 0, L_0x7f385b869768;  1 drivers
L_0x7f385b8697b0 .functor BUFT 1, C4<0>, C4<0>, C4<0>, C4<0>;
v0x560aea608630_0 .net/2u *"_s140", 0 0, L_0x7f385b8697b0;  1 drivers
v0x560aea608710_0 .net *"_s15", 0 0, L_0x560aea60d040;  1 drivers
v0x560aea6087f0_0 .net *"_s19", 0 0, L_0x560aea60d500;  1 drivers
v0x560aea6088d0_0 .net *"_s21", 0 0, L_0x560aea60d600;  1 drivers
v0x560aea6089b0_0 .net *"_s23", 0 0, L_0x560aea60d6a0;  1 drivers
v0x560aea608a90_0 .net *"_s25", 0 0, L_0x560aea60d7b0;  1 drivers
v0x560aea608b70_0 .net *"_s27", 0 0, L_0x560aea60d850;  1 drivers
v0x560aea608c50_0 .net *"_s29", 0 0, L_0x560aea60d970;  1 drivers
v0x560aea608d30_0 .net *"_s3", 0 0, L_0x560aea60cb20;  1 drivers
v0x560aea608e10_0 .net *"_s31", 0 0, L_0x560aea60da10;  1 drivers
L_0x7f385b869018 .functor BUFT 1, C4<0>, C4<0>, C4<0>, C4<0>;
v0x560aea608ef0_0 .net/2u *"_s32", 0 0, L_0x7f385b869018;  1 drivers
v0x560aea608fd0_0 .net *"_s37", 0 0, L_0x560aea60de90;  1 drivers
v0x560aea6090b0_0 .net *"_s39", 0 0, L_0x560aea60dfd0;  1 drivers
v0x560aea609190_0 .net *"_s41", 0 0, L_0x560aea60e070;  1 drivers
v0x560aea609270_0 .net *"_s43", 0 0, L_0x560aea60df30;  1 drivers
v0x560aea609350_0 .net *"_s45", 0 0, L_0x560aea60e1c0;  1 drivers
v0x560aea609430_0 .net *"_s47", 0 0, L_0x560aea60e320;  1 drivers
L_0x7f385b869060 .functor BUFT 1, C4<0>, C4<0>, C4<0>, C4<0>;
v0x560aea609510_0 .net/2u *"_s48", 0 0, L_0x7f385b869060;  1 drivers
v0x560aea6095f0_0 .net *"_s5", 0 0, L_0x560aea60cbf0;  1 drivers
L_0x7f385b8690a8 .functor BUFT 1, C4<0>, C4<0>, C4<0>, C4<0>;
v0x560aea6096d0_0 .net/2u *"_s50", 0 0, L_0x7f385b8690a8;  1 drivers
v0x560aea6097b0_0 .net *"_s55", 0 0, L_0x560aea60e860;  1 drivers
v0x560aea609890_0 .net *"_s57", 0 0, L_0x560aea60e900;  1 drivers
v0x560aea609970_0 .net *"_s59", 0 0, L_0x560aea60ea80;  1 drivers
v0x560aea609a50_0 .net *"_s61", 0 0, L_0x560aea60eb20;  1 drivers
v0x560aea609b30_0 .net *"_s63", 0 0, L_0x560aea60ecb0;  1 drivers
L_0x7f385b8690f0 .functor BUFT 1, C4<0>, C4<0>, C4<0>, C4<0>;
v0x560aea60a020_0 .net/2u *"_s64", 0 0, L_0x7f385b8690f0;  1 drivers
L_0x7f385b869138 .functor BUFT 1, C4<0>, C4<0>, C4<0>, C4<0>;
v0x560aea60a100_0 .net/2u *"_s66", 0 0, L_0x7f385b869138;  1 drivers
L_0x7f385b869180 .functor BUFT 1, C4<0>, C4<0>, C4<0>, C4<0>;
v0x560aea60a1e0_0 .net/2u *"_s68", 0 0, L_0x7f385b869180;  1 drivers
v0x560aea60a2c0_0 .net *"_s7", 0 0, L_0x560aea60ccc0;  1 drivers
v0x560aea60a3a0_0 .net *"_s73", 0 0, L_0x560aea60f210;  1 drivers
v0x560aea60a480_0 .net *"_s75", 0 0, L_0x560aea60f2b0;  1 drivers
v0x560aea60a560_0 .net *"_s77", 0 0, L_0x560aea60f870;  1 drivers
v0x560aea60a640_0 .net *"_s79", 0 0, L_0x560aea60f910;  1 drivers
L_0x7f385b8691c8 .functor BUFT 1, C4<0>, C4<0>, C4<0>, C4<0>;
v0x560aea60a720_0 .net/2u *"_s80", 0 0, L_0x7f385b8691c8;  1 drivers
L_0x7f385b869210 .functor BUFT 1, C4<0>, C4<0>, C4<0>, C4<0>;
v0x560aea60a800_0 .net/2u *"_s82", 0 0, L_0x7f385b869210;  1 drivers
L_0x7f385b869258 .functor BUFT 1, C4<0>, C4<0>, C4<0>, C4<0>;
v0x560aea60a8e0_0 .net/2u *"_s84", 0 0, L_0x7f385b869258;  1 drivers
L_0x7f385b8692a0 .functor BUFT 1, C4<0>, C4<0>, C4<0>, C4<0>;
v0x560aea60a9c0_0 .net/2u *"_s86", 0 0, L_0x7f385b8692a0;  1 drivers
v0x560aea60aaa0_0 .net *"_s9", 0 0, L_0x560aea60cdc0;  1 drivers
v0x560aea60ab80_0 .net *"_s91", 0 0, L_0x560aea60fe20;  1 drivers
v0x560aea60ac60_0 .net *"_s93", 0 0, L_0x560aea60f9b0;  1 drivers
v0x560aea60ad40_0 .net *"_s95", 0 0, L_0x560aea60fff0;  1 drivers
L_0x7f385b8692e8 .functor BUFT 1, C4<0>, C4<0>, C4<0>, C4<0>;
v0x560aea60ae20_0 .net/2u *"_s96", 0 0, L_0x7f385b8692e8;  1 drivers
L_0x7f385b869330 .functor BUFT 1, C4<0>, C4<0>, C4<0>, C4<0>;
v0x560aea60af00_0 .net/2u *"_s98", 0 0, L_0x7f385b869330;  1 drivers
E_0x560aea5ab080/0 .event edge, v0x560aea6062b0_0, v0x560aea606370_0, v0x560aea606450_0, v0x560aea606580_0;
E_0x560aea5ab080/1 .event edge, v0x560aea606660_0, v0x560aea606740_0, v0x560aea606820_0, v0x560aea606900_0;
E_0x560aea5ab080 .event/or E_0x560aea5ab080/0, E_0x560aea5ab080/1;
E_0x560aea5bb700/0 .event edge, v0x560aea6061d0_0, v0x560aea606ac0_0, v0x560aea606ba0_0, v0x560aea606c80_0;
E_0x560aea5bb700/1 .event edge, v0x560aea606d60_0, v0x560aea606e40_0, v0x560aea606f20_0, v0x560aea607000_0;
E_0x560aea5bb700/2 .event edge, v0x560aea6070e0_0;
E_0x560aea5bb700 .event/or E_0x560aea5bb700/0, E_0x560aea5bb700/1, E_0x560aea5bb700/2;
L_0x560aea60ca50 .part o0x7f385b8b2018, 7, 1;
L_0x560aea60cb20 .part o0x7f385b8b2018, 6, 1;
L_0x560aea60cbf0 .part o0x7f385b8b2018, 5, 1;
L_0x560aea60ccc0 .part o0x7f385b8b2018, 4, 1;
L_0x560aea60cdc0 .part o0x7f385b8b2018, 3, 1;
L_0x560aea60ce90 .part o0x7f385b8b2018, 2, 1;
L_0x560aea60cfa0 .part o0x7f385b8b2018, 1, 1;
L_0x560aea60d040 .part o0x7f385b8b2018, 0, 1;
LS_0x560aea60d160_0_0 .concat [ 1 1 1 1], L_0x560aea60d040, L_0x560aea60cfa0, L_0x560aea60ce90, L_0x560aea60cdc0;
LS_0x560aea60d160_0_4 .concat [ 1 1 1 1], L_0x560aea60ccc0, L_0x560aea60cbf0, L_0x560aea60cb20, L_0x560aea60ca50;
L_0x560aea60d160 .concat [ 4 4 0 0], LS_0x560aea60d160_0_0, LS_0x560aea60d160_0_4;
L_0x560aea60d500 .part o0x7f385b8b2018, 6, 1;
L_0x560aea60d600 .part o0x7f385b8b2018, 5, 1;
L_0x560aea60d6a0 .part o0x7f385b8b2018, 4, 1;
L_0x560aea60d7b0 .part o0x7f385b8b2018, 3, 1;
L_0x560aea60d850 .part o0x7f385b8b2018, 2, 1;
L_0x560aea60d970 .part o0x7f385b8b2018, 1, 1;
L_0x560aea60da10 .part o0x7f385b8b2018, 0, 1;
LS_0x560aea60db40_0_0 .concat [ 1 1 1 1], L_0x7f385b869018, L_0x560aea60da10, L_0x560aea60d970, L_0x560aea60d850;
LS_0x560aea60db40_0_4 .concat [ 1 1 1 1], L_0x560aea60d7b0, L_0x560aea60d6a0, L_0x560aea60d600, L_0x560aea60d500;
L_0x560aea60db40 .concat [ 4 4 0 0], LS_0x560aea60db40_0_0, LS_0x560aea60db40_0_4;
L_0x560aea60de90 .part o0x7f385b8b2018, 5, 1;
L_0x560aea60dfd0 .part o0x7f385b8b2018, 4, 1;
L_0x560aea60e070 .part o0x7f385b8b2018, 3, 1;
L_0x560aea60df30 .part o0x7f385b8b2018, 2, 1;
L_0x560aea60e1c0 .part o0x7f385b8b2018, 1, 1;
L_0x560aea60e320 .part o0x7f385b8b2018, 0, 1;
LS_0x560aea60e3f0_0_0 .concat [ 1 1 1 1], L_0x7f385b8690a8, L_0x7f385b869060, L_0x560aea60e320, L_0x560aea60e1c0;
LS_0x560aea60e3f0_0_4 .concat [ 1 1 1 1], L_0x560aea60df30, L_0x560aea60e070, L_0x560aea60dfd0, L_0x560aea60de90;
L_0x560aea60e3f0 .concat [ 4 4 0 0], LS_0x560aea60e3f0_0_0, LS_0x560aea60e3f0_0_4;
L_0x560aea60e860 .part o0x7f385b8b2018, 4, 1;
L_0x560aea60e900 .part o0x7f385b8b2018, 3, 1;
L_0x560aea60ea80 .part o0x7f385b8b2018, 2, 1;
L_0x560aea60eb20 .part o0x7f385b8b2018, 1, 1;
L_0x560aea60ecb0 .part o0x7f385b8b2018, 0, 1;
LS_0x560aea60eda0_0_0 .concat [ 1 1 1 1], L_0x7f385b869180, L_0x7f385b869138, L_0x7f385b8690f0, L_0x560aea60ecb0;
LS_0x560aea60eda0_0_4 .concat [ 1 1 1 1], L_0x560aea60eb20, L_0x560aea60ea80, L_0x560aea60e900, L_0x560aea60e860;
L_0x560aea60eda0 .concat [ 4 4 0 0], LS_0x560aea60eda0_0_0, LS_0x560aea60eda0_0_4;
L_0x560aea60f210 .part o0x7f385b8b2018, 3, 1;
L_0x560aea60f2b0 .part o0x7f385b8b2018, 2, 1;
L_0x560aea60f870 .part o0x7f385b8b2018, 1, 1;
L_0x560aea60f910 .part o0x7f385b8b2018, 0, 1;
LS_0x560aea60fad0_0_0 .concat [ 1 1 1 1], L_0x7f385b8692a0, L_0x7f385b869258, L_0x7f385b869210, L_0x7f385b8691c8;
LS_0x560aea60fad0_0_4 .concat [ 1 1 1 1], L_0x560aea60f910, L_0x560aea60f870, L_0x560aea60f2b0, L_0x560aea60f210;
L_0x560aea60fad0 .concat [ 4 4 0 0], LS_0x560aea60fad0_0_0, LS_0x560aea60fad0_0_4;
L_0x560aea60fe20 .part o0x7f385b8b2018, 2, 1;
L_0x560aea60f9b0 .part o0x7f385b8b2018, 1, 1;
L_0x560aea60fff0 .part o0x7f385b8b2018, 0, 1;
LS_0x560aea6101d0_0_0 .concat [ 1 1 1 1], L_0x7f385b869408, L_0x7f385b8693c0, L_0x7f385b869378, L_0x7f385b869330;
LS_0x560aea6101d0_0_4 .concat [ 1 1 1 1], L_0x7f385b8692e8, L_0x560aea60fff0, L_0x560aea60f9b0, L_0x560aea60fe20;
L_0x560aea6101d0 .concat [ 4 4 0 0], LS_0x560aea6101d0_0_0, LS_0x560aea6101d0_0_4;
L_0x560aea6104f0 .part o0x7f385b8b2018, 1, 1;
L_0x560aea6106e0 .part o0x7f385b8b2018, 0, 1;
LS_0x560aea610780_0_0 .concat [ 1 1 1 1], L_0x7f385b8695b8, L_0x7f385b869570, L_0x7f385b869528, L_0x7f385b8694e0;
LS_0x560aea610780_0_4 .concat [ 1 1 1 1], L_0x7f385b869498, L_0x7f385b869450, L_0x560aea6106e0, L_0x560aea6104f0;
L_0x560aea610780 .concat [ 4 4 0 0], LS_0x560aea610780_0_0, LS_0x560aea610780_0_4;
L_0x560aea610c80 .part o0x7f385b8b2018, 0, 1;
LS_0x560aea610d20_0_0 .concat [ 1 1 1 1], L_0x7f385b8697b0, L_0x7f385b869768, L_0x7f385b869720, L_0x7f385b8696d8;
LS_0x560aea610d20_0_4 .concat [ 1 1 1 1], L_0x7f385b869690, L_0x7f385b869648, L_0x7f385b869600, L_0x560aea610c80;
L_0x560aea610d20 .concat [ 4 4 0 0], LS_0x560aea610d20_0_0, LS_0x560aea610d20_0_4;
    .scope S_0x560aea5c8eb0;
T_0 ;
    %wait E_0x560aea5bb700;
    %load/vec4 v0x560aea6061d0_0;
    %parti/s 1, 0, 2;
    %flag_set/vec4 8;
    %jmp/0xz  T_0.0, 8;
    %load/vec4 v0x560aea606ac0_0;
    %store/vec4 v0x560aea6062b0_0, 0, 8;
    %jmp T_0.1;
T_0.0 ;
    %pushi/vec4 0, 0, 8;
    %store/vec4 v0x560aea6062b0_0, 0, 8;
T_0.1 ;
    %load/vec4 v0x560aea6061d0_0;
    %parti/s 1, 1, 2;
    %flag_set/vec4 8;
    %jmp/0xz  T_0.2, 8;
    %load/vec4 v0x560aea606ba0_0;
    %store/vec4 v0x560aea606370_0, 0, 8;
    %jmp T_0.3;
T_0.2 ;
    %pushi/vec4 0, 0, 8;
    %store/vec4 v0x560aea606370_0, 0, 8;
T_0.3 ;
    %load/vec4 v0x560aea6061d0_0;
    %parti/s 1, 2, 3;
    %flag_set/vec4 8;
    %jmp/0xz  T_0.4, 8;
    %load/vec4 v0x560aea606c80_0;
    %store/vec4 v0x560aea606450_0, 0, 8;
    %jmp T_0.5;
T_0.4 ;
    %pushi/vec4 0, 0, 8;
    %store/vec4 v0x560aea606450_0, 0, 8;
T_0.5 ;
    %load/vec4 v0x560aea6061d0_0;
    %parti/s 1, 3, 3;
    %flag_set/vec4 8;
    %jmp/0xz  T_0.6, 8;
    %load/vec4 v0x560aea606d60_0;
    %store/vec4 v0x560aea606580_0, 0, 8;
    %jmp T_0.7;
T_0.6 ;
    %pushi/vec4 0, 0, 8;
    %store/vec4 v0x560aea606580_0, 0, 8;
T_0.7 ;
    %load/vec4 v0x560aea6061d0_0;
    %parti/s 1, 4, 4;
    %flag_set/vec4 8;
    %jmp/0xz  T_0.8, 8;
    %load/vec4 v0x560aea606e40_0;
    %store/vec4 v0x560aea606660_0, 0, 8;
    %jmp T_0.9;
T_0.8 ;
    %pushi/vec4 0, 0, 8;
    %store/vec4 v0x560aea606660_0, 0, 8;
T_0.9 ;
    %load/vec4 v0x560aea6061d0_0;
    %parti/s 1, 5, 4;
    %flag_set/vec4 8;
    %jmp/0xz  T_0.10, 8;
    %load/vec4 v0x560aea606f20_0;
    %store/vec4 v0x560aea606740_0, 0, 8;
    %jmp T_0.11;
T_0.10 ;
    %pushi/vec4 0, 0, 8;
    %store/vec4 v0x560aea606740_0, 0, 8;
T_0.11 ;
    %load/vec4 v0x560aea6061d0_0;
    %parti/s 1, 6, 4;
    %flag_set/vec4 8;
    %jmp/0xz  T_0.12, 8;
    %load/vec4 v0x560aea607000_0;
    %store/vec4 v0x560aea606820_0, 0, 8;
    %jmp T_0.13;
T_0.12 ;
    %pushi/vec4 0, 0, 8;
    %store/vec4 v0x560aea606820_0, 0, 8;
T_0.13 ;
    %load/vec4 v0x560aea6061d0_0;
    %parti/s 1, 7, 4;
    %flag_set/vec4 8;
    %jmp/0xz  T_0.14, 8;
    %load/vec4 v0x560aea6070e0_0;
    %store/vec4 v0x560aea606900_0, 0, 8;
    %jmp T_0.15;
T_0.14 ;
    %pushi/vec4 0, 0, 8;
    %store/vec4 v0x560aea606900_0, 0, 8;
T_0.15 ;
    %jmp T_0;
    .thread T_0, $push;
    .scope S_0x560aea5c8eb0;
T_1 ;
    %wait E_0x560aea5ab080;
    %delay 30, 0;
    %load/vec4 v0x560aea6062b0_0;
    %load/vec4 v0x560aea606370_0;
    %add;
    %load/vec4 v0x560aea606450_0;
    %add;
    %load/vec4 v0x560aea606580_0;
    %add;
    %load/vec4 v0x560aea606660_0;
    %add;
    %load/vec4 v0x560aea606740_0;
    %add;
    %load/vec4 v0x560aea606820_0;
    %add;
    %load/vec4 v0x560aea606900_0;
    %add;
    %store/vec4 v0x560aea6069e0_0, 0, 8;
    %jmp T_1;
    .thread T_1, $push;
    .scope S_0x560aea5e5e00;
T_2 ;
    %wait E_0x560aea5d70d0;
    %load/vec4 v0x560aea60b740_0;
    %dup/vec4;
    %pushi/vec4 0, 0, 3;
    %cmp/u;
    %jmp/1 T_2.0, 6;
    %dup/vec4;
    %pushi/vec4 1, 0, 3;
    %cmp/u;
    %jmp/1 T_2.1, 6;
    %dup/vec4;
    %pushi/vec4 2, 0, 3;
    %cmp/u;
    %jmp/1 T_2.2, 6;
    %dup/vec4;
    %pushi/vec4 3, 0, 3;
    %cmp/u;
    %jmp/1 T_2.3, 6;
    %dup/vec4;
    %pushi/vec4 4, 0, 3;
    %cmp/u;
    %jmp/1 T_2.4, 6;
    %pushi/vec4 0, 0, 8;
    %store/vec4 v0x560aea60b680_0, 0, 8;
    %jmp T_2.6;
T_2.0 ;
    %load/vec4 v0x560aea60b400_0;
    %store/vec4 v0x560aea60b680_0, 0, 8;
    %jmp T_2.6;
T_2.1 ;
    %load/vec4 v0x560aea60b280_0;
    %store/vec4 v0x560aea60b680_0, 0, 8;
    %jmp T_2.6;
T_2.2 ;
    %load/vec4 v0x560aea60b320_0;
    %store/vec4 v0x560aea60b680_0, 0, 8;
    %jmp T_2.6;
T_2.3 ;
    %load/vec4 v0x560aea60b4e0_0;
    %store/vec4 v0x560aea60b680_0, 0, 8;
    %jmp T_2.6;
T_2.4 ;
    %load/vec4 v0x560aea60b5c0_0;
    %store/vec4 v0x560aea60b680_0, 0, 8;
    %jmp T_2.6;
T_2.6 ;
    %pop/vec4 1;
    %jmp T_2;
    .thread T_2, $push;
# The file index is used to find the file name in the following table.
:file_names 4;
    "N/A";
    "<interactive>";
    "alu.v";
    "./multiplier.v";
