#! /usr/bin/vvp
:ivl_version "10.3 (stable)";
:ivl_delay_selection "TYPICAL";
:vpi_time_precision + 0;
:vpi_module "system";
:vpi_module "vhdl_sys";
:vpi_module "v2005_math";
:vpi_module "va_math";
S_0x55c841407100 .scope module, "ins_memory" "ins_memory" 2 12;
 .timescale 0 0;
    .port_info 0 /INPUT 1 "clock"
    .port_info 1 /INPUT 1 "read"
    .port_info 2 /INPUT 6 "address"
    .port_info 3 /OUTPUT 128 "readdata"
    .port_info 4 /OUTPUT 1 "busywait"
v0x55c841407340_0 .var *"_s10", 7 0; Local signal
v0x55c8414668c0_0 .var *"_s11", 7 0; Local signal
v0x55c8414669a0_0 .var *"_s12", 7 0; Local signal
v0x55c841466a90_0 .var *"_s13", 7 0; Local signal
v0x55c841466b70_0 .var *"_s14", 7 0; Local signal
v0x55c841466ca0_0 .var *"_s15", 7 0; Local signal
v0x55c841466d80_0 .var *"_s16", 7 0; Local signal
v0x55c841466e60_0 .var *"_s17", 7 0; Local signal
v0x55c841466f40_0 .var *"_s2", 7 0; Local signal
v0x55c841467020_0 .var *"_s3", 7 0; Local signal
v0x55c841467100_0 .var *"_s4", 7 0; Local signal
v0x55c8414671e0_0 .var *"_s5", 7 0; Local signal
v0x55c8414672c0_0 .var *"_s6", 7 0; Local signal
v0x55c8414673a0_0 .var *"_s7", 7 0; Local signal
v0x55c841467480_0 .var *"_s8", 7 0; Local signal
v0x55c841467560_0 .var *"_s9", 7 0; Local signal
o0x7f569b5a7318 .functor BUFZ 6, C4<zzzzzz>; HiZ drive
v0x55c841467640_0 .net "address", 5 0, o0x7f569b5a7318;  0 drivers
v0x55c841467720_0 .var "busywait", 0 0;
o0x7f569b5a7378 .functor BUFZ 1, C4<z>; HiZ drive
v0x55c8414677e0_0 .net "clock", 0 0, o0x7f569b5a7378;  0 drivers
v0x55c8414678a0 .array "memory_array", 0 1023, 7 0;
o0x7f569b5a73a8 .functor BUFZ 1, C4<z>; HiZ drive
v0x55c841467960_0 .net "read", 0 0, o0x7f569b5a73a8;  0 drivers
v0x55c841467a20_0 .var "readaccess", 0 0;
v0x55c841467ae0_0 .var "readdata", 127 0;
E_0x55c84143d070 .event posedge, v0x55c8414677e0_0;
E_0x55c841407b20 .event edge, v0x55c841467960_0;
    .scope S_0x55c841407100;
T_0 ;
    %pushi/vec4 0, 0, 1;
    %store/vec4 v0x55c841467720_0, 0, 1;
    %pushi/vec4 0, 0, 1;
    %store/vec4 v0x55c841467a20_0, 0, 1;
    %pushi/vec4 83886330, 0, 32;
    %split/vec4 8;
    %ix/load 4, 0, 0;
    %flag_set/imm 4, 0;
    %store/vec4a v0x55c8414678a0, 4, 0;
    %split/vec4 8;
    %ix/load 4, 1, 0;
    %flag_set/imm 4, 0;
    %store/vec4a v0x55c8414678a0, 4, 0;
    %split/vec4 8;
    %ix/load 4, 3, 0;
    %flag_set/imm 4, 0;
    %store/vec4a v0x55c8414678a0, 4, 0;
    %ix/load 4, 4, 0;
    %flag_set/imm 4, 0;
    %store/vec4a v0x55c8414678a0, 4, 0;
    %pushi/vec4 151060482, 0, 32;
    %split/vec4 8;
    %ix/load 4, 4, 0;
    %flag_set/imm 4, 0;
    %store/vec4a v0x55c8414678a0, 4, 0;
    %split/vec4 8;
    %ix/load 4, 5, 0;
    %flag_set/imm 4, 0;
    %store/vec4a v0x55c8414678a0, 4, 0;
    %split/vec4 8;
    %ix/load 4, 6, 0;
    %flag_set/imm 4, 0;
    %store/vec4a v0x55c8414678a0, 4, 0;
    %ix/load 4, 7, 0;
    %flag_set/imm 4, 0;
    %store/vec4a v0x55c8414678a0, 4, 0;
    %pushi/vec4 167837698, 0, 32;
    %split/vec4 8;
    %ix/load 4, 8, 0;
    %flag_set/imm 4, 0;
    %store/vec4a v0x55c8414678a0, 4, 0;
    %split/vec4 8;
    %ix/load 4, 9, 0;
    %flag_set/imm 4, 0;
    %store/vec4a v0x55c8414678a0, 4, 0;
    %split/vec4 8;
    %ix/load 4, 10, 0;
    %flag_set/imm 4, 0;
    %store/vec4a v0x55c8414678a0, 4, 0;
    %ix/load 4, 11, 0;
    %flag_set/imm 4, 0;
    %store/vec4a v0x55c8414678a0, 4, 0;
    %pushi/vec4 184614914, 0, 32;
    %split/vec4 8;
    %ix/load 4, 12, 0;
    %flag_set/imm 4, 0;
    %store/vec4a v0x55c8414678a0, 4, 0;
    %split/vec4 8;
    %ix/load 4, 13, 0;
    %flag_set/imm 4, 0;
    %store/vec4a v0x55c8414678a0, 4, 0;
    %split/vec4 8;
    %ix/load 4, 14, 0;
    %flag_set/imm 4, 0;
    %store/vec4a v0x55c8414678a0, 4, 0;
    %ix/load 4, 15, 0;
    %flag_set/imm 4, 0;
    %store/vec4a v0x55c8414678a0, 4, 0;
    %pushi/vec4 201392130, 0, 32;
    %split/vec4 8;
    %ix/load 4, 16, 0;
    %flag_set/imm 4, 0;
    %store/vec4a v0x55c8414678a0, 4, 0;
    %split/vec4 8;
    %ix/load 4, 17, 0;
    %flag_set/imm 4, 0;
    %store/vec4a v0x55c8414678a0, 4, 0;
    %split/vec4 8;
    %ix/load 4, 18, 0;
    %flag_set/imm 4, 0;
    %store/vec4a v0x55c8414678a0, 4, 0;
    %ix/load 4, 19, 0;
    %flag_set/imm 4, 0;
    %store/vec4a v0x55c8414678a0, 4, 0;
    %pushi/vec4 84017157, 0, 32;
    %split/vec4 8;
    %ix/load 4, 20, 0;
    %flag_set/imm 4, 0;
    %store/vec4a v0x55c8414678a0, 4, 0;
    %split/vec4 8;
    %ix/load 4, 21, 0;
    %flag_set/imm 4, 0;
    %store/vec4a v0x55c8414678a0, 4, 0;
    %split/vec4 8;
    %ix/load 4, 22, 0;
    %flag_set/imm 4, 0;
    %store/vec4a v0x55c8414678a0, 4, 0;
    %ix/load 4, 23, 0;
    %flag_set/imm 4, 0;
    %store/vec4a v0x55c8414678a0, 4, 0;
    %pushi/vec4 84082698, 0, 32;
    %split/vec4 8;
    %ix/load 4, 24, 0;
    %flag_set/imm 4, 0;
    %store/vec4a v0x55c8414678a0, 4, 0;
    %split/vec4 8;
    %ix/load 4, 25, 0;
    %flag_set/imm 4, 0;
    %store/vec4a v0x55c8414678a0, 4, 0;
    %split/vec4 8;
    %ix/load 4, 26, 0;
    %flag_set/imm 4, 0;
    %store/vec4a v0x55c8414678a0, 4, 0;
    %ix/load 4, 27, 0;
    %flag_set/imm 4, 0;
    %store/vec4a v0x55c8414678a0, 4, 0;
    %pushi/vec4 218366467, 0, 32;
    %split/vec4 8;
    %ix/load 4, 28, 0;
    %flag_set/imm 4, 0;
    %store/vec4a v0x55c8414678a0, 4, 0;
    %split/vec4 8;
    %ix/load 4, 29, 0;
    %flag_set/imm 4, 0;
    %store/vec4a v0x55c8414678a0, 4, 0;
    %split/vec4 8;
    %ix/load 4, 30, 0;
    %flag_set/imm 4, 0;
    %store/vec4a v0x55c8414678a0, 4, 0;
    %ix/load 4, 31, 0;
    %flag_set/imm 4, 0;
    %store/vec4a v0x55c8414678a0, 4, 0;
    %pushi/vec4 83886090, 0, 32;
    %split/vec4 8;
    %ix/load 4, 32, 0;
    %flag_set/imm 4, 0;
    %store/vec4a v0x55c8414678a0, 4, 0;
    %split/vec4 8;
    %ix/load 4, 33, 0;
    %flag_set/imm 4, 0;
    %store/vec4a v0x55c8414678a0, 4, 0;
    %split/vec4 8;
    %ix/load 4, 34, 0;
    %flag_set/imm 4, 0;
    %store/vec4a v0x55c8414678a0, 4, 0;
    %ix/load 4, 35, 0;
    %flag_set/imm 4, 0;
    %store/vec4a v0x55c8414678a0, 4, 0;
    %pushi/vec4 285212675, 0, 32;
    %split/vec4 8;
    %ix/load 4, 36, 0;
    %flag_set/imm 4, 0;
    %store/vec4a v0x55c8414678a0, 4, 0;
    %split/vec4 8;
    %ix/load 4, 37, 0;
    %flag_set/imm 4, 0;
    %store/vec4a v0x55c8414678a0, 4, 0;
    %split/vec4 8;
    %ix/load 4, 38, 0;
    %flag_set/imm 4, 0;
    %store/vec4a v0x55c8414678a0, 4, 0;
    %ix/load 4, 39, 0;
    %flag_set/imm 4, 0;
    %store/vec4a v0x55c8414678a0, 4, 0;
    %pushi/vec4 251723779, 0, 32;
    %split/vec4 8;
    %ix/load 4, 40, 0;
    %flag_set/imm 4, 0;
    %store/vec4a v0x55c8414678a0, 4, 0;
    %split/vec4 8;
    %ix/load 4, 41, 0;
    %flag_set/imm 4, 0;
    %store/vec4a v0x55c8414678a0, 4, 0;
    %split/vec4 8;
    %ix/load 4, 42, 0;
    %flag_set/imm 4, 0;
    %store/vec4a v0x55c8414678a0, 4, 0;
    %ix/load 4, 43, 0;
    %flag_set/imm 4, 0;
    %store/vec4a v0x55c8414678a0, 4, 0;
    %pushi/vec4 84017155, 0, 32;
    %split/vec4 8;
    %ix/load 4, 44, 0;
    %flag_set/imm 4, 0;
    %store/vec4a v0x55c8414678a0, 4, 0;
    %split/vec4 8;
    %ix/load 4, 45, 0;
    %flag_set/imm 4, 0;
    %store/vec4a v0x55c8414678a0, 4, 0;
    %split/vec4 8;
    %ix/load 4, 46, 0;
    %flag_set/imm 4, 0;
    %store/vec4a v0x55c8414678a0, 4, 0;
    %ix/load 4, 47, 0;
    %flag_set/imm 4, 0;
    %store/vec4a v0x55c8414678a0, 4, 0;
    %pushi/vec4 84082858, 0, 32;
    %split/vec4 8;
    %ix/load 4, 48, 0;
    %flag_set/imm 4, 0;
    %store/vec4a v0x55c8414678a0, 4, 0;
    %split/vec4 8;
    %ix/load 4, 49, 0;
    %flag_set/imm 4, 0;
    %store/vec4a v0x55c8414678a0, 4, 0;
    %split/vec4 8;
    %ix/load 4, 50, 0;
    %flag_set/imm 4, 0;
    %store/vec4a v0x55c8414678a0, 4, 0;
    %ix/load 4, 51, 0;
    %flag_set/imm 4, 0;
    %store/vec4a v0x55c8414678a0, 4, 0;
    %pushi/vec4 268436226, 0, 32;
    %split/vec4 8;
    %ix/load 4, 52, 0;
    %flag_set/imm 4, 0;
    %store/vec4a v0x55c8414678a0, 4, 0;
    %split/vec4 8;
    %ix/load 4, 53, 0;
    %flag_set/imm 4, 0;
    %store/vec4a v0x55c8414678a0, 4, 0;
    %split/vec4 8;
    %ix/load 4, 54, 0;
    %flag_set/imm 4, 0;
    %store/vec4a v0x55c8414678a0, 4, 0;
    %ix/load 4, 55, 0;
    %flag_set/imm 4, 0;
    %store/vec4a v0x55c8414678a0, 4, 0;
    %pushi/vec4 235143170, 0, 32;
    %split/vec4 8;
    %ix/load 4, 56, 0;
    %flag_set/imm 4, 0;
    %store/vec4a v0x55c8414678a0, 4, 0;
    %split/vec4 8;
    %ix/load 4, 57, 0;
    %flag_set/imm 4, 0;
    %store/vec4a v0x55c8414678a0, 4, 0;
    %split/vec4 8;
    %ix/load 4, 58, 0;
    %flag_set/imm 4, 0;
    %store/vec4a v0x55c8414678a0, 4, 0;
    %ix/load 4, 59, 0;
    %flag_set/imm 4, 0;
    %store/vec4a v0x55c8414678a0, 4, 0;
    %end;
    .thread T_0;
    .scope S_0x55c841407100;
T_1 ;
    %wait E_0x55c841407b20;
    %load/vec4 v0x55c841467960_0;
    %flag_set/vec4 8;
    %jmp/0 T_1.0, 8;
    %pushi/vec4 1, 0, 2;
    %jmp/1 T_1.1, 8;
T_1.0 ; End of true expr.
    %pushi/vec4 0, 0, 2;
    %jmp/0 T_1.1, 8;
 ; End of false expr.
    %blend;
T_1.1;
    %pad/s 1;
    %store/vec4 v0x55c841467720_0, 0, 1;
    %load/vec4 v0x55c841467960_0;
    %flag_set/vec4 8;
    %jmp/0 T_1.2, 8;
    %pushi/vec4 1, 0, 2;
    %jmp/1 T_1.3, 8;
T_1.2 ; End of true expr.
    %pushi/vec4 0, 0, 2;
    %jmp/0 T_1.3, 8;
 ; End of false expr.
    %blend;
T_1.3;
    %pad/s 1;
    %store/vec4 v0x55c841467a20_0, 0, 1;
    %jmp T_1;
    .thread T_1, $push;
    .scope S_0x55c841407100;
T_2 ;
    %wait E_0x55c84143d070;
    %load/vec4 v0x55c841467a20_0;
    %flag_set/vec4 8;
    %jmp/0xz  T_2.0, 8;
    %load/vec4 v0x55c841467640_0;
    %concati/vec4 0, 0, 4;
    %pad/u 12;
    %ix/vec4 4;
    %load/vec4a v0x55c8414678a0, 4;
    %store/vec4 v0x55c841466f40_0, 0, 8;
    %pushi/vec4 40, 0, 64;
    %ix/vec4 4;
    %delayx 4;
    %load/vec4 v0x55c841466f40_0;
    %ix/load 4, 0, 0;
    %flag_set/imm 4, 0;
    %store/vec4 v0x55c841467ae0_0, 4, 8;
    %load/vec4 v0x55c841467640_0;
    %concati/vec4 1, 0, 4;
    %pad/u 12;
    %ix/vec4 4;
    %load/vec4a v0x55c8414678a0, 4;
    %store/vec4 v0x55c841467020_0, 0, 8;
    %pushi/vec4 40, 0, 64;
    %ix/vec4 4;
    %delayx 4;
    %load/vec4 v0x55c841467020_0;
    %ix/load 4, 8, 0;
    %flag_set/imm 4, 0;
    %store/vec4 v0x55c841467ae0_0, 4, 8;
    %load/vec4 v0x55c841467640_0;
    %concati/vec4 2, 0, 4;
    %pad/u 12;
    %ix/vec4 4;
    %load/vec4a v0x55c8414678a0, 4;
    %store/vec4 v0x55c841467100_0, 0, 8;
    %pushi/vec4 40, 0, 64;
    %ix/vec4 4;
    %delayx 4;
    %load/vec4 v0x55c841467100_0;
    %ix/load 4, 16, 0;
    %flag_set/imm 4, 0;
    %store/vec4 v0x55c841467ae0_0, 4, 8;
    %load/vec4 v0x55c841467640_0;
    %concati/vec4 3, 0, 4;
    %pad/u 12;
    %ix/vec4 4;
    %load/vec4a v0x55c8414678a0, 4;
    %store/vec4 v0x55c8414671e0_0, 0, 8;
    %pushi/vec4 40, 0, 64;
    %ix/vec4 4;
    %delayx 4;
    %load/vec4 v0x55c8414671e0_0;
    %ix/load 4, 24, 0;
    %flag_set/imm 4, 0;
    %store/vec4 v0x55c841467ae0_0, 4, 8;
    %load/vec4 v0x55c841467640_0;
    %concati/vec4 4, 0, 4;
    %pad/u 12;
    %ix/vec4 4;
    %load/vec4a v0x55c8414678a0, 4;
    %store/vec4 v0x55c8414672c0_0, 0, 8;
    %pushi/vec4 40, 0, 64;
    %ix/vec4 4;
    %delayx 4;
    %load/vec4 v0x55c8414672c0_0;
    %ix/load 4, 32, 0;
    %flag_set/imm 4, 0;
    %store/vec4 v0x55c841467ae0_0, 4, 8;
    %load/vec4 v0x55c841467640_0;
    %concati/vec4 5, 0, 4;
    %pad/u 12;
    %ix/vec4 4;
    %load/vec4a v0x55c8414678a0, 4;
    %store/vec4 v0x55c8414673a0_0, 0, 8;
    %pushi/vec4 40, 0, 64;
    %ix/vec4 4;
    %delayx 4;
    %load/vec4 v0x55c8414673a0_0;
    %ix/load 4, 40, 0;
    %flag_set/imm 4, 0;
    %store/vec4 v0x55c841467ae0_0, 4, 8;
    %load/vec4 v0x55c841467640_0;
    %concati/vec4 6, 0, 4;
    %pad/u 12;
    %ix/vec4 4;
    %load/vec4a v0x55c8414678a0, 4;
    %store/vec4 v0x55c841467480_0, 0, 8;
    %pushi/vec4 40, 0, 64;
    %ix/vec4 4;
    %delayx 4;
    %load/vec4 v0x55c841467480_0;
    %ix/load 4, 48, 0;
    %flag_set/imm 4, 0;
    %store/vec4 v0x55c841467ae0_0, 4, 8;
    %load/vec4 v0x55c841467640_0;
    %concati/vec4 7, 0, 4;
    %pad/u 12;
    %ix/vec4 4;
    %load/vec4a v0x55c8414678a0, 4;
    %store/vec4 v0x55c841467560_0, 0, 8;
    %pushi/vec4 40, 0, 64;
    %ix/vec4 4;
    %delayx 4;
    %load/vec4 v0x55c841467560_0;
    %ix/load 4, 56, 0;
    %flag_set/imm 4, 0;
    %store/vec4 v0x55c841467ae0_0, 4, 8;
    %load/vec4 v0x55c841467640_0;
    %concati/vec4 8, 0, 4;
    %pad/u 12;
    %ix/vec4 4;
    %load/vec4a v0x55c8414678a0, 4;
    %store/vec4 v0x55c841407340_0, 0, 8;
    %pushi/vec4 40, 0, 64;
    %ix/vec4 4;
    %delayx 4;
    %load/vec4 v0x55c841407340_0;
    %ix/load 4, 64, 0;
    %flag_set/imm 4, 0;
    %store/vec4 v0x55c841467ae0_0, 4, 8;
    %load/vec4 v0x55c841467640_0;
    %concati/vec4 9, 0, 4;
    %pad/u 12;
    %ix/vec4 4;
    %load/vec4a v0x55c8414678a0, 4;
    %store/vec4 v0x55c8414668c0_0, 0, 8;
    %pushi/vec4 40, 0, 64;
    %ix/vec4 4;
    %delayx 4;
    %load/vec4 v0x55c8414668c0_0;
    %ix/load 4, 72, 0;
    %flag_set/imm 4, 0;
    %store/vec4 v0x55c841467ae0_0, 4, 8;
    %load/vec4 v0x55c841467640_0;
    %concati/vec4 10, 0, 4;
    %pad/u 12;
    %ix/vec4 4;
    %load/vec4a v0x55c8414678a0, 4;
    %store/vec4 v0x55c8414669a0_0, 0, 8;
    %pushi/vec4 40, 0, 64;
    %ix/vec4 4;
    %delayx 4;
    %load/vec4 v0x55c8414669a0_0;
    %ix/load 4, 80, 0;
    %flag_set/imm 4, 0;
    %store/vec4 v0x55c841467ae0_0, 4, 8;
    %load/vec4 v0x55c841467640_0;
    %concati/vec4 11, 0, 4;
    %pad/u 12;
    %ix/vec4 4;
    %load/vec4a v0x55c8414678a0, 4;
    %store/vec4 v0x55c841466a90_0, 0, 8;
    %pushi/vec4 40, 0, 64;
    %ix/vec4 4;
    %delayx 4;
    %load/vec4 v0x55c841466a90_0;
    %ix/load 4, 88, 0;
    %flag_set/imm 4, 0;
    %store/vec4 v0x55c841467ae0_0, 4, 8;
    %load/vec4 v0x55c841467640_0;
    %concati/vec4 12, 0, 4;
    %pad/u 12;
    %ix/vec4 4;
    %load/vec4a v0x55c8414678a0, 4;
    %store/vec4 v0x55c841466b70_0, 0, 8;
    %pushi/vec4 40, 0, 64;
    %ix/vec4 4;
    %delayx 4;
    %load/vec4 v0x55c841466b70_0;
    %ix/load 4, 96, 0;
    %flag_set/imm 4, 0;
    %store/vec4 v0x55c841467ae0_0, 4, 8;
    %load/vec4 v0x55c841467640_0;
    %concati/vec4 13, 0, 4;
    %pad/u 12;
    %ix/vec4 4;
    %load/vec4a v0x55c8414678a0, 4;
    %store/vec4 v0x55c841466ca0_0, 0, 8;
    %pushi/vec4 40, 0, 64;
    %ix/vec4 4;
    %delayx 4;
    %load/vec4 v0x55c841466ca0_0;
    %ix/load 4, 104, 0;
    %flag_set/imm 4, 0;
    %store/vec4 v0x55c841467ae0_0, 4, 8;
    %load/vec4 v0x55c841467640_0;
    %concati/vec4 14, 0, 4;
    %pad/u 12;
    %ix/vec4 4;
    %load/vec4a v0x55c8414678a0, 4;
    %store/vec4 v0x55c841466d80_0, 0, 8;
    %pushi/vec4 40, 0, 64;
    %ix/vec4 4;
    %delayx 4;
    %load/vec4 v0x55c841466d80_0;
    %ix/load 4, 112, 0;
    %flag_set/imm 4, 0;
    %store/vec4 v0x55c841467ae0_0, 4, 8;
    %load/vec4 v0x55c841467640_0;
    %concati/vec4 15, 0, 4;
    %pad/u 12;
    %ix/vec4 4;
    %load/vec4a v0x55c8414678a0, 4;
    %store/vec4 v0x55c841466e60_0, 0, 8;
    %pushi/vec4 40, 0, 64;
    %ix/vec4 4;
    %delayx 4;
    %load/vec4 v0x55c841466e60_0;
    %ix/load 4, 120, 0;
    %flag_set/imm 4, 0;
    %store/vec4 v0x55c841467ae0_0, 4, 8;
    %pushi/vec4 0, 0, 1;
    %store/vec4 v0x55c841467720_0, 0, 1;
    %pushi/vec4 0, 0, 1;
    %store/vec4 v0x55c841467a20_0, 0, 1;
T_2.0 ;
    %jmp T_2;
    .thread T_2;
# The file index is used to find the file name in the following table.
:file_names 3;
    "N/A";
    "<interactive>";
    "ins_memory.v";
