#! /usr/bin/vvp
:ivl_version "10.3 (stable)";
:ivl_delay_selection "TYPICAL";
:vpi_time_precision + 0;
:vpi_module "system";
:vpi_module "vhdl_sys";
:vpi_module "v2005_math";
:vpi_module "va_math";
S_0x561b0d76d160 .scope module, "twosComp" "twosComp" 2 1;
 .timescale 0 0;
    .port_info 0 /INPUT 8 "INPUT"
    .port_info 1 /OUTPUT 8 "RESULT"
o0x7f0b4c51a018 .functor BUFZ 8, C4<zzzzzzzz>; HiZ drive
v0x561b0d76d320_0 .net "INPUT", 7 0, o0x7f0b4c51a018;  0 drivers
v0x561b0d7af5d0_0 .var "RESULT", 7 0;
E_0x561b0d7a2450 .event edge, v0x561b0d76d320_0;
    .scope S_0x561b0d76d160;
T_0 ;
    %wait E_0x561b0d7a2450;
    %delay 1, 0;
    %load/vec4 v0x561b0d76d320_0;
    %inv;
    %addi 1, 0, 8;
    %store/vec4 v0x561b0d7af5d0_0, 0, 8;
    %jmp T_0;
    .thread T_0, $push;
# The file index is used to find the file name in the following table.
:file_names 3;
    "N/A";
    "<interactive>";
    "twosComp.v";
