#! /usr/bin/vvp
:ivl_version "10.3 (stable)";
:ivl_delay_selection "TYPICAL";
:vpi_time_precision + 0;
:vpi_module "system";
:vpi_module "vhdl_sys";
:vpi_module "v2005_math";
:vpi_module "va_math";
S_0x55c6a9c1b1b0 .scope module, "barrelShifter_tb" "barrelShifter_tb" 2 3;
 .timescale 0 0;
v0x55c6a9c61be0_0 .var "Ip", 7 0;
v0x55c6a9c61d10_0 .net "Op", 7 0, v0x55c6a9c5f260_0;  1 drivers
v0x55c6a9c61e20_0 .var "shift_mag", 7 0;
v0x55c6a9c61ec0_0 .var "shift_mode", 1 0;
S_0x55c6a9c185a0 .scope module, "uut" "barrelShifter" 2 14, 3 5 0, S_0x55c6a9c1b1b0;
 .timescale 0 0;
    .port_info 0 /INPUT 8 "INPUT"
    .port_info 1 /OUTPUT 8 "OUTPUT"
    .port_info 2 /INPUT 8 "SHIFT"
    .port_info 3 /INPUT 2 "SHIFT_MODE"
L_0x55c6a9c62b10 .functor OR 1, L_0x55c6a9c6cf70, L_0x55c6a9c6d040, C4<0>, C4<0>;
L_0x55c6a9c6d5c0 .functor OR 1, L_0x55c6a9c62b10, L_0x55c6a9c6d520, C4<0>, C4<0>;
L_0x55c6a9c6dac0 .functor OR 1, L_0x55c6a9c6d5c0, L_0x55c6a9c6d6d0, C4<0>, C4<0>;
L_0x55c6a9c6dc70 .functor OR 1, L_0x55c6a9c6dac0, L_0x55c6a9c6dbd0, C4<0>, C4<0>;
v0x55c6a9c5f4b0_0 .net "ININTER", 7 0, v0x55c6a9c507d0_0;  1 drivers
v0x55c6a9c5f590_0 .net "INNER3", 7 0, L_0x55c6a9c6ca80;  1 drivers
v0x55c6a9c5f660_0 .net "INPUT", 7 0, v0x55c6a9c61be0_0;  1 drivers
v0x55c6a9c5f760_0 .net "INTER1", 7 0, L_0x55c6a9c66bc0;  1 drivers
v0x55c6a9c5f800_0 .net "INTER2", 7 0, L_0x55c6a9c69930;  1 drivers
v0x55c6a9c5f930_0 .var "LAYER4_IN", 7 0;
v0x55c6a9c5f9f0_0 .net "OUTINTER", 7 0, v0x55c6a9c52180_0;  1 drivers
v0x55c6a9c5fae0_0 .net "OUTPUT", 7 0, v0x55c6a9c5f260_0;  alias, 1 drivers
v0x55c6a9c5fba0_0 .net "SHIFT", 7 0, v0x55c6a9c61e20_0;  1 drivers
v0x55c6a9c5fc60_0 .var "SHIFT_DIR", 0 0;
v0x55c6a9c5fd00_0 .net "SHIFT_MODE", 1 0, v0x55c6a9c61ec0_0;  1 drivers
v0x55c6a9c5fdc0_0 .net "TMP1", 0 0, v0x55c6a9c5b4c0_0;  1 drivers
v0x55c6a9c5feb0_0 .net "TMP2", 0 0, v0x55c6a9c5bda0_0;  1 drivers
v0x55c6a9c5ffa0_0 .net "TMP3", 0 0, v0x55c6a9c5c670_0;  1 drivers
v0x55c6a9c60090_0 .net "TMP4", 0 0, v0x55c6a9c5cf50_0;  1 drivers
v0x55c6a9c60180_0 .net "TMP5", 0 0, v0x55c6a9c5d810_0;  1 drivers
v0x55c6a9c60270_0 .net "TMP6", 0 0, v0x55c6a9c5e080_0;  1 drivers
v0x55c6a9c60360_0 .net "TMP7", 0 0, v0x55c6a9c5eb50_0;  1 drivers
v0x55c6a9c60450_0 .net *"_s274", 0 0, L_0x55c6a9c6cf70;  1 drivers
v0x55c6a9c60530_0 .net *"_s276", 0 0, L_0x55c6a9c6d040;  1 drivers
v0x55c6a9c60610_0 .net *"_s277", 0 0, L_0x55c6a9c62b10;  1 drivers
v0x55c6a9c606f0_0 .net *"_s280", 0 0, L_0x55c6a9c6d520;  1 drivers
v0x55c6a9c607d0_0 .net *"_s281", 0 0, L_0x55c6a9c6d5c0;  1 drivers
v0x55c6a9c608b0_0 .net *"_s284", 0 0, L_0x55c6a9c6d6d0;  1 drivers
v0x55c6a9c60990_0 .net *"_s285", 0 0, L_0x55c6a9c6dac0;  1 drivers
v0x55c6a9c60a70_0 .net *"_s288", 0 0, L_0x55c6a9c6dbd0;  1 drivers
v0x55c6a9c60b50_0 .net *"_s57", 0 0, L_0x55c6a9c62e30;  1 drivers
v0x55c6a9c60c30_0 .net *"_s59", 0 0, L_0x55c6a9c62f00;  1 drivers
v0x55c6a9c60d10_0 .net *"_s61", 0 0, L_0x55c6a9c63060;  1 drivers
v0x55c6a9c60df0_0 .net *"_s63", 0 0, L_0x55c6a9c63130;  1 drivers
v0x55c6a9c60ed0_0 .net *"_s65", 0 0, L_0x55c6a9c632a0;  1 drivers
v0x55c6a9c60fb0_0 .net *"_s67", 0 0, L_0x55c6a9c63370;  1 drivers
v0x55c6a9c61090_0 .net *"_s69", 0 0, L_0x55c6a9c63200;  1 drivers
v0x55c6a9c61380_0 .net *"_s71", 0 0, L_0x55c6a9c63730;  1 drivers
v0x55c6a9c61460_0 .net *"_s75", 0 0, L_0x55c6a9c63bc0;  1 drivers
v0x55c6a9c61540_0 .net *"_s77", 0 0, L_0x55c6a9c63d30;  1 drivers
v0x55c6a9c61620_0 .net *"_s79", 0 0, L_0x55c6a9c63dd0;  1 drivers
v0x55c6a9c61700_0 .net *"_s81", 0 0, L_0x55c6a9c63f50;  1 drivers
v0x55c6a9c617e0_0 .net *"_s83", 0 0, L_0x55c6a9c63ff0;  1 drivers
v0x55c6a9c618c0_0 .net *"_s85", 0 0, L_0x55c6a9c64180;  1 drivers
v0x55c6a9c619a0_0 .net *"_s87", 0 0, L_0x55c6a9c64220;  1 drivers
v0x55c6a9c61a80_0 .net *"_s89", 0 0, L_0x55c6a9c643c0;  1 drivers
E_0x55c6a9bee1a0 .event edge, v0x55c6a9c5b5b0_0, v0x55c6a9c1e720_0, v0x55c6a9c51fa0_0;
L_0x55c6a9c61f60 .part v0x55c6a9c61be0_0, 7, 1;
L_0x55c6a9c62000 .part v0x55c6a9c507d0_0, 7, 1;
L_0x55c6a9c620f0 .part v0x55c6a9c61be0_0, 7, 1;
L_0x55c6a9c62190 .part L_0x55c6a9c66bc0, 6, 1;
L_0x55c6a9c622c0 .part v0x55c6a9c61be0_0, 7, 1;
L_0x55c6a9c62360 .part L_0x55c6a9c66bc0, 7, 1;
L_0x55c6a9c624c0 .part v0x55c6a9c61be0_0, 7, 1;
L_0x55c6a9c62590 .part L_0x55c6a9c69930, 4, 1;
L_0x55c6a9c62740 .part v0x55c6a9c61be0_0, 7, 1;
L_0x55c6a9c62810 .part L_0x55c6a9c69930, 5, 1;
L_0x55c6a9c62970 .part v0x55c6a9c61be0_0, 7, 1;
L_0x55c6a9c62a40 .part L_0x55c6a9c69930, 6, 1;
L_0x55c6a9c62be0 .part v0x55c6a9c61be0_0, 7, 1;
L_0x55c6a9c62cb0 .part L_0x55c6a9c69930, 7, 1;
L_0x55c6a9c62e30 .part v0x55c6a9c61be0_0, 0, 1;
L_0x55c6a9c62f00 .part v0x55c6a9c61be0_0, 1, 1;
L_0x55c6a9c63060 .part v0x55c6a9c61be0_0, 2, 1;
L_0x55c6a9c63130 .part v0x55c6a9c61be0_0, 3, 1;
L_0x55c6a9c632a0 .part v0x55c6a9c61be0_0, 4, 1;
L_0x55c6a9c63370 .part v0x55c6a9c61be0_0, 5, 1;
L_0x55c6a9c63200 .part v0x55c6a9c61be0_0, 6, 1;
L_0x55c6a9c63730 .part v0x55c6a9c61be0_0, 7, 1;
LS_0x55c6a9c638c0_0_0 .concat [ 1 1 1 1], L_0x55c6a9c63730, L_0x55c6a9c63200, L_0x55c6a9c63370, L_0x55c6a9c632a0;
LS_0x55c6a9c638c0_0_4 .concat [ 1 1 1 1], L_0x55c6a9c63130, L_0x55c6a9c63060, L_0x55c6a9c62f00, L_0x55c6a9c62e30;
L_0x55c6a9c638c0 .concat [ 4 4 0 0], LS_0x55c6a9c638c0_0_0, LS_0x55c6a9c638c0_0_4;
L_0x55c6a9c63bc0 .part v0x55c6a9c52180_0, 0, 1;
L_0x55c6a9c63d30 .part v0x55c6a9c52180_0, 1, 1;
L_0x55c6a9c63dd0 .part v0x55c6a9c52180_0, 2, 1;
L_0x55c6a9c63f50 .part v0x55c6a9c52180_0, 3, 1;
L_0x55c6a9c63ff0 .part v0x55c6a9c52180_0, 4, 1;
L_0x55c6a9c64180 .part v0x55c6a9c52180_0, 5, 1;
L_0x55c6a9c64220 .part v0x55c6a9c52180_0, 6, 1;
L_0x55c6a9c643c0 .part v0x55c6a9c52180_0, 7, 1;
LS_0x55c6a9c64460_0_0 .concat [ 1 1 1 1], L_0x55c6a9c643c0, L_0x55c6a9c64220, L_0x55c6a9c64180, L_0x55c6a9c63ff0;
LS_0x55c6a9c64460_0_4 .concat [ 1 1 1 1], L_0x55c6a9c63f50, L_0x55c6a9c63dd0, L_0x55c6a9c63d30, L_0x55c6a9c63bc0;
L_0x55c6a9c64460 .concat [ 4 4 0 0], LS_0x55c6a9c64460_0_0, LS_0x55c6a9c64460_0_4;
L_0x55c6a9c648c0 .part v0x55c6a9c507d0_0, 0, 1;
L_0x55c6a9c64960 .part v0x55c6a9c61e20_0, 0, 1;
L_0x55c6a9c64b70 .part v0x55c6a9c507d0_0, 1, 1;
L_0x55c6a9c64c10 .part v0x55c6a9c507d0_0, 0, 1;
L_0x55c6a9c64a50 .part v0x55c6a9c61e20_0, 0, 1;
L_0x55c6a9c64de0 .part v0x55c6a9c507d0_0, 2, 1;
L_0x55c6a9c64fc0 .part v0x55c6a9c507d0_0, 1, 1;
L_0x55c6a9c65060 .part v0x55c6a9c61e20_0, 0, 1;
L_0x55c6a9c652e0 .part v0x55c6a9c507d0_0, 3, 1;
L_0x55c6a9c65380 .part v0x55c6a9c507d0_0, 2, 1;
L_0x55c6a9c65580 .part v0x55c6a9c61e20_0, 0, 1;
L_0x55c6a9c65620 .part v0x55c6a9c507d0_0, 4, 1;
L_0x55c6a9c65860 .part v0x55c6a9c507d0_0, 3, 1;
L_0x55c6a9c65930 .part v0x55c6a9c61e20_0, 0, 1;
L_0x55c6a9c65b80 .part v0x55c6a9c507d0_0, 5, 1;
L_0x55c6a9c65c50 .part v0x55c6a9c507d0_0, 4, 1;
L_0x55c6a9c65eb0 .part v0x55c6a9c61e20_0, 0, 1;
L_0x55c6a9c65f80 .part v0x55c6a9c507d0_0, 6, 1;
L_0x55c6a9c661f0 .part v0x55c6a9c507d0_0, 5, 1;
L_0x55c6a9c662c0 .part v0x55c6a9c61e20_0, 0, 1;
L_0x55c6a9c66650 .part v0x55c6a9c507d0_0, 7, 1;
L_0x55c6a9c66930 .part v0x55c6a9c507d0_0, 6, 1;
LS_0x55c6a9c66bc0_0_0 .concat8 [ 1 1 1 1], v0x55c6a9c50df0_0, v0x55c6a9c52810_0, v0x55c6a9c53bf0_0, v0x55c6a9c54f80_0;
LS_0x55c6a9c66bc0_0_4 .concat8 [ 1 1 1 1], v0x55c6a9c56360_0, v0x55c6a9c57740_0, v0x55c6a9c58b20_0, v0x55c6a9c59f00_0;
L_0x55c6a9c66bc0 .concat8 [ 4 4 0 0], LS_0x55c6a9c66bc0_0_0, LS_0x55c6a9c66bc0_0_4;
L_0x55c6a9c66de0 .part v0x55c6a9c61e20_0, 0, 1;
L_0x55c6a9c67080 .part L_0x55c6a9c66bc0, 0, 1;
L_0x55c6a9c67150 .part v0x55c6a9c61e20_0, 1, 1;
L_0x55c6a9c67400 .part L_0x55c6a9c66bc0, 1, 1;
L_0x55c6a9c674d0 .part v0x55c6a9c61e20_0, 1, 1;
L_0x55c6a9c67790 .part L_0x55c6a9c66bc0, 2, 1;
L_0x55c6a9c67860 .part L_0x55c6a9c66bc0, 0, 1;
L_0x55c6a9c67b30 .part v0x55c6a9c61e20_0, 1, 1;
L_0x55c6a9c67c00 .part L_0x55c6a9c66bc0, 3, 1;
L_0x55c6a9c67ee0 .part L_0x55c6a9c66bc0, 1, 1;
L_0x55c6a9c67fb0 .part v0x55c6a9c61e20_0, 1, 1;
L_0x55c6a9c682a0 .part L_0x55c6a9c66bc0, 4, 1;
L_0x55c6a9c68370 .part L_0x55c6a9c66bc0, 2, 1;
L_0x55c6a9c68670 .part v0x55c6a9c61e20_0, 1, 1;
L_0x55c6a9c68740 .part L_0x55c6a9c66bc0, 5, 1;
L_0x55c6a9c68a50 .part L_0x55c6a9c66bc0, 3, 1;
L_0x55c6a9c68b20 .part v0x55c6a9c61e20_0, 1, 1;
L_0x55c6a9c68e40 .part L_0x55c6a9c66bc0, 6, 1;
L_0x55c6a9c68f10 .part L_0x55c6a9c66bc0, 4, 1;
L_0x55c6a9c69240 .part v0x55c6a9c61e20_0, 1, 1;
L_0x55c6a9c69310 .part L_0x55c6a9c66bc0, 7, 1;
L_0x55c6a9c69860 .part L_0x55c6a9c66bc0, 5, 1;
LS_0x55c6a9c69930_0_0 .concat8 [ 1 1 1 1], v0x55c6a9c51430_0, v0x55c6a9c52eb0_0, v0x55c6a9c54240_0, v0x55c6a9c55620_0;
LS_0x55c6a9c69930_0_4 .concat8 [ 1 1 1 1], v0x55c6a9c56a00_0, v0x55c6a9c57de0_0, v0x55c6a9c591c0_0, v0x55c6a9c5a5a0_0;
L_0x55c6a9c69930 .concat8 [ 4 4 0 0], LS_0x55c6a9c69930_0_0, LS_0x55c6a9c69930_0_4;
L_0x55c6a9c69dd0 .part v0x55c6a9c61e20_0, 1, 1;
L_0x55c6a9c69ea0 .part L_0x55c6a9c69930, 0, 1;
L_0x55c6a9c6a200 .part v0x55c6a9c61e20_0, 2, 1;
L_0x55c6a9c6a2d0 .part L_0x55c6a9c69930, 1, 1;
L_0x55c6a9c6a640 .part v0x55c6a9c61e20_0, 2, 1;
L_0x55c6a9c6a710 .part L_0x55c6a9c69930, 2, 1;
L_0x55c6a9c6aa90 .part v0x55c6a9c61e20_0, 2, 1;
L_0x55c6a9c6ab60 .part L_0x55c6a9c69930, 3, 1;
L_0x55c6a9c6aef0 .part v0x55c6a9c61e20_0, 2, 1;
L_0x55c6a9c6afc0 .part L_0x55c6a9c69930, 4, 1;
L_0x55c6a9c6b330 .part L_0x55c6a9c69930, 0, 1;
L_0x55c6a9c6b3d0 .part v0x55c6a9c61e20_0, 2, 1;
L_0x55c6a9c6b750 .part L_0x55c6a9c69930, 5, 1;
L_0x55c6a9c6b7f0 .part L_0x55c6a9c69930, 1, 1;
L_0x55c6a9c6bb80 .part v0x55c6a9c61e20_0, 2, 1;
L_0x55c6a9c6bc20 .part L_0x55c6a9c69930, 6, 1;
L_0x55c6a9c6bfc0 .part L_0x55c6a9c69930, 2, 1;
L_0x55c6a9c6c060 .part v0x55c6a9c61e20_0, 2, 1;
L_0x55c6a9c6c410 .part L_0x55c6a9c69930, 7, 1;
L_0x55c6a9c6c6c0 .part L_0x55c6a9c69930, 3, 1;
LS_0x55c6a9c6ca80_0_0 .concat8 [ 1 1 1 1], v0x55c6a9c51a90_0, v0x55c6a9c53550_0, v0x55c6a9c548e0_0, v0x55c6a9c55cc0_0;
LS_0x55c6a9c6ca80_0_4 .concat8 [ 1 1 1 1], v0x55c6a9c570a0_0, v0x55c6a9c58480_0, v0x55c6a9c59860_0, v0x55c6a9c5ac40_0;
L_0x55c6a9c6ca80 .concat8 [ 4 4 0 0], LS_0x55c6a9c6ca80_0_0, LS_0x55c6a9c6ca80_0_4;
L_0x55c6a9c6cb70 .part v0x55c6a9c61e20_0, 2, 1;
L_0x55c6a9c6cf70 .part v0x55c6a9c61e20_0, 3, 1;
L_0x55c6a9c6d040 .part v0x55c6a9c61e20_0, 4, 1;
L_0x55c6a9c6d520 .part v0x55c6a9c61e20_0, 5, 1;
L_0x55c6a9c6d6d0 .part v0x55c6a9c61e20_0, 6, 1;
L_0x55c6a9c6dbd0 .part v0x55c6a9c61e20_0, 7, 1;
S_0x55c6a9c0b220 .scope module, "inmux" "mux2to1_8bit" 3 29, 4 6 0, S_0x55c6a9c185a0;
 .timescale 0 0;
    .port_info 0 /INPUT 8 "INPUT1"
    .port_info 1 /INPUT 8 "INPUT2"
    .port_info 2 /OUTPUT 8 "RESULT"
    .port_info 3 /INPUT 1 "SELECT"
v0x55c6a9c1e720_0 .net "INPUT1", 7 0, v0x55c6a9c61be0_0;  alias, 1 drivers
v0x55c6a9c506f0_0 .net "INPUT2", 7 0, L_0x55c6a9c638c0;  1 drivers
v0x55c6a9c507d0_0 .var "RESULT", 7 0;
v0x55c6a9c50890_0 .net "SELECT", 0 0, v0x55c6a9c5fc60_0;  1 drivers
E_0x55c6a9bee2d0 .event edge, v0x55c6a9c50890_0, v0x55c6a9c1e720_0, v0x55c6a9c506f0_0;
S_0x55c6a9c509d0 .scope module, "m0" "mux2to1_1bit" 3 34, 5 6 0, S_0x55c6a9c185a0;
 .timescale 0 0;
    .port_info 0 /INPUT 1 "INPUT1"
    .port_info 1 /INPUT 1 "INPUT2"
    .port_info 2 /OUTPUT 1 "RESULT"
    .port_info 3 /INPUT 1 "SELECT"
v0x55c6a9c50c50_0 .net "INPUT1", 0 0, L_0x55c6a9c648c0;  1 drivers
v0x55c6a9c50d30_0 .net "INPUT2", 0 0, v0x55c6a9c5b4c0_0;  alias, 1 drivers
v0x55c6a9c50df0_0 .var "RESULT", 0 0;
v0x55c6a9c50e90_0 .net "SELECT", 0 0, L_0x55c6a9c64960;  1 drivers
E_0x55c6a9bee400 .event edge, v0x55c6a9c50e90_0, v0x55c6a9c50c50_0, v0x55c6a9c50d30_0;
S_0x55c6a9c51000 .scope module, "m00" "mux2to1_1bit" 3 43, 5 6 0, S_0x55c6a9c185a0;
 .timescale 0 0;
    .port_info 0 /INPUT 1 "INPUT1"
    .port_info 1 /INPUT 1 "INPUT2"
    .port_info 2 /OUTPUT 1 "RESULT"
    .port_info 3 /INPUT 1 "SELECT"
v0x55c6a9c51290_0 .net "INPUT1", 0 0, L_0x55c6a9c67080;  1 drivers
v0x55c6a9c51370_0 .net "INPUT2", 0 0, v0x55c6a9c5bda0_0;  alias, 1 drivers
v0x55c6a9c51430_0 .var "RESULT", 0 0;
v0x55c6a9c51500_0 .net "SELECT", 0 0, L_0x55c6a9c67150;  1 drivers
E_0x55c6a9bee530 .event edge, v0x55c6a9c51500_0, v0x55c6a9c51290_0, v0x55c6a9c51370_0;
S_0x55c6a9c51670 .scope module, "m000" "mux2to1_1bit" 3 52, 5 6 0, S_0x55c6a9c185a0;
 .timescale 0 0;
    .port_info 0 /INPUT 1 "INPUT1"
    .port_info 1 /INPUT 1 "INPUT2"
    .port_info 2 /OUTPUT 1 "RESULT"
    .port_info 3 /INPUT 1 "SELECT"
v0x55c6a9c518f0_0 .net "INPUT1", 0 0, L_0x55c6a9c69ea0;  1 drivers
v0x55c6a9c519d0_0 .net "INPUT2", 0 0, v0x55c6a9c5cf50_0;  alias, 1 drivers
v0x55c6a9c51a90_0 .var "RESULT", 0 0;
v0x55c6a9c51b60_0 .net "SELECT", 0 0, L_0x55c6a9c6a200;  1 drivers
E_0x55c6a9c3ddf0 .event edge, v0x55c6a9c51b60_0, v0x55c6a9c518f0_0, v0x55c6a9c519d0_0;
S_0x55c6a9c51cd0 .scope module, "m0000" "mux2to1_8bit" 3 62, 4 6 0, S_0x55c6a9c185a0;
 .timescale 0 0;
    .port_info 0 /INPUT 8 "INPUT1"
    .port_info 1 /INPUT 8 "INPUT2"
    .port_info 2 /OUTPUT 8 "RESULT"
    .port_info 3 /INPUT 1 "SELECT"
v0x55c6a9c51fa0_0 .net "INPUT1", 7 0, L_0x55c6a9c6ca80;  alias, 1 drivers
v0x55c6a9c520a0_0 .net "INPUT2", 7 0, v0x55c6a9c5f930_0;  1 drivers
v0x55c6a9c52180_0 .var "RESULT", 7 0;
v0x55c6a9c52240_0 .net "SELECT", 0 0, L_0x55c6a9c6dc70;  1 drivers
E_0x55c6a9c3e580 .event edge, v0x55c6a9c52240_0, v0x55c6a9c51fa0_0, v0x55c6a9c520a0_0;
S_0x55c6a9c523b0 .scope module, "m1" "mux2to1_1bit" 3 35, 5 6 0, S_0x55c6a9c185a0;
 .timescale 0 0;
    .port_info 0 /INPUT 1 "INPUT1"
    .port_info 1 /INPUT 1 "INPUT2"
    .port_info 2 /OUTPUT 1 "RESULT"
    .port_info 3 /INPUT 1 "SELECT"
v0x55c6a9c52670_0 .net "INPUT1", 0 0, L_0x55c6a9c64b70;  1 drivers
v0x55c6a9c52750_0 .net "INPUT2", 0 0, L_0x55c6a9c64c10;  1 drivers
v0x55c6a9c52810_0 .var "RESULT", 0 0;
v0x55c6a9c528e0_0 .net "SELECT", 0 0, L_0x55c6a9c64a50;  1 drivers
E_0x55c6a9c525f0 .event edge, v0x55c6a9c528e0_0, v0x55c6a9c52670_0, v0x55c6a9c52750_0;
S_0x55c6a9c52a50 .scope module, "m11" "mux2to1_1bit" 3 44, 5 6 0, S_0x55c6a9c185a0;
 .timescale 0 0;
    .port_info 0 /INPUT 1 "INPUT1"
    .port_info 1 /INPUT 1 "INPUT2"
    .port_info 2 /OUTPUT 1 "RESULT"
    .port_info 3 /INPUT 1 "SELECT"
v0x55c6a9c52d10_0 .net "INPUT1", 0 0, L_0x55c6a9c67400;  1 drivers
v0x55c6a9c52df0_0 .net "INPUT2", 0 0, v0x55c6a9c5c670_0;  alias, 1 drivers
v0x55c6a9c52eb0_0 .var "RESULT", 0 0;
v0x55c6a9c52f80_0 .net "SELECT", 0 0, L_0x55c6a9c674d0;  1 drivers
E_0x55c6a9c52c90 .event edge, v0x55c6a9c52f80_0, v0x55c6a9c52d10_0, v0x55c6a9c52df0_0;
S_0x55c6a9c530f0 .scope module, "m111" "mux2to1_1bit" 3 53, 5 6 0, S_0x55c6a9c185a0;
 .timescale 0 0;
    .port_info 0 /INPUT 1 "INPUT1"
    .port_info 1 /INPUT 1 "INPUT2"
    .port_info 2 /OUTPUT 1 "RESULT"
    .port_info 3 /INPUT 1 "SELECT"
v0x55c6a9c533b0_0 .net "INPUT1", 0 0, L_0x55c6a9c6a2d0;  1 drivers
v0x55c6a9c53490_0 .net "INPUT2", 0 0, v0x55c6a9c5d810_0;  alias, 1 drivers
v0x55c6a9c53550_0 .var "RESULT", 0 0;
v0x55c6a9c53620_0 .net "SELECT", 0 0, L_0x55c6a9c6a640;  1 drivers
E_0x55c6a9c53330 .event edge, v0x55c6a9c53620_0, v0x55c6a9c533b0_0, v0x55c6a9c53490_0;
S_0x55c6a9c53790 .scope module, "m2" "mux2to1_1bit" 3 36, 5 6 0, S_0x55c6a9c185a0;
 .timescale 0 0;
    .port_info 0 /INPUT 1 "INPUT1"
    .port_info 1 /INPUT 1 "INPUT2"
    .port_info 2 /OUTPUT 1 "RESULT"
    .port_info 3 /INPUT 1 "SELECT"
v0x55c6a9c53a50_0 .net "INPUT1", 0 0, L_0x55c6a9c64de0;  1 drivers
v0x55c6a9c53b30_0 .net "INPUT2", 0 0, L_0x55c6a9c64fc0;  1 drivers
v0x55c6a9c53bf0_0 .var "RESULT", 0 0;
v0x55c6a9c53cc0_0 .net "SELECT", 0 0, L_0x55c6a9c65060;  1 drivers
E_0x55c6a9c539d0 .event edge, v0x55c6a9c53cc0_0, v0x55c6a9c53a50_0, v0x55c6a9c53b30_0;
S_0x55c6a9c53e30 .scope module, "m22" "mux2to1_1bit" 3 45, 5 6 0, S_0x55c6a9c185a0;
 .timescale 0 0;
    .port_info 0 /INPUT 1 "INPUT1"
    .port_info 1 /INPUT 1 "INPUT2"
    .port_info 2 /OUTPUT 1 "RESULT"
    .port_info 3 /INPUT 1 "SELECT"
v0x55c6a9c540a0_0 .net "INPUT1", 0 0, L_0x55c6a9c67790;  1 drivers
v0x55c6a9c54180_0 .net "INPUT2", 0 0, L_0x55c6a9c67860;  1 drivers
v0x55c6a9c54240_0 .var "RESULT", 0 0;
v0x55c6a9c54310_0 .net "SELECT", 0 0, L_0x55c6a9c67b30;  1 drivers
E_0x55c6a9c54020 .event edge, v0x55c6a9c54310_0, v0x55c6a9c540a0_0, v0x55c6a9c54180_0;
S_0x55c6a9c54480 .scope module, "m222" "mux2to1_1bit" 3 54, 5 6 0, S_0x55c6a9c185a0;
 .timescale 0 0;
    .port_info 0 /INPUT 1 "INPUT1"
    .port_info 1 /INPUT 1 "INPUT2"
    .port_info 2 /OUTPUT 1 "RESULT"
    .port_info 3 /INPUT 1 "SELECT"
v0x55c6a9c54740_0 .net "INPUT1", 0 0, L_0x55c6a9c6a710;  1 drivers
v0x55c6a9c54820_0 .net "INPUT2", 0 0, v0x55c6a9c5e080_0;  alias, 1 drivers
v0x55c6a9c548e0_0 .var "RESULT", 0 0;
v0x55c6a9c549b0_0 .net "SELECT", 0 0, L_0x55c6a9c6aa90;  1 drivers
E_0x55c6a9c546c0 .event edge, v0x55c6a9c549b0_0, v0x55c6a9c54740_0, v0x55c6a9c54820_0;
S_0x55c6a9c54b20 .scope module, "m3" "mux2to1_1bit" 3 37, 5 6 0, S_0x55c6a9c185a0;
 .timescale 0 0;
    .port_info 0 /INPUT 1 "INPUT1"
    .port_info 1 /INPUT 1 "INPUT2"
    .port_info 2 /OUTPUT 1 "RESULT"
    .port_info 3 /INPUT 1 "SELECT"
v0x55c6a9c54de0_0 .net "INPUT1", 0 0, L_0x55c6a9c652e0;  1 drivers
v0x55c6a9c54ec0_0 .net "INPUT2", 0 0, L_0x55c6a9c65380;  1 drivers
v0x55c6a9c54f80_0 .var "RESULT", 0 0;
v0x55c6a9c55050_0 .net "SELECT", 0 0, L_0x55c6a9c65580;  1 drivers
E_0x55c6a9c54d60 .event edge, v0x55c6a9c55050_0, v0x55c6a9c54de0_0, v0x55c6a9c54ec0_0;
S_0x55c6a9c551c0 .scope module, "m33" "mux2to1_1bit" 3 46, 5 6 0, S_0x55c6a9c185a0;
 .timescale 0 0;
    .port_info 0 /INPUT 1 "INPUT1"
    .port_info 1 /INPUT 1 "INPUT2"
    .port_info 2 /OUTPUT 1 "RESULT"
    .port_info 3 /INPUT 1 "SELECT"
v0x55c6a9c55480_0 .net "INPUT1", 0 0, L_0x55c6a9c67c00;  1 drivers
v0x55c6a9c55560_0 .net "INPUT2", 0 0, L_0x55c6a9c67ee0;  1 drivers
v0x55c6a9c55620_0 .var "RESULT", 0 0;
v0x55c6a9c556f0_0 .net "SELECT", 0 0, L_0x55c6a9c67fb0;  1 drivers
E_0x55c6a9c55400 .event edge, v0x55c6a9c556f0_0, v0x55c6a9c55480_0, v0x55c6a9c55560_0;
S_0x55c6a9c55860 .scope module, "m333" "mux2to1_1bit" 3 55, 5 6 0, S_0x55c6a9c185a0;
 .timescale 0 0;
    .port_info 0 /INPUT 1 "INPUT1"
    .port_info 1 /INPUT 1 "INPUT2"
    .port_info 2 /OUTPUT 1 "RESULT"
    .port_info 3 /INPUT 1 "SELECT"
v0x55c6a9c55b20_0 .net "INPUT1", 0 0, L_0x55c6a9c6ab60;  1 drivers
v0x55c6a9c55c00_0 .net "INPUT2", 0 0, v0x55c6a9c5eb50_0;  alias, 1 drivers
v0x55c6a9c55cc0_0 .var "RESULT", 0 0;
v0x55c6a9c55d90_0 .net "SELECT", 0 0, L_0x55c6a9c6aef0;  1 drivers
E_0x55c6a9c55aa0 .event edge, v0x55c6a9c55d90_0, v0x55c6a9c55b20_0, v0x55c6a9c55c00_0;
S_0x55c6a9c55f00 .scope module, "m4" "mux2to1_1bit" 3 38, 5 6 0, S_0x55c6a9c185a0;
 .timescale 0 0;
    .port_info 0 /INPUT 1 "INPUT1"
    .port_info 1 /INPUT 1 "INPUT2"
    .port_info 2 /OUTPUT 1 "RESULT"
    .port_info 3 /INPUT 1 "SELECT"
v0x55c6a9c561c0_0 .net "INPUT1", 0 0, L_0x55c6a9c65620;  1 drivers
v0x55c6a9c562a0_0 .net "INPUT2", 0 0, L_0x55c6a9c65860;  1 drivers
v0x55c6a9c56360_0 .var "RESULT", 0 0;
v0x55c6a9c56430_0 .net "SELECT", 0 0, L_0x55c6a9c65930;  1 drivers
E_0x55c6a9c56140 .event edge, v0x55c6a9c56430_0, v0x55c6a9c561c0_0, v0x55c6a9c562a0_0;
S_0x55c6a9c565a0 .scope module, "m44" "mux2to1_1bit" 3 47, 5 6 0, S_0x55c6a9c185a0;
 .timescale 0 0;
    .port_info 0 /INPUT 1 "INPUT1"
    .port_info 1 /INPUT 1 "INPUT2"
    .port_info 2 /OUTPUT 1 "RESULT"
    .port_info 3 /INPUT 1 "SELECT"
v0x55c6a9c56860_0 .net "INPUT1", 0 0, L_0x55c6a9c682a0;  1 drivers
v0x55c6a9c56940_0 .net "INPUT2", 0 0, L_0x55c6a9c68370;  1 drivers
v0x55c6a9c56a00_0 .var "RESULT", 0 0;
v0x55c6a9c56ad0_0 .net "SELECT", 0 0, L_0x55c6a9c68670;  1 drivers
E_0x55c6a9c567e0 .event edge, v0x55c6a9c56ad0_0, v0x55c6a9c56860_0, v0x55c6a9c56940_0;
S_0x55c6a9c56c40 .scope module, "m444" "mux2to1_1bit" 3 56, 5 6 0, S_0x55c6a9c185a0;
 .timescale 0 0;
    .port_info 0 /INPUT 1 "INPUT1"
    .port_info 1 /INPUT 1 "INPUT2"
    .port_info 2 /OUTPUT 1 "RESULT"
    .port_info 3 /INPUT 1 "SELECT"
v0x55c6a9c56f00_0 .net "INPUT1", 0 0, L_0x55c6a9c6afc0;  1 drivers
v0x55c6a9c56fe0_0 .net "INPUT2", 0 0, L_0x55c6a9c6b330;  1 drivers
v0x55c6a9c570a0_0 .var "RESULT", 0 0;
v0x55c6a9c57170_0 .net "SELECT", 0 0, L_0x55c6a9c6b3d0;  1 drivers
E_0x55c6a9c56e80 .event edge, v0x55c6a9c57170_0, v0x55c6a9c56f00_0, v0x55c6a9c56fe0_0;
S_0x55c6a9c572e0 .scope module, "m5" "mux2to1_1bit" 3 39, 5 6 0, S_0x55c6a9c185a0;
 .timescale 0 0;
    .port_info 0 /INPUT 1 "INPUT1"
    .port_info 1 /INPUT 1 "INPUT2"
    .port_info 2 /OUTPUT 1 "RESULT"
    .port_info 3 /INPUT 1 "SELECT"
v0x55c6a9c575a0_0 .net "INPUT1", 0 0, L_0x55c6a9c65b80;  1 drivers
v0x55c6a9c57680_0 .net "INPUT2", 0 0, L_0x55c6a9c65c50;  1 drivers
v0x55c6a9c57740_0 .var "RESULT", 0 0;
v0x55c6a9c57810_0 .net "SELECT", 0 0, L_0x55c6a9c65eb0;  1 drivers
E_0x55c6a9c57520 .event edge, v0x55c6a9c57810_0, v0x55c6a9c575a0_0, v0x55c6a9c57680_0;
S_0x55c6a9c57980 .scope module, "m55" "mux2to1_1bit" 3 48, 5 6 0, S_0x55c6a9c185a0;
 .timescale 0 0;
    .port_info 0 /INPUT 1 "INPUT1"
    .port_info 1 /INPUT 1 "INPUT2"
    .port_info 2 /OUTPUT 1 "RESULT"
    .port_info 3 /INPUT 1 "SELECT"
v0x55c6a9c57c40_0 .net "INPUT1", 0 0, L_0x55c6a9c68740;  1 drivers
v0x55c6a9c57d20_0 .net "INPUT2", 0 0, L_0x55c6a9c68a50;  1 drivers
v0x55c6a9c57de0_0 .var "RESULT", 0 0;
v0x55c6a9c57eb0_0 .net "SELECT", 0 0, L_0x55c6a9c68b20;  1 drivers
E_0x55c6a9c57bc0 .event edge, v0x55c6a9c57eb0_0, v0x55c6a9c57c40_0, v0x55c6a9c57d20_0;
S_0x55c6a9c58020 .scope module, "m555" "mux2to1_1bit" 3 57, 5 6 0, S_0x55c6a9c185a0;
 .timescale 0 0;
    .port_info 0 /INPUT 1 "INPUT1"
    .port_info 1 /INPUT 1 "INPUT2"
    .port_info 2 /OUTPUT 1 "RESULT"
    .port_info 3 /INPUT 1 "SELECT"
v0x55c6a9c582e0_0 .net "INPUT1", 0 0, L_0x55c6a9c6b750;  1 drivers
v0x55c6a9c583c0_0 .net "INPUT2", 0 0, L_0x55c6a9c6b7f0;  1 drivers
v0x55c6a9c58480_0 .var "RESULT", 0 0;
v0x55c6a9c58550_0 .net "SELECT", 0 0, L_0x55c6a9c6bb80;  1 drivers
E_0x55c6a9c58260 .event edge, v0x55c6a9c58550_0, v0x55c6a9c582e0_0, v0x55c6a9c583c0_0;
S_0x55c6a9c586c0 .scope module, "m6" "mux2to1_1bit" 3 40, 5 6 0, S_0x55c6a9c185a0;
 .timescale 0 0;
    .port_info 0 /INPUT 1 "INPUT1"
    .port_info 1 /INPUT 1 "INPUT2"
    .port_info 2 /OUTPUT 1 "RESULT"
    .port_info 3 /INPUT 1 "SELECT"
v0x55c6a9c58980_0 .net "INPUT1", 0 0, L_0x55c6a9c65f80;  1 drivers
v0x55c6a9c58a60_0 .net "INPUT2", 0 0, L_0x55c6a9c661f0;  1 drivers
v0x55c6a9c58b20_0 .var "RESULT", 0 0;
v0x55c6a9c58bf0_0 .net "SELECT", 0 0, L_0x55c6a9c662c0;  1 drivers
E_0x55c6a9c58900 .event edge, v0x55c6a9c58bf0_0, v0x55c6a9c58980_0, v0x55c6a9c58a60_0;
S_0x55c6a9c58d60 .scope module, "m66" "mux2to1_1bit" 3 49, 5 6 0, S_0x55c6a9c185a0;
 .timescale 0 0;
    .port_info 0 /INPUT 1 "INPUT1"
    .port_info 1 /INPUT 1 "INPUT2"
    .port_info 2 /OUTPUT 1 "RESULT"
    .port_info 3 /INPUT 1 "SELECT"
v0x55c6a9c59020_0 .net "INPUT1", 0 0, L_0x55c6a9c68e40;  1 drivers
v0x55c6a9c59100_0 .net "INPUT2", 0 0, L_0x55c6a9c68f10;  1 drivers
v0x55c6a9c591c0_0 .var "RESULT", 0 0;
v0x55c6a9c59290_0 .net "SELECT", 0 0, L_0x55c6a9c69240;  1 drivers
E_0x55c6a9c58fa0 .event edge, v0x55c6a9c59290_0, v0x55c6a9c59020_0, v0x55c6a9c59100_0;
S_0x55c6a9c59400 .scope module, "m666" "mux2to1_1bit" 3 58, 5 6 0, S_0x55c6a9c185a0;
 .timescale 0 0;
    .port_info 0 /INPUT 1 "INPUT1"
    .port_info 1 /INPUT 1 "INPUT2"
    .port_info 2 /OUTPUT 1 "RESULT"
    .port_info 3 /INPUT 1 "SELECT"
v0x55c6a9c596c0_0 .net "INPUT1", 0 0, L_0x55c6a9c6bc20;  1 drivers
v0x55c6a9c597a0_0 .net "INPUT2", 0 0, L_0x55c6a9c6bfc0;  1 drivers
v0x55c6a9c59860_0 .var "RESULT", 0 0;
v0x55c6a9c59930_0 .net "SELECT", 0 0, L_0x55c6a9c6c060;  1 drivers
E_0x55c6a9c59640 .event edge, v0x55c6a9c59930_0, v0x55c6a9c596c0_0, v0x55c6a9c597a0_0;
S_0x55c6a9c59aa0 .scope module, "m7" "mux2to1_1bit" 3 41, 5 6 0, S_0x55c6a9c185a0;
 .timescale 0 0;
    .port_info 0 /INPUT 1 "INPUT1"
    .port_info 1 /INPUT 1 "INPUT2"
    .port_info 2 /OUTPUT 1 "RESULT"
    .port_info 3 /INPUT 1 "SELECT"
v0x55c6a9c59d60_0 .net "INPUT1", 0 0, L_0x55c6a9c66650;  1 drivers
v0x55c6a9c59e40_0 .net "INPUT2", 0 0, L_0x55c6a9c66930;  1 drivers
v0x55c6a9c59f00_0 .var "RESULT", 0 0;
v0x55c6a9c59fd0_0 .net "SELECT", 0 0, L_0x55c6a9c66de0;  1 drivers
E_0x55c6a9c59ce0 .event edge, v0x55c6a9c59fd0_0, v0x55c6a9c59d60_0, v0x55c6a9c59e40_0;
S_0x55c6a9c5a140 .scope module, "m77" "mux2to1_1bit" 3 50, 5 6 0, S_0x55c6a9c185a0;
 .timescale 0 0;
    .port_info 0 /INPUT 1 "INPUT1"
    .port_info 1 /INPUT 1 "INPUT2"
    .port_info 2 /OUTPUT 1 "RESULT"
    .port_info 3 /INPUT 1 "SELECT"
v0x55c6a9c5a400_0 .net "INPUT1", 0 0, L_0x55c6a9c69310;  1 drivers
v0x55c6a9c5a4e0_0 .net "INPUT2", 0 0, L_0x55c6a9c69860;  1 drivers
v0x55c6a9c5a5a0_0 .var "RESULT", 0 0;
v0x55c6a9c5a670_0 .net "SELECT", 0 0, L_0x55c6a9c69dd0;  1 drivers
E_0x55c6a9c5a380 .event edge, v0x55c6a9c5a670_0, v0x55c6a9c5a400_0, v0x55c6a9c5a4e0_0;
S_0x55c6a9c5a7e0 .scope module, "m777" "mux2to1_1bit" 3 59, 5 6 0, S_0x55c6a9c185a0;
 .timescale 0 0;
    .port_info 0 /INPUT 1 "INPUT1"
    .port_info 1 /INPUT 1 "INPUT2"
    .port_info 2 /OUTPUT 1 "RESULT"
    .port_info 3 /INPUT 1 "SELECT"
v0x55c6a9c5aaa0_0 .net "INPUT1", 0 0, L_0x55c6a9c6c410;  1 drivers
v0x55c6a9c5ab80_0 .net "INPUT2", 0 0, L_0x55c6a9c6c6c0;  1 drivers
v0x55c6a9c5ac40_0 .var "RESULT", 0 0;
v0x55c6a9c5ad10_0 .net "SELECT", 0 0, L_0x55c6a9c6cb70;  1 drivers
E_0x55c6a9c5aa20 .event edge, v0x55c6a9c5ad10_0, v0x55c6a9c5aaa0_0, v0x55c6a9c5ab80_0;
S_0x55c6a9c5ae80 .scope module, "mt1" "mux4to1_1bit" 3 21, 6 6 0, S_0x55c6a9c185a0;
 .timescale 0 0;
    .port_info 0 /INPUT 1 "INPUT1"
    .port_info 1 /INPUT 1 "INPUT2"
    .port_info 2 /INPUT 1 "INPUT3"
    .port_info 3 /INPUT 1 "INPUT4"
    .port_info 4 /OUTPUT 1 "RESULT"
    .port_info 5 /INPUT 2 "SELECT"
L_0x7f0d83186018 .functor BUFT 1, C4<0>, C4<0>, C4<0>, C4<0>;
v0x55c6a9c5b1c0_0 .net "INPUT1", 0 0, L_0x7f0d83186018;  1 drivers
v0x55c6a9c5b2a0_0 .net "INPUT2", 0 0, L_0x55c6a9c61f60;  1 drivers
v0x55c6a9c5b360_0 .net "INPUT3", 0 0, L_0x55c6a9c62000;  1 drivers
L_0x7f0d83186060 .functor BUFT 1, C4<0>, C4<0>, C4<0>, C4<0>;
v0x55c6a9c5b400_0 .net "INPUT4", 0 0, L_0x7f0d83186060;  1 drivers
v0x55c6a9c5b4c0_0 .var "RESULT", 0 0;
v0x55c6a9c5b5b0_0 .net "SELECT", 1 0, v0x55c6a9c61ec0_0;  alias, 1 drivers
E_0x55c6a9c5b130/0 .event edge, v0x55c6a9c5b5b0_0, v0x55c6a9c5b1c0_0, v0x55c6a9c5b2a0_0, v0x55c6a9c5b360_0;
E_0x55c6a9c5b130/1 .event edge, v0x55c6a9c5b400_0;
E_0x55c6a9c5b130 .event/or E_0x55c6a9c5b130/0, E_0x55c6a9c5b130/1;
S_0x55c6a9c5b770 .scope module, "mt2" "mux4to1_1bit" 3 22, 6 6 0, S_0x55c6a9c185a0;
 .timescale 0 0;
    .port_info 0 /INPUT 1 "INPUT1"
    .port_info 1 /INPUT 1 "INPUT2"
    .port_info 2 /INPUT 1 "INPUT3"
    .port_info 3 /INPUT 1 "INPUT4"
    .port_info 4 /OUTPUT 1 "RESULT"
    .port_info 5 /INPUT 2 "SELECT"
L_0x7f0d831860a8 .functor BUFT 1, C4<0>, C4<0>, C4<0>, C4<0>;
v0x55c6a9c5ba70_0 .net "INPUT1", 0 0, L_0x7f0d831860a8;  1 drivers
v0x55c6a9c5bb50_0 .net "INPUT2", 0 0, L_0x55c6a9c620f0;  1 drivers
v0x55c6a9c5bc10_0 .net "INPUT3", 0 0, L_0x55c6a9c62190;  1 drivers
L_0x7f0d831860f0 .functor BUFT 1, C4<0>, C4<0>, C4<0>, C4<0>;
v0x55c6a9c5bce0_0 .net "INPUT4", 0 0, L_0x7f0d831860f0;  1 drivers
v0x55c6a9c5bda0_0 .var "RESULT", 0 0;
v0x55c6a9c5be90_0 .net "SELECT", 1 0, v0x55c6a9c61ec0_0;  alias, 1 drivers
E_0x55c6a9c5b9e0/0 .event edge, v0x55c6a9c5b5b0_0, v0x55c6a9c5ba70_0, v0x55c6a9c5bb50_0, v0x55c6a9c5bc10_0;
E_0x55c6a9c5b9e0/1 .event edge, v0x55c6a9c5bce0_0;
E_0x55c6a9c5b9e0 .event/or E_0x55c6a9c5b9e0/0, E_0x55c6a9c5b9e0/1;
S_0x55c6a9c5c040 .scope module, "mt3" "mux4to1_1bit" 3 23, 6 6 0, S_0x55c6a9c185a0;
 .timescale 0 0;
    .port_info 0 /INPUT 1 "INPUT1"
    .port_info 1 /INPUT 1 "INPUT2"
    .port_info 2 /INPUT 1 "INPUT3"
    .port_info 3 /INPUT 1 "INPUT4"
    .port_info 4 /OUTPUT 1 "RESULT"
    .port_info 5 /INPUT 2 "SELECT"
L_0x7f0d83186138 .functor BUFT 1, C4<0>, C4<0>, C4<0>, C4<0>;
v0x55c6a9c5c340_0 .net "INPUT1", 0 0, L_0x7f0d83186138;  1 drivers
v0x55c6a9c5c420_0 .net "INPUT2", 0 0, L_0x55c6a9c622c0;  1 drivers
v0x55c6a9c5c4e0_0 .net "INPUT3", 0 0, L_0x55c6a9c62360;  1 drivers
L_0x7f0d83186180 .functor BUFT 1, C4<0>, C4<0>, C4<0>, C4<0>;
v0x55c6a9c5c5b0_0 .net "INPUT4", 0 0, L_0x7f0d83186180;  1 drivers
v0x55c6a9c5c670_0 .var "RESULT", 0 0;
v0x55c6a9c5c760_0 .net "SELECT", 1 0, v0x55c6a9c61ec0_0;  alias, 1 drivers
E_0x55c6a9c5c2b0/0 .event edge, v0x55c6a9c5b5b0_0, v0x55c6a9c5c340_0, v0x55c6a9c5c420_0, v0x55c6a9c5c4e0_0;
E_0x55c6a9c5c2b0/1 .event edge, v0x55c6a9c5c5b0_0;
E_0x55c6a9c5c2b0 .event/or E_0x55c6a9c5c2b0/0, E_0x55c6a9c5c2b0/1;
S_0x55c6a9c5c950 .scope module, "mt4" "mux4to1_1bit" 3 24, 6 6 0, S_0x55c6a9c185a0;
 .timescale 0 0;
    .port_info 0 /INPUT 1 "INPUT1"
    .port_info 1 /INPUT 1 "INPUT2"
    .port_info 2 /INPUT 1 "INPUT3"
    .port_info 3 /INPUT 1 "INPUT4"
    .port_info 4 /OUTPUT 1 "RESULT"
    .port_info 5 /INPUT 2 "SELECT"
L_0x7f0d831861c8 .functor BUFT 1, C4<0>, C4<0>, C4<0>, C4<0>;
v0x55c6a9c5cc50_0 .net "INPUT1", 0 0, L_0x7f0d831861c8;  1 drivers
v0x55c6a9c5cd30_0 .net "INPUT2", 0 0, L_0x55c6a9c624c0;  1 drivers
v0x55c6a9c5cdf0_0 .net "INPUT3", 0 0, L_0x55c6a9c62590;  1 drivers
L_0x7f0d83186210 .functor BUFT 1, C4<0>, C4<0>, C4<0>, C4<0>;
v0x55c6a9c5ce90_0 .net "INPUT4", 0 0, L_0x7f0d83186210;  1 drivers
v0x55c6a9c5cf50_0 .var "RESULT", 0 0;
v0x55c6a9c5d040_0 .net "SELECT", 1 0, v0x55c6a9c61ec0_0;  alias, 1 drivers
E_0x55c6a9c5cbc0/0 .event edge, v0x55c6a9c5b5b0_0, v0x55c6a9c5cc50_0, v0x55c6a9c5cd30_0, v0x55c6a9c5cdf0_0;
E_0x55c6a9c5cbc0/1 .event edge, v0x55c6a9c5ce90_0;
E_0x55c6a9c5cbc0 .event/or E_0x55c6a9c5cbc0/0, E_0x55c6a9c5cbc0/1;
S_0x55c6a9c5d1e0 .scope module, "mt5" "mux4to1_1bit" 3 25, 6 6 0, S_0x55c6a9c185a0;
 .timescale 0 0;
    .port_info 0 /INPUT 1 "INPUT1"
    .port_info 1 /INPUT 1 "INPUT2"
    .port_info 2 /INPUT 1 "INPUT3"
    .port_info 3 /INPUT 1 "INPUT4"
    .port_info 4 /OUTPUT 1 "RESULT"
    .port_info 5 /INPUT 2 "SELECT"
L_0x7f0d83186258 .functor BUFT 1, C4<0>, C4<0>, C4<0>, C4<0>;
v0x55c6a9c5d4e0_0 .net "INPUT1", 0 0, L_0x7f0d83186258;  1 drivers
v0x55c6a9c5d5c0_0 .net "INPUT2", 0 0, L_0x55c6a9c62740;  1 drivers
v0x55c6a9c5d680_0 .net "INPUT3", 0 0, L_0x55c6a9c62810;  1 drivers
L_0x7f0d831862a0 .functor BUFT 1, C4<0>, C4<0>, C4<0>, C4<0>;
v0x55c6a9c5d750_0 .net "INPUT4", 0 0, L_0x7f0d831862a0;  1 drivers
v0x55c6a9c5d810_0 .var "RESULT", 0 0;
v0x55c6a9c5d900_0 .net "SELECT", 1 0, v0x55c6a9c61ec0_0;  alias, 1 drivers
E_0x55c6a9c5d450/0 .event edge, v0x55c6a9c5b5b0_0, v0x55c6a9c5d4e0_0, v0x55c6a9c5d5c0_0, v0x55c6a9c5d680_0;
E_0x55c6a9c5d450/1 .event edge, v0x55c6a9c5d750_0;
E_0x55c6a9c5d450 .event/or E_0x55c6a9c5d450/0, E_0x55c6a9c5d450/1;
S_0x55c6a9c5daa0 .scope module, "mt6" "mux4to1_1bit" 3 26, 6 6 0, S_0x55c6a9c185a0;
 .timescale 0 0;
    .port_info 0 /INPUT 1 "INPUT1"
    .port_info 1 /INPUT 1 "INPUT2"
    .port_info 2 /INPUT 1 "INPUT3"
    .port_info 3 /INPUT 1 "INPUT4"
    .port_info 4 /OUTPUT 1 "RESULT"
    .port_info 5 /INPUT 2 "SELECT"
L_0x7f0d831862e8 .functor BUFT 1, C4<0>, C4<0>, C4<0>, C4<0>;
v0x55c6a9c5dd50_0 .net "INPUT1", 0 0, L_0x7f0d831862e8;  1 drivers
v0x55c6a9c5de30_0 .net "INPUT2", 0 0, L_0x55c6a9c62970;  1 drivers
v0x55c6a9c5def0_0 .net "INPUT3", 0 0, L_0x55c6a9c62a40;  1 drivers
L_0x7f0d83186330 .functor BUFT 1, C4<0>, C4<0>, C4<0>, C4<0>;
v0x55c6a9c5dfc0_0 .net "INPUT4", 0 0, L_0x7f0d83186330;  1 drivers
v0x55c6a9c5e080_0 .var "RESULT", 0 0;
v0x55c6a9c5e170_0 .net "SELECT", 1 0, v0x55c6a9c61ec0_0;  alias, 1 drivers
E_0x55c6a9c5dcc0/0 .event edge, v0x55c6a9c5b5b0_0, v0x55c6a9c5dd50_0, v0x55c6a9c5de30_0, v0x55c6a9c5def0_0;
E_0x55c6a9c5dcc0/1 .event edge, v0x55c6a9c5dfc0_0;
E_0x55c6a9c5dcc0 .event/or E_0x55c6a9c5dcc0/0, E_0x55c6a9c5dcc0/1;
S_0x55c6a9c5e310 .scope module, "mt7" "mux4to1_1bit" 3 27, 6 6 0, S_0x55c6a9c185a0;
 .timescale 0 0;
    .port_info 0 /INPUT 1 "INPUT1"
    .port_info 1 /INPUT 1 "INPUT2"
    .port_info 2 /INPUT 1 "INPUT3"
    .port_info 3 /INPUT 1 "INPUT4"
    .port_info 4 /OUTPUT 1 "RESULT"
    .port_info 5 /INPUT 2 "SELECT"
L_0x7f0d83186378 .functor BUFT 1, C4<0>, C4<0>, C4<0>, C4<0>;
v0x55c6a9c5e820_0 .net "INPUT1", 0 0, L_0x7f0d83186378;  1 drivers
v0x55c6a9c5e900_0 .net "INPUT2", 0 0, L_0x55c6a9c62be0;  1 drivers
v0x55c6a9c5e9c0_0 .net "INPUT3", 0 0, L_0x55c6a9c62cb0;  1 drivers
L_0x7f0d831863c0 .functor BUFT 1, C4<0>, C4<0>, C4<0>, C4<0>;
v0x55c6a9c5ea90_0 .net "INPUT4", 0 0, L_0x7f0d831863c0;  1 drivers
v0x55c6a9c5eb50_0 .var "RESULT", 0 0;
v0x55c6a9c5ec40_0 .net "SELECT", 1 0, v0x55c6a9c61ec0_0;  alias, 1 drivers
E_0x55c6a9c5e790/0 .event edge, v0x55c6a9c5b5b0_0, v0x55c6a9c5e820_0, v0x55c6a9c5e900_0, v0x55c6a9c5e9c0_0;
E_0x55c6a9c5e790/1 .event edge, v0x55c6a9c5ea90_0;
E_0x55c6a9c5e790 .event/or E_0x55c6a9c5e790/0, E_0x55c6a9c5e790/1;
S_0x55c6a9c5ede0 .scope module, "outmux" "mux2to1_8bit" 3 30, 4 6 0, S_0x55c6a9c185a0;
 .timescale 0 0;
    .port_info 0 /INPUT 8 "INPUT1"
    .port_info 1 /INPUT 8 "INPUT2"
    .port_info 2 /OUTPUT 8 "RESULT"
    .port_info 3 /INPUT 1 "SELECT"
v0x55c6a9c5f090_0 .net "INPUT1", 7 0, v0x55c6a9c52180_0;  alias, 1 drivers
v0x55c6a9c5f1a0_0 .net "INPUT2", 7 0, L_0x55c6a9c64460;  1 drivers
v0x55c6a9c5f260_0 .var "RESULT", 7 0;
v0x55c6a9c5f350_0 .net "SELECT", 0 0, v0x55c6a9c5fc60_0;  alias, 1 drivers
E_0x55c6a9c5b050 .event edge, v0x55c6a9c50890_0, v0x55c6a9c52180_0, v0x55c6a9c5f1a0_0;
    .scope S_0x55c6a9c5ae80;
T_0 ;
    %wait E_0x55c6a9c5b130;
    %load/vec4 v0x55c6a9c5b5b0_0;
    %cmpi/e 0, 0, 2;
    %jmp/0xz  T_0.0, 4;
    %load/vec4 v0x55c6a9c5b1c0_0;
    %store/vec4 v0x55c6a9c5b4c0_0, 0, 1;
    %jmp T_0.1;
T_0.0 ;
    %load/vec4 v0x55c6a9c5b5b0_0;
    %cmpi/e 1, 0, 2;
    %jmp/0xz  T_0.2, 4;
    %load/vec4 v0x55c6a9c5b2a0_0;
    %store/vec4 v0x55c6a9c5b4c0_0, 0, 1;
    %jmp T_0.3;
T_0.2 ;
    %load/vec4 v0x55c6a9c5b5b0_0;
    %cmpi/e 2, 0, 2;
    %jmp/0xz  T_0.4, 4;
    %load/vec4 v0x55c6a9c5b360_0;
    %store/vec4 v0x55c6a9c5b4c0_0, 0, 1;
    %jmp T_0.5;
T_0.4 ;
    %load/vec4 v0x55c6a9c5b400_0;
    %store/vec4 v0x55c6a9c5b4c0_0, 0, 1;
T_0.5 ;
T_0.3 ;
T_0.1 ;
    %jmp T_0;
    .thread T_0, $push;
    .scope S_0x55c6a9c5b770;
T_1 ;
    %wait E_0x55c6a9c5b9e0;
    %load/vec4 v0x55c6a9c5be90_0;
    %cmpi/e 0, 0, 2;
    %jmp/0xz  T_1.0, 4;
    %load/vec4 v0x55c6a9c5ba70_0;
    %store/vec4 v0x55c6a9c5bda0_0, 0, 1;
    %jmp T_1.1;
T_1.0 ;
    %load/vec4 v0x55c6a9c5be90_0;
    %cmpi/e 1, 0, 2;
    %jmp/0xz  T_1.2, 4;
    %load/vec4 v0x55c6a9c5bb50_0;
    %store/vec4 v0x55c6a9c5bda0_0, 0, 1;
    %jmp T_1.3;
T_1.2 ;
    %load/vec4 v0x55c6a9c5be90_0;
    %cmpi/e 2, 0, 2;
    %jmp/0xz  T_1.4, 4;
    %load/vec4 v0x55c6a9c5bc10_0;
    %store/vec4 v0x55c6a9c5bda0_0, 0, 1;
    %jmp T_1.5;
T_1.4 ;
    %load/vec4 v0x55c6a9c5bce0_0;
    %store/vec4 v0x55c6a9c5bda0_0, 0, 1;
T_1.5 ;
T_1.3 ;
T_1.1 ;
    %jmp T_1;
    .thread T_1, $push;
    .scope S_0x55c6a9c5c040;
T_2 ;
    %wait E_0x55c6a9c5c2b0;
    %load/vec4 v0x55c6a9c5c760_0;
    %cmpi/e 0, 0, 2;
    %jmp/0xz  T_2.0, 4;
    %load/vec4 v0x55c6a9c5c340_0;
    %store/vec4 v0x55c6a9c5c670_0, 0, 1;
    %jmp T_2.1;
T_2.0 ;
    %load/vec4 v0x55c6a9c5c760_0;
    %cmpi/e 1, 0, 2;
    %jmp/0xz  T_2.2, 4;
    %load/vec4 v0x55c6a9c5c420_0;
    %store/vec4 v0x55c6a9c5c670_0, 0, 1;
    %jmp T_2.3;
T_2.2 ;
    %load/vec4 v0x55c6a9c5c760_0;
    %cmpi/e 2, 0, 2;
    %jmp/0xz  T_2.4, 4;
    %load/vec4 v0x55c6a9c5c4e0_0;
    %store/vec4 v0x55c6a9c5c670_0, 0, 1;
    %jmp T_2.5;
T_2.4 ;
    %load/vec4 v0x55c6a9c5c5b0_0;
    %store/vec4 v0x55c6a9c5c670_0, 0, 1;
T_2.5 ;
T_2.3 ;
T_2.1 ;
    %jmp T_2;
    .thread T_2, $push;
    .scope S_0x55c6a9c5c950;
T_3 ;
    %wait E_0x55c6a9c5cbc0;
    %load/vec4 v0x55c6a9c5d040_0;
    %cmpi/e 0, 0, 2;
    %jmp/0xz  T_3.0, 4;
    %load/vec4 v0x55c6a9c5cc50_0;
    %store/vec4 v0x55c6a9c5cf50_0, 0, 1;
    %jmp T_3.1;
T_3.0 ;
    %load/vec4 v0x55c6a9c5d040_0;
    %cmpi/e 1, 0, 2;
    %jmp/0xz  T_3.2, 4;
    %load/vec4 v0x55c6a9c5cd30_0;
    %store/vec4 v0x55c6a9c5cf50_0, 0, 1;
    %jmp T_3.3;
T_3.2 ;
    %load/vec4 v0x55c6a9c5d040_0;
    %cmpi/e 2, 0, 2;
    %jmp/0xz  T_3.4, 4;
    %load/vec4 v0x55c6a9c5cdf0_0;
    %store/vec4 v0x55c6a9c5cf50_0, 0, 1;
    %jmp T_3.5;
T_3.4 ;
    %load/vec4 v0x55c6a9c5ce90_0;
    %store/vec4 v0x55c6a9c5cf50_0, 0, 1;
T_3.5 ;
T_3.3 ;
T_3.1 ;
    %jmp T_3;
    .thread T_3, $push;
    .scope S_0x55c6a9c5d1e0;
T_4 ;
    %wait E_0x55c6a9c5d450;
    %load/vec4 v0x55c6a9c5d900_0;
    %cmpi/e 0, 0, 2;
    %jmp/0xz  T_4.0, 4;
    %load/vec4 v0x55c6a9c5d4e0_0;
    %store/vec4 v0x55c6a9c5d810_0, 0, 1;
    %jmp T_4.1;
T_4.0 ;
    %load/vec4 v0x55c6a9c5d900_0;
    %cmpi/e 1, 0, 2;
    %jmp/0xz  T_4.2, 4;
    %load/vec4 v0x55c6a9c5d5c0_0;
    %store/vec4 v0x55c6a9c5d810_0, 0, 1;
    %jmp T_4.3;
T_4.2 ;
    %load/vec4 v0x55c6a9c5d900_0;
    %cmpi/e 2, 0, 2;
    %jmp/0xz  T_4.4, 4;
    %load/vec4 v0x55c6a9c5d680_0;
    %store/vec4 v0x55c6a9c5d810_0, 0, 1;
    %jmp T_4.5;
T_4.4 ;
    %load/vec4 v0x55c6a9c5d750_0;
    %store/vec4 v0x55c6a9c5d810_0, 0, 1;
T_4.5 ;
T_4.3 ;
T_4.1 ;
    %jmp T_4;
    .thread T_4, $push;
    .scope S_0x55c6a9c5daa0;
T_5 ;
    %wait E_0x55c6a9c5dcc0;
    %load/vec4 v0x55c6a9c5e170_0;
    %cmpi/e 0, 0, 2;
    %jmp/0xz  T_5.0, 4;
    %load/vec4 v0x55c6a9c5dd50_0;
    %store/vec4 v0x55c6a9c5e080_0, 0, 1;
    %jmp T_5.1;
T_5.0 ;
    %load/vec4 v0x55c6a9c5e170_0;
    %cmpi/e 1, 0, 2;
    %jmp/0xz  T_5.2, 4;
    %load/vec4 v0x55c6a9c5de30_0;
    %store/vec4 v0x55c6a9c5e080_0, 0, 1;
    %jmp T_5.3;
T_5.2 ;
    %load/vec4 v0x55c6a9c5e170_0;
    %cmpi/e 2, 0, 2;
    %jmp/0xz  T_5.4, 4;
    %load/vec4 v0x55c6a9c5def0_0;
    %store/vec4 v0x55c6a9c5e080_0, 0, 1;
    %jmp T_5.5;
T_5.4 ;
    %load/vec4 v0x55c6a9c5dfc0_0;
    %store/vec4 v0x55c6a9c5e080_0, 0, 1;
T_5.5 ;
T_5.3 ;
T_5.1 ;
    %jmp T_5;
    .thread T_5, $push;
    .scope S_0x55c6a9c5e310;
T_6 ;
    %wait E_0x55c6a9c5e790;
    %load/vec4 v0x55c6a9c5ec40_0;
    %cmpi/e 0, 0, 2;
    %jmp/0xz  T_6.0, 4;
    %load/vec4 v0x55c6a9c5e820_0;
    %store/vec4 v0x55c6a9c5eb50_0, 0, 1;
    %jmp T_6.1;
T_6.0 ;
    %load/vec4 v0x55c6a9c5ec40_0;
    %cmpi/e 1, 0, 2;
    %jmp/0xz  T_6.2, 4;
    %load/vec4 v0x55c6a9c5e900_0;
    %store/vec4 v0x55c6a9c5eb50_0, 0, 1;
    %jmp T_6.3;
T_6.2 ;
    %load/vec4 v0x55c6a9c5ec40_0;
    %cmpi/e 2, 0, 2;
    %jmp/0xz  T_6.4, 4;
    %load/vec4 v0x55c6a9c5e9c0_0;
    %store/vec4 v0x55c6a9c5eb50_0, 0, 1;
    %jmp T_6.5;
T_6.4 ;
    %load/vec4 v0x55c6a9c5ea90_0;
    %store/vec4 v0x55c6a9c5eb50_0, 0, 1;
T_6.5 ;
T_6.3 ;
T_6.1 ;
    %jmp T_6;
    .thread T_6, $push;
    .scope S_0x55c6a9c0b220;
T_7 ;
    %wait E_0x55c6a9bee2d0;
    %load/vec4 v0x55c6a9c50890_0;
    %cmpi/e 0, 0, 1;
    %jmp/0xz  T_7.0, 4;
    %load/vec4 v0x55c6a9c1e720_0;
    %store/vec4 v0x55c6a9c507d0_0, 0, 8;
    %jmp T_7.1;
T_7.0 ;
    %load/vec4 v0x55c6a9c506f0_0;
    %store/vec4 v0x55c6a9c507d0_0, 0, 8;
T_7.1 ;
    %jmp T_7;
    .thread T_7, $push;
    .scope S_0x55c6a9c5ede0;
T_8 ;
    %wait E_0x55c6a9c5b050;
    %load/vec4 v0x55c6a9c5f350_0;
    %cmpi/e 0, 0, 1;
    %jmp/0xz  T_8.0, 4;
    %load/vec4 v0x55c6a9c5f090_0;
    %store/vec4 v0x55c6a9c5f260_0, 0, 8;
    %jmp T_8.1;
T_8.0 ;
    %load/vec4 v0x55c6a9c5f1a0_0;
    %store/vec4 v0x55c6a9c5f260_0, 0, 8;
T_8.1 ;
    %jmp T_8;
    .thread T_8, $push;
    .scope S_0x55c6a9c509d0;
T_9 ;
    %wait E_0x55c6a9bee400;
    %load/vec4 v0x55c6a9c50e90_0;
    %cmpi/e 0, 0, 1;
    %jmp/0xz  T_9.0, 4;
    %load/vec4 v0x55c6a9c50c50_0;
    %store/vec4 v0x55c6a9c50df0_0, 0, 1;
    %jmp T_9.1;
T_9.0 ;
    %load/vec4 v0x55c6a9c50d30_0;
    %store/vec4 v0x55c6a9c50df0_0, 0, 1;
T_9.1 ;
    %jmp T_9;
    .thread T_9, $push;
    .scope S_0x55c6a9c523b0;
T_10 ;
    %wait E_0x55c6a9c525f0;
    %load/vec4 v0x55c6a9c528e0_0;
    %cmpi/e 0, 0, 1;
    %jmp/0xz  T_10.0, 4;
    %load/vec4 v0x55c6a9c52670_0;
    %store/vec4 v0x55c6a9c52810_0, 0, 1;
    %jmp T_10.1;
T_10.0 ;
    %load/vec4 v0x55c6a9c52750_0;
    %store/vec4 v0x55c6a9c52810_0, 0, 1;
T_10.1 ;
    %jmp T_10;
    .thread T_10, $push;
    .scope S_0x55c6a9c53790;
T_11 ;
    %wait E_0x55c6a9c539d0;
    %load/vec4 v0x55c6a9c53cc0_0;
    %cmpi/e 0, 0, 1;
    %jmp/0xz  T_11.0, 4;
    %load/vec4 v0x55c6a9c53a50_0;
    %store/vec4 v0x55c6a9c53bf0_0, 0, 1;
    %jmp T_11.1;
T_11.0 ;
    %load/vec4 v0x55c6a9c53b30_0;
    %store/vec4 v0x55c6a9c53bf0_0, 0, 1;
T_11.1 ;
    %jmp T_11;
    .thread T_11, $push;
    .scope S_0x55c6a9c54b20;
T_12 ;
    %wait E_0x55c6a9c54d60;
    %load/vec4 v0x55c6a9c55050_0;
    %cmpi/e 0, 0, 1;
    %jmp/0xz  T_12.0, 4;
    %load/vec4 v0x55c6a9c54de0_0;
    %store/vec4 v0x55c6a9c54f80_0, 0, 1;
    %jmp T_12.1;
T_12.0 ;
    %load/vec4 v0x55c6a9c54ec0_0;
    %store/vec4 v0x55c6a9c54f80_0, 0, 1;
T_12.1 ;
    %jmp T_12;
    .thread T_12, $push;
    .scope S_0x55c6a9c55f00;
T_13 ;
    %wait E_0x55c6a9c56140;
    %load/vec4 v0x55c6a9c56430_0;
    %cmpi/e 0, 0, 1;
    %jmp/0xz  T_13.0, 4;
    %load/vec4 v0x55c6a9c561c0_0;
    %store/vec4 v0x55c6a9c56360_0, 0, 1;
    %jmp T_13.1;
T_13.0 ;
    %load/vec4 v0x55c6a9c562a0_0;
    %store/vec4 v0x55c6a9c56360_0, 0, 1;
T_13.1 ;
    %jmp T_13;
    .thread T_13, $push;
    .scope S_0x55c6a9c572e0;
T_14 ;
    %wait E_0x55c6a9c57520;
    %load/vec4 v0x55c6a9c57810_0;
    %cmpi/e 0, 0, 1;
    %jmp/0xz  T_14.0, 4;
    %load/vec4 v0x55c6a9c575a0_0;
    %store/vec4 v0x55c6a9c57740_0, 0, 1;
    %jmp T_14.1;
T_14.0 ;
    %load/vec4 v0x55c6a9c57680_0;
    %store/vec4 v0x55c6a9c57740_0, 0, 1;
T_14.1 ;
    %jmp T_14;
    .thread T_14, $push;
    .scope S_0x55c6a9c586c0;
T_15 ;
    %wait E_0x55c6a9c58900;
    %load/vec4 v0x55c6a9c58bf0_0;
    %cmpi/e 0, 0, 1;
    %jmp/0xz  T_15.0, 4;
    %load/vec4 v0x55c6a9c58980_0;
    %store/vec4 v0x55c6a9c58b20_0, 0, 1;
    %jmp T_15.1;
T_15.0 ;
    %load/vec4 v0x55c6a9c58a60_0;
    %store/vec4 v0x55c6a9c58b20_0, 0, 1;
T_15.1 ;
    %jmp T_15;
    .thread T_15, $push;
    .scope S_0x55c6a9c59aa0;
T_16 ;
    %wait E_0x55c6a9c59ce0;
    %load/vec4 v0x55c6a9c59fd0_0;
    %cmpi/e 0, 0, 1;
    %jmp/0xz  T_16.0, 4;
    %load/vec4 v0x55c6a9c59d60_0;
    %store/vec4 v0x55c6a9c59f00_0, 0, 1;
    %jmp T_16.1;
T_16.0 ;
    %load/vec4 v0x55c6a9c59e40_0;
    %store/vec4 v0x55c6a9c59f00_0, 0, 1;
T_16.1 ;
    %jmp T_16;
    .thread T_16, $push;
    .scope S_0x55c6a9c51000;
T_17 ;
    %wait E_0x55c6a9bee530;
    %load/vec4 v0x55c6a9c51500_0;
    %cmpi/e 0, 0, 1;
    %jmp/0xz  T_17.0, 4;
    %load/vec4 v0x55c6a9c51290_0;
    %store/vec4 v0x55c6a9c51430_0, 0, 1;
    %jmp T_17.1;
T_17.0 ;
    %load/vec4 v0x55c6a9c51370_0;
    %store/vec4 v0x55c6a9c51430_0, 0, 1;
T_17.1 ;
    %jmp T_17;
    .thread T_17, $push;
    .scope S_0x55c6a9c52a50;
T_18 ;
    %wait E_0x55c6a9c52c90;
    %load/vec4 v0x55c6a9c52f80_0;
    %cmpi/e 0, 0, 1;
    %jmp/0xz  T_18.0, 4;
    %load/vec4 v0x55c6a9c52d10_0;
    %store/vec4 v0x55c6a9c52eb0_0, 0, 1;
    %jmp T_18.1;
T_18.0 ;
    %load/vec4 v0x55c6a9c52df0_0;
    %store/vec4 v0x55c6a9c52eb0_0, 0, 1;
T_18.1 ;
    %jmp T_18;
    .thread T_18, $push;
    .scope S_0x55c6a9c53e30;
T_19 ;
    %wait E_0x55c6a9c54020;
    %load/vec4 v0x55c6a9c54310_0;
    %cmpi/e 0, 0, 1;
    %jmp/0xz  T_19.0, 4;
    %load/vec4 v0x55c6a9c540a0_0;
    %store/vec4 v0x55c6a9c54240_0, 0, 1;
    %jmp T_19.1;
T_19.0 ;
    %load/vec4 v0x55c6a9c54180_0;
    %store/vec4 v0x55c6a9c54240_0, 0, 1;
T_19.1 ;
    %jmp T_19;
    .thread T_19, $push;
    .scope S_0x55c6a9c551c0;
T_20 ;
    %wait E_0x55c6a9c55400;
    %load/vec4 v0x55c6a9c556f0_0;
    %cmpi/e 0, 0, 1;
    %jmp/0xz  T_20.0, 4;
    %load/vec4 v0x55c6a9c55480_0;
    %store/vec4 v0x55c6a9c55620_0, 0, 1;
    %jmp T_20.1;
T_20.0 ;
    %load/vec4 v0x55c6a9c55560_0;
    %store/vec4 v0x55c6a9c55620_0, 0, 1;
T_20.1 ;
    %jmp T_20;
    .thread T_20, $push;
    .scope S_0x55c6a9c565a0;
T_21 ;
    %wait E_0x55c6a9c567e0;
    %load/vec4 v0x55c6a9c56ad0_0;
    %cmpi/e 0, 0, 1;
    %jmp/0xz  T_21.0, 4;
    %load/vec4 v0x55c6a9c56860_0;
    %store/vec4 v0x55c6a9c56a00_0, 0, 1;
    %jmp T_21.1;
T_21.0 ;
    %load/vec4 v0x55c6a9c56940_0;
    %store/vec4 v0x55c6a9c56a00_0, 0, 1;
T_21.1 ;
    %jmp T_21;
    .thread T_21, $push;
    .scope S_0x55c6a9c57980;
T_22 ;
    %wait E_0x55c6a9c57bc0;
    %load/vec4 v0x55c6a9c57eb0_0;
    %cmpi/e 0, 0, 1;
    %jmp/0xz  T_22.0, 4;
    %load/vec4 v0x55c6a9c57c40_0;
    %store/vec4 v0x55c6a9c57de0_0, 0, 1;
    %jmp T_22.1;
T_22.0 ;
    %load/vec4 v0x55c6a9c57d20_0;
    %store/vec4 v0x55c6a9c57de0_0, 0, 1;
T_22.1 ;
    %jmp T_22;
    .thread T_22, $push;
    .scope S_0x55c6a9c58d60;
T_23 ;
    %wait E_0x55c6a9c58fa0;
    %load/vec4 v0x55c6a9c59290_0;
    %cmpi/e 0, 0, 1;
    %jmp/0xz  T_23.0, 4;
    %load/vec4 v0x55c6a9c59020_0;
    %store/vec4 v0x55c6a9c591c0_0, 0, 1;
    %jmp T_23.1;
T_23.0 ;
    %load/vec4 v0x55c6a9c59100_0;
    %store/vec4 v0x55c6a9c591c0_0, 0, 1;
T_23.1 ;
    %jmp T_23;
    .thread T_23, $push;
    .scope S_0x55c6a9c5a140;
T_24 ;
    %wait E_0x55c6a9c5a380;
    %load/vec4 v0x55c6a9c5a670_0;
    %cmpi/e 0, 0, 1;
    %jmp/0xz  T_24.0, 4;
    %load/vec4 v0x55c6a9c5a400_0;
    %store/vec4 v0x55c6a9c5a5a0_0, 0, 1;
    %jmp T_24.1;
T_24.0 ;
    %load/vec4 v0x55c6a9c5a4e0_0;
    %store/vec4 v0x55c6a9c5a5a0_0, 0, 1;
T_24.1 ;
    %jmp T_24;
    .thread T_24, $push;
    .scope S_0x55c6a9c51670;
T_25 ;
    %wait E_0x55c6a9c3ddf0;
    %load/vec4 v0x55c6a9c51b60_0;
    %cmpi/e 0, 0, 1;
    %jmp/0xz  T_25.0, 4;
    %load/vec4 v0x55c6a9c518f0_0;
    %store/vec4 v0x55c6a9c51a90_0, 0, 1;
    %jmp T_25.1;
T_25.0 ;
    %load/vec4 v0x55c6a9c519d0_0;
    %store/vec4 v0x55c6a9c51a90_0, 0, 1;
T_25.1 ;
    %jmp T_25;
    .thread T_25, $push;
    .scope S_0x55c6a9c530f0;
T_26 ;
    %wait E_0x55c6a9c53330;
    %load/vec4 v0x55c6a9c53620_0;
    %cmpi/e 0, 0, 1;
    %jmp/0xz  T_26.0, 4;
    %load/vec4 v0x55c6a9c533b0_0;
    %store/vec4 v0x55c6a9c53550_0, 0, 1;
    %jmp T_26.1;
T_26.0 ;
    %load/vec4 v0x55c6a9c53490_0;
    %store/vec4 v0x55c6a9c53550_0, 0, 1;
T_26.1 ;
    %jmp T_26;
    .thread T_26, $push;
    .scope S_0x55c6a9c54480;
T_27 ;
    %wait E_0x55c6a9c546c0;
    %load/vec4 v0x55c6a9c549b0_0;
    %cmpi/e 0, 0, 1;
    %jmp/0xz  T_27.0, 4;
    %load/vec4 v0x55c6a9c54740_0;
    %store/vec4 v0x55c6a9c548e0_0, 0, 1;
    %jmp T_27.1;
T_27.0 ;
    %load/vec4 v0x55c6a9c54820_0;
    %store/vec4 v0x55c6a9c548e0_0, 0, 1;
T_27.1 ;
    %jmp T_27;
    .thread T_27, $push;
    .scope S_0x55c6a9c55860;
T_28 ;
    %wait E_0x55c6a9c55aa0;
    %load/vec4 v0x55c6a9c55d90_0;
    %cmpi/e 0, 0, 1;
    %jmp/0xz  T_28.0, 4;
    %load/vec4 v0x55c6a9c55b20_0;
    %store/vec4 v0x55c6a9c55cc0_0, 0, 1;
    %jmp T_28.1;
T_28.0 ;
    %load/vec4 v0x55c6a9c55c00_0;
    %store/vec4 v0x55c6a9c55cc0_0, 0, 1;
T_28.1 ;
    %jmp T_28;
    .thread T_28, $push;
    .scope S_0x55c6a9c56c40;
T_29 ;
    %wait E_0x55c6a9c56e80;
    %load/vec4 v0x55c6a9c57170_0;
    %cmpi/e 0, 0, 1;
    %jmp/0xz  T_29.0, 4;
    %load/vec4 v0x55c6a9c56f00_0;
    %store/vec4 v0x55c6a9c570a0_0, 0, 1;
    %jmp T_29.1;
T_29.0 ;
    %load/vec4 v0x55c6a9c56fe0_0;
    %store/vec4 v0x55c6a9c570a0_0, 0, 1;
T_29.1 ;
    %jmp T_29;
    .thread T_29, $push;
    .scope S_0x55c6a9c58020;
T_30 ;
    %wait E_0x55c6a9c58260;
    %load/vec4 v0x55c6a9c58550_0;
    %cmpi/e 0, 0, 1;
    %jmp/0xz  T_30.0, 4;
    %load/vec4 v0x55c6a9c582e0_0;
    %store/vec4 v0x55c6a9c58480_0, 0, 1;
    %jmp T_30.1;
T_30.0 ;
    %load/vec4 v0x55c6a9c583c0_0;
    %store/vec4 v0x55c6a9c58480_0, 0, 1;
T_30.1 ;
    %jmp T_30;
    .thread T_30, $push;
    .scope S_0x55c6a9c59400;
T_31 ;
    %wait E_0x55c6a9c59640;
    %load/vec4 v0x55c6a9c59930_0;
    %cmpi/e 0, 0, 1;
    %jmp/0xz  T_31.0, 4;
    %load/vec4 v0x55c6a9c596c0_0;
    %store/vec4 v0x55c6a9c59860_0, 0, 1;
    %jmp T_31.1;
T_31.0 ;
    %load/vec4 v0x55c6a9c597a0_0;
    %store/vec4 v0x55c6a9c59860_0, 0, 1;
T_31.1 ;
    %jmp T_31;
    .thread T_31, $push;
    .scope S_0x55c6a9c5a7e0;
T_32 ;
    %wait E_0x55c6a9c5aa20;
    %load/vec4 v0x55c6a9c5ad10_0;
    %cmpi/e 0, 0, 1;
    %jmp/0xz  T_32.0, 4;
    %load/vec4 v0x55c6a9c5aaa0_0;
    %store/vec4 v0x55c6a9c5ac40_0, 0, 1;
    %jmp T_32.1;
T_32.0 ;
    %load/vec4 v0x55c6a9c5ab80_0;
    %store/vec4 v0x55c6a9c5ac40_0, 0, 1;
T_32.1 ;
    %jmp T_32;
    .thread T_32, $push;
    .scope S_0x55c6a9c51cd0;
T_33 ;
    %wait E_0x55c6a9c3e580;
    %load/vec4 v0x55c6a9c52240_0;
    %cmpi/e 0, 0, 1;
    %jmp/0xz  T_33.0, 4;
    %load/vec4 v0x55c6a9c51fa0_0;
    %store/vec4 v0x55c6a9c52180_0, 0, 8;
    %jmp T_33.1;
T_33.0 ;
    %load/vec4 v0x55c6a9c520a0_0;
    %store/vec4 v0x55c6a9c52180_0, 0, 8;
T_33.1 ;
    %jmp T_33;
    .thread T_33, $push;
    .scope S_0x55c6a9c185a0;
T_34 ;
    %wait E_0x55c6a9bee1a0;
    %load/vec4 v0x55c6a9c5fd00_0;
    %dup/vec4;
    %pushi/vec4 0, 0, 2;
    %cmp/u;
    %jmp/1 T_34.0, 6;
    %dup/vec4;
    %pushi/vec4 1, 0, 2;
    %cmp/u;
    %jmp/1 T_34.1, 6;
    %dup/vec4;
    %pushi/vec4 2, 0, 2;
    %cmp/u;
    %jmp/1 T_34.2, 6;
    %dup/vec4;
    %pushi/vec4 3, 0, 2;
    %cmp/u;
    %jmp/1 T_34.3, 6;
    %jmp T_34.4;
T_34.0 ;
    %pushi/vec4 1, 0, 1;
    %store/vec4 v0x55c6a9c5fc60_0, 0, 1;
    %pushi/vec4 0, 0, 8;
    %store/vec4 v0x55c6a9c5f930_0, 0, 8;
    %jmp T_34.4;
T_34.1 ;
    %pushi/vec4 1, 0, 1;
    %store/vec4 v0x55c6a9c5fc60_0, 0, 1;
    %load/vec4 v0x55c6a9c5f660_0;
    %parti/s 1, 7, 4;
    %replicate 8;
    %store/vec4 v0x55c6a9c5f930_0, 0, 8;
    %jmp T_34.4;
T_34.2 ;
    %pushi/vec4 1, 0, 1;
    %store/vec4 v0x55c6a9c5fc60_0, 0, 1;
    %load/vec4 v0x55c6a9c5f590_0;
    %store/vec4 v0x55c6a9c5f930_0, 0, 8;
    %jmp T_34.4;
T_34.3 ;
    %pushi/vec4 0, 0, 1;
    %store/vec4 v0x55c6a9c5fc60_0, 0, 1;
    %pushi/vec4 0, 0, 8;
    %store/vec4 v0x55c6a9c5f930_0, 0, 8;
    %jmp T_34.4;
T_34.4 ;
    %pop/vec4 1;
    %jmp T_34;
    .thread T_34, $push;
    .scope S_0x55c6a9c1b1b0;
T_35 ;
    %vpi_call 2 19 "$dumpfile", "barrelShifter.vcd" {0 0 0};
    %vpi_call 2 20 "$dumpvars", 32'sb00000000000000000000000000000000, S_0x55c6a9c1b1b0 {0 0 0};
    %end;
    .thread T_35;
    .scope S_0x55c6a9c1b1b0;
T_36 ;
    %pushi/vec4 15, 0, 8;
    %store/vec4 v0x55c6a9c61be0_0, 0, 8;
    %pushi/vec4 1, 0, 8;
    %store/vec4 v0x55c6a9c61e20_0, 0, 8;
    %pushi/vec4 0, 0, 2;
    %store/vec4 v0x55c6a9c61ec0_0, 0, 2;
    %delay 5, 0;
    %pushi/vec4 9, 0, 8;
    %store/vec4 v0x55c6a9c61e20_0, 0, 8;
    %delay 5, 0;
    %pushi/vec4 1, 0, 2;
    %store/vec4 v0x55c6a9c61ec0_0, 0, 2;
    %delay 5, 0;
    %pushi/vec4 2, 0, 2;
    %store/vec4 v0x55c6a9c61ec0_0, 0, 2;
    %delay 5, 0;
    %pushi/vec4 3, 0, 2;
    %store/vec4 v0x55c6a9c61ec0_0, 0, 2;
    %delay 10, 0;
    %vpi_call 2 44 "$finish" {0 0 0};
    %end;
    .thread T_36;
# The file index is used to find the file name in the following table.
:file_names 7;
    "N/A";
    "<interactive>";
    "tb.v";
    "./barrelShifter.v";
    "./mux2to1_8bit.v";
    "./mux2to1_1bit.v";
    "./mux4to1_1bit.v";
