#! /usr/bin/vvp
:ivl_version "10.3 (stable)";
:ivl_delay_selection "TYPICAL";
:vpi_time_precision + 0;
:vpi_module "system";
:vpi_module "vhdl_sys";
:vpi_module "v2005_math";
:vpi_module "va_math";
S_0x55f0c2f9a130 .scope module, "adder" "adder" 2 6;
 .timescale 0 0;
    .port_info 0 /INPUT 32 "INPUT1"
    .port_info 1 /INPUT 32 "INPUT2"
    .port_info 2 /OUTPUT 32 "RESULT"
o0x7f3359b2d018 .functor BUFZ 32, C4<zzzzzzzzzzzzzzzzzzzzzzzzzzzzzzzz>; HiZ drive
v0x55f0c2f9a320_0 .net "INPUT1", 31 0, o0x7f3359b2d018;  0 drivers
o0x7f3359b2d048 .functor BUFZ 32, C4<zzzzzzzzzzzzzzzzzzzzzzzzzzzzzzzz>; HiZ drive
v0x55f0c2fdc920_0 .net "INPUT2", 31 0, o0x7f3359b2d048;  0 drivers
v0x55f0c2fdca00_0 .var "RESULT", 31 0;
E_0x55f0c2f9aaf0 .event edge, v0x55f0c2f9a320_0, v0x55f0c2fdc920_0;
    .scope S_0x55f0c2f9a130;
T_0 ;
    %wait E_0x55f0c2f9aaf0;
    %delay 2, 0;
    %load/vec4 v0x55f0c2f9a320_0;
    %load/vec4 v0x55f0c2fdc920_0;
    %add;
    %store/vec4 v0x55f0c2fdca00_0, 0, 32;
    %jmp T_0;
    .thread T_0, $push;
# The file index is used to find the file name in the following table.
:file_names 3;
    "N/A";
    "<interactive>";
    "adder.v";
