#! /usr/bin/vvp
:ivl_version "10.3 (stable)";
:ivl_delay_selection "TYPICAL";
:vpi_time_precision + 0;
:vpi_module "system";
:vpi_module "vhdl_sys";
:vpi_module "v2005_math";
:vpi_module "va_math";
S_0x564fbe5b10d0 .scope module, "alu" "alu" 2 6;
 .timescale 0 0;
    .port_info 0 /INPUT 8 "DATA1"
    .port_info 1 /INPUT 8 "DATA2"
    .port_info 2 /OUTPUT 8 "RESULT"
    .port_info 3 /INPUT 3 "SELECT"
    .port_info 4 /OUTPUT 1 "COMP"
L_0x564fbe5fbad0 .functor OR 1, L_0x564fbe5fb930, L_0x564fbe5fba00, C4<0>, C4<0>;
L_0x564fbe5fbc80 .functor OR 1, L_0x564fbe5fbad0, L_0x564fbe5fbbe0, C4<0>, C4<0>;
L_0x564fbe5fbe60 .functor OR 1, L_0x564fbe5fbc80, L_0x564fbe5fbd90, C4<0>, C4<0>;
L_0x564fbe5fbfc0 .functor OR 1, L_0x564fbe5fbe60, L_0x564fbe5fbf20, C4<0>, C4<0>;
L_0x564fbe5fc1e0 .functor OR 1, L_0x564fbe5fbfc0, L_0x564fbe5fc100, C4<0>, C4<0>;
L_0x564fbe5fc390 .functor OR 1, L_0x564fbe5fc1e0, L_0x564fbe5fc2f0, C4<0>, C4<0>;
L_0x564fbe5fc4e0 .functor NOT 1, L_0x564fbe5fc390, C4<0>, C4<0>, C4<0>;
v0x564fbe5b12f0_0 .net "COMP", 0 0, L_0x564fbe5fc4e0;  1 drivers
o0x7f4a2d152048 .functor BUFZ 8, C4<zzzzzzzz>; HiZ drive
v0x564fbe5fa950_0 .net "DATA1", 7 0, o0x7f4a2d152048;  0 drivers
o0x7f4a2d152078 .functor BUFZ 8, C4<zzzzzzzz>; HiZ drive
v0x564fbe5faa30_0 .net "DATA2", 7 0, o0x7f4a2d152078;  0 drivers
v0x564fbe5fab20_0 .var "RESULT", 7 0;
o0x7f4a2d1520d8 .functor BUFZ 3, C4<zzz>; HiZ drive
v0x564fbe5fac00_0 .net "SELECT", 2 0, o0x7f4a2d1520d8;  0 drivers
v0x564fbe5fad30_0 .net *"_s1", 0 0, L_0x564fbe5fb930;  1 drivers
v0x564fbe5fae10_0 .net *"_s11", 0 0, L_0x564fbe5fbd90;  1 drivers
v0x564fbe5faef0_0 .net *"_s12", 0 0, L_0x564fbe5fbe60;  1 drivers
v0x564fbe5fafd0_0 .net *"_s15", 0 0, L_0x564fbe5fbf20;  1 drivers
v0x564fbe5fb0b0_0 .net *"_s16", 0 0, L_0x564fbe5fbfc0;  1 drivers
v0x564fbe5fb190_0 .net *"_s19", 0 0, L_0x564fbe5fc100;  1 drivers
v0x564fbe5fb270_0 .net *"_s20", 0 0, L_0x564fbe5fc1e0;  1 drivers
v0x564fbe5fb350_0 .net *"_s23", 0 0, L_0x564fbe5fc2f0;  1 drivers
v0x564fbe5fb430_0 .net *"_s24", 0 0, L_0x564fbe5fc390;  1 drivers
v0x564fbe5fb510_0 .net *"_s3", 0 0, L_0x564fbe5fba00;  1 drivers
v0x564fbe5fb5f0_0 .net *"_s4", 0 0, L_0x564fbe5fbad0;  1 drivers
v0x564fbe5fb6d0_0 .net *"_s7", 0 0, L_0x564fbe5fbbe0;  1 drivers
v0x564fbe5fb7b0_0 .net *"_s8", 0 0, L_0x564fbe5fbc80;  1 drivers
E_0x564fbe5e6520 .event edge, v0x564fbe5fac00_0, v0x564fbe5faa30_0, v0x564fbe5fa950_0;
L_0x564fbe5fb930 .part v0x564fbe5fab20_0, 7, 1;
L_0x564fbe5fba00 .part v0x564fbe5fab20_0, 6, 1;
L_0x564fbe5fbbe0 .part v0x564fbe5fab20_0, 5, 1;
L_0x564fbe5fbd90 .part v0x564fbe5fab20_0, 4, 1;
L_0x564fbe5fbf20 .part v0x564fbe5fab20_0, 3, 1;
L_0x564fbe5fc100 .part v0x564fbe5fab20_0, 2, 1;
L_0x564fbe5fc2f0 .part v0x564fbe5fab20_0, 1, 1;
    .scope S_0x564fbe5b10d0;
T_0 ;
    %wait E_0x564fbe5e6520;
    %load/vec4 v0x564fbe5fac00_0;
    %dup/vec4;
    %pushi/vec4 0, 0, 3;
    %cmp/u;
    %jmp/1 T_0.0, 6;
    %dup/vec4;
    %pushi/vec4 1, 0, 3;
    %cmp/u;
    %jmp/1 T_0.1, 6;
    %dup/vec4;
    %pushi/vec4 2, 0, 3;
    %cmp/u;
    %jmp/1 T_0.2, 6;
    %dup/vec4;
    %pushi/vec4 3, 0, 3;
    %cmp/u;
    %jmp/1 T_0.3, 6;
    %pushi/vec4 0, 0, 8;
    %store/vec4 v0x564fbe5fab20_0, 0, 8;
    %jmp T_0.5;
T_0.0 ;
    %delay 1, 0;
    %load/vec4 v0x564fbe5faa30_0;
    %store/vec4 v0x564fbe5fab20_0, 0, 8;
    %jmp T_0.5;
T_0.1 ;
    %delay 2, 0;
    %load/vec4 v0x564fbe5fa950_0;
    %load/vec4 v0x564fbe5faa30_0;
    %add;
    %store/vec4 v0x564fbe5fab20_0, 0, 8;
    %jmp T_0.5;
T_0.2 ;
    %delay 1, 0;
    %load/vec4 v0x564fbe5fa950_0;
    %load/vec4 v0x564fbe5faa30_0;
    %and;
    %store/vec4 v0x564fbe5fab20_0, 0, 8;
    %jmp T_0.5;
T_0.3 ;
    %delay 1, 0;
    %load/vec4 v0x564fbe5fa950_0;
    %load/vec4 v0x564fbe5faa30_0;
    %or;
    %store/vec4 v0x564fbe5fab20_0, 0, 8;
    %jmp T_0.5;
T_0.5 ;
    %pop/vec4 1;
    %jmp T_0;
    .thread T_0, $push;
# The file index is used to find the file name in the following table.
:file_names 3;
    "N/A";
    "<interactive>";
    "alu.v";
