#! /usr/bin/vvp
:ivl_version "10.3 (stable)";
:ivl_delay_selection "TYPICAL";
:vpi_time_precision + 0;
:vpi_module "system";
:vpi_module "vhdl_sys";
:vpi_module "v2005_math";
:vpi_module "va_math";
S_0x562ea0a573c0 .scope module, "cpu" "cpu" 2 14;
 .timescale 0 0;
    .port_info 0 /OUTPUT 32 "PC"
    .port_info 1 /INPUT 32 "INSTRUCTION"
    .port_info 2 /INPUT 1 "CLK"
    .port_info 3 /INPUT 1 "RESET"
L_0x562ea0a8dab0 .functor AND 1, v0x562ea0a78580_0, L_0x562ea0a7d270, C4<1>, C4<1>;
L_0x562ea0a8db70 .functor OR 1, L_0x562ea0a8dab0, v0x562ea0a78710_0, C4<0>, C4<0>;
L_0x562ea0a8e1d0 .functor BUFZ 8, L_0x562ea0a35db0, C4<00000000>, C4<00000000>, C4<00000000>;
v0x562ea0a7a180_0 .net "ALOP1", 7 0, v0x562ea0a75190_0;  1 drivers
v0x562ea0a7a290_0 .net "ALOP2", 7 0, L_0x562ea0a8e1d0;  1 drivers
v0x562ea0a7a350_0 .net "ALUCOMP", 0 0, L_0x562ea0a7d270;  1 drivers
v0x562ea0a7a450_0 .net "ALUOUT", 7 0, v0x562ea0a76b30_0;  1 drivers
v0x562ea0a7a540_0 .net "ANDOUTBEQ", 0 0, L_0x562ea0a8dab0;  1 drivers
o0x7fb9b027ecd8 .functor BUFZ 1, C4<z>; HiZ drive
v0x562ea0a7a630_0 .net "CLK", 0 0, o0x7fb9b027ecd8;  0 drivers
v0x562ea0a7a6d0_0 .net "DESTINATION", 7 0, L_0x562ea0a8dcd0;  1 drivers
o0x7fb9b027f188 .functor BUFZ 32, C4<zzzzzzzzzzzzzzzzzzzzzzzzzzzzzzzz>; HiZ drive
v0x562ea0a7a770_0 .net "INSTRUCTION", 31 0, o0x7fb9b027f188;  0 drivers
v0x562ea0a7a850_0 .net "OP", 7 0, L_0x562ea0a8e0a0;  1 drivers
v0x562ea0a7a9a0_0 .var "PC", 31 0;
v0x562ea0a7aa70_0 .net "PCINCBY4", 31 0, v0x562ea0a764c0_0;  1 drivers
v0x562ea0a7ab10_0 .net "PCJUMP", 31 0, v0x562ea0a74c80_0;  1 drivers
v0x562ea0a7abd0_0 .net "PCNEXT", 31 0, v0x562ea0a75790_0;  1 drivers
v0x562ea0a7ac90_0 .net "REGOUT1", 7 0, L_0x562ea0a35db0;  1 drivers
v0x562ea0a7ad60_0 .net "REGOUT2", 7 0, L_0x562ea0a35c90;  1 drivers
o0x7fb9b027ea98 .functor BUFZ 1, C4<z>; HiZ drive
v0x562ea0a7ae00_0 .net "RESET", 0 0, o0x7fb9b027ea98;  0 drivers
v0x562ea0a7aef0_0 .net "SOURCE1", 7 0, L_0x562ea0a8de60;  1 drivers
v0x562ea0a7b0e0_0 .net "SOURCE2", 7 0, L_0x562ea0a8dfa0;  1 drivers
v0x562ea0a7b1a0_0 .net "TWOSCOMPOUT", 7 0, v0x562ea0a7a080_0;  1 drivers
v0x562ea0a7b290_0 .net "TWOSMUXOUT", 7 0, v0x562ea0a75dc0_0;  1 drivers
v0x562ea0a7b3a0_0 .net *"_s10", 21 0, L_0x562ea0a8d4b0;  1 drivers
L_0x7fb9b02350f0 .functor BUFT 1, C4<00>, C4<0>, C4<0>, C4<0>;
v0x562ea0a7b480_0 .net/2u *"_s12", 1 0, L_0x7fb9b02350f0;  1 drivers
v0x562ea0a7b560_0 .net *"_s19", 8 0, L_0x562ea0a8dd70;  1 drivers
v0x562ea0a7b640_0 .net *"_s9", 0 0, L_0x562ea0a8d390;  1 drivers
v0x562ea0a7b720_0 .net "aluOP", 2 0, v0x562ea0a78490_0;  1 drivers
v0x562ea0a7b830_0 .net "beq", 0 0, v0x562ea0a78580_0;  1 drivers
v0x562ea0a7b8d0_0 .net "immeMUXSEL", 0 0, v0x562ea0a78670_0;  1 drivers
v0x562ea0a7b9c0_0 .net "jump", 0 0, v0x562ea0a78710_0;  1 drivers
v0x562ea0a7ba60_0 .net "jumpMUXSEL", 0 0, L_0x562ea0a8db70;  1 drivers
v0x562ea0a7bb00_0 .net "regWRITEEN", 0 0, v0x562ea0a787b0_0;  1 drivers
v0x562ea0a7bbf0_0 .net "twoscompMUXSEL", 0 0, v0x562ea0a78870_0;  1 drivers
L_0x562ea0a7c400 .part L_0x562ea0a8dcd0, 0, 3;
L_0x562ea0a7c4a0 .part L_0x562ea0a8de60, 0, 3;
L_0x562ea0a7c590 .part L_0x562ea0a8dfa0, 0, 3;
L_0x562ea0a8d390 .part L_0x562ea0a8dcd0, 7, 1;
LS_0x562ea0a8d4b0_0_0 .concat [ 1 1 1 1], L_0x562ea0a8d390, L_0x562ea0a8d390, L_0x562ea0a8d390, L_0x562ea0a8d390;
LS_0x562ea0a8d4b0_0_4 .concat [ 1 1 1 1], L_0x562ea0a8d390, L_0x562ea0a8d390, L_0x562ea0a8d390, L_0x562ea0a8d390;
LS_0x562ea0a8d4b0_0_8 .concat [ 1 1 1 1], L_0x562ea0a8d390, L_0x562ea0a8d390, L_0x562ea0a8d390, L_0x562ea0a8d390;
LS_0x562ea0a8d4b0_0_12 .concat [ 1 1 1 1], L_0x562ea0a8d390, L_0x562ea0a8d390, L_0x562ea0a8d390, L_0x562ea0a8d390;
LS_0x562ea0a8d4b0_0_16 .concat [ 1 1 1 1], L_0x562ea0a8d390, L_0x562ea0a8d390, L_0x562ea0a8d390, L_0x562ea0a8d390;
LS_0x562ea0a8d4b0_0_20 .concat [ 1 1 0 0], L_0x562ea0a8d390, L_0x562ea0a8d390;
LS_0x562ea0a8d4b0_1_0 .concat [ 4 4 4 4], LS_0x562ea0a8d4b0_0_0, LS_0x562ea0a8d4b0_0_4, LS_0x562ea0a8d4b0_0_8, LS_0x562ea0a8d4b0_0_12;
LS_0x562ea0a8d4b0_1_4 .concat [ 4 2 0 0], LS_0x562ea0a8d4b0_0_16, LS_0x562ea0a8d4b0_0_20;
L_0x562ea0a8d4b0 .concat [ 16 6 0 0], LS_0x562ea0a8d4b0_1_0, LS_0x562ea0a8d4b0_1_4;
L_0x562ea0a8d980 .concat [ 2 8 22 0], L_0x7fb9b02350f0, L_0x562ea0a8dcd0, L_0x562ea0a8d4b0;
L_0x562ea0a8dcd0 .part o0x7fb9b027f188, 16, 8;
L_0x562ea0a8dd70 .part o0x7fb9b027f188, 8, 9;
L_0x562ea0a8de60 .part L_0x562ea0a8dd70, 0, 8;
L_0x562ea0a8dfa0 .part o0x7fb9b027f188, 0, 8;
L_0x562ea0a8e0a0 .part o0x7fb9b027f188, 24, 8;
S_0x562ea0a57640 .scope module, "jumpadder" "adder" 2 43, 3 6 0, S_0x562ea0a573c0;
 .timescale 0 0;
    .port_info 0 /INPUT 32 "INPUT1"
    .port_info 1 /INPUT 32 "INPUT2"
    .port_info 2 /OUTPUT 32 "RESULT"
v0x562ea0a57de0_0 .net "INPUT1", 31 0, v0x562ea0a764c0_0;  alias, 1 drivers
v0x562ea0a58290_0 .net "INPUT2", 31 0, L_0x562ea0a8d980;  1 drivers
v0x562ea0a74c80_0 .var "RESULT", 31 0;
E_0x562ea0a2dae0 .event edge, v0x562ea0a57de0_0, v0x562ea0a58290_0;
S_0x562ea0a74dc0 .scope module, "muximme" "mux2to1_8bit" 2 39, 4 6 0, S_0x562ea0a573c0;
 .timescale 0 0;
    .port_info 0 /INPUT 8 "INPUT1"
    .port_info 1 /INPUT 8 "INPUT2"
    .port_info 2 /OUTPUT 8 "RESULT"
    .port_info 3 /INPUT 1 "SELECT"
v0x562ea0a74fb0_0 .net "INPUT1", 7 0, v0x562ea0a75dc0_0;  alias, 1 drivers
v0x562ea0a750b0_0 .net "INPUT2", 7 0, L_0x562ea0a8dfa0;  alias, 1 drivers
v0x562ea0a75190_0 .var "RESULT", 7 0;
v0x562ea0a75250_0 .net "SELECT", 0 0, v0x562ea0a78670_0;  alias, 1 drivers
E_0x562ea0a2d8d0 .event edge, v0x562ea0a75250_0, v0x562ea0a74fb0_0, v0x562ea0a750b0_0;
S_0x562ea0a75390 .scope module, "muxjump" "mux2to1_32bit" 2 40, 5 6 0, S_0x562ea0a573c0;
 .timescale 0 0;
    .port_info 0 /INPUT 32 "INPUT1"
    .port_info 1 /INPUT 32 "INPUT2"
    .port_info 2 /OUTPUT 32 "RESULT"
    .port_info 3 /INPUT 1 "SELECT"
v0x562ea0a755b0_0 .net "INPUT1", 31 0, v0x562ea0a764c0_0;  alias, 1 drivers
v0x562ea0a756c0_0 .net "INPUT2", 31 0, v0x562ea0a74c80_0;  alias, 1 drivers
v0x562ea0a75790_0 .var "RESULT", 31 0;
v0x562ea0a75860_0 .net "SELECT", 0 0, L_0x562ea0a8db70;  alias, 1 drivers
E_0x562ea0a43b30 .event edge, v0x562ea0a75860_0, v0x562ea0a57de0_0, v0x562ea0a74c80_0;
S_0x562ea0a759d0 .scope module, "muxtwos" "mux2to1_8bit" 2 38, 4 6 0, S_0x562ea0a573c0;
 .timescale 0 0;
    .port_info 0 /INPUT 8 "INPUT1"
    .port_info 1 /INPUT 8 "INPUT2"
    .port_info 2 /OUTPUT 8 "RESULT"
    .port_info 3 /INPUT 1 "SELECT"
v0x562ea0a75be0_0 .net "INPUT1", 7 0, L_0x562ea0a35c90;  alias, 1 drivers
v0x562ea0a75ce0_0 .net "INPUT2", 7 0, v0x562ea0a7a080_0;  alias, 1 drivers
v0x562ea0a75dc0_0 .var "RESULT", 7 0;
v0x562ea0a75ec0_0 .net "SELECT", 0 0, v0x562ea0a78870_0;  alias, 1 drivers
E_0x562ea0a43c70 .event edge, v0x562ea0a75ec0_0, v0x562ea0a75be0_0, v0x562ea0a75ce0_0;
S_0x562ea0a76010 .scope module, "myadder" "adder" 2 42, 3 6 0, S_0x562ea0a573c0;
 .timescale 0 0;
    .port_info 0 /INPUT 32 "INPUT1"
    .port_info 1 /INPUT 32 "INPUT2"
    .port_info 2 /OUTPUT 32 "RESULT"
v0x562ea0a762e0_0 .net "INPUT1", 31 0, v0x562ea0a7a9a0_0;  1 drivers
L_0x7fb9b02350a8 .functor BUFT 1, C4<00000000000000000000000000000100>, C4<0>, C4<0>, C4<0>;
v0x562ea0a763e0_0 .net "INPUT2", 31 0, L_0x7fb9b02350a8;  1 drivers
v0x562ea0a764c0_0 .var "RESULT", 31 0;
E_0x562ea0a43ee0 .event edge, v0x562ea0a762e0_0, v0x562ea0a763e0_0;
S_0x562ea0a76630 .scope module, "myalu" "alu" 2 41, 6 6 0, S_0x562ea0a573c0;
 .timescale 0 0;
    .port_info 0 /INPUT 8 "DATA1"
    .port_info 1 /INPUT 8 "DATA2"
    .port_info 2 /OUTPUT 8 "RESULT"
    .port_info 3 /INPUT 3 "SELECT"
    .port_info 4 /OUTPUT 1 "COMP"
L_0x562ea0a35a50 .functor OR 1, L_0x562ea0a7c6d0, L_0x562ea0a7c770, C4<0>, C4<0>;
L_0x562ea0a7c9c0 .functor OR 1, L_0x562ea0a35a50, L_0x562ea0a7c920, C4<0>, C4<0>;
L_0x562ea0a7cba0 .functor OR 1, L_0x562ea0a7c9c0, L_0x562ea0a7cad0, C4<0>, C4<0>;
L_0x562ea0a7cd50 .functor OR 1, L_0x562ea0a7cba0, L_0x562ea0a7ccb0, C4<0>, C4<0>;
L_0x562ea0a7cf70 .functor OR 1, L_0x562ea0a7cd50, L_0x562ea0a7ce90, C4<0>, C4<0>;
L_0x562ea0a7d120 .functor OR 1, L_0x562ea0a7cf70, L_0x562ea0a7d080, C4<0>, C4<0>;
L_0x562ea0a7d270 .functor NOT 1, L_0x562ea0a7d120, C4<0>, C4<0>, C4<0>;
v0x562ea0a768a0_0 .net "COMP", 0 0, L_0x562ea0a7d270;  alias, 1 drivers
v0x562ea0a76980_0 .net "DATA1", 7 0, L_0x562ea0a8e1d0;  alias, 1 drivers
v0x562ea0a76a60_0 .net "DATA2", 7 0, v0x562ea0a75190_0;  alias, 1 drivers
v0x562ea0a76b30_0 .var "RESULT", 7 0;
v0x562ea0a76bf0_0 .net "SELECT", 2 0, v0x562ea0a78490_0;  alias, 1 drivers
v0x562ea0a76d20_0 .net *"_s1", 0 0, L_0x562ea0a7c6d0;  1 drivers
v0x562ea0a76e00_0 .net *"_s11", 0 0, L_0x562ea0a7cad0;  1 drivers
v0x562ea0a76ee0_0 .net *"_s12", 0 0, L_0x562ea0a7cba0;  1 drivers
v0x562ea0a76fc0_0 .net *"_s15", 0 0, L_0x562ea0a7ccb0;  1 drivers
v0x562ea0a770a0_0 .net *"_s16", 0 0, L_0x562ea0a7cd50;  1 drivers
v0x562ea0a77180_0 .net *"_s19", 0 0, L_0x562ea0a7ce90;  1 drivers
v0x562ea0a77260_0 .net *"_s20", 0 0, L_0x562ea0a7cf70;  1 drivers
v0x562ea0a77340_0 .net *"_s23", 0 0, L_0x562ea0a7d080;  1 drivers
v0x562ea0a77420_0 .net *"_s24", 0 0, L_0x562ea0a7d120;  1 drivers
v0x562ea0a77500_0 .net *"_s3", 0 0, L_0x562ea0a7c770;  1 drivers
v0x562ea0a775e0_0 .net *"_s4", 0 0, L_0x562ea0a35a50;  1 drivers
v0x562ea0a776c0_0 .net *"_s7", 0 0, L_0x562ea0a7c920;  1 drivers
v0x562ea0a777a0_0 .net *"_s8", 0 0, L_0x562ea0a7c9c0;  1 drivers
E_0x562ea0a57b10 .event edge, v0x562ea0a76bf0_0, v0x562ea0a75190_0, v0x562ea0a76980_0;
L_0x562ea0a7c6d0 .part v0x562ea0a76b30_0, 7, 1;
L_0x562ea0a7c770 .part v0x562ea0a76b30_0, 6, 1;
L_0x562ea0a7c920 .part v0x562ea0a76b30_0, 5, 1;
L_0x562ea0a7cad0 .part v0x562ea0a76b30_0, 4, 1;
L_0x562ea0a7ccb0 .part v0x562ea0a76b30_0, 3, 1;
L_0x562ea0a7ce90 .part v0x562ea0a76b30_0, 2, 1;
L_0x562ea0a7d080 .part v0x562ea0a76b30_0, 1, 1;
S_0x562ea0a77920 .scope module, "mycu" "control_unit" 2 35, 7 6 0, S_0x562ea0a573c0;
 .timescale 0 0;
    .port_info 0 /INPUT 8 "OP"
    .port_info 1 /OUTPUT 1 "twoscompMUXSEL"
    .port_info 2 /OUTPUT 1 "immeMUXSEL"
    .port_info 3 /OUTPUT 1 "regWRITEEN"
    .port_info 4 /OUTPUT 3 "aluOP"
    .port_info 5 /OUTPUT 1 "jump"
    .port_info 6 /OUTPUT 1 "beq"
    .port_info 7 /INPUT 1 "RESET"
P_0x562ea0a77aa0 .param/l "ADD" 0 7 8, C4<00000000>;
P_0x562ea0a77ae0 .param/l "AND" 0 7 10, C4<00000010>;
P_0x562ea0a77b20 .param/l "BEQ" 0 7 15, C4<00000111>;
P_0x562ea0a77b60 .param/l "J" 0 7 14, C4<00000110>;
P_0x562ea0a77ba0 .param/l "LOADI" 0 7 13, C4<00000101>;
P_0x562ea0a77be0 .param/l "MOV" 0 7 12, C4<00000100>;
P_0x562ea0a77c20 .param/l "OR" 0 7 11, C4<00000011>;
P_0x562ea0a77c60 .param/l "SUB" 0 7 9, C4<00000001>;
o0x7fb9b027ea38 .functor BUFZ 1, C4<z>; HiZ drive
v0x562ea0a78230_0 .net "ALUCOMP", 0 0, o0x7fb9b027ea38;  0 drivers
v0x562ea0a78310_0 .net "OP", 7 0, L_0x562ea0a8e0a0;  alias, 1 drivers
v0x562ea0a783f0_0 .net "RESET", 0 0, o0x7fb9b027ea98;  alias, 0 drivers
v0x562ea0a78490_0 .var "aluOP", 2 0;
v0x562ea0a78580_0 .var "beq", 0 0;
v0x562ea0a78670_0 .var "immeMUXSEL", 0 0;
v0x562ea0a78710_0 .var "jump", 0 0;
v0x562ea0a787b0_0 .var "regWRITEEN", 0 0;
v0x562ea0a78870_0 .var "twoscompMUXSEL", 0 0;
E_0x562ea0a78150 .event edge, v0x562ea0a783f0_0;
E_0x562ea0a781d0 .event edge, v0x562ea0a78310_0;
S_0x562ea0a78a20 .scope module, "myreg" "reg_file" 2 36, 8 6 0, S_0x562ea0a573c0;
 .timescale 0 0;
    .port_info 0 /INPUT 8 "IN"
    .port_info 1 /OUTPUT 8 "OUT1"
    .port_info 2 /OUTPUT 8 "OUT2"
    .port_info 3 /INPUT 3 "INADDRESS"
    .port_info 4 /INPUT 3 "OUT1ADDRESS"
    .port_info 5 /INPUT 3 "OUT2ADDRESS"
    .port_info 6 /INPUT 1 "WRITE"
    .port_info 7 /INPUT 1 "CLK"
    .port_info 8 /INPUT 1 "RESET"
L_0x562ea0a35db0/d .functor BUFZ 8, L_0x562ea0a7bd00, C4<00000000>, C4<00000000>, C4<00000000>;
L_0x562ea0a35db0 .delay 8 (2,2,2) L_0x562ea0a35db0/d;
L_0x562ea0a35c90/d .functor BUFZ 8, L_0x562ea0a7c150, C4<00000000>, C4<00000000>, C4<00000000>;
L_0x562ea0a35c90 .delay 8 (2,2,2) L_0x562ea0a35c90/d;
v0x562ea0a78db0_0 .net "CLK", 0 0, o0x7fb9b027ecd8;  alias, 0 drivers
v0x562ea0a78e90_0 .net "IN", 7 0, v0x562ea0a76b30_0;  alias, 1 drivers
v0x562ea0a78f80_0 .net "INADDRESS", 2 0, L_0x562ea0a7c400;  1 drivers
v0x562ea0a79050_0 .net "OUT1", 7 0, L_0x562ea0a35db0;  alias, 1 drivers
v0x562ea0a79130_0 .net "OUT1ADDRESS", 2 0, L_0x562ea0a7c4a0;  1 drivers
v0x562ea0a79260_0 .net "OUT2", 7 0, L_0x562ea0a35c90;  alias, 1 drivers
v0x562ea0a79320_0 .net "OUT2ADDRESS", 2 0, L_0x562ea0a7c590;  1 drivers
v0x562ea0a793e0 .array "REGISTERS", 0 7, 7 0;
v0x562ea0a794a0_0 .net "RESET", 0 0, o0x7fb9b027ea98;  alias, 0 drivers
v0x562ea0a79570_0 .net "WRITE", 0 0, v0x562ea0a787b0_0;  alias, 1 drivers
v0x562ea0a79640_0 .net *"_s0", 7 0, L_0x562ea0a7bd00;  1 drivers
v0x562ea0a796e0_0 .net *"_s10", 4 0, L_0x562ea0a7c1f0;  1 drivers
L_0x7fb9b0235060 .functor BUFT 1, C4<00>, C4<0>, C4<0>, C4<0>;
v0x562ea0a797c0_0 .net *"_s13", 1 0, L_0x7fb9b0235060;  1 drivers
v0x562ea0a798a0_0 .net *"_s2", 4 0, L_0x562ea0a7bdc0;  1 drivers
L_0x7fb9b0235018 .functor BUFT 1, C4<00>, C4<0>, C4<0>, C4<0>;
v0x562ea0a79980_0 .net *"_s5", 1 0, L_0x7fb9b0235018;  1 drivers
v0x562ea0a79a60_0 .net *"_s8", 7 0, L_0x562ea0a7c150;  1 drivers
v0x562ea0a79b40_0 .var/i "i", 31 0;
E_0x562ea0a78cd0 .event edge, v0x562ea0a783f0_0, v0x562ea0a79b40_0;
E_0x562ea0a78d50 .event posedge, v0x562ea0a78db0_0;
L_0x562ea0a7bd00 .array/port v0x562ea0a793e0, L_0x562ea0a7bdc0;
L_0x562ea0a7bdc0 .concat [ 3 2 0 0], L_0x562ea0a7c4a0, L_0x7fb9b0235018;
L_0x562ea0a7c150 .array/port v0x562ea0a793e0, L_0x562ea0a7c1f0;
L_0x562ea0a7c1f0 .concat [ 3 2 0 0], L_0x562ea0a7c590, L_0x7fb9b0235060;
S_0x562ea0a79d40 .scope module, "twos" "twosComp" 2 37, 9 1 0, S_0x562ea0a573c0;
 .timescale 0 0;
    .port_info 0 /INPUT 8 "INPUT"
    .port_info 1 /OUTPUT 8 "RESULT"
v0x562ea0a79fa0_0 .net "INPUT", 7 0, L_0x562ea0a35c90;  alias, 1 drivers
v0x562ea0a7a080_0 .var "RESULT", 7 0;
E_0x562ea0a79f20 .event edge, v0x562ea0a75be0_0;
    .scope S_0x562ea0a77920;
T_0 ;
    %wait E_0x562ea0a781d0;
    %load/vec4 v0x562ea0a78310_0;
    %dup/vec4;
    %pushi/vec4 0, 0, 8;
    %cmp/u;
    %jmp/1 T_0.0, 6;
    %dup/vec4;
    %pushi/vec4 1, 0, 8;
    %cmp/u;
    %jmp/1 T_0.1, 6;
    %dup/vec4;
    %pushi/vec4 2, 0, 8;
    %cmp/u;
    %jmp/1 T_0.2, 6;
    %dup/vec4;
    %pushi/vec4 3, 0, 8;
    %cmp/u;
    %jmp/1 T_0.3, 6;
    %dup/vec4;
    %pushi/vec4 4, 0, 8;
    %cmp/u;
    %jmp/1 T_0.4, 6;
    %dup/vec4;
    %pushi/vec4 5, 0, 8;
    %cmp/u;
    %jmp/1 T_0.5, 6;
    %dup/vec4;
    %pushi/vec4 6, 0, 8;
    %cmp/u;
    %jmp/1 T_0.6, 6;
    %dup/vec4;
    %pushi/vec4 7, 0, 8;
    %cmp/u;
    %jmp/1 T_0.7, 6;
    %jmp T_0.8;
T_0.0 ;
    %delay 1, 0;
    %pushi/vec4 0, 0, 1;
    %store/vec4 v0x562ea0a78870_0, 0, 1;
    %pushi/vec4 0, 0, 1;
    %store/vec4 v0x562ea0a78670_0, 0, 1;
    %pushi/vec4 1, 0, 1;
    %store/vec4 v0x562ea0a787b0_0, 0, 1;
    %pushi/vec4 1, 0, 3;
    %store/vec4 v0x562ea0a78490_0, 0, 3;
    %pushi/vec4 0, 0, 1;
    %store/vec4 v0x562ea0a78710_0, 0, 1;
    %pushi/vec4 0, 0, 1;
    %store/vec4 v0x562ea0a78580_0, 0, 1;
    %jmp T_0.8;
T_0.1 ;
    %delay 1, 0;
    %pushi/vec4 1, 0, 1;
    %store/vec4 v0x562ea0a78870_0, 0, 1;
    %pushi/vec4 0, 0, 1;
    %store/vec4 v0x562ea0a78670_0, 0, 1;
    %pushi/vec4 1, 0, 1;
    %store/vec4 v0x562ea0a787b0_0, 0, 1;
    %pushi/vec4 1, 0, 3;
    %store/vec4 v0x562ea0a78490_0, 0, 3;
    %pushi/vec4 0, 0, 1;
    %store/vec4 v0x562ea0a78710_0, 0, 1;
    %pushi/vec4 0, 0, 1;
    %store/vec4 v0x562ea0a78580_0, 0, 1;
    %jmp T_0.8;
T_0.2 ;
    %delay 1, 0;
    %pushi/vec4 0, 0, 1;
    %store/vec4 v0x562ea0a78870_0, 0, 1;
    %pushi/vec4 0, 0, 1;
    %store/vec4 v0x562ea0a78670_0, 0, 1;
    %pushi/vec4 1, 0, 1;
    %store/vec4 v0x562ea0a787b0_0, 0, 1;
    %pushi/vec4 2, 0, 3;
    %store/vec4 v0x562ea0a78490_0, 0, 3;
    %pushi/vec4 0, 0, 1;
    %store/vec4 v0x562ea0a78710_0, 0, 1;
    %pushi/vec4 0, 0, 1;
    %store/vec4 v0x562ea0a78580_0, 0, 1;
    %jmp T_0.8;
T_0.3 ;
    %delay 1, 0;
    %pushi/vec4 0, 0, 1;
    %store/vec4 v0x562ea0a78870_0, 0, 1;
    %pushi/vec4 0, 0, 1;
    %store/vec4 v0x562ea0a78670_0, 0, 1;
    %pushi/vec4 1, 0, 1;
    %store/vec4 v0x562ea0a787b0_0, 0, 1;
    %pushi/vec4 3, 0, 3;
    %store/vec4 v0x562ea0a78490_0, 0, 3;
    %pushi/vec4 0, 0, 1;
    %store/vec4 v0x562ea0a78710_0, 0, 1;
    %pushi/vec4 0, 0, 1;
    %store/vec4 v0x562ea0a78580_0, 0, 1;
    %jmp T_0.8;
T_0.4 ;
    %delay 1, 0;
    %pushi/vec4 0, 0, 1;
    %store/vec4 v0x562ea0a78870_0, 0, 1;
    %pushi/vec4 0, 0, 1;
    %store/vec4 v0x562ea0a78670_0, 0, 1;
    %pushi/vec4 1, 0, 1;
    %store/vec4 v0x562ea0a787b0_0, 0, 1;
    %pushi/vec4 0, 0, 3;
    %store/vec4 v0x562ea0a78490_0, 0, 3;
    %pushi/vec4 0, 0, 1;
    %store/vec4 v0x562ea0a78710_0, 0, 1;
    %pushi/vec4 0, 0, 1;
    %store/vec4 v0x562ea0a78580_0, 0, 1;
    %jmp T_0.8;
T_0.5 ;
    %delay 1, 0;
    %pushi/vec4 0, 0, 1;
    %store/vec4 v0x562ea0a78870_0, 0, 1;
    %pushi/vec4 1, 0, 1;
    %store/vec4 v0x562ea0a78670_0, 0, 1;
    %pushi/vec4 1, 0, 1;
    %store/vec4 v0x562ea0a787b0_0, 0, 1;
    %pushi/vec4 0, 0, 3;
    %store/vec4 v0x562ea0a78490_0, 0, 3;
    %pushi/vec4 0, 0, 1;
    %store/vec4 v0x562ea0a78710_0, 0, 1;
    %pushi/vec4 0, 0, 1;
    %store/vec4 v0x562ea0a78580_0, 0, 1;
    %jmp T_0.8;
T_0.6 ;
    %delay 1, 0;
    %pushi/vec4 1, 0, 1;
    %store/vec4 v0x562ea0a78870_0, 0, 1;
    %pushi/vec4 0, 0, 1;
    %store/vec4 v0x562ea0a78670_0, 0, 1;
    %pushi/vec4 0, 0, 1;
    %store/vec4 v0x562ea0a787b0_0, 0, 1;
    %pushi/vec4 1, 0, 3;
    %store/vec4 v0x562ea0a78490_0, 0, 3;
    %pushi/vec4 1, 0, 1;
    %store/vec4 v0x562ea0a78710_0, 0, 1;
    %pushi/vec4 0, 0, 1;
    %store/vec4 v0x562ea0a78580_0, 0, 1;
    %jmp T_0.8;
T_0.7 ;
    %delay 1, 0;
    %pushi/vec4 1, 0, 1;
    %store/vec4 v0x562ea0a78870_0, 0, 1;
    %pushi/vec4 0, 0, 1;
    %store/vec4 v0x562ea0a78670_0, 0, 1;
    %pushi/vec4 0, 0, 1;
    %store/vec4 v0x562ea0a787b0_0, 0, 1;
    %pushi/vec4 1, 0, 3;
    %store/vec4 v0x562ea0a78490_0, 0, 3;
    %pushi/vec4 0, 0, 1;
    %store/vec4 v0x562ea0a78710_0, 0, 1;
    %pushi/vec4 1, 0, 1;
    %store/vec4 v0x562ea0a78580_0, 0, 1;
    %jmp T_0.8;
T_0.8 ;
    %pop/vec4 1;
    %jmp T_0;
    .thread T_0, $push;
    .scope S_0x562ea0a77920;
T_1 ;
    %wait E_0x562ea0a78150;
    %load/vec4 v0x562ea0a783f0_0;
    %flag_set/vec4 8;
    %jmp/0xz  T_1.0, 8;
    %pushi/vec4 0, 0, 1;
    %store/vec4 v0x562ea0a78710_0, 0, 1;
T_1.0 ;
    %jmp T_1;
    .thread T_1, $push;
    .scope S_0x562ea0a78a20;
T_2 ;
    %wait E_0x562ea0a78d50;
    %load/vec4 v0x562ea0a79570_0;
    %cmpi/e 1, 0, 1;
    %jmp/0xz  T_2.0, 4;
    %delay 2, 0;
    %load/vec4 v0x562ea0a78e90_0;
    %load/vec4 v0x562ea0a78f80_0;
    %pad/u 5;
    %ix/vec4 4;
    %store/vec4a v0x562ea0a793e0, 4, 0;
T_2.0 ;
    %jmp T_2;
    .thread T_2;
    .scope S_0x562ea0a78a20;
T_3 ;
    %wait E_0x562ea0a78cd0;
    %load/vec4 v0x562ea0a794a0_0;
    %cmpi/e 1, 0, 1;
    %jmp/0xz  T_3.0, 4;
    %delay 2, 0;
    %pushi/vec4 0, 0, 32;
    %store/vec4 v0x562ea0a79b40_0, 0, 32;
T_3.2 ;
    %load/vec4 v0x562ea0a79b40_0;
    %cmpi/s 8, 0, 32;
    %jmp/0xz T_3.3, 5;
    %pushi/vec4 0, 0, 8;
    %ix/getv/s 4, v0x562ea0a79b40_0;
    %store/vec4a v0x562ea0a793e0, 4, 0;
    %load/vec4 v0x562ea0a79b40_0;
    %pushi/vec4 1, 0, 32;
    %add;
    %store/vec4 v0x562ea0a79b40_0, 0, 32;
    %jmp T_3.2;
T_3.3 ;
T_3.0 ;
    %jmp T_3;
    .thread T_3, $push;
    .scope S_0x562ea0a79d40;
T_4 ;
    %wait E_0x562ea0a79f20;
    %load/vec4 v0x562ea0a79fa0_0;
    %inv;
    %addi 1, 0, 8;
    %store/vec4 v0x562ea0a7a080_0, 0, 8;
    %jmp T_4;
    .thread T_4, $push;
    .scope S_0x562ea0a759d0;
T_5 ;
    %wait E_0x562ea0a43c70;
    %load/vec4 v0x562ea0a75ec0_0;
    %cmpi/e 0, 0, 1;
    %jmp/0xz  T_5.0, 4;
    %load/vec4 v0x562ea0a75be0_0;
    %store/vec4 v0x562ea0a75dc0_0, 0, 8;
    %jmp T_5.1;
T_5.0 ;
    %load/vec4 v0x562ea0a75ce0_0;
    %store/vec4 v0x562ea0a75dc0_0, 0, 8;
T_5.1 ;
    %jmp T_5;
    .thread T_5, $push;
    .scope S_0x562ea0a74dc0;
T_6 ;
    %wait E_0x562ea0a2d8d0;
    %load/vec4 v0x562ea0a75250_0;
    %cmpi/e 0, 0, 1;
    %jmp/0xz  T_6.0, 4;
    %load/vec4 v0x562ea0a74fb0_0;
    %store/vec4 v0x562ea0a75190_0, 0, 8;
    %jmp T_6.1;
T_6.0 ;
    %load/vec4 v0x562ea0a750b0_0;
    %store/vec4 v0x562ea0a75190_0, 0, 8;
T_6.1 ;
    %jmp T_6;
    .thread T_6, $push;
    .scope S_0x562ea0a75390;
T_7 ;
    %wait E_0x562ea0a43b30;
    %load/vec4 v0x562ea0a75860_0;
    %cmpi/e 0, 0, 1;
    %jmp/0xz  T_7.0, 4;
    %load/vec4 v0x562ea0a755b0_0;
    %store/vec4 v0x562ea0a75790_0, 0, 32;
    %jmp T_7.1;
T_7.0 ;
    %load/vec4 v0x562ea0a756c0_0;
    %store/vec4 v0x562ea0a75790_0, 0, 32;
T_7.1 ;
    %jmp T_7;
    .thread T_7, $push;
    .scope S_0x562ea0a76630;
T_8 ;
    %wait E_0x562ea0a57b10;
    %load/vec4 v0x562ea0a76bf0_0;
    %dup/vec4;
    %pushi/vec4 0, 0, 3;
    %cmp/u;
    %jmp/1 T_8.0, 6;
    %dup/vec4;
    %pushi/vec4 1, 0, 3;
    %cmp/u;
    %jmp/1 T_8.1, 6;
    %dup/vec4;
    %pushi/vec4 2, 0, 3;
    %cmp/u;
    %jmp/1 T_8.2, 6;
    %dup/vec4;
    %pushi/vec4 3, 0, 3;
    %cmp/u;
    %jmp/1 T_8.3, 6;
    %pushi/vec4 0, 0, 8;
    %store/vec4 v0x562ea0a76b30_0, 0, 8;
    %jmp T_8.5;
T_8.0 ;
    %delay 1, 0;
    %load/vec4 v0x562ea0a76a60_0;
    %store/vec4 v0x562ea0a76b30_0, 0, 8;
    %jmp T_8.5;
T_8.1 ;
    %delay 2, 0;
    %load/vec4 v0x562ea0a76980_0;
    %load/vec4 v0x562ea0a76a60_0;
    %add;
    %store/vec4 v0x562ea0a76b30_0, 0, 8;
    %jmp T_8.5;
T_8.2 ;
    %delay 1, 0;
    %load/vec4 v0x562ea0a76980_0;
    %load/vec4 v0x562ea0a76a60_0;
    %and;
    %store/vec4 v0x562ea0a76b30_0, 0, 8;
    %jmp T_8.5;
T_8.3 ;
    %delay 1, 0;
    %load/vec4 v0x562ea0a76980_0;
    %load/vec4 v0x562ea0a76a60_0;
    %or;
    %store/vec4 v0x562ea0a76b30_0, 0, 8;
    %jmp T_8.5;
T_8.5 ;
    %pop/vec4 1;
    %jmp T_8;
    .thread T_8, $push;
    .scope S_0x562ea0a76010;
T_9 ;
    %wait E_0x562ea0a43ee0;
    %delay 2, 0;
    %load/vec4 v0x562ea0a762e0_0;
    %load/vec4 v0x562ea0a763e0_0;
    %add;
    %store/vec4 v0x562ea0a764c0_0, 0, 32;
    %jmp T_9;
    .thread T_9, $push;
    .scope S_0x562ea0a57640;
T_10 ;
    %wait E_0x562ea0a2dae0;
    %delay 2, 0;
    %load/vec4 v0x562ea0a57de0_0;
    %load/vec4 v0x562ea0a58290_0;
    %add;
    %store/vec4 v0x562ea0a74c80_0, 0, 32;
    %jmp T_10;
    .thread T_10, $push;
    .scope S_0x562ea0a573c0;
T_11 ;
    %wait E_0x562ea0a78d50;
    %load/vec4 v0x562ea0a7ae00_0;
    %cmpi/e 1, 0, 1;
    %jmp/0xz  T_11.0, 4;
    %pushi/vec4 4294967292, 0, 32;
    %store/vec4 v0x562ea0a7a9a0_0, 0, 32;
    %jmp T_11.1;
T_11.0 ;
    %delay 1, 0;
    %load/vec4 v0x562ea0a7abd0_0;
    %store/vec4 v0x562ea0a7a9a0_0, 0, 32;
T_11.1 ;
    %jmp T_11;
    .thread T_11;
    .scope S_0x562ea0a573c0;
T_12 ;
    %wait E_0x562ea0a78150;
    %load/vec4 v0x562ea0a7ae00_0;
    %cmpi/e 1, 0, 1;
    %jmp/0xz  T_12.0, 4;
    %pushi/vec4 4294967292, 0, 32;
    %store/vec4 v0x562ea0a7a9a0_0, 0, 32;
T_12.0 ;
    %jmp T_12;
    .thread T_12, $push;
# The file index is used to find the file name in the following table.
:file_names 10;
    "N/A";
    "<interactive>";
    "cpu.v";
    "./adder.v";
    "./mux2to1_8bit.v";
    "./mux2to1_32bit.v";
    "./alu.v";
    "./control_unit.v";
    "./reg_file.v";
    "./twosComp.v";
