#! /usr/bin/vvp
:ivl_version "10.3 (stable)";
:ivl_delay_selection "TYPICAL";
:vpi_time_precision + 0;
:vpi_module "system";
:vpi_module "vhdl_sys";
:vpi_module "v2005_math";
:vpi_module "va_math";
S_0x5625c18a90d0 .scope module, "mux2to1" "mux2to1" 2 6;
 .timescale 0 0;
    .port_info 0 /INPUT 8 "INPUT1"
    .port_info 1 /INPUT 8 "INPUT2"
    .port_info 2 /OUTPUT 8 "RESULT"
    .port_info 3 /INPUT 1 "SELECT"
o0x7fe3c616f018 .functor BUFZ 8, C4<zzzzzzzz>; HiZ drive
v0x5625c18a92e0_0 .net "INPUT1", 7 0, o0x7fe3c616f018;  0 drivers
o0x7fe3c616f048 .functor BUFZ 8, C4<zzzzzzzz>; HiZ drive
v0x5625c18ebeb0_0 .net "INPUT2", 7 0, o0x7fe3c616f048;  0 drivers
v0x5625c18ebf90_0 .var "RESULT", 7 0;
o0x7fe3c616f0a8 .functor BUFZ 1, C4<z>; HiZ drive
v0x5625c18ec050_0 .net "SELECT", 0 0, o0x7fe3c616f0a8;  0 drivers
E_0x5625c18de530 .event edge, v0x5625c18ec050_0, v0x5625c18a92e0_0, v0x5625c18ebeb0_0;
    .scope S_0x5625c18a90d0;
T_0 ;
    %wait E_0x5625c18de530;
    %load/vec4 v0x5625c18ec050_0;
    %cmpi/e 0, 0, 1;
    %jmp/0xz  T_0.0, 4;
    %load/vec4 v0x5625c18a92e0_0;
    %store/vec4 v0x5625c18ebf90_0, 0, 8;
    %jmp T_0.1;
T_0.0 ;
    %load/vec4 v0x5625c18ebeb0_0;
    %store/vec4 v0x5625c18ebf90_0, 0, 8;
T_0.1 ;
    %jmp T_0;
    .thread T_0, $push;
# The file index is used to find the file name in the following table.
:file_names 3;
    "N/A";
    "<interactive>";
    "mux2to1_32bit.v";
