#! /usr/bin/vvp
:ivl_version "10.3 (stable)";
:ivl_delay_selection "TYPICAL";
:vpi_time_precision + 0;
:vpi_module "system";
:vpi_module "vhdl_sys";
:vpi_module "v2005_math";
:vpi_module "va_math";
S_0x56196653bf10 .scope module, "alu" "alu" 2 8;
 .timescale 0 0;
    .port_info 0 /INPUT 8 "DATA1"
    .port_info 1 /INPUT 8 "DATA2"
    .port_info 2 /OUTPUT 8 "RESULT"
    .port_info 3 /INPUT 3 "SELECT"
    .port_info 4 /OUTPUT 1 "COMP"
L_0x56196657fa60 .functor OR 1, L_0x561966583550, L_0x5619665835f0, C4<0>, C4<0>;
L_0x561966583820 .functor OR 1, L_0x56196657fa60, L_0x561966583780, C4<0>, C4<0>;
L_0x5619665839d0 .functor OR 1, L_0x561966583820, L_0x561966583930, C4<0>, C4<0>;
L_0x561966583b30 .functor OR 1, L_0x5619665839d0, L_0x561966583a90, C4<0>, C4<0>;
L_0x561966583d50 .functor OR 1, L_0x561966583b30, L_0x561966583c70, C4<0>, C4<0>;
L_0x561966583f00 .functor OR 1, L_0x561966583d50, L_0x561966583e60, C4<0>, C4<0>;
L_0x561966584050 .functor NOT 1, L_0x561966583f00, C4<0>, C4<0>, C4<0>;
v0x56196657de70_0 .net "COMP", 0 0, L_0x561966584050;  1 drivers
o0x7fb2f8786018 .functor BUFZ 8, C4<zzzzzzzz>; HiZ drive
v0x56196657df30_0 .net "DATA1", 7 0, o0x7fb2f8786018;  0 drivers
o0x7fb2f8786048 .functor BUFZ 8, C4<zzzzzzzz>; HiZ drive
v0x56196657dff0_0 .net "DATA2", 7 0, o0x7fb2f8786048;  0 drivers
v0x56196657e090_0 .net "MULRESULT", 7 0, v0x5619665797f0_0;  1 drivers
v0x56196657e130_0 .var "RESULT", 7 0;
o0x7fb2f8787098 .functor BUFZ 3, C4<zzz>; HiZ drive
v0x56196657e1d0_0 .net "SELECT", 2 0, o0x7fb2f8787098;  0 drivers
v0x56196657e2b0_0 .net *"_s1", 0 0, L_0x561966583550;  1 drivers
v0x56196657e390_0 .net *"_s11", 0 0, L_0x561966583930;  1 drivers
v0x56196657e470_0 .net *"_s12", 0 0, L_0x5619665839d0;  1 drivers
v0x56196657e550_0 .net *"_s15", 0 0, L_0x561966583a90;  1 drivers
v0x56196657e630_0 .net *"_s16", 0 0, L_0x561966583b30;  1 drivers
v0x56196657e710_0 .net *"_s19", 0 0, L_0x561966583c70;  1 drivers
v0x56196657e7f0_0 .net *"_s20", 0 0, L_0x561966583d50;  1 drivers
v0x56196657e8d0_0 .net *"_s23", 0 0, L_0x561966583e60;  1 drivers
v0x56196657e9b0_0 .net *"_s24", 0 0, L_0x561966583f00;  1 drivers
v0x56196657ea90_0 .net *"_s3", 0 0, L_0x5619665835f0;  1 drivers
v0x56196657eb70_0 .net *"_s4", 0 0, L_0x56196657fa60;  1 drivers
v0x56196657ec50_0 .net *"_s7", 0 0, L_0x561966583780;  1 drivers
v0x56196657ed30_0 .net *"_s8", 0 0, L_0x561966583820;  1 drivers
E_0x56196654b3a0 .event edge, v0x56196657e1d0_0, v0x561966578fe0_0, v0x56196650b330_0, v0x5619665797f0_0;
L_0x561966583550 .part v0x56196657e130_0, 7, 1;
L_0x5619665835f0 .part v0x56196657e130_0, 6, 1;
L_0x561966583780 .part v0x56196657e130_0, 5, 1;
L_0x561966583930 .part v0x56196657e130_0, 4, 1;
L_0x561966583a90 .part v0x56196657e130_0, 3, 1;
L_0x561966583c70 .part v0x56196657e130_0, 2, 1;
L_0x561966583e60 .part v0x56196657e130_0, 1, 1;
S_0x56196650b070 .scope module, "mul" "multiplier" 2 19, 3 6 0, S_0x56196653bf10;
 .timescale 0 0;
    .port_info 0 /INPUT 8 "DATA1"
    .port_info 1 /INPUT 8 "DATA2"
    .port_info 2 /OUTPUT 8 "RESULT"
v0x56196650b330_0 .net "DATA1", 7 0, o0x7fb2f8786018;  alias, 0 drivers
v0x561966578fe0_0 .net "DATA2", 7 0, o0x7fb2f8786048;  alias, 0 drivers
v0x5619665790c0_0 .var "RES0", 7 0;
v0x561966579180_0 .var "RES1", 7 0;
v0x561966579260_0 .var "RES2", 7 0;
v0x561966579390_0 .var "RES3", 7 0;
v0x561966579470_0 .var "RES4", 7 0;
v0x561966579550_0 .var "RES5", 7 0;
v0x561966579630_0 .var "RES6", 7 0;
v0x561966579710_0 .var "RES7", 7 0;
v0x5619665797f0_0 .var "RESULT", 7 0;
v0x5619665798d0_0 .net "SHIFT0", 7 0, L_0x56196657f4d0;  1 drivers
v0x5619665799b0_0 .net "SHIFT1", 7 0, L_0x56196657fe60;  1 drivers
v0x561966579a90_0 .net "SHIFT2", 7 0, L_0x561966580710;  1 drivers
v0x561966579b70_0 .net "SHIFT3", 7 0, L_0x5619665810c0;  1 drivers
v0x561966579c50_0 .net "SHIFT4", 7 0, L_0x5619665819e0;  1 drivers
v0x561966579d30_0 .net "SHIFT5", 7 0, L_0x5619665824f0;  1 drivers
v0x561966579e10_0 .net "SHIFT6", 7 0, L_0x561966582aa0;  1 drivers
v0x561966579ef0_0 .net "SHIFT7", 7 0, L_0x561966583040;  1 drivers
v0x561966579fd0_0 .net *"_s1", 0 0, L_0x56196657eeb0;  1 drivers
L_0x7fb2f873d378 .functor BUFT 1, C4<0>, C4<0>, C4<0>, C4<0>;
v0x56196657a0b0_0 .net/2u *"_s100", 0 0, L_0x7fb2f873d378;  1 drivers
L_0x7fb2f873d3c0 .functor BUFT 1, C4<0>, C4<0>, C4<0>, C4<0>;
v0x56196657a190_0 .net/2u *"_s102", 0 0, L_0x7fb2f873d3c0;  1 drivers
L_0x7fb2f873d408 .functor BUFT 1, C4<0>, C4<0>, C4<0>, C4<0>;
v0x56196657a270_0 .net/2u *"_s104", 0 0, L_0x7fb2f873d408;  1 drivers
v0x56196657a350_0 .net *"_s109", 0 0, L_0x561966582810;  1 drivers
v0x56196657a430_0 .net *"_s11", 0 0, L_0x56196657f200;  1 drivers
v0x56196657a510_0 .net *"_s111", 0 0, L_0x561966582a00;  1 drivers
L_0x7fb2f873d450 .functor BUFT 1, C4<0>, C4<0>, C4<0>, C4<0>;
v0x56196657a5f0_0 .net/2u *"_s112", 0 0, L_0x7fb2f873d450;  1 drivers
L_0x7fb2f873d498 .functor BUFT 1, C4<0>, C4<0>, C4<0>, C4<0>;
v0x56196657a6d0_0 .net/2u *"_s114", 0 0, L_0x7fb2f873d498;  1 drivers
L_0x7fb2f873d4e0 .functor BUFT 1, C4<0>, C4<0>, C4<0>, C4<0>;
v0x56196657a7b0_0 .net/2u *"_s116", 0 0, L_0x7fb2f873d4e0;  1 drivers
L_0x7fb2f873d528 .functor BUFT 1, C4<0>, C4<0>, C4<0>, C4<0>;
v0x56196657a890_0 .net/2u *"_s118", 0 0, L_0x7fb2f873d528;  1 drivers
L_0x7fb2f873d570 .functor BUFT 1, C4<0>, C4<0>, C4<0>, C4<0>;
v0x56196657a970_0 .net/2u *"_s120", 0 0, L_0x7fb2f873d570;  1 drivers
L_0x7fb2f873d5b8 .functor BUFT 1, C4<0>, C4<0>, C4<0>, C4<0>;
v0x56196657aa50_0 .net/2u *"_s122", 0 0, L_0x7fb2f873d5b8;  1 drivers
v0x56196657ab30_0 .net *"_s127", 0 0, L_0x561966582fa0;  1 drivers
L_0x7fb2f873d600 .functor BUFT 1, C4<0>, C4<0>, C4<0>, C4<0>;
v0x56196657ae20_0 .net/2u *"_s128", 0 0, L_0x7fb2f873d600;  1 drivers
v0x56196657af00_0 .net *"_s13", 0 0, L_0x56196657f310;  1 drivers
L_0x7fb2f873d648 .functor BUFT 1, C4<0>, C4<0>, C4<0>, C4<0>;
v0x56196657afe0_0 .net/2u *"_s130", 0 0, L_0x7fb2f873d648;  1 drivers
L_0x7fb2f873d690 .functor BUFT 1, C4<0>, C4<0>, C4<0>, C4<0>;
v0x56196657b0c0_0 .net/2u *"_s132", 0 0, L_0x7fb2f873d690;  1 drivers
L_0x7fb2f873d6d8 .functor BUFT 1, C4<0>, C4<0>, C4<0>, C4<0>;
v0x56196657b1a0_0 .net/2u *"_s134", 0 0, L_0x7fb2f873d6d8;  1 drivers
L_0x7fb2f873d720 .functor BUFT 1, C4<0>, C4<0>, C4<0>, C4<0>;
v0x56196657b280_0 .net/2u *"_s136", 0 0, L_0x7fb2f873d720;  1 drivers
L_0x7fb2f873d768 .functor BUFT 1, C4<0>, C4<0>, C4<0>, C4<0>;
v0x56196657b360_0 .net/2u *"_s138", 0 0, L_0x7fb2f873d768;  1 drivers
L_0x7fb2f873d7b0 .functor BUFT 1, C4<0>, C4<0>, C4<0>, C4<0>;
v0x56196657b440_0 .net/2u *"_s140", 0 0, L_0x7fb2f873d7b0;  1 drivers
v0x56196657b520_0 .net *"_s15", 0 0, L_0x56196657f3b0;  1 drivers
v0x56196657b600_0 .net *"_s19", 0 0, L_0x56196657f820;  1 drivers
v0x56196657b6e0_0 .net *"_s21", 0 0, L_0x56196657f920;  1 drivers
v0x56196657b7c0_0 .net *"_s23", 0 0, L_0x56196657f9c0;  1 drivers
v0x56196657b8a0_0 .net *"_s25", 0 0, L_0x56196657fad0;  1 drivers
v0x56196657b980_0 .net *"_s27", 0 0, L_0x56196657fb70;  1 drivers
v0x56196657ba60_0 .net *"_s29", 0 0, L_0x56196657fc90;  1 drivers
v0x56196657bb40_0 .net *"_s3", 0 0, L_0x56196657ef50;  1 drivers
v0x56196657bc20_0 .net *"_s31", 0 0, L_0x56196657fd30;  1 drivers
L_0x7fb2f873d018 .functor BUFT 1, C4<0>, C4<0>, C4<0>, C4<0>;
v0x56196657bd00_0 .net/2u *"_s32", 0 0, L_0x7fb2f873d018;  1 drivers
v0x56196657bde0_0 .net *"_s37", 0 0, L_0x5619665801b0;  1 drivers
v0x56196657bec0_0 .net *"_s39", 0 0, L_0x5619665802f0;  1 drivers
v0x56196657bfa0_0 .net *"_s41", 0 0, L_0x561966580390;  1 drivers
v0x56196657c080_0 .net *"_s43", 0 0, L_0x561966580250;  1 drivers
v0x56196657c160_0 .net *"_s45", 0 0, L_0x5619665804e0;  1 drivers
v0x56196657c240_0 .net *"_s47", 0 0, L_0x561966580640;  1 drivers
L_0x7fb2f873d060 .functor BUFT 1, C4<0>, C4<0>, C4<0>, C4<0>;
v0x56196657c320_0 .net/2u *"_s48", 0 0, L_0x7fb2f873d060;  1 drivers
v0x56196657c400_0 .net *"_s5", 0 0, L_0x56196657eff0;  1 drivers
L_0x7fb2f873d0a8 .functor BUFT 1, C4<0>, C4<0>, C4<0>, C4<0>;
v0x56196657c4e0_0 .net/2u *"_s50", 0 0, L_0x7fb2f873d0a8;  1 drivers
v0x56196657c5c0_0 .net *"_s55", 0 0, L_0x561966580b80;  1 drivers
v0x56196657c6a0_0 .net *"_s57", 0 0, L_0x561966580c20;  1 drivers
v0x56196657c780_0 .net *"_s59", 0 0, L_0x561966580da0;  1 drivers
v0x56196657c860_0 .net *"_s61", 0 0, L_0x561966580e40;  1 drivers
v0x56196657c940_0 .net *"_s63", 0 0, L_0x561966580fd0;  1 drivers
L_0x7fb2f873d0f0 .functor BUFT 1, C4<0>, C4<0>, C4<0>, C4<0>;
v0x56196657ce30_0 .net/2u *"_s64", 0 0, L_0x7fb2f873d0f0;  1 drivers
L_0x7fb2f873d138 .functor BUFT 1, C4<0>, C4<0>, C4<0>, C4<0>;
v0x56196657cf10_0 .net/2u *"_s66", 0 0, L_0x7fb2f873d138;  1 drivers
L_0x7fb2f873d180 .functor BUFT 1, C4<0>, C4<0>, C4<0>, C4<0>;
v0x56196657cff0_0 .net/2u *"_s68", 0 0, L_0x7fb2f873d180;  1 drivers
v0x56196657d0d0_0 .net *"_s7", 0 0, L_0x56196657f090;  1 drivers
v0x56196657d1b0_0 .net *"_s73", 0 0, L_0x561966581530;  1 drivers
v0x56196657d290_0 .net *"_s75", 0 0, L_0x5619665815d0;  1 drivers
v0x56196657d370_0 .net *"_s77", 0 0, L_0x561966581780;  1 drivers
v0x56196657d450_0 .net *"_s79", 0 0, L_0x561966581820;  1 drivers
L_0x7fb2f873d1c8 .functor BUFT 1, C4<0>, C4<0>, C4<0>, C4<0>;
v0x56196657d530_0 .net/2u *"_s80", 0 0, L_0x7fb2f873d1c8;  1 drivers
L_0x7fb2f873d210 .functor BUFT 1, C4<0>, C4<0>, C4<0>, C4<0>;
v0x56196657d610_0 .net/2u *"_s82", 0 0, L_0x7fb2f873d210;  1 drivers
L_0x7fb2f873d258 .functor BUFT 1, C4<0>, C4<0>, C4<0>, C4<0>;
v0x56196657d6f0_0 .net/2u *"_s84", 0 0, L_0x7fb2f873d258;  1 drivers
L_0x7fb2f873d2a0 .functor BUFT 1, C4<0>, C4<0>, C4<0>, C4<0>;
v0x56196657d7d0_0 .net/2u *"_s86", 0 0, L_0x7fb2f873d2a0;  1 drivers
v0x56196657d8b0_0 .net *"_s9", 0 0, L_0x56196657f160;  1 drivers
v0x56196657d990_0 .net *"_s91", 0 0, L_0x561966581d30;  1 drivers
v0x56196657da70_0 .net *"_s93", 0 0, L_0x5619665818c0;  1 drivers
v0x56196657db50_0 .net *"_s95", 0 0, L_0x561966582310;  1 drivers
L_0x7fb2f873d2e8 .functor BUFT 1, C4<0>, C4<0>, C4<0>, C4<0>;
v0x56196657dc30_0 .net/2u *"_s96", 0 0, L_0x7fb2f873d2e8;  1 drivers
L_0x7fb2f873d330 .functor BUFT 1, C4<0>, C4<0>, C4<0>, C4<0>;
v0x56196657dd10_0 .net/2u *"_s98", 0 0, L_0x7fb2f873d330;  1 drivers
E_0x56196654bcd0/0 .event edge, v0x5619665790c0_0, v0x561966579180_0, v0x561966579260_0, v0x561966579390_0;
E_0x56196654bcd0/1 .event edge, v0x561966579470_0, v0x561966579550_0, v0x561966579630_0, v0x561966579710_0;
E_0x56196654bcd0 .event/or E_0x56196654bcd0/0, E_0x56196654bcd0/1;
E_0x56196654b7f0/0 .event edge, v0x561966578fe0_0, v0x5619665798d0_0, v0x5619665799b0_0, v0x561966579a90_0;
E_0x56196654b7f0/1 .event edge, v0x561966579b70_0, v0x561966579c50_0, v0x561966579d30_0, v0x561966579e10_0;
E_0x56196654b7f0/2 .event edge, v0x561966579ef0_0;
E_0x56196654b7f0 .event/or E_0x56196654b7f0/0, E_0x56196654b7f0/1, E_0x56196654b7f0/2;
L_0x56196657eeb0 .part o0x7fb2f8786018, 7, 1;
L_0x56196657ef50 .part o0x7fb2f8786018, 6, 1;
L_0x56196657eff0 .part o0x7fb2f8786018, 5, 1;
L_0x56196657f090 .part o0x7fb2f8786018, 4, 1;
L_0x56196657f160 .part o0x7fb2f8786018, 3, 1;
L_0x56196657f200 .part o0x7fb2f8786018, 2, 1;
L_0x56196657f310 .part o0x7fb2f8786018, 1, 1;
L_0x56196657f3b0 .part o0x7fb2f8786018, 0, 1;
LS_0x56196657f4d0_0_0 .concat [ 1 1 1 1], L_0x56196657f3b0, L_0x56196657f310, L_0x56196657f200, L_0x56196657f160;
LS_0x56196657f4d0_0_4 .concat [ 1 1 1 1], L_0x56196657f090, L_0x56196657eff0, L_0x56196657ef50, L_0x56196657eeb0;
L_0x56196657f4d0 .concat [ 4 4 0 0], LS_0x56196657f4d0_0_0, LS_0x56196657f4d0_0_4;
L_0x56196657f820 .part o0x7fb2f8786018, 6, 1;
L_0x56196657f920 .part o0x7fb2f8786018, 5, 1;
L_0x56196657f9c0 .part o0x7fb2f8786018, 4, 1;
L_0x56196657fad0 .part o0x7fb2f8786018, 3, 1;
L_0x56196657fb70 .part o0x7fb2f8786018, 2, 1;
L_0x56196657fc90 .part o0x7fb2f8786018, 1, 1;
L_0x56196657fd30 .part o0x7fb2f8786018, 0, 1;
LS_0x56196657fe60_0_0 .concat [ 1 1 1 1], L_0x7fb2f873d018, L_0x56196657fd30, L_0x56196657fc90, L_0x56196657fb70;
LS_0x56196657fe60_0_4 .concat [ 1 1 1 1], L_0x56196657fad0, L_0x56196657f9c0, L_0x56196657f920, L_0x56196657f820;
L_0x56196657fe60 .concat [ 4 4 0 0], LS_0x56196657fe60_0_0, LS_0x56196657fe60_0_4;
L_0x5619665801b0 .part o0x7fb2f8786018, 5, 1;
L_0x5619665802f0 .part o0x7fb2f8786018, 4, 1;
L_0x561966580390 .part o0x7fb2f8786018, 3, 1;
L_0x561966580250 .part o0x7fb2f8786018, 2, 1;
L_0x5619665804e0 .part o0x7fb2f8786018, 1, 1;
L_0x561966580640 .part o0x7fb2f8786018, 0, 1;
LS_0x561966580710_0_0 .concat [ 1 1 1 1], L_0x7fb2f873d0a8, L_0x7fb2f873d060, L_0x561966580640, L_0x5619665804e0;
LS_0x561966580710_0_4 .concat [ 1 1 1 1], L_0x561966580250, L_0x561966580390, L_0x5619665802f0, L_0x5619665801b0;
L_0x561966580710 .concat [ 4 4 0 0], LS_0x561966580710_0_0, LS_0x561966580710_0_4;
L_0x561966580b80 .part o0x7fb2f8786018, 4, 1;
L_0x561966580c20 .part o0x7fb2f8786018, 3, 1;
L_0x561966580da0 .part o0x7fb2f8786018, 2, 1;
L_0x561966580e40 .part o0x7fb2f8786018, 1, 1;
L_0x561966580fd0 .part o0x7fb2f8786018, 0, 1;
LS_0x5619665810c0_0_0 .concat [ 1 1 1 1], L_0x7fb2f873d180, L_0x7fb2f873d138, L_0x7fb2f873d0f0, L_0x561966580fd0;
LS_0x5619665810c0_0_4 .concat [ 1 1 1 1], L_0x561966580e40, L_0x561966580da0, L_0x561966580c20, L_0x561966580b80;
L_0x5619665810c0 .concat [ 4 4 0 0], LS_0x5619665810c0_0_0, LS_0x5619665810c0_0_4;
L_0x561966581530 .part o0x7fb2f8786018, 3, 1;
L_0x5619665815d0 .part o0x7fb2f8786018, 2, 1;
L_0x561966581780 .part o0x7fb2f8786018, 1, 1;
L_0x561966581820 .part o0x7fb2f8786018, 0, 1;
LS_0x5619665819e0_0_0 .concat [ 1 1 1 1], L_0x7fb2f873d2a0, L_0x7fb2f873d258, L_0x7fb2f873d210, L_0x7fb2f873d1c8;
LS_0x5619665819e0_0_4 .concat [ 1 1 1 1], L_0x561966581820, L_0x561966581780, L_0x5619665815d0, L_0x561966581530;
L_0x5619665819e0 .concat [ 4 4 0 0], LS_0x5619665819e0_0_0, LS_0x5619665819e0_0_4;
L_0x561966581d30 .part o0x7fb2f8786018, 2, 1;
L_0x5619665818c0 .part o0x7fb2f8786018, 1, 1;
L_0x561966582310 .part o0x7fb2f8786018, 0, 1;
LS_0x5619665824f0_0_0 .concat [ 1 1 1 1], L_0x7fb2f873d408, L_0x7fb2f873d3c0, L_0x7fb2f873d378, L_0x7fb2f873d330;
LS_0x5619665824f0_0_4 .concat [ 1 1 1 1], L_0x7fb2f873d2e8, L_0x561966582310, L_0x5619665818c0, L_0x561966581d30;
L_0x5619665824f0 .concat [ 4 4 0 0], LS_0x5619665824f0_0_0, LS_0x5619665824f0_0_4;
L_0x561966582810 .part o0x7fb2f8786018, 1, 1;
L_0x561966582a00 .part o0x7fb2f8786018, 0, 1;
LS_0x561966582aa0_0_0 .concat [ 1 1 1 1], L_0x7fb2f873d5b8, L_0x7fb2f873d570, L_0x7fb2f873d528, L_0x7fb2f873d4e0;
LS_0x561966582aa0_0_4 .concat [ 1 1 1 1], L_0x7fb2f873d498, L_0x7fb2f873d450, L_0x561966582a00, L_0x561966582810;
L_0x561966582aa0 .concat [ 4 4 0 0], LS_0x561966582aa0_0_0, LS_0x561966582aa0_0_4;
L_0x561966582fa0 .part o0x7fb2f8786018, 0, 1;
LS_0x561966583040_0_0 .concat [ 1 1 1 1], L_0x7fb2f873d7b0, L_0x7fb2f873d768, L_0x7fb2f873d720, L_0x7fb2f873d6d8;
LS_0x561966583040_0_4 .concat [ 1 1 1 1], L_0x7fb2f873d690, L_0x7fb2f873d648, L_0x7fb2f873d600, L_0x561966582fa0;
L_0x561966583040 .concat [ 4 4 0 0], LS_0x561966583040_0_0, LS_0x561966583040_0_4;
    .scope S_0x56196650b070;
T_0 ;
    %wait E_0x56196654b7f0;
    %load/vec4 v0x561966578fe0_0;
    %parti/s 1, 0, 2;
    %flag_set/vec4 8;
    %jmp/0xz  T_0.0, 8;
    %load/vec4 v0x5619665798d0_0;
    %store/vec4 v0x5619665790c0_0, 0, 8;
    %jmp T_0.1;
T_0.0 ;
    %pushi/vec4 0, 0, 8;
    %store/vec4 v0x5619665790c0_0, 0, 8;
T_0.1 ;
    %load/vec4 v0x561966578fe0_0;
    %parti/s 1, 1, 2;
    %flag_set/vec4 8;
    %jmp/0xz  T_0.2, 8;
    %load/vec4 v0x5619665799b0_0;
    %store/vec4 v0x561966579180_0, 0, 8;
    %jmp T_0.3;
T_0.2 ;
    %pushi/vec4 0, 0, 8;
    %store/vec4 v0x561966579180_0, 0, 8;
T_0.3 ;
    %load/vec4 v0x561966578fe0_0;
    %parti/s 1, 2, 3;
    %flag_set/vec4 8;
    %jmp/0xz  T_0.4, 8;
    %load/vec4 v0x561966579a90_0;
    %store/vec4 v0x561966579260_0, 0, 8;
    %jmp T_0.5;
T_0.4 ;
    %pushi/vec4 0, 0, 8;
    %store/vec4 v0x561966579260_0, 0, 8;
T_0.5 ;
    %load/vec4 v0x561966578fe0_0;
    %parti/s 1, 3, 3;
    %flag_set/vec4 8;
    %jmp/0xz  T_0.6, 8;
    %load/vec4 v0x561966579b70_0;
    %store/vec4 v0x561966579390_0, 0, 8;
    %jmp T_0.7;
T_0.6 ;
    %pushi/vec4 0, 0, 8;
    %store/vec4 v0x561966579390_0, 0, 8;
T_0.7 ;
    %load/vec4 v0x561966578fe0_0;
    %parti/s 1, 4, 4;
    %flag_set/vec4 8;
    %jmp/0xz  T_0.8, 8;
    %load/vec4 v0x561966579c50_0;
    %store/vec4 v0x561966579470_0, 0, 8;
    %jmp T_0.9;
T_0.8 ;
    %pushi/vec4 0, 0, 8;
    %store/vec4 v0x561966579470_0, 0, 8;
T_0.9 ;
    %load/vec4 v0x561966578fe0_0;
    %parti/s 1, 5, 4;
    %flag_set/vec4 8;
    %jmp/0xz  T_0.10, 8;
    %load/vec4 v0x561966579d30_0;
    %store/vec4 v0x561966579550_0, 0, 8;
    %jmp T_0.11;
T_0.10 ;
    %pushi/vec4 0, 0, 8;
    %store/vec4 v0x561966579550_0, 0, 8;
T_0.11 ;
    %load/vec4 v0x561966578fe0_0;
    %parti/s 1, 6, 4;
    %flag_set/vec4 8;
    %jmp/0xz  T_0.12, 8;
    %load/vec4 v0x561966579e10_0;
    %store/vec4 v0x561966579630_0, 0, 8;
    %jmp T_0.13;
T_0.12 ;
    %pushi/vec4 0, 0, 8;
    %store/vec4 v0x561966579630_0, 0, 8;
T_0.13 ;
    %load/vec4 v0x561966578fe0_0;
    %parti/s 1, 7, 4;
    %flag_set/vec4 8;
    %jmp/0xz  T_0.14, 8;
    %load/vec4 v0x561966579ef0_0;
    %store/vec4 v0x561966579710_0, 0, 8;
    %jmp T_0.15;
T_0.14 ;
    %pushi/vec4 0, 0, 8;
    %store/vec4 v0x561966579710_0, 0, 8;
T_0.15 ;
    %jmp T_0;
    .thread T_0, $push;
    .scope S_0x56196650b070;
T_1 ;
    %wait E_0x56196654bcd0;
    %load/vec4 v0x5619665790c0_0;
    %load/vec4 v0x561966579180_0;
    %add;
    %load/vec4 v0x561966579260_0;
    %add;
    %load/vec4 v0x561966579390_0;
    %add;
    %load/vec4 v0x561966579470_0;
    %add;
    %load/vec4 v0x561966579550_0;
    %add;
    %load/vec4 v0x561966579630_0;
    %add;
    %load/vec4 v0x561966579710_0;
    %add;
    %store/vec4 v0x5619665797f0_0, 0, 8;
    %jmp T_1;
    .thread T_1, $push;
    .scope S_0x56196653bf10;
T_2 ;
    %wait E_0x56196654b3a0;
    %load/vec4 v0x56196657e1d0_0;
    %dup/vec4;
    %pushi/vec4 0, 0, 3;
    %cmp/u;
    %jmp/1 T_2.0, 6;
    %dup/vec4;
    %pushi/vec4 1, 0, 3;
    %cmp/u;
    %jmp/1 T_2.1, 6;
    %dup/vec4;
    %pushi/vec4 2, 0, 3;
    %cmp/u;
    %jmp/1 T_2.2, 6;
    %dup/vec4;
    %pushi/vec4 3, 0, 3;
    %cmp/u;
    %jmp/1 T_2.3, 6;
    %dup/vec4;
    %pushi/vec4 4, 0, 3;
    %cmp/u;
    %jmp/1 T_2.4, 6;
    %pushi/vec4 0, 0, 8;
    %store/vec4 v0x56196657e130_0, 0, 8;
    %jmp T_2.6;
T_2.0 ;
    %delay 1, 0;
    %load/vec4 v0x56196657dff0_0;
    %store/vec4 v0x56196657e130_0, 0, 8;
    %jmp T_2.6;
T_2.1 ;
    %delay 2, 0;
    %load/vec4 v0x56196657df30_0;
    %load/vec4 v0x56196657dff0_0;
    %add;
    %store/vec4 v0x56196657e130_0, 0, 8;
    %jmp T_2.6;
T_2.2 ;
    %delay 1, 0;
    %load/vec4 v0x56196657df30_0;
    %load/vec4 v0x56196657dff0_0;
    %and;
    %store/vec4 v0x56196657e130_0, 0, 8;
    %jmp T_2.6;
T_2.3 ;
    %delay 1, 0;
    %load/vec4 v0x56196657df30_0;
    %load/vec4 v0x56196657dff0_0;
    %or;
    %store/vec4 v0x56196657e130_0, 0, 8;
    %jmp T_2.6;
T_2.4 ;
    %delay 5, 0;
    %load/vec4 v0x56196657e090_0;
    %store/vec4 v0x56196657e130_0, 0, 8;
    %jmp T_2.6;
T_2.6 ;
    %pop/vec4 1;
    %jmp T_2;
    .thread T_2, $push;
# The file index is used to find the file name in the following table.
:file_names 4;
    "N/A";
    "<interactive>";
    "alu.v";
    "./multiplier.v";
