#! /usr/bin/vvp
:ivl_version "10.3 (stable)";
:ivl_delay_selection "TYPICAL";
:vpi_time_precision + 0;
:vpi_module "system";
:vpi_module "vhdl_sys";
:vpi_module "v2005_math";
:vpi_module "va_math";
S_0x55e63ea4f130 .scope module, "control_unit" "control_unit" 2 6;
 .timescale 0 0;
    .port_info 0 /INPUT 8 "OP"
    .port_info 1 /OUTPUT 1 "twoscompMUXSEL"
    .port_info 2 /OUTPUT 1 "immeMUXSEL"
    .port_info 3 /OUTPUT 1 "regWRITEEN"
    .port_info 4 /OUTPUT 3 "aluOP"
    .port_info 5 /OUTPUT 1 "jump"
    .port_info 6 /OUTPUT 1 "beq"
    .port_info 7 /OUTPUT 1 "bne"
    .port_info 8 /OUTPUT 1 "alu_shiftMUXSEL"
    .port_info 9 /OUTPUT 2 "bShifterOpCode"
    .port_info 10 /INPUT 1 "RESET"
P_0x55e63ea7d8e0 .param/l "ADD" 0 2 8, C4<00000000>;
P_0x55e63ea7d920 .param/l "AND" 0 2 10, C4<00000010>;
P_0x55e63ea7d960 .param/l "BEQ" 0 2 15, C4<00000111>;
P_0x55e63ea7d9a0 .param/l "BNE" 0 2 16, C4<00001000>;
P_0x55e63ea7d9e0 .param/l "J" 0 2 14, C4<00000110>;
P_0x55e63ea7da20 .param/l "LOADI" 0 2 13, C4<00000101>;
P_0x55e63ea7da60 .param/l "MOV" 0 2 12, C4<00000100>;
P_0x55e63ea7daa0 .param/l "MUL" 0 2 21, C4<00001100>;
P_0x55e63ea7dae0 .param/l "OR" 0 2 11, C4<00000011>;
P_0x55e63ea7db20 .param/l "ROR" 0 2 20, C4<00001100>;
P_0x55e63ea7db60 .param/l "SLL" 0 2 17, C4<00001001>;
P_0x55e63ea7dba0 .param/l "SRA" 0 2 19, C4<00001011>;
P_0x55e63ea7dbe0 .param/l "SRL" 0 2 18, C4<00001010>;
P_0x55e63ea7dc20 .param/l "SUB" 0 2 9, C4<00000001>;
o0x7fc50102b018 .functor BUFZ 1, C4<z>; HiZ drive
v0x55e63ea7e190_0 .net "ALUCOMP", 0 0, o0x7fc50102b018;  0 drivers
o0x7fc50102b048 .functor BUFZ 8, C4<zzzzzzzz>; HiZ drive
v0x55e63eab21e0_0 .net "OP", 7 0, o0x7fc50102b048;  0 drivers
o0x7fc50102b078 .functor BUFZ 1, C4<z>; HiZ drive
v0x55e63eab22c0_0 .net "RESET", 0 0, o0x7fc50102b078;  0 drivers
v0x55e63eab2360_0 .var "aluOP", 2 0;
v0x55e63eab2440_0 .var "alu_shiftMUXSEL", 0 0;
v0x55e63eab2550_0 .var "bShifterOpCode", 1 0;
v0x55e63eab2630_0 .var "beq", 0 0;
v0x55e63eab26f0_0 .var "bne", 0 0;
v0x55e63eab27b0_0 .var "immeMUXSEL", 0 0;
v0x55e63eab2870_0 .var "jump", 0 0;
v0x55e63eab2930_0 .var "regWRITEEN", 0 0;
v0x55e63eab29f0_0 .var "twoscompMUXSEL", 0 0;
E_0x55e63ea86570 .event edge, v0x55e63eab22c0_0;
E_0x55e63ea86130 .event edge, v0x55e63eab21e0_0;
    .scope S_0x55e63ea4f130;
T_0 ;
    %wait E_0x55e63ea86130;
    %load/vec4 v0x55e63eab21e0_0;
    %dup/vec4;
    %pushi/vec4 0, 0, 8;
    %cmp/u;
    %jmp/1 T_0.0, 6;
    %dup/vec4;
    %pushi/vec4 1, 0, 8;
    %cmp/u;
    %jmp/1 T_0.1, 6;
    %dup/vec4;
    %pushi/vec4 2, 0, 8;
    %cmp/u;
    %jmp/1 T_0.2, 6;
    %dup/vec4;
    %pushi/vec4 3, 0, 8;
    %cmp/u;
    %jmp/1 T_0.3, 6;
    %dup/vec4;
    %pushi/vec4 4, 0, 8;
    %cmp/u;
    %jmp/1 T_0.4, 6;
    %dup/vec4;
    %pushi/vec4 5, 0, 8;
    %cmp/u;
    %jmp/1 T_0.5, 6;
    %dup/vec4;
    %pushi/vec4 6, 0, 8;
    %cmp/u;
    %jmp/1 T_0.6, 6;
    %dup/vec4;
    %pushi/vec4 7, 0, 8;
    %cmp/u;
    %jmp/1 T_0.7, 6;
    %dup/vec4;
    %pushi/vec4 8, 0, 8;
    %cmp/u;
    %jmp/1 T_0.8, 6;
    %dup/vec4;
    %pushi/vec4 9, 0, 8;
    %cmp/u;
    %jmp/1 T_0.9, 6;
    %dup/vec4;
    %pushi/vec4 10, 0, 8;
    %cmp/u;
    %jmp/1 T_0.10, 6;
    %dup/vec4;
    %pushi/vec4 11, 0, 8;
    %cmp/u;
    %jmp/1 T_0.11, 6;
    %dup/vec4;
    %pushi/vec4 12, 0, 8;
    %cmp/u;
    %jmp/1 T_0.12, 6;
    %dup/vec4;
    %pushi/vec4 12, 0, 8;
    %cmp/u;
    %jmp/1 T_0.13, 6;
    %jmp T_0.14;
T_0.0 ;
    %delay 1, 0;
    %pushi/vec4 0, 0, 1;
    %store/vec4 v0x55e63eab29f0_0, 0, 1;
    %pushi/vec4 0, 0, 1;
    %store/vec4 v0x55e63eab27b0_0, 0, 1;
    %pushi/vec4 1, 0, 1;
    %store/vec4 v0x55e63eab2930_0, 0, 1;
    %pushi/vec4 1, 0, 3;
    %store/vec4 v0x55e63eab2360_0, 0, 3;
    %pushi/vec4 0, 0, 1;
    %store/vec4 v0x55e63eab2870_0, 0, 1;
    %pushi/vec4 0, 0, 1;
    %store/vec4 v0x55e63eab2630_0, 0, 1;
    %pushi/vec4 0, 0, 1;
    %store/vec4 v0x55e63eab26f0_0, 0, 1;
    %pushi/vec4 0, 0, 1;
    %store/vec4 v0x55e63eab2440_0, 0, 1;
    %pushi/vec4 0, 0, 2;
    %store/vec4 v0x55e63eab2550_0, 0, 2;
    %jmp T_0.14;
T_0.1 ;
    %delay 1, 0;
    %pushi/vec4 1, 0, 1;
    %store/vec4 v0x55e63eab29f0_0, 0, 1;
    %pushi/vec4 0, 0, 1;
    %store/vec4 v0x55e63eab27b0_0, 0, 1;
    %pushi/vec4 1, 0, 1;
    %store/vec4 v0x55e63eab2930_0, 0, 1;
    %pushi/vec4 1, 0, 3;
    %store/vec4 v0x55e63eab2360_0, 0, 3;
    %pushi/vec4 0, 0, 1;
    %store/vec4 v0x55e63eab2870_0, 0, 1;
    %pushi/vec4 0, 0, 1;
    %store/vec4 v0x55e63eab2630_0, 0, 1;
    %pushi/vec4 0, 0, 1;
    %store/vec4 v0x55e63eab26f0_0, 0, 1;
    %pushi/vec4 0, 0, 1;
    %store/vec4 v0x55e63eab2440_0, 0, 1;
    %pushi/vec4 0, 0, 2;
    %store/vec4 v0x55e63eab2550_0, 0, 2;
    %jmp T_0.14;
T_0.2 ;
    %delay 1, 0;
    %pushi/vec4 0, 0, 1;
    %store/vec4 v0x55e63eab29f0_0, 0, 1;
    %pushi/vec4 0, 0, 1;
    %store/vec4 v0x55e63eab27b0_0, 0, 1;
    %pushi/vec4 1, 0, 1;
    %store/vec4 v0x55e63eab2930_0, 0, 1;
    %pushi/vec4 2, 0, 3;
    %store/vec4 v0x55e63eab2360_0, 0, 3;
    %pushi/vec4 0, 0, 1;
    %store/vec4 v0x55e63eab2870_0, 0, 1;
    %pushi/vec4 0, 0, 1;
    %store/vec4 v0x55e63eab2630_0, 0, 1;
    %pushi/vec4 0, 0, 1;
    %store/vec4 v0x55e63eab26f0_0, 0, 1;
    %pushi/vec4 0, 0, 1;
    %store/vec4 v0x55e63eab2440_0, 0, 1;
    %pushi/vec4 0, 0, 2;
    %store/vec4 v0x55e63eab2550_0, 0, 2;
    %jmp T_0.14;
T_0.3 ;
    %delay 1, 0;
    %pushi/vec4 0, 0, 1;
    %store/vec4 v0x55e63eab29f0_0, 0, 1;
    %pushi/vec4 0, 0, 1;
    %store/vec4 v0x55e63eab27b0_0, 0, 1;
    %pushi/vec4 1, 0, 1;
    %store/vec4 v0x55e63eab2930_0, 0, 1;
    %pushi/vec4 3, 0, 3;
    %store/vec4 v0x55e63eab2360_0, 0, 3;
    %pushi/vec4 0, 0, 1;
    %store/vec4 v0x55e63eab2870_0, 0, 1;
    %pushi/vec4 0, 0, 1;
    %store/vec4 v0x55e63eab2630_0, 0, 1;
    %pushi/vec4 0, 0, 1;
    %store/vec4 v0x55e63eab26f0_0, 0, 1;
    %pushi/vec4 0, 0, 1;
    %store/vec4 v0x55e63eab2440_0, 0, 1;
    %pushi/vec4 0, 0, 2;
    %store/vec4 v0x55e63eab2550_0, 0, 2;
    %jmp T_0.14;
T_0.4 ;
    %delay 1, 0;
    %pushi/vec4 0, 0, 1;
    %store/vec4 v0x55e63eab29f0_0, 0, 1;
    %pushi/vec4 0, 0, 1;
    %store/vec4 v0x55e63eab27b0_0, 0, 1;
    %pushi/vec4 1, 0, 1;
    %store/vec4 v0x55e63eab2930_0, 0, 1;
    %pushi/vec4 0, 0, 3;
    %store/vec4 v0x55e63eab2360_0, 0, 3;
    %pushi/vec4 0, 0, 1;
    %store/vec4 v0x55e63eab2870_0, 0, 1;
    %pushi/vec4 0, 0, 1;
    %store/vec4 v0x55e63eab2630_0, 0, 1;
    %pushi/vec4 0, 0, 1;
    %store/vec4 v0x55e63eab26f0_0, 0, 1;
    %pushi/vec4 0, 0, 1;
    %store/vec4 v0x55e63eab2440_0, 0, 1;
    %pushi/vec4 0, 0, 2;
    %store/vec4 v0x55e63eab2550_0, 0, 2;
    %jmp T_0.14;
T_0.5 ;
    %delay 1, 0;
    %pushi/vec4 0, 0, 1;
    %store/vec4 v0x55e63eab29f0_0, 0, 1;
    %pushi/vec4 1, 0, 1;
    %store/vec4 v0x55e63eab27b0_0, 0, 1;
    %pushi/vec4 1, 0, 1;
    %store/vec4 v0x55e63eab2930_0, 0, 1;
    %pushi/vec4 0, 0, 3;
    %store/vec4 v0x55e63eab2360_0, 0, 3;
    %pushi/vec4 0, 0, 1;
    %store/vec4 v0x55e63eab2870_0, 0, 1;
    %pushi/vec4 0, 0, 1;
    %store/vec4 v0x55e63eab2630_0, 0, 1;
    %pushi/vec4 0, 0, 1;
    %store/vec4 v0x55e63eab26f0_0, 0, 1;
    %pushi/vec4 0, 0, 1;
    %store/vec4 v0x55e63eab2440_0, 0, 1;
    %pushi/vec4 0, 0, 2;
    %store/vec4 v0x55e63eab2550_0, 0, 2;
    %jmp T_0.14;
T_0.6 ;
    %delay 1, 0;
    %pushi/vec4 1, 0, 1;
    %store/vec4 v0x55e63eab29f0_0, 0, 1;
    %pushi/vec4 0, 0, 1;
    %store/vec4 v0x55e63eab27b0_0, 0, 1;
    %pushi/vec4 0, 0, 1;
    %store/vec4 v0x55e63eab2930_0, 0, 1;
    %pushi/vec4 1, 0, 3;
    %store/vec4 v0x55e63eab2360_0, 0, 3;
    %pushi/vec4 1, 0, 1;
    %store/vec4 v0x55e63eab2870_0, 0, 1;
    %pushi/vec4 0, 0, 1;
    %store/vec4 v0x55e63eab2630_0, 0, 1;
    %pushi/vec4 0, 0, 1;
    %store/vec4 v0x55e63eab26f0_0, 0, 1;
    %pushi/vec4 0, 0, 1;
    %store/vec4 v0x55e63eab2440_0, 0, 1;
    %pushi/vec4 0, 0, 2;
    %store/vec4 v0x55e63eab2550_0, 0, 2;
    %jmp T_0.14;
T_0.7 ;
    %delay 1, 0;
    %pushi/vec4 1, 0, 1;
    %store/vec4 v0x55e63eab29f0_0, 0, 1;
    %pushi/vec4 0, 0, 1;
    %store/vec4 v0x55e63eab27b0_0, 0, 1;
    %pushi/vec4 0, 0, 1;
    %store/vec4 v0x55e63eab2930_0, 0, 1;
    %pushi/vec4 1, 0, 3;
    %store/vec4 v0x55e63eab2360_0, 0, 3;
    %pushi/vec4 0, 0, 1;
    %store/vec4 v0x55e63eab2870_0, 0, 1;
    %pushi/vec4 1, 0, 1;
    %store/vec4 v0x55e63eab2630_0, 0, 1;
    %pushi/vec4 0, 0, 1;
    %store/vec4 v0x55e63eab26f0_0, 0, 1;
    %pushi/vec4 0, 0, 1;
    %store/vec4 v0x55e63eab2440_0, 0, 1;
    %pushi/vec4 0, 0, 2;
    %store/vec4 v0x55e63eab2550_0, 0, 2;
    %jmp T_0.14;
T_0.8 ;
    %delay 1, 0;
    %pushi/vec4 1, 0, 1;
    %store/vec4 v0x55e63eab29f0_0, 0, 1;
    %pushi/vec4 0, 0, 1;
    %store/vec4 v0x55e63eab27b0_0, 0, 1;
    %pushi/vec4 0, 0, 1;
    %store/vec4 v0x55e63eab2930_0, 0, 1;
    %pushi/vec4 1, 0, 3;
    %store/vec4 v0x55e63eab2360_0, 0, 3;
    %pushi/vec4 0, 0, 1;
    %store/vec4 v0x55e63eab2870_0, 0, 1;
    %pushi/vec4 0, 0, 1;
    %store/vec4 v0x55e63eab2630_0, 0, 1;
    %pushi/vec4 1, 0, 1;
    %store/vec4 v0x55e63eab26f0_0, 0, 1;
    %pushi/vec4 0, 0, 1;
    %store/vec4 v0x55e63eab2440_0, 0, 1;
    %pushi/vec4 0, 0, 2;
    %store/vec4 v0x55e63eab2550_0, 0, 2;
    %jmp T_0.14;
T_0.9 ;
    %delay 1, 0;
    %pushi/vec4 0, 0, 1;
    %store/vec4 v0x55e63eab29f0_0, 0, 1;
    %pushi/vec4 1, 0, 1;
    %store/vec4 v0x55e63eab27b0_0, 0, 1;
    %pushi/vec4 1, 0, 1;
    %store/vec4 v0x55e63eab2930_0, 0, 1;
    %pushi/vec4 1, 0, 3;
    %store/vec4 v0x55e63eab2360_0, 0, 3;
    %pushi/vec4 0, 0, 1;
    %store/vec4 v0x55e63eab2870_0, 0, 1;
    %pushi/vec4 0, 0, 1;
    %store/vec4 v0x55e63eab2630_0, 0, 1;
    %pushi/vec4 0, 0, 1;
    %store/vec4 v0x55e63eab26f0_0, 0, 1;
    %pushi/vec4 1, 0, 1;
    %store/vec4 v0x55e63eab2440_0, 0, 1;
    %pushi/vec4 3, 0, 2;
    %store/vec4 v0x55e63eab2550_0, 0, 2;
    %jmp T_0.14;
T_0.10 ;
    %delay 1, 0;
    %pushi/vec4 0, 0, 1;
    %store/vec4 v0x55e63eab29f0_0, 0, 1;
    %pushi/vec4 1, 0, 1;
    %store/vec4 v0x55e63eab27b0_0, 0, 1;
    %pushi/vec4 1, 0, 1;
    %store/vec4 v0x55e63eab2930_0, 0, 1;
    %pushi/vec4 1, 0, 3;
    %store/vec4 v0x55e63eab2360_0, 0, 3;
    %pushi/vec4 0, 0, 1;
    %store/vec4 v0x55e63eab2870_0, 0, 1;
    %pushi/vec4 0, 0, 1;
    %store/vec4 v0x55e63eab2630_0, 0, 1;
    %pushi/vec4 0, 0, 1;
    %store/vec4 v0x55e63eab26f0_0, 0, 1;
    %pushi/vec4 1, 0, 1;
    %store/vec4 v0x55e63eab2440_0, 0, 1;
    %pushi/vec4 0, 0, 2;
    %store/vec4 v0x55e63eab2550_0, 0, 2;
    %jmp T_0.14;
T_0.11 ;
    %delay 1, 0;
    %pushi/vec4 0, 0, 1;
    %store/vec4 v0x55e63eab29f0_0, 0, 1;
    %pushi/vec4 1, 0, 1;
    %store/vec4 v0x55e63eab27b0_0, 0, 1;
    %pushi/vec4 1, 0, 1;
    %store/vec4 v0x55e63eab2930_0, 0, 1;
    %pushi/vec4 1, 0, 3;
    %store/vec4 v0x55e63eab2360_0, 0, 3;
    %pushi/vec4 0, 0, 1;
    %store/vec4 v0x55e63eab2870_0, 0, 1;
    %pushi/vec4 0, 0, 1;
    %store/vec4 v0x55e63eab2630_0, 0, 1;
    %pushi/vec4 0, 0, 1;
    %store/vec4 v0x55e63eab26f0_0, 0, 1;
    %pushi/vec4 1, 0, 1;
    %store/vec4 v0x55e63eab2440_0, 0, 1;
    %pushi/vec4 1, 0, 2;
    %store/vec4 v0x55e63eab2550_0, 0, 2;
    %jmp T_0.14;
T_0.12 ;
    %delay 1, 0;
    %pushi/vec4 0, 0, 1;
    %store/vec4 v0x55e63eab29f0_0, 0, 1;
    %pushi/vec4 1, 0, 1;
    %store/vec4 v0x55e63eab27b0_0, 0, 1;
    %pushi/vec4 1, 0, 1;
    %store/vec4 v0x55e63eab2930_0, 0, 1;
    %pushi/vec4 1, 0, 3;
    %store/vec4 v0x55e63eab2360_0, 0, 3;
    %pushi/vec4 0, 0, 1;
    %store/vec4 v0x55e63eab2870_0, 0, 1;
    %pushi/vec4 0, 0, 1;
    %store/vec4 v0x55e63eab2630_0, 0, 1;
    %pushi/vec4 0, 0, 1;
    %store/vec4 v0x55e63eab26f0_0, 0, 1;
    %pushi/vec4 1, 0, 1;
    %store/vec4 v0x55e63eab2440_0, 0, 1;
    %pushi/vec4 2, 0, 2;
    %store/vec4 v0x55e63eab2550_0, 0, 2;
    %jmp T_0.14;
T_0.13 ;
    %delay 1, 0;
    %pushi/vec4 0, 0, 1;
    %store/vec4 v0x55e63eab29f0_0, 0, 1;
    %pushi/vec4 0, 0, 1;
    %store/vec4 v0x55e63eab27b0_0, 0, 1;
    %pushi/vec4 1, 0, 1;
    %store/vec4 v0x55e63eab2930_0, 0, 1;
    %pushi/vec4 4, 0, 3;
    %store/vec4 v0x55e63eab2360_0, 0, 3;
    %pushi/vec4 0, 0, 1;
    %store/vec4 v0x55e63eab2870_0, 0, 1;
    %pushi/vec4 0, 0, 1;
    %store/vec4 v0x55e63eab2630_0, 0, 1;
    %pushi/vec4 0, 0, 1;
    %store/vec4 v0x55e63eab26f0_0, 0, 1;
    %pushi/vec4 0, 0, 1;
    %store/vec4 v0x55e63eab2440_0, 0, 1;
    %pushi/vec4 0, 0, 2;
    %store/vec4 v0x55e63eab2550_0, 0, 2;
    %jmp T_0.14;
T_0.14 ;
    %pop/vec4 1;
    %jmp T_0;
    .thread T_0, $push;
    .scope S_0x55e63ea4f130;
T_1 ;
    %wait E_0x55e63ea86570;
    %load/vec4 v0x55e63eab22c0_0;
    %flag_set/vec4 8;
    %jmp/0xz  T_1.0, 8;
    %pushi/vec4 0, 0, 1;
    %store/vec4 v0x55e63eab2870_0, 0, 1;
    %pushi/vec4 0, 0, 1;
    %store/vec4 v0x55e63eab2630_0, 0, 1;
    %pushi/vec4 0, 0, 1;
    %store/vec4 v0x55e63eab26f0_0, 0, 1;
T_1.0 ;
    %jmp T_1;
    .thread T_1, $push;
# The file index is used to find the file name in the following table.
:file_names 3;
    "N/A";
    "<interactive>";
    "control_unit.v";
