#! /usr/bin/vvp
:ivl_version "10.3 (stable)";
:ivl_delay_selection "TYPICAL";
:vpi_time_precision + 0;
:vpi_module "system";
:vpi_module "vhdl_sys";
:vpi_module "v2005_math";
:vpi_module "va_math";
S_0x561a7bfbf770 .scope module, "cpu" "cpu" 2 15;
 .timescale 0 0;
    .port_info 0 /OUTPUT 32 "PC"
    .port_info 1 /INPUT 32 "INSTRUCTION"
    .port_info 2 /INPUT 1 "CLK"
    .port_info 3 /INPUT 1 "RESET"
L_0x561a7c031470 .functor AND 1, v0x561a7c01b4b0_0, L_0x561a7c020c30, C4<1>, C4<1>;
L_0x561a7c031530 .functor AND 1, v0x561a7c01b550_0, L_0x561a7c0315f0, C4<1>, C4<1>;
L_0x561a7c0315f0 .functor NOT 1, L_0x561a7c020c30, C4<0>, C4<0>, C4<0>;
L_0x561a7c0316b0 .functor OR 1, L_0x561a7c031470, L_0x561a7c031530, C4<0>, C4<0>;
L_0x561a7c0317a0 .functor OR 1, L_0x561a7c0316b0, v0x561a7c01b6c0_0, C4<0>, C4<0>;
L_0x561a7c03e4f0 .functor BUFZ 8, L_0x561a7c01f940, C4<00000000>, C4<00000000>, C4<00000000>;
v0x561a7c01d2e0_0 .net "ALOP1", 7 0, v0x561a7c017b70_0;  1 drivers
v0x561a7c01d3a0_0 .net "ALOP2", 7 0, L_0x561a7c03e4f0;  1 drivers
v0x561a7c01d460_0 .net "ALUCOMP", 0 0, L_0x561a7c020c30;  1 drivers
v0x561a7c01d560_0 .net "ALUOUT", 7 0, v0x561a7c019690_0;  1 drivers
v0x561a7c01d650_0 .net "ANDOUTBEQ", 0 0, L_0x561a7c031470;  1 drivers
v0x561a7c01d740_0 .net "ANDOUTBNE", 0 0, L_0x561a7c031530;  1 drivers
v0x561a7c01d800_0 .net "BARRELOUT", 7 0, v0x561a7c0140e0_0;  1 drivers
o0x7f9a3b6d5968 .functor BUFZ 1, C4<z>; HiZ drive
v0x561a7c01d8c0_0 .net "CLK", 0 0, o0x7f9a3b6d5968;  0 drivers
v0x561a7c01d960_0 .net "DESTINATION", 7 0, L_0x561a7c031900;  1 drivers
o0x7f9a3b6d5e48 .functor BUFZ 32, C4<zzzzzzzzzzzzzzzzzzzzzzzzzzzzzzzz>; HiZ drive
v0x561a7c01da20_0 .net "INSTRUCTION", 31 0, o0x7f9a3b6d5e48;  0 drivers
v0x561a7c01db00_0 .net "OP", 7 0, L_0x561a7c031d60;  1 drivers
v0x561a7c01dbc0_0 .var "PC", 31 0;
v0x561a7c01dc90_0 .net "PCINCBY4", 31 0, v0x561a7c018f90_0;  1 drivers
v0x561a7c01dd30_0 .net "PCJUMP", 31 0, v0x561a7c016f00_0;  1 drivers
v0x561a7c01ddf0_0 .net "PCNEXT", 31 0, v0x561a7c0181c0_0;  1 drivers
v0x561a7c01deb0_0 .net "REGOUT1", 7 0, L_0x561a7c01f940;  1 drivers
v0x561a7c01df80_0 .net "REGOUT2", 7 0, L_0x561a7c01fd00;  1 drivers
v0x561a7c01e130_0 .net "REGSAVE", 7 0, v0x561a7c0174d0_0;  1 drivers
o0x7f9a3b6d5698 .functor BUFZ 1, C4<z>; HiZ drive
v0x561a7c01e240_0 .net "RESET", 0 0, o0x7f9a3b6d5698;  0 drivers
v0x561a7c01e330_0 .net "SOURCE1", 7 0, L_0x561a7c031b20;  1 drivers
v0x561a7c01e410_0 .net "SOURCE2", 7 0, L_0x561a7c031c60;  1 drivers
v0x561a7c01e4d0_0 .net "TWOSCOMPOUT", 7 0, v0x561a7c01d1e0_0;  1 drivers
v0x561a7c01e5c0_0 .net "TWOSMUXOUT", 7 0, v0x561a7c0188a0_0;  1 drivers
v0x561a7c01e6d0_0 .net *"_s10", 21 0, L_0x561a7c030e70;  1 drivers
L_0x7f9a3b6880f0 .functor BUFT 1, C4<00>, C4<0>, C4<0>, C4<0>;
v0x561a7c01e7b0_0 .net/2u *"_s12", 1 0, L_0x7f9a3b6880f0;  1 drivers
v0x561a7c01e890_0 .net *"_s16", 0 0, L_0x561a7c0315f0;  1 drivers
v0x561a7c01e970_0 .net *"_s18", 0 0, L_0x561a7c0316b0;  1 drivers
v0x561a7c01ea50_0 .net *"_s25", 8 0, L_0x561a7c031a30;  1 drivers
v0x561a7c01eb30_0 .net *"_s9", 0 0, L_0x561a7c030d50;  1 drivers
v0x561a7c01ec10_0 .net "aluOP", 2 0, v0x561a7c01b320_0;  1 drivers
v0x561a7c01ed20_0 .net "alu_shiftMUXSEL", 0 0, v0x561a7c01b410_0;  1 drivers
o0x7f9a3b6d37d8 .functor BUFZ 2, C4<zz>; HiZ drive
v0x561a7c01ee10_0 .net "bShifterOpCode", 1 0, o0x7f9a3b6d37d8;  0 drivers
v0x561a7c01efe0_0 .net "beq", 0 0, v0x561a7c01b4b0_0;  1 drivers
v0x561a7c01f290_0 .net "bne", 0 0, v0x561a7c01b550_0;  1 drivers
v0x561a7c01f330_0 .net "immeMUXSEL", 0 0, v0x561a7c01b5f0_0;  1 drivers
v0x561a7c01f420_0 .net "jump", 0 0, v0x561a7c01b6c0_0;  1 drivers
v0x561a7c01f4c0_0 .net "jumpMUXSEL", 0 0, L_0x561a7c0317a0;  1 drivers
v0x561a7c01f560_0 .net "regWRITEEN", 0 0, v0x561a7c01b7f0_0;  1 drivers
v0x561a7c01f650_0 .net "twoscompMUXSEL", 0 0, v0x561a7c01b8b0_0;  1 drivers
L_0x561a7c01fe10 .part L_0x561a7c031900, 0, 3;
L_0x561a7c01feb0 .part L_0x561a7c031b20, 0, 3;
L_0x561a7c01ffa0 .part L_0x561a7c031c60, 0, 3;
L_0x561a7c030d50 .part L_0x561a7c031900, 7, 1;
LS_0x561a7c030e70_0_0 .concat [ 1 1 1 1], L_0x561a7c030d50, L_0x561a7c030d50, L_0x561a7c030d50, L_0x561a7c030d50;
LS_0x561a7c030e70_0_4 .concat [ 1 1 1 1], L_0x561a7c030d50, L_0x561a7c030d50, L_0x561a7c030d50, L_0x561a7c030d50;
LS_0x561a7c030e70_0_8 .concat [ 1 1 1 1], L_0x561a7c030d50, L_0x561a7c030d50, L_0x561a7c030d50, L_0x561a7c030d50;
LS_0x561a7c030e70_0_12 .concat [ 1 1 1 1], L_0x561a7c030d50, L_0x561a7c030d50, L_0x561a7c030d50, L_0x561a7c030d50;
LS_0x561a7c030e70_0_16 .concat [ 1 1 1 1], L_0x561a7c030d50, L_0x561a7c030d50, L_0x561a7c030d50, L_0x561a7c030d50;
LS_0x561a7c030e70_0_20 .concat [ 1 1 0 0], L_0x561a7c030d50, L_0x561a7c030d50;
LS_0x561a7c030e70_1_0 .concat [ 4 4 4 4], LS_0x561a7c030e70_0_0, LS_0x561a7c030e70_0_4, LS_0x561a7c030e70_0_8, LS_0x561a7c030e70_0_12;
LS_0x561a7c030e70_1_4 .concat [ 4 2 0 0], LS_0x561a7c030e70_0_16, LS_0x561a7c030e70_0_20;
L_0x561a7c030e70 .concat [ 16 6 0 0], LS_0x561a7c030e70_1_0, LS_0x561a7c030e70_1_4;
L_0x561a7c031340 .concat [ 2 8 22 0], L_0x7f9a3b6880f0, L_0x561a7c031900, L_0x561a7c030e70;
L_0x561a7c031900 .part o0x7f9a3b6d5e48, 16, 8;
L_0x561a7c031a30 .part o0x7f9a3b6d5e48, 8, 9;
L_0x561a7c031b20 .part L_0x561a7c031a30, 0, 8;
L_0x561a7c031c60 .part o0x7f9a3b6d5e48, 0, 8;
L_0x561a7c031d60 .part o0x7f9a3b6d5e48, 24, 8;
S_0x561a7bfc0f50 .scope module, "bs" "barrelShifter" 2 63, 3 4 0, S_0x561a7bfbf770;
 .timescale 0 0;
    .port_info 0 /INPUT 8 "INPUT"
    .port_info 1 /OUTPUT 8 "OUTPUT"
    .port_info 2 /INPUT 8 "SHIFT"
    .port_info 3 /INPUT 2 "SHIFT_MODE"
L_0x561a7c032ab0 .functor OR 1, L_0x561a7c03d2d0, L_0x561a7c03d3a0, C4<0>, C4<0>;
L_0x561a7c03d920 .functor OR 1, L_0x561a7c032ab0, L_0x561a7c03d880, C4<0>, C4<0>;
L_0x561a7c03de20 .functor OR 1, L_0x561a7c03d920, L_0x561a7c03da30, C4<0>, C4<0>;
L_0x561a7c03e3e0 .functor OR 1, L_0x561a7c03de20, L_0x561a7c03df30, C4<0>, C4<0>;
v0x561a7c014330_0 .net "ININTER", 7 0, v0x561a7c0057e0_0;  1 drivers
v0x561a7c014410_0 .net "INNER3", 7 0, L_0x561a7c03cc90;  1 drivers
v0x561a7c0144e0_0 .net "INPUT", 7 0, L_0x561a7c03e4f0;  alias, 1 drivers
v0x561a7c0145e0_0 .net "INTER1", 7 0, L_0x561a7c036bc0;  1 drivers
v0x561a7c014680_0 .net "INTER2", 7 0, L_0x561a7c039930;  1 drivers
v0x561a7c0147b0_0 .var "LAYER4_IN", 7 0;
v0x561a7c014870_0 .net "OUTINTER", 7 0, v0x561a7c007000_0;  1 drivers
v0x561a7c014960_0 .net "OUTPUT", 7 0, v0x561a7c0140e0_0;  alias, 1 drivers
v0x561a7c014a20_0 .net "SHIFT", 7 0, v0x561a7c017b70_0;  alias, 1 drivers
v0x561a7c014ae0_0 .var "SHIFT_DIR", 0 0;
v0x561a7c014b80_0 .net "SHIFT_MODE", 1 0, o0x7f9a3b6d37d8;  alias, 0 drivers
v0x561a7c014c40_0 .net "TMP1", 0 0, v0x561a7c010340_0;  1 drivers
v0x561a7c014d30_0 .net "TMP2", 0 0, v0x561a7c010c20_0;  1 drivers
v0x561a7c014e20_0 .net "TMP3", 0 0, v0x561a7c0114f0_0;  1 drivers
v0x561a7c014f10_0 .net "TMP4", 0 0, v0x561a7c011dd0_0;  1 drivers
v0x561a7c015000_0 .net "TMP5", 0 0, v0x561a7c012690_0;  1 drivers
v0x561a7c0150f0_0 .net "TMP6", 0 0, v0x561a7c012f00_0;  1 drivers
v0x561a7c0151e0_0 .net "TMP7", 0 0, v0x561a7c0139d0_0;  1 drivers
v0x561a7c0152d0_0 .net *"_s274", 0 0, L_0x561a7c03d2d0;  1 drivers
v0x561a7c0153b0_0 .net *"_s276", 0 0, L_0x561a7c03d3a0;  1 drivers
v0x561a7c015490_0 .net *"_s277", 0 0, L_0x561a7c032ab0;  1 drivers
v0x561a7c015570_0 .net *"_s280", 0 0, L_0x561a7c03d880;  1 drivers
v0x561a7c015650_0 .net *"_s281", 0 0, L_0x561a7c03d920;  1 drivers
v0x561a7c015730_0 .net *"_s284", 0 0, L_0x561a7c03da30;  1 drivers
v0x561a7c015810_0 .net *"_s285", 0 0, L_0x561a7c03de20;  1 drivers
v0x561a7c0158f0_0 .net *"_s288", 0 0, L_0x561a7c03df30;  1 drivers
v0x561a7c0159d0_0 .net *"_s57", 0 0, L_0x561a7c032ee0;  1 drivers
v0x561a7c015ab0_0 .net *"_s59", 0 0, L_0x561a7c032fb0;  1 drivers
v0x561a7c015b90_0 .net *"_s61", 0 0, L_0x561a7c033110;  1 drivers
v0x561a7c015c70_0 .net *"_s63", 0 0, L_0x561a7c0331e0;  1 drivers
v0x561a7c015d50_0 .net *"_s65", 0 0, L_0x561a7c033350;  1 drivers
v0x561a7c015e30_0 .net *"_s67", 0 0, L_0x561a7c033420;  1 drivers
v0x561a7c015f10_0 .net *"_s69", 0 0, L_0x561a7c0332b0;  1 drivers
v0x561a7c016200_0 .net *"_s71", 0 0, L_0x561a7c0337e0;  1 drivers
v0x561a7c0162e0_0 .net *"_s75", 0 0, L_0x561a7c033c70;  1 drivers
v0x561a7c0163c0_0 .net *"_s77", 0 0, L_0x561a7c033de0;  1 drivers
v0x561a7c0164a0_0 .net *"_s79", 0 0, L_0x561a7c033e80;  1 drivers
v0x561a7c016580_0 .net *"_s81", 0 0, L_0x561a7c034000;  1 drivers
v0x561a7c016660_0 .net *"_s83", 0 0, L_0x561a7c0340a0;  1 drivers
v0x561a7c016740_0 .net *"_s85", 0 0, L_0x561a7c034230;  1 drivers
v0x561a7c016820_0 .net *"_s87", 0 0, L_0x561a7c0342d0;  1 drivers
v0x561a7c016900_0 .net *"_s89", 0 0, L_0x561a7c034470;  1 drivers
E_0x561a7bf5cae0 .event edge, v0x561a7c010430_0, v0x561a7bff7d10_0, v0x561a7c006e20_0;
L_0x561a7c031e90 .part L_0x561a7c03e4f0, 7, 1;
L_0x561a7c031fc0 .part v0x561a7c0057e0_0, 7, 1;
L_0x561a7c032060 .part L_0x561a7c03e4f0, 7, 1;
L_0x561a7c032100 .part L_0x561a7c036bc0, 6, 1;
L_0x561a7c032230 .part L_0x561a7c03e4f0, 7, 1;
L_0x561a7c032300 .part L_0x561a7c036bc0, 7, 1;
L_0x561a7c032410 .part L_0x561a7c03e4f0, 7, 1;
L_0x561a7c0324e0 .part L_0x561a7c039930, 4, 1;
L_0x561a7c032690 .part L_0x561a7c03e4f0, 7, 1;
L_0x561a7c032760 .part L_0x561a7c039930, 5, 1;
L_0x561a7c032910 .part L_0x561a7c03e4f0, 7, 1;
L_0x561a7c0329e0 .part L_0x561a7c039930, 6, 1;
L_0x561a7c032c90 .part L_0x561a7c03e4f0, 7, 1;
L_0x561a7c032d60 .part L_0x561a7c039930, 7, 1;
L_0x561a7c032ee0 .part L_0x561a7c03e4f0, 0, 1;
L_0x561a7c032fb0 .part L_0x561a7c03e4f0, 1, 1;
L_0x561a7c033110 .part L_0x561a7c03e4f0, 2, 1;
L_0x561a7c0331e0 .part L_0x561a7c03e4f0, 3, 1;
L_0x561a7c033350 .part L_0x561a7c03e4f0, 4, 1;
L_0x561a7c033420 .part L_0x561a7c03e4f0, 5, 1;
L_0x561a7c0332b0 .part L_0x561a7c03e4f0, 6, 1;
L_0x561a7c0337e0 .part L_0x561a7c03e4f0, 7, 1;
LS_0x561a7c033970_0_0 .concat [ 1 1 1 1], L_0x561a7c0337e0, L_0x561a7c0332b0, L_0x561a7c033420, L_0x561a7c033350;
LS_0x561a7c033970_0_4 .concat [ 1 1 1 1], L_0x561a7c0331e0, L_0x561a7c033110, L_0x561a7c032fb0, L_0x561a7c032ee0;
L_0x561a7c033970 .concat [ 4 4 0 0], LS_0x561a7c033970_0_0, LS_0x561a7c033970_0_4;
L_0x561a7c033c70 .part v0x561a7c007000_0, 0, 1;
L_0x561a7c033de0 .part v0x561a7c007000_0, 1, 1;
L_0x561a7c033e80 .part v0x561a7c007000_0, 2, 1;
L_0x561a7c034000 .part v0x561a7c007000_0, 3, 1;
L_0x561a7c0340a0 .part v0x561a7c007000_0, 4, 1;
L_0x561a7c034230 .part v0x561a7c007000_0, 5, 1;
L_0x561a7c0342d0 .part v0x561a7c007000_0, 6, 1;
L_0x561a7c034470 .part v0x561a7c007000_0, 7, 1;
LS_0x561a7c034510_0_0 .concat [ 1 1 1 1], L_0x561a7c034470, L_0x561a7c0342d0, L_0x561a7c034230, L_0x561a7c0340a0;
LS_0x561a7c034510_0_4 .concat [ 1 1 1 1], L_0x561a7c034000, L_0x561a7c033e80, L_0x561a7c033de0, L_0x561a7c033c70;
L_0x561a7c034510 .concat [ 4 4 0 0], LS_0x561a7c034510_0_0, LS_0x561a7c034510_0_4;
L_0x561a7c034970 .part v0x561a7c0057e0_0, 0, 1;
L_0x561a7c034a10 .part v0x561a7c017b70_0, 0, 1;
L_0x561a7c034bd0 .part v0x561a7c0057e0_0, 1, 1;
L_0x561a7c034c70 .part v0x561a7c0057e0_0, 0, 1;
L_0x561a7c034ab0 .part v0x561a7c017b70_0, 0, 1;
L_0x561a7c034e40 .part v0x561a7c0057e0_0, 2, 1;
L_0x561a7c035020 .part v0x561a7c0057e0_0, 1, 1;
L_0x561a7c0350c0 .part v0x561a7c017b70_0, 0, 1;
L_0x561a7c0352b0 .part v0x561a7c0057e0_0, 3, 1;
L_0x561a7c035350 .part v0x561a7c0057e0_0, 2, 1;
L_0x561a7c035550 .part v0x561a7c017b70_0, 0, 1;
L_0x561a7c035620 .part v0x561a7c0057e0_0, 4, 1;
L_0x561a7c035860 .part v0x561a7c0057e0_0, 3, 1;
L_0x561a7c035930 .part v0x561a7c017b70_0, 0, 1;
L_0x561a7c035c90 .part v0x561a7c0057e0_0, 5, 1;
L_0x561a7c035d60 .part v0x561a7c0057e0_0, 4, 1;
L_0x561a7c035fc0 .part v0x561a7c017b70_0, 0, 1;
L_0x561a7c036090 .part v0x561a7c0057e0_0, 6, 1;
L_0x561a7c036300 .part v0x561a7c0057e0_0, 5, 1;
L_0x561a7c0363d0 .part v0x561a7c017b70_0, 0, 1;
L_0x561a7c036650 .part v0x561a7c0057e0_0, 7, 1;
L_0x561a7c036930 .part v0x561a7c0057e0_0, 6, 1;
LS_0x561a7c036bc0_0_0 .concat8 [ 1 1 1 1], v0x561a7c005d90_0, v0x561a7c007690_0, v0x561a7c008a70_0, v0x561a7c009e00_0;
LS_0x561a7c036bc0_0_4 .concat8 [ 1 1 1 1], v0x561a7c00b1e0_0, v0x561a7c00c5c0_0, v0x561a7c00d9a0_0, v0x561a7c00ed80_0;
L_0x561a7c036bc0 .concat8 [ 4 4 0 0], LS_0x561a7c036bc0_0_0, LS_0x561a7c036bc0_0_4;
L_0x561a7c036de0 .part v0x561a7c017b70_0, 0, 1;
L_0x561a7c037080 .part L_0x561a7c036bc0, 0, 1;
L_0x561a7c037150 .part v0x561a7c017b70_0, 1, 1;
L_0x561a7c037400 .part L_0x561a7c036bc0, 1, 1;
L_0x561a7c0374d0 .part v0x561a7c017b70_0, 1, 1;
L_0x561a7c037790 .part L_0x561a7c036bc0, 2, 1;
L_0x561a7c037860 .part L_0x561a7c036bc0, 0, 1;
L_0x561a7c037b30 .part v0x561a7c017b70_0, 1, 1;
L_0x561a7c037c00 .part L_0x561a7c036bc0, 3, 1;
L_0x561a7c037ee0 .part L_0x561a7c036bc0, 1, 1;
L_0x561a7c037fb0 .part v0x561a7c017b70_0, 1, 1;
L_0x561a7c0382a0 .part L_0x561a7c036bc0, 4, 1;
L_0x561a7c038370 .part L_0x561a7c036bc0, 2, 1;
L_0x561a7c038670 .part v0x561a7c017b70_0, 1, 1;
L_0x561a7c038740 .part L_0x561a7c036bc0, 5, 1;
L_0x561a7c038a50 .part L_0x561a7c036bc0, 3, 1;
L_0x561a7c038b20 .part v0x561a7c017b70_0, 1, 1;
L_0x561a7c038e40 .part L_0x561a7c036bc0, 6, 1;
L_0x561a7c038f10 .part L_0x561a7c036bc0, 4, 1;
L_0x561a7c039240 .part v0x561a7c017b70_0, 1, 1;
L_0x561a7c039310 .part L_0x561a7c036bc0, 7, 1;
L_0x561a7c039860 .part L_0x561a7c036bc0, 5, 1;
LS_0x561a7c039930_0_0 .concat8 [ 1 1 1 1], v0x561a7c006390_0, v0x561a7c007d30_0, v0x561a7c0090c0_0, v0x561a7c00a4a0_0;
LS_0x561a7c039930_0_4 .concat8 [ 1 1 1 1], v0x561a7c00b880_0, v0x561a7c00cc60_0, v0x561a7c00e040_0, v0x561a7c00f420_0;
L_0x561a7c039930 .concat8 [ 4 4 0 0], LS_0x561a7c039930_0_0, LS_0x561a7c039930_0_4;
L_0x561a7c039dd0 .part v0x561a7c017b70_0, 1, 1;
L_0x561a7c039ea0 .part L_0x561a7c039930, 0, 1;
L_0x561a7c03a200 .part v0x561a7c017b70_0, 2, 1;
L_0x561a7c03a2d0 .part L_0x561a7c039930, 1, 1;
L_0x561a7c03a640 .part v0x561a7c017b70_0, 2, 1;
L_0x561a7c03a710 .part L_0x561a7c039930, 2, 1;
L_0x561a7c03aa90 .part v0x561a7c017b70_0, 2, 1;
L_0x561a7c03ab60 .part L_0x561a7c039930, 3, 1;
L_0x561a7c03aef0 .part v0x561a7c017b70_0, 2, 1;
L_0x561a7c03afc0 .part L_0x561a7c039930, 4, 1;
L_0x561a7c03b360 .part L_0x561a7c039930, 0, 1;
L_0x561a7c03b430 .part v0x561a7c017b70_0, 2, 1;
L_0x561a7c03b7e0 .part L_0x561a7c039930, 5, 1;
L_0x561a7c03b8b0 .part L_0x561a7c039930, 1, 1;
L_0x561a7c03bc70 .part v0x561a7c017b70_0, 2, 1;
L_0x561a7c03bd40 .part L_0x561a7c039930, 6, 1;
L_0x561a7c03c110 .part L_0x561a7c039930, 2, 1;
L_0x561a7c03c1e0 .part v0x561a7c017b70_0, 2, 1;
L_0x561a7c03c5c0 .part L_0x561a7c039930, 7, 1;
L_0x561a7c03c8a0 .part L_0x561a7c039930, 3, 1;
LS_0x561a7c03cc90_0_0 .concat8 [ 1 1 1 1], v0x561a7c006980_0, v0x561a7c0083d0_0, v0x561a7c009760_0, v0x561a7c00ab40_0;
LS_0x561a7c03cc90_0_4 .concat8 [ 1 1 1 1], v0x561a7c00bf20_0, v0x561a7c00d300_0, v0x561a7c00e6e0_0, v0x561a7c00fac0_0;
L_0x561a7c03cc90 .concat8 [ 4 4 0 0], LS_0x561a7c03cc90_0_0, LS_0x561a7c03cc90_0_4;
L_0x561a7c03ced0 .part v0x561a7c017b70_0, 2, 1;
L_0x561a7c03d2d0 .part v0x561a7c017b70_0, 3, 1;
L_0x561a7c03d3a0 .part v0x561a7c017b70_0, 4, 1;
L_0x561a7c03d880 .part v0x561a7c017b70_0, 5, 1;
L_0x561a7c03da30 .part v0x561a7c017b70_0, 6, 1;
L_0x561a7c03df30 .part v0x561a7c017b70_0, 7, 1;
S_0x561a7bfbdd60 .scope module, "inmux" "mux2to1_8bit" 3 28, 4 6 0, S_0x561a7bfc0f50;
 .timescale 0 0;
    .port_info 0 /INPUT 8 "INPUT1"
    .port_info 1 /INPUT 8 "INPUT2"
    .port_info 2 /OUTPUT 8 "RESULT"
    .port_info 3 /INPUT 1 "SELECT"
v0x561a7bff7d10_0 .net "INPUT1", 7 0, L_0x561a7c03e4f0;  alias, 1 drivers
v0x561a7bff8190_0 .net "INPUT2", 7 0, L_0x561a7c033970;  1 drivers
v0x561a7c0057e0_0 .var "RESULT", 7 0;
v0x561a7c0058a0_0 .net "SELECT", 0 0, v0x561a7c014ae0_0;  1 drivers
E_0x561a7bf5c8d0 .event edge, v0x561a7c0058a0_0, v0x561a7bff7d10_0, v0x561a7bff8190_0;
S_0x561a7c0059e0 .scope module, "m0" "mux2to1_1bit" 3 33, 5 6 0, S_0x561a7bfc0f50;
 .timescale 0 0;
    .port_info 0 /INPUT 1 "INPUT1"
    .port_info 1 /INPUT 1 "INPUT2"
    .port_info 2 /OUTPUT 1 "RESULT"
    .port_info 3 /INPUT 1 "SELECT"
v0x561a7c005bf0_0 .net "INPUT1", 0 0, L_0x561a7c034970;  1 drivers
v0x561a7c005cd0_0 .net "INPUT2", 0 0, v0x561a7c010340_0;  alias, 1 drivers
v0x561a7c005d90_0 .var "RESULT", 0 0;
v0x561a7c005e60_0 .net "SELECT", 0 0, L_0x561a7c034a10;  1 drivers
E_0x561a7bf76750 .event edge, v0x561a7c005e60_0, v0x561a7c005bf0_0, v0x561a7c005cd0_0;
S_0x561a7c005fd0 .scope module, "m00" "mux2to1_1bit" 3 42, 5 6 0, S_0x561a7bfc0f50;
 .timescale 0 0;
    .port_info 0 /INPUT 1 "INPUT1"
    .port_info 1 /INPUT 1 "INPUT2"
    .port_info 2 /OUTPUT 1 "RESULT"
    .port_info 3 /INPUT 1 "SELECT"
v0x561a7c0061f0_0 .net "INPUT1", 0 0, L_0x561a7c037080;  1 drivers
v0x561a7c0062d0_0 .net "INPUT2", 0 0, v0x561a7c010c20_0;  alias, 1 drivers
v0x561a7c006390_0 .var "RESULT", 0 0;
v0x561a7c006460_0 .net "SELECT", 0 0, L_0x561a7c037150;  1 drivers
E_0x561a7bf76890 .event edge, v0x561a7c006460_0, v0x561a7c0061f0_0, v0x561a7c0062d0_0;
S_0x561a7c0065d0 .scope module, "m000" "mux2to1_1bit" 3 51, 5 6 0, S_0x561a7bfc0f50;
 .timescale 0 0;
    .port_info 0 /INPUT 1 "INPUT1"
    .port_info 1 /INPUT 1 "INPUT2"
    .port_info 2 /OUTPUT 1 "RESULT"
    .port_info 3 /INPUT 1 "SELECT"
v0x561a7c0067e0_0 .net "INPUT1", 0 0, L_0x561a7c039ea0;  1 drivers
v0x561a7c0068c0_0 .net "INPUT2", 0 0, v0x561a7c011dd0_0;  alias, 1 drivers
v0x561a7c006980_0 .var "RESULT", 0 0;
v0x561a7c006a50_0 .net "SELECT", 0 0, L_0x561a7c03a200;  1 drivers
E_0x561a7bf76b00 .event edge, v0x561a7c006a50_0, v0x561a7c0067e0_0, v0x561a7c0068c0_0;
S_0x561a7c006bc0 .scope module, "m0000" "mux2to1_8bit" 3 61, 4 6 0, S_0x561a7bfc0f50;
 .timescale 0 0;
    .port_info 0 /INPUT 8 "INPUT1"
    .port_info 1 /INPUT 8 "INPUT2"
    .port_info 2 /OUTPUT 8 "RESULT"
    .port_info 3 /INPUT 1 "SELECT"
v0x561a7c006e20_0 .net "INPUT1", 7 0, L_0x561a7c03cc90;  alias, 1 drivers
v0x561a7c006f20_0 .net "INPUT2", 7 0, v0x561a7c0147b0_0;  1 drivers
v0x561a7c007000_0 .var "RESULT", 7 0;
v0x561a7c0070c0_0 .net "SELECT", 0 0, L_0x561a7c03e3e0;  1 drivers
E_0x561a7bff7a40 .event edge, v0x561a7c0070c0_0, v0x561a7c006e20_0, v0x561a7c006f20_0;
S_0x561a7c007230 .scope module, "m1" "mux2to1_1bit" 3 34, 5 6 0, S_0x561a7bfc0f50;
 .timescale 0 0;
    .port_info 0 /INPUT 1 "INPUT1"
    .port_info 1 /INPUT 1 "INPUT2"
    .port_info 2 /OUTPUT 1 "RESULT"
    .port_info 3 /INPUT 1 "SELECT"
v0x561a7c0074f0_0 .net "INPUT1", 0 0, L_0x561a7c034bd0;  1 drivers
v0x561a7c0075d0_0 .net "INPUT2", 0 0, L_0x561a7c034c70;  1 drivers
v0x561a7c007690_0 .var "RESULT", 0 0;
v0x561a7c007760_0 .net "SELECT", 0 0, L_0x561a7c034ab0;  1 drivers
E_0x561a7c007470 .event edge, v0x561a7c007760_0, v0x561a7c0074f0_0, v0x561a7c0075d0_0;
S_0x561a7c0078d0 .scope module, "m11" "mux2to1_1bit" 3 43, 5 6 0, S_0x561a7bfc0f50;
 .timescale 0 0;
    .port_info 0 /INPUT 1 "INPUT1"
    .port_info 1 /INPUT 1 "INPUT2"
    .port_info 2 /OUTPUT 1 "RESULT"
    .port_info 3 /INPUT 1 "SELECT"
v0x561a7c007b90_0 .net "INPUT1", 0 0, L_0x561a7c037400;  1 drivers
v0x561a7c007c70_0 .net "INPUT2", 0 0, v0x561a7c0114f0_0;  alias, 1 drivers
v0x561a7c007d30_0 .var "RESULT", 0 0;
v0x561a7c007e00_0 .net "SELECT", 0 0, L_0x561a7c0374d0;  1 drivers
E_0x561a7c007b10 .event edge, v0x561a7c007e00_0, v0x561a7c007b90_0, v0x561a7c007c70_0;
S_0x561a7c007f70 .scope module, "m111" "mux2to1_1bit" 3 52, 5 6 0, S_0x561a7bfc0f50;
 .timescale 0 0;
    .port_info 0 /INPUT 1 "INPUT1"
    .port_info 1 /INPUT 1 "INPUT2"
    .port_info 2 /OUTPUT 1 "RESULT"
    .port_info 3 /INPUT 1 "SELECT"
v0x561a7c008230_0 .net "INPUT1", 0 0, L_0x561a7c03a2d0;  1 drivers
v0x561a7c008310_0 .net "INPUT2", 0 0, v0x561a7c012690_0;  alias, 1 drivers
v0x561a7c0083d0_0 .var "RESULT", 0 0;
v0x561a7c0084a0_0 .net "SELECT", 0 0, L_0x561a7c03a640;  1 drivers
E_0x561a7c0081b0 .event edge, v0x561a7c0084a0_0, v0x561a7c008230_0, v0x561a7c008310_0;
S_0x561a7c008610 .scope module, "m2" "mux2to1_1bit" 3 35, 5 6 0, S_0x561a7bfc0f50;
 .timescale 0 0;
    .port_info 0 /INPUT 1 "INPUT1"
    .port_info 1 /INPUT 1 "INPUT2"
    .port_info 2 /OUTPUT 1 "RESULT"
    .port_info 3 /INPUT 1 "SELECT"
v0x561a7c0088d0_0 .net "INPUT1", 0 0, L_0x561a7c034e40;  1 drivers
v0x561a7c0089b0_0 .net "INPUT2", 0 0, L_0x561a7c035020;  1 drivers
v0x561a7c008a70_0 .var "RESULT", 0 0;
v0x561a7c008b40_0 .net "SELECT", 0 0, L_0x561a7c0350c0;  1 drivers
E_0x561a7c008850 .event edge, v0x561a7c008b40_0, v0x561a7c0088d0_0, v0x561a7c0089b0_0;
S_0x561a7c008cb0 .scope module, "m22" "mux2to1_1bit" 3 44, 5 6 0, S_0x561a7bfc0f50;
 .timescale 0 0;
    .port_info 0 /INPUT 1 "INPUT1"
    .port_info 1 /INPUT 1 "INPUT2"
    .port_info 2 /OUTPUT 1 "RESULT"
    .port_info 3 /INPUT 1 "SELECT"
v0x561a7c008f20_0 .net "INPUT1", 0 0, L_0x561a7c037790;  1 drivers
v0x561a7c009000_0 .net "INPUT2", 0 0, L_0x561a7c037860;  1 drivers
v0x561a7c0090c0_0 .var "RESULT", 0 0;
v0x561a7c009190_0 .net "SELECT", 0 0, L_0x561a7c037b30;  1 drivers
E_0x561a7c008ea0 .event edge, v0x561a7c009190_0, v0x561a7c008f20_0, v0x561a7c009000_0;
S_0x561a7c009300 .scope module, "m222" "mux2to1_1bit" 3 53, 5 6 0, S_0x561a7bfc0f50;
 .timescale 0 0;
    .port_info 0 /INPUT 1 "INPUT1"
    .port_info 1 /INPUT 1 "INPUT2"
    .port_info 2 /OUTPUT 1 "RESULT"
    .port_info 3 /INPUT 1 "SELECT"
v0x561a7c0095c0_0 .net "INPUT1", 0 0, L_0x561a7c03a710;  1 drivers
v0x561a7c0096a0_0 .net "INPUT2", 0 0, v0x561a7c012f00_0;  alias, 1 drivers
v0x561a7c009760_0 .var "RESULT", 0 0;
v0x561a7c009830_0 .net "SELECT", 0 0, L_0x561a7c03aa90;  1 drivers
E_0x561a7c009540 .event edge, v0x561a7c009830_0, v0x561a7c0095c0_0, v0x561a7c0096a0_0;
S_0x561a7c0099a0 .scope module, "m3" "mux2to1_1bit" 3 36, 5 6 0, S_0x561a7bfc0f50;
 .timescale 0 0;
    .port_info 0 /INPUT 1 "INPUT1"
    .port_info 1 /INPUT 1 "INPUT2"
    .port_info 2 /OUTPUT 1 "RESULT"
    .port_info 3 /INPUT 1 "SELECT"
v0x561a7c009c60_0 .net "INPUT1", 0 0, L_0x561a7c0352b0;  1 drivers
v0x561a7c009d40_0 .net "INPUT2", 0 0, L_0x561a7c035350;  1 drivers
v0x561a7c009e00_0 .var "RESULT", 0 0;
v0x561a7c009ed0_0 .net "SELECT", 0 0, L_0x561a7c035550;  1 drivers
E_0x561a7c009be0 .event edge, v0x561a7c009ed0_0, v0x561a7c009c60_0, v0x561a7c009d40_0;
S_0x561a7c00a040 .scope module, "m33" "mux2to1_1bit" 3 45, 5 6 0, S_0x561a7bfc0f50;
 .timescale 0 0;
    .port_info 0 /INPUT 1 "INPUT1"
    .port_info 1 /INPUT 1 "INPUT2"
    .port_info 2 /OUTPUT 1 "RESULT"
    .port_info 3 /INPUT 1 "SELECT"
v0x561a7c00a300_0 .net "INPUT1", 0 0, L_0x561a7c037c00;  1 drivers
v0x561a7c00a3e0_0 .net "INPUT2", 0 0, L_0x561a7c037ee0;  1 drivers
v0x561a7c00a4a0_0 .var "RESULT", 0 0;
v0x561a7c00a570_0 .net "SELECT", 0 0, L_0x561a7c037fb0;  1 drivers
E_0x561a7c00a280 .event edge, v0x561a7c00a570_0, v0x561a7c00a300_0, v0x561a7c00a3e0_0;
S_0x561a7c00a6e0 .scope module, "m333" "mux2to1_1bit" 3 54, 5 6 0, S_0x561a7bfc0f50;
 .timescale 0 0;
    .port_info 0 /INPUT 1 "INPUT1"
    .port_info 1 /INPUT 1 "INPUT2"
    .port_info 2 /OUTPUT 1 "RESULT"
    .port_info 3 /INPUT 1 "SELECT"
v0x561a7c00a9a0_0 .net "INPUT1", 0 0, L_0x561a7c03ab60;  1 drivers
v0x561a7c00aa80_0 .net "INPUT2", 0 0, v0x561a7c0139d0_0;  alias, 1 drivers
v0x561a7c00ab40_0 .var "RESULT", 0 0;
v0x561a7c00ac10_0 .net "SELECT", 0 0, L_0x561a7c03aef0;  1 drivers
E_0x561a7c00a920 .event edge, v0x561a7c00ac10_0, v0x561a7c00a9a0_0, v0x561a7c00aa80_0;
S_0x561a7c00ad80 .scope module, "m4" "mux2to1_1bit" 3 37, 5 6 0, S_0x561a7bfc0f50;
 .timescale 0 0;
    .port_info 0 /INPUT 1 "INPUT1"
    .port_info 1 /INPUT 1 "INPUT2"
    .port_info 2 /OUTPUT 1 "RESULT"
    .port_info 3 /INPUT 1 "SELECT"
v0x561a7c00b040_0 .net "INPUT1", 0 0, L_0x561a7c035620;  1 drivers
v0x561a7c00b120_0 .net "INPUT2", 0 0, L_0x561a7c035860;  1 drivers
v0x561a7c00b1e0_0 .var "RESULT", 0 0;
v0x561a7c00b2b0_0 .net "SELECT", 0 0, L_0x561a7c035930;  1 drivers
E_0x561a7c00afc0 .event edge, v0x561a7c00b2b0_0, v0x561a7c00b040_0, v0x561a7c00b120_0;
S_0x561a7c00b420 .scope module, "m44" "mux2to1_1bit" 3 46, 5 6 0, S_0x561a7bfc0f50;
 .timescale 0 0;
    .port_info 0 /INPUT 1 "INPUT1"
    .port_info 1 /INPUT 1 "INPUT2"
    .port_info 2 /OUTPUT 1 "RESULT"
    .port_info 3 /INPUT 1 "SELECT"
v0x561a7c00b6e0_0 .net "INPUT1", 0 0, L_0x561a7c0382a0;  1 drivers
v0x561a7c00b7c0_0 .net "INPUT2", 0 0, L_0x561a7c038370;  1 drivers
v0x561a7c00b880_0 .var "RESULT", 0 0;
v0x561a7c00b950_0 .net "SELECT", 0 0, L_0x561a7c038670;  1 drivers
E_0x561a7c00b660 .event edge, v0x561a7c00b950_0, v0x561a7c00b6e0_0, v0x561a7c00b7c0_0;
S_0x561a7c00bac0 .scope module, "m444" "mux2to1_1bit" 3 55, 5 6 0, S_0x561a7bfc0f50;
 .timescale 0 0;
    .port_info 0 /INPUT 1 "INPUT1"
    .port_info 1 /INPUT 1 "INPUT2"
    .port_info 2 /OUTPUT 1 "RESULT"
    .port_info 3 /INPUT 1 "SELECT"
v0x561a7c00bd80_0 .net "INPUT1", 0 0, L_0x561a7c03afc0;  1 drivers
v0x561a7c00be60_0 .net "INPUT2", 0 0, L_0x561a7c03b360;  1 drivers
v0x561a7c00bf20_0 .var "RESULT", 0 0;
v0x561a7c00bff0_0 .net "SELECT", 0 0, L_0x561a7c03b430;  1 drivers
E_0x561a7c00bd00 .event edge, v0x561a7c00bff0_0, v0x561a7c00bd80_0, v0x561a7c00be60_0;
S_0x561a7c00c160 .scope module, "m5" "mux2to1_1bit" 3 38, 5 6 0, S_0x561a7bfc0f50;
 .timescale 0 0;
    .port_info 0 /INPUT 1 "INPUT1"
    .port_info 1 /INPUT 1 "INPUT2"
    .port_info 2 /OUTPUT 1 "RESULT"
    .port_info 3 /INPUT 1 "SELECT"
v0x561a7c00c420_0 .net "INPUT1", 0 0, L_0x561a7c035c90;  1 drivers
v0x561a7c00c500_0 .net "INPUT2", 0 0, L_0x561a7c035d60;  1 drivers
v0x561a7c00c5c0_0 .var "RESULT", 0 0;
v0x561a7c00c690_0 .net "SELECT", 0 0, L_0x561a7c035fc0;  1 drivers
E_0x561a7c00c3a0 .event edge, v0x561a7c00c690_0, v0x561a7c00c420_0, v0x561a7c00c500_0;
S_0x561a7c00c800 .scope module, "m55" "mux2to1_1bit" 3 47, 5 6 0, S_0x561a7bfc0f50;
 .timescale 0 0;
    .port_info 0 /INPUT 1 "INPUT1"
    .port_info 1 /INPUT 1 "INPUT2"
    .port_info 2 /OUTPUT 1 "RESULT"
    .port_info 3 /INPUT 1 "SELECT"
v0x561a7c00cac0_0 .net "INPUT1", 0 0, L_0x561a7c038740;  1 drivers
v0x561a7c00cba0_0 .net "INPUT2", 0 0, L_0x561a7c038a50;  1 drivers
v0x561a7c00cc60_0 .var "RESULT", 0 0;
v0x561a7c00cd30_0 .net "SELECT", 0 0, L_0x561a7c038b20;  1 drivers
E_0x561a7c00ca40 .event edge, v0x561a7c00cd30_0, v0x561a7c00cac0_0, v0x561a7c00cba0_0;
S_0x561a7c00cea0 .scope module, "m555" "mux2to1_1bit" 3 56, 5 6 0, S_0x561a7bfc0f50;
 .timescale 0 0;
    .port_info 0 /INPUT 1 "INPUT1"
    .port_info 1 /INPUT 1 "INPUT2"
    .port_info 2 /OUTPUT 1 "RESULT"
    .port_info 3 /INPUT 1 "SELECT"
v0x561a7c00d160_0 .net "INPUT1", 0 0, L_0x561a7c03b7e0;  1 drivers
v0x561a7c00d240_0 .net "INPUT2", 0 0, L_0x561a7c03b8b0;  1 drivers
v0x561a7c00d300_0 .var "RESULT", 0 0;
v0x561a7c00d3d0_0 .net "SELECT", 0 0, L_0x561a7c03bc70;  1 drivers
E_0x561a7c00d0e0 .event edge, v0x561a7c00d3d0_0, v0x561a7c00d160_0, v0x561a7c00d240_0;
S_0x561a7c00d540 .scope module, "m6" "mux2to1_1bit" 3 39, 5 6 0, S_0x561a7bfc0f50;
 .timescale 0 0;
    .port_info 0 /INPUT 1 "INPUT1"
    .port_info 1 /INPUT 1 "INPUT2"
    .port_info 2 /OUTPUT 1 "RESULT"
    .port_info 3 /INPUT 1 "SELECT"
v0x561a7c00d800_0 .net "INPUT1", 0 0, L_0x561a7c036090;  1 drivers
v0x561a7c00d8e0_0 .net "INPUT2", 0 0, L_0x561a7c036300;  1 drivers
v0x561a7c00d9a0_0 .var "RESULT", 0 0;
v0x561a7c00da70_0 .net "SELECT", 0 0, L_0x561a7c0363d0;  1 drivers
E_0x561a7c00d780 .event edge, v0x561a7c00da70_0, v0x561a7c00d800_0, v0x561a7c00d8e0_0;
S_0x561a7c00dbe0 .scope module, "m66" "mux2to1_1bit" 3 48, 5 6 0, S_0x561a7bfc0f50;
 .timescale 0 0;
    .port_info 0 /INPUT 1 "INPUT1"
    .port_info 1 /INPUT 1 "INPUT2"
    .port_info 2 /OUTPUT 1 "RESULT"
    .port_info 3 /INPUT 1 "SELECT"
v0x561a7c00dea0_0 .net "INPUT1", 0 0, L_0x561a7c038e40;  1 drivers
v0x561a7c00df80_0 .net "INPUT2", 0 0, L_0x561a7c038f10;  1 drivers
v0x561a7c00e040_0 .var "RESULT", 0 0;
v0x561a7c00e110_0 .net "SELECT", 0 0, L_0x561a7c039240;  1 drivers
E_0x561a7c00de20 .event edge, v0x561a7c00e110_0, v0x561a7c00dea0_0, v0x561a7c00df80_0;
S_0x561a7c00e280 .scope module, "m666" "mux2to1_1bit" 3 57, 5 6 0, S_0x561a7bfc0f50;
 .timescale 0 0;
    .port_info 0 /INPUT 1 "INPUT1"
    .port_info 1 /INPUT 1 "INPUT2"
    .port_info 2 /OUTPUT 1 "RESULT"
    .port_info 3 /INPUT 1 "SELECT"
v0x561a7c00e540_0 .net "INPUT1", 0 0, L_0x561a7c03bd40;  1 drivers
v0x561a7c00e620_0 .net "INPUT2", 0 0, L_0x561a7c03c110;  1 drivers
v0x561a7c00e6e0_0 .var "RESULT", 0 0;
v0x561a7c00e7b0_0 .net "SELECT", 0 0, L_0x561a7c03c1e0;  1 drivers
E_0x561a7c00e4c0 .event edge, v0x561a7c00e7b0_0, v0x561a7c00e540_0, v0x561a7c00e620_0;
S_0x561a7c00e920 .scope module, "m7" "mux2to1_1bit" 3 40, 5 6 0, S_0x561a7bfc0f50;
 .timescale 0 0;
    .port_info 0 /INPUT 1 "INPUT1"
    .port_info 1 /INPUT 1 "INPUT2"
    .port_info 2 /OUTPUT 1 "RESULT"
    .port_info 3 /INPUT 1 "SELECT"
v0x561a7c00ebe0_0 .net "INPUT1", 0 0, L_0x561a7c036650;  1 drivers
v0x561a7c00ecc0_0 .net "INPUT2", 0 0, L_0x561a7c036930;  1 drivers
v0x561a7c00ed80_0 .var "RESULT", 0 0;
v0x561a7c00ee50_0 .net "SELECT", 0 0, L_0x561a7c036de0;  1 drivers
E_0x561a7c00eb60 .event edge, v0x561a7c00ee50_0, v0x561a7c00ebe0_0, v0x561a7c00ecc0_0;
S_0x561a7c00efc0 .scope module, "m77" "mux2to1_1bit" 3 49, 5 6 0, S_0x561a7bfc0f50;
 .timescale 0 0;
    .port_info 0 /INPUT 1 "INPUT1"
    .port_info 1 /INPUT 1 "INPUT2"
    .port_info 2 /OUTPUT 1 "RESULT"
    .port_info 3 /INPUT 1 "SELECT"
v0x561a7c00f280_0 .net "INPUT1", 0 0, L_0x561a7c039310;  1 drivers
v0x561a7c00f360_0 .net "INPUT2", 0 0, L_0x561a7c039860;  1 drivers
v0x561a7c00f420_0 .var "RESULT", 0 0;
v0x561a7c00f4f0_0 .net "SELECT", 0 0, L_0x561a7c039dd0;  1 drivers
E_0x561a7c00f200 .event edge, v0x561a7c00f4f0_0, v0x561a7c00f280_0, v0x561a7c00f360_0;
S_0x561a7c00f660 .scope module, "m777" "mux2to1_1bit" 3 58, 5 6 0, S_0x561a7bfc0f50;
 .timescale 0 0;
    .port_info 0 /INPUT 1 "INPUT1"
    .port_info 1 /INPUT 1 "INPUT2"
    .port_info 2 /OUTPUT 1 "RESULT"
    .port_info 3 /INPUT 1 "SELECT"
v0x561a7c00f920_0 .net "INPUT1", 0 0, L_0x561a7c03c5c0;  1 drivers
v0x561a7c00fa00_0 .net "INPUT2", 0 0, L_0x561a7c03c8a0;  1 drivers
v0x561a7c00fac0_0 .var "RESULT", 0 0;
v0x561a7c00fb90_0 .net "SELECT", 0 0, L_0x561a7c03ced0;  1 drivers
E_0x561a7c00f8a0 .event edge, v0x561a7c00fb90_0, v0x561a7c00f920_0, v0x561a7c00fa00_0;
S_0x561a7c00fd00 .scope module, "mt1" "mux4to1_1bit" 3 20, 6 6 0, S_0x561a7bfc0f50;
 .timescale 0 0;
    .port_info 0 /INPUT 1 "INPUT1"
    .port_info 1 /INPUT 1 "INPUT2"
    .port_info 2 /INPUT 1 "INPUT3"
    .port_info 3 /INPUT 1 "INPUT4"
    .port_info 4 /OUTPUT 1 "RESULT"
    .port_info 5 /INPUT 2 "SELECT"
L_0x7f9a3b688138 .functor BUFT 1, C4<0>, C4<0>, C4<0>, C4<0>;
v0x561a7c010040_0 .net "INPUT1", 0 0, L_0x7f9a3b688138;  1 drivers
v0x561a7c010120_0 .net "INPUT2", 0 0, L_0x561a7c031e90;  1 drivers
v0x561a7c0101e0_0 .net "INPUT3", 0 0, L_0x561a7c031fc0;  1 drivers
L_0x7f9a3b688180 .functor BUFT 1, C4<0>, C4<0>, C4<0>, C4<0>;
v0x561a7c010280_0 .net "INPUT4", 0 0, L_0x7f9a3b688180;  1 drivers
v0x561a7c010340_0 .var "RESULT", 0 0;
v0x561a7c010430_0 .net "SELECT", 1 0, o0x7f9a3b6d37d8;  alias, 0 drivers
E_0x561a7c00ffb0/0 .event edge, v0x561a7c010430_0, v0x561a7c010040_0, v0x561a7c010120_0, v0x561a7c0101e0_0;
E_0x561a7c00ffb0/1 .event edge, v0x561a7c010280_0;
E_0x561a7c00ffb0 .event/or E_0x561a7c00ffb0/0, E_0x561a7c00ffb0/1;
S_0x561a7c0105f0 .scope module, "mt2" "mux4to1_1bit" 3 21, 6 6 0, S_0x561a7bfc0f50;
 .timescale 0 0;
    .port_info 0 /INPUT 1 "INPUT1"
    .port_info 1 /INPUT 1 "INPUT2"
    .port_info 2 /INPUT 1 "INPUT3"
    .port_info 3 /INPUT 1 "INPUT4"
    .port_info 4 /OUTPUT 1 "RESULT"
    .port_info 5 /INPUT 2 "SELECT"
L_0x7f9a3b6881c8 .functor BUFT 1, C4<0>, C4<0>, C4<0>, C4<0>;
v0x561a7c0108f0_0 .net "INPUT1", 0 0, L_0x7f9a3b6881c8;  1 drivers
v0x561a7c0109d0_0 .net "INPUT2", 0 0, L_0x561a7c032060;  1 drivers
v0x561a7c010a90_0 .net "INPUT3", 0 0, L_0x561a7c032100;  1 drivers
L_0x7f9a3b688210 .functor BUFT 1, C4<0>, C4<0>, C4<0>, C4<0>;
v0x561a7c010b60_0 .net "INPUT4", 0 0, L_0x7f9a3b688210;  1 drivers
v0x561a7c010c20_0 .var "RESULT", 0 0;
v0x561a7c010d10_0 .net "SELECT", 1 0, o0x7f9a3b6d37d8;  alias, 0 drivers
E_0x561a7c010860/0 .event edge, v0x561a7c010430_0, v0x561a7c0108f0_0, v0x561a7c0109d0_0, v0x561a7c010a90_0;
E_0x561a7c010860/1 .event edge, v0x561a7c010b60_0;
E_0x561a7c010860 .event/or E_0x561a7c010860/0, E_0x561a7c010860/1;
S_0x561a7c010ec0 .scope module, "mt3" "mux4to1_1bit" 3 22, 6 6 0, S_0x561a7bfc0f50;
 .timescale 0 0;
    .port_info 0 /INPUT 1 "INPUT1"
    .port_info 1 /INPUT 1 "INPUT2"
    .port_info 2 /INPUT 1 "INPUT3"
    .port_info 3 /INPUT 1 "INPUT4"
    .port_info 4 /OUTPUT 1 "RESULT"
    .port_info 5 /INPUT 2 "SELECT"
L_0x7f9a3b688258 .functor BUFT 1, C4<0>, C4<0>, C4<0>, C4<0>;
v0x561a7c0111c0_0 .net "INPUT1", 0 0, L_0x7f9a3b688258;  1 drivers
v0x561a7c0112a0_0 .net "INPUT2", 0 0, L_0x561a7c032230;  1 drivers
v0x561a7c011360_0 .net "INPUT3", 0 0, L_0x561a7c032300;  1 drivers
L_0x7f9a3b6882a0 .functor BUFT 1, C4<0>, C4<0>, C4<0>, C4<0>;
v0x561a7c011430_0 .net "INPUT4", 0 0, L_0x7f9a3b6882a0;  1 drivers
v0x561a7c0114f0_0 .var "RESULT", 0 0;
v0x561a7c0115e0_0 .net "SELECT", 1 0, o0x7f9a3b6d37d8;  alias, 0 drivers
E_0x561a7c011130/0 .event edge, v0x561a7c010430_0, v0x561a7c0111c0_0, v0x561a7c0112a0_0, v0x561a7c011360_0;
E_0x561a7c011130/1 .event edge, v0x561a7c011430_0;
E_0x561a7c011130 .event/or E_0x561a7c011130/0, E_0x561a7c011130/1;
S_0x561a7c0117d0 .scope module, "mt4" "mux4to1_1bit" 3 23, 6 6 0, S_0x561a7bfc0f50;
 .timescale 0 0;
    .port_info 0 /INPUT 1 "INPUT1"
    .port_info 1 /INPUT 1 "INPUT2"
    .port_info 2 /INPUT 1 "INPUT3"
    .port_info 3 /INPUT 1 "INPUT4"
    .port_info 4 /OUTPUT 1 "RESULT"
    .port_info 5 /INPUT 2 "SELECT"
L_0x7f9a3b6882e8 .functor BUFT 1, C4<0>, C4<0>, C4<0>, C4<0>;
v0x561a7c011ad0_0 .net "INPUT1", 0 0, L_0x7f9a3b6882e8;  1 drivers
v0x561a7c011bb0_0 .net "INPUT2", 0 0, L_0x561a7c032410;  1 drivers
v0x561a7c011c70_0 .net "INPUT3", 0 0, L_0x561a7c0324e0;  1 drivers
L_0x7f9a3b688330 .functor BUFT 1, C4<0>, C4<0>, C4<0>, C4<0>;
v0x561a7c011d10_0 .net "INPUT4", 0 0, L_0x7f9a3b688330;  1 drivers
v0x561a7c011dd0_0 .var "RESULT", 0 0;
v0x561a7c011ec0_0 .net "SELECT", 1 0, o0x7f9a3b6d37d8;  alias, 0 drivers
E_0x561a7c011a40/0 .event edge, v0x561a7c010430_0, v0x561a7c011ad0_0, v0x561a7c011bb0_0, v0x561a7c011c70_0;
E_0x561a7c011a40/1 .event edge, v0x561a7c011d10_0;
E_0x561a7c011a40 .event/or E_0x561a7c011a40/0, E_0x561a7c011a40/1;
S_0x561a7c012060 .scope module, "mt5" "mux4to1_1bit" 3 24, 6 6 0, S_0x561a7bfc0f50;
 .timescale 0 0;
    .port_info 0 /INPUT 1 "INPUT1"
    .port_info 1 /INPUT 1 "INPUT2"
    .port_info 2 /INPUT 1 "INPUT3"
    .port_info 3 /INPUT 1 "INPUT4"
    .port_info 4 /OUTPUT 1 "RESULT"
    .port_info 5 /INPUT 2 "SELECT"
L_0x7f9a3b688378 .functor BUFT 1, C4<0>, C4<0>, C4<0>, C4<0>;
v0x561a7c012360_0 .net "INPUT1", 0 0, L_0x7f9a3b688378;  1 drivers
v0x561a7c012440_0 .net "INPUT2", 0 0, L_0x561a7c032690;  1 drivers
v0x561a7c012500_0 .net "INPUT3", 0 0, L_0x561a7c032760;  1 drivers
L_0x7f9a3b6883c0 .functor BUFT 1, C4<0>, C4<0>, C4<0>, C4<0>;
v0x561a7c0125d0_0 .net "INPUT4", 0 0, L_0x7f9a3b6883c0;  1 drivers
v0x561a7c012690_0 .var "RESULT", 0 0;
v0x561a7c012780_0 .net "SELECT", 1 0, o0x7f9a3b6d37d8;  alias, 0 drivers
E_0x561a7c0122d0/0 .event edge, v0x561a7c010430_0, v0x561a7c012360_0, v0x561a7c012440_0, v0x561a7c012500_0;
E_0x561a7c0122d0/1 .event edge, v0x561a7c0125d0_0;
E_0x561a7c0122d0 .event/or E_0x561a7c0122d0/0, E_0x561a7c0122d0/1;
S_0x561a7c012920 .scope module, "mt6" "mux4to1_1bit" 3 25, 6 6 0, S_0x561a7bfc0f50;
 .timescale 0 0;
    .port_info 0 /INPUT 1 "INPUT1"
    .port_info 1 /INPUT 1 "INPUT2"
    .port_info 2 /INPUT 1 "INPUT3"
    .port_info 3 /INPUT 1 "INPUT4"
    .port_info 4 /OUTPUT 1 "RESULT"
    .port_info 5 /INPUT 2 "SELECT"
L_0x7f9a3b688408 .functor BUFT 1, C4<0>, C4<0>, C4<0>, C4<0>;
v0x561a7c012bd0_0 .net "INPUT1", 0 0, L_0x7f9a3b688408;  1 drivers
v0x561a7c012cb0_0 .net "INPUT2", 0 0, L_0x561a7c032910;  1 drivers
v0x561a7c012d70_0 .net "INPUT3", 0 0, L_0x561a7c0329e0;  1 drivers
L_0x7f9a3b688450 .functor BUFT 1, C4<0>, C4<0>, C4<0>, C4<0>;
v0x561a7c012e40_0 .net "INPUT4", 0 0, L_0x7f9a3b688450;  1 drivers
v0x561a7c012f00_0 .var "RESULT", 0 0;
v0x561a7c012ff0_0 .net "SELECT", 1 0, o0x7f9a3b6d37d8;  alias, 0 drivers
E_0x561a7c012b40/0 .event edge, v0x561a7c010430_0, v0x561a7c012bd0_0, v0x561a7c012cb0_0, v0x561a7c012d70_0;
E_0x561a7c012b40/1 .event edge, v0x561a7c012e40_0;
E_0x561a7c012b40 .event/or E_0x561a7c012b40/0, E_0x561a7c012b40/1;
S_0x561a7c013190 .scope module, "mt7" "mux4to1_1bit" 3 26, 6 6 0, S_0x561a7bfc0f50;
 .timescale 0 0;
    .port_info 0 /INPUT 1 "INPUT1"
    .port_info 1 /INPUT 1 "INPUT2"
    .port_info 2 /INPUT 1 "INPUT3"
    .port_info 3 /INPUT 1 "INPUT4"
    .port_info 4 /OUTPUT 1 "RESULT"
    .port_info 5 /INPUT 2 "SELECT"
L_0x7f9a3b688498 .functor BUFT 1, C4<0>, C4<0>, C4<0>, C4<0>;
v0x561a7c0136a0_0 .net "INPUT1", 0 0, L_0x7f9a3b688498;  1 drivers
v0x561a7c013780_0 .net "INPUT2", 0 0, L_0x561a7c032c90;  1 drivers
v0x561a7c013840_0 .net "INPUT3", 0 0, L_0x561a7c032d60;  1 drivers
L_0x7f9a3b6884e0 .functor BUFT 1, C4<0>, C4<0>, C4<0>, C4<0>;
v0x561a7c013910_0 .net "INPUT4", 0 0, L_0x7f9a3b6884e0;  1 drivers
v0x561a7c0139d0_0 .var "RESULT", 0 0;
v0x561a7c013ac0_0 .net "SELECT", 1 0, o0x7f9a3b6d37d8;  alias, 0 drivers
E_0x561a7c013610/0 .event edge, v0x561a7c010430_0, v0x561a7c0136a0_0, v0x561a7c013780_0, v0x561a7c013840_0;
E_0x561a7c013610/1 .event edge, v0x561a7c013910_0;
E_0x561a7c013610 .event/or E_0x561a7c013610/0, E_0x561a7c013610/1;
S_0x561a7c013c60 .scope module, "outmux" "mux2to1_8bit" 3 29, 4 6 0, S_0x561a7bfc0f50;
 .timescale 0 0;
    .port_info 0 /INPUT 8 "INPUT1"
    .port_info 1 /INPUT 8 "INPUT2"
    .port_info 2 /OUTPUT 8 "RESULT"
    .port_info 3 /INPUT 1 "SELECT"
v0x561a7c013f10_0 .net "INPUT1", 7 0, v0x561a7c007000_0;  alias, 1 drivers
v0x561a7c014020_0 .net "INPUT2", 7 0, L_0x561a7c034510;  1 drivers
v0x561a7c0140e0_0 .var "RESULT", 7 0;
v0x561a7c0141d0_0 .net "SELECT", 0 0, v0x561a7c014ae0_0;  alias, 1 drivers
E_0x561a7c00fed0 .event edge, v0x561a7c0058a0_0, v0x561a7c007000_0, v0x561a7c014020_0;
S_0x561a7c016a60 .scope module, "jumpadder" "adder" 2 47, 7 6 0, S_0x561a7bfbf770;
 .timescale 0 0;
    .port_info 0 /INPUT 32 "INPUT1"
    .port_info 1 /INPUT 32 "INPUT2"
    .port_info 2 /OUTPUT 32 "RESULT"
v0x561a7c016d20_0 .net "INPUT1", 31 0, v0x561a7c018f90_0;  alias, 1 drivers
v0x561a7c016e20_0 .net "INPUT2", 31 0, L_0x561a7c031340;  1 drivers
v0x561a7c016f00_0 .var "RESULT", 31 0;
E_0x561a7c016ca0 .event edge, v0x561a7c016d20_0, v0x561a7c016e20_0;
S_0x561a7c017040 .scope module, "muxFin" "mux2to1_8bit" 2 66, 4 6 0, S_0x561a7bfbf770;
 .timescale 0 0;
    .port_info 0 /INPUT 8 "INPUT1"
    .port_info 1 /INPUT 8 "INPUT2"
    .port_info 2 /OUTPUT 8 "RESULT"
    .port_info 3 /INPUT 1 "SELECT"
v0x561a7c0172e0_0 .net "INPUT1", 7 0, v0x561a7c019690_0;  alias, 1 drivers
v0x561a7c0173c0_0 .net "INPUT2", 7 0, v0x561a7c0140e0_0;  alias, 1 drivers
v0x561a7c0174d0_0 .var "RESULT", 7 0;
v0x561a7c017590_0 .net "SELECT", 0 0, v0x561a7c01b410_0;  alias, 1 drivers
E_0x561a7c017280 .event edge, v0x561a7c017590_0, v0x561a7c0172e0_0, v0x561a7c0140e0_0;
S_0x561a7c0176d0 .scope module, "muximme" "mux2to1_8bit" 2 43, 4 6 0, S_0x561a7bfbf770;
 .timescale 0 0;
    .port_info 0 /INPUT 8 "INPUT1"
    .port_info 1 /INPUT 8 "INPUT2"
    .port_info 2 /OUTPUT 8 "RESULT"
    .port_info 3 /INPUT 1 "SELECT"
v0x561a7c017990_0 .net "INPUT1", 7 0, v0x561a7c0188a0_0;  alias, 1 drivers
v0x561a7c017a90_0 .net "INPUT2", 7 0, L_0x561a7c031c60;  alias, 1 drivers
v0x561a7c017b70_0 .var "RESULT", 7 0;
v0x561a7c017c10_0 .net "SELECT", 0 0, v0x561a7c01b5f0_0;  alias, 1 drivers
E_0x561a7c017910 .event edge, v0x561a7c017c10_0, v0x561a7c017990_0, v0x561a7c017a90_0;
S_0x561a7c017d30 .scope module, "muxjump" "mux2to1_32bit" 2 44, 8 6 0, S_0x561a7bfbf770;
 .timescale 0 0;
    .port_info 0 /INPUT 32 "INPUT1"
    .port_info 1 /INPUT 32 "INPUT2"
    .port_info 2 /OUTPUT 32 "RESULT"
    .port_info 3 /INPUT 1 "SELECT"
v0x561a7c018040_0 .net "INPUT1", 31 0, v0x561a7c018f90_0;  alias, 1 drivers
v0x561a7c018120_0 .net "INPUT2", 31 0, v0x561a7c016f00_0;  alias, 1 drivers
v0x561a7c0181c0_0 .var "RESULT", 31 0;
v0x561a7c018290_0 .net "SELECT", 0 0, L_0x561a7c0317a0;  alias, 1 drivers
E_0x561a7c017fc0 .event edge, v0x561a7c018290_0, v0x561a7c016d20_0, v0x561a7c016f00_0;
S_0x561a7c018400 .scope module, "muxtwos" "mux2to1_8bit" 2 42, 4 6 0, S_0x561a7bfbf770;
 .timescale 0 0;
    .port_info 0 /INPUT 8 "INPUT1"
    .port_info 1 /INPUT 8 "INPUT2"
    .port_info 2 /OUTPUT 8 "RESULT"
    .port_info 3 /INPUT 1 "SELECT"
v0x561a7c0186c0_0 .net "INPUT1", 7 0, L_0x561a7c01fd00;  alias, 1 drivers
v0x561a7c0187c0_0 .net "INPUT2", 7 0, v0x561a7c01d1e0_0;  alias, 1 drivers
v0x561a7c0188a0_0 .var "RESULT", 7 0;
v0x561a7c0189a0_0 .net "SELECT", 0 0, v0x561a7c01b8b0_0;  alias, 1 drivers
E_0x561a7c018640 .event edge, v0x561a7c0189a0_0, v0x561a7c0186c0_0, v0x561a7c0187c0_0;
S_0x561a7c018af0 .scope module, "myadder" "adder" 2 46, 7 6 0, S_0x561a7bfbf770;
 .timescale 0 0;
    .port_info 0 /INPUT 32 "INPUT1"
    .port_info 1 /INPUT 32 "INPUT2"
    .port_info 2 /OUTPUT 32 "RESULT"
v0x561a7c018db0_0 .net "INPUT1", 31 0, v0x561a7c01dbc0_0;  1 drivers
L_0x7f9a3b6880a8 .functor BUFT 1, C4<00000000000000000000000000000100>, C4<0>, C4<0>, C4<0>;
v0x561a7c018eb0_0 .net "INPUT2", 31 0, L_0x7f9a3b6880a8;  1 drivers
v0x561a7c018f90_0 .var "RESULT", 31 0;
E_0x561a7c018d30 .event edge, v0x561a7c018db0_0, v0x561a7c018eb0_0;
S_0x561a7c019100 .scope module, "myalu" "alu" 2 45, 9 6 0, S_0x561a7bfbf770;
 .timescale 0 0;
    .port_info 0 /INPUT 8 "DATA1"
    .port_info 1 /INPUT 8 "DATA2"
    .port_info 2 /OUTPUT 8 "RESULT"
    .port_info 3 /INPUT 3 "SELECT"
    .port_info 4 /OUTPUT 1 "COMP"
L_0x561a7c020220 .functor OR 1, L_0x561a7c0200e0, L_0x561a7c020180, C4<0>, C4<0>;
L_0x561a7c020380 .functor OR 1, L_0x561a7c020220, L_0x561a7c0202e0, C4<0>, C4<0>;
L_0x561a7c020560 .functor OR 1, L_0x561a7c020380, L_0x561a7c020490, C4<0>, C4<0>;
L_0x561a7c020710 .functor OR 1, L_0x561a7c020560, L_0x561a7c020670, C4<0>, C4<0>;
L_0x561a7c020930 .functor OR 1, L_0x561a7c020710, L_0x561a7c020850, C4<0>, C4<0>;
L_0x561a7c020ae0 .functor OR 1, L_0x561a7c020930, L_0x561a7c020a40, C4<0>, C4<0>;
L_0x561a7c020c30 .functor NOT 1, L_0x561a7c020ae0, C4<0>, C4<0>, C4<0>;
v0x561a7c0193b0_0 .net "COMP", 0 0, L_0x561a7c020c30;  alias, 1 drivers
v0x561a7c019490_0 .net "DATA1", 7 0, L_0x561a7c03e4f0;  alias, 1 drivers
v0x561a7c0195a0_0 .net "DATA2", 7 0, v0x561a7c017b70_0;  alias, 1 drivers
v0x561a7c019690_0 .var "RESULT", 7 0;
v0x561a7c019750_0 .net "SELECT", 2 0, v0x561a7c01b320_0;  alias, 1 drivers
v0x561a7c019860_0 .net *"_s1", 0 0, L_0x561a7c0200e0;  1 drivers
v0x561a7c019940_0 .net *"_s11", 0 0, L_0x561a7c020490;  1 drivers
v0x561a7c019a20_0 .net *"_s12", 0 0, L_0x561a7c020560;  1 drivers
v0x561a7c019b00_0 .net *"_s15", 0 0, L_0x561a7c020670;  1 drivers
v0x561a7c019be0_0 .net *"_s16", 0 0, L_0x561a7c020710;  1 drivers
v0x561a7c019cc0_0 .net *"_s19", 0 0, L_0x561a7c020850;  1 drivers
v0x561a7c019da0_0 .net *"_s20", 0 0, L_0x561a7c020930;  1 drivers
v0x561a7c019e80_0 .net *"_s23", 0 0, L_0x561a7c020a40;  1 drivers
v0x561a7c019f60_0 .net *"_s24", 0 0, L_0x561a7c020ae0;  1 drivers
v0x561a7c01a040_0 .net *"_s3", 0 0, L_0x561a7c020180;  1 drivers
v0x561a7c01a120_0 .net *"_s4", 0 0, L_0x561a7c020220;  1 drivers
v0x561a7c01a200_0 .net *"_s7", 0 0, L_0x561a7c0202e0;  1 drivers
v0x561a7c01a2e0_0 .net *"_s8", 0 0, L_0x561a7c020380;  1 drivers
E_0x561a7c019350 .event edge, v0x561a7c019750_0, v0x561a7c014a20_0, v0x561a7bff7d10_0;
L_0x561a7c0200e0 .part v0x561a7c019690_0, 7, 1;
L_0x561a7c020180 .part v0x561a7c019690_0, 6, 1;
L_0x561a7c0202e0 .part v0x561a7c019690_0, 5, 1;
L_0x561a7c020490 .part v0x561a7c019690_0, 4, 1;
L_0x561a7c020670 .part v0x561a7c019690_0, 3, 1;
L_0x561a7c020850 .part v0x561a7c019690_0, 2, 1;
L_0x561a7c020a40 .part v0x561a7c019690_0, 1, 1;
S_0x561a7c01a460 .scope module, "mycu" "control_unit" 2 39, 10 6 0, S_0x561a7bfbf770;
 .timescale 0 0;
    .port_info 0 /INPUT 8 "OP"
    .port_info 1 /OUTPUT 1 "twoscompMUXSEL"
    .port_info 2 /OUTPUT 1 "immeMUXSEL"
    .port_info 3 /OUTPUT 1 "regWRITEEN"
    .port_info 4 /OUTPUT 3 "aluOP"
    .port_info 5 /OUTPUT 1 "jump"
    .port_info 6 /OUTPUT 1 "beq"
    .port_info 7 /OUTPUT 1 "bne"
    .port_info 8 /OUTPUT 1 "alu_shiftMUXSEL"
    .port_info 9 /INPUT 1 "RESET"
P_0x561a7c01a5e0 .param/l "ADD" 0 10 8, C4<00000000>;
P_0x561a7c01a620 .param/l "AND" 0 10 10, C4<00000010>;
P_0x561a7c01a660 .param/l "BEQ" 0 10 15, C4<00000111>;
P_0x561a7c01a6a0 .param/l "BNE" 0 10 16, C4<00001000>;
P_0x561a7c01a6e0 .param/l "J" 0 10 14, C4<00000110>;
P_0x561a7c01a720 .param/l "LOADI" 0 10 13, C4<00000101>;
P_0x561a7c01a760 .param/l "MOV" 0 10 12, C4<00000100>;
P_0x561a7c01a7a0 .param/l "OR" 0 10 11, C4<00000011>;
P_0x561a7c01a7e0 .param/l "ROR" 0 10 20, C4<00001100>;
P_0x561a7c01a820 .param/l "SLL" 0 10 17, C4<00001001>;
P_0x561a7c01a860 .param/l "SRA" 0 10 19, C4<00001011>;
P_0x561a7c01a8a0 .param/l "SRL" 0 10 18, C4<00001010>;
P_0x561a7c01a8e0 .param/l "SUB" 0 10 9, C4<00000001>;
o0x7f9a3b6d5638 .functor BUFZ 1, C4<z>; HiZ drive
v0x561a7c01b0c0_0 .net "ALUCOMP", 0 0, o0x7f9a3b6d5638;  0 drivers
v0x561a7c01b1a0_0 .net "OP", 7 0, L_0x561a7c031d60;  alias, 1 drivers
v0x561a7c01b280_0 .net "RESET", 0 0, o0x7f9a3b6d5698;  alias, 0 drivers
v0x561a7c01b320_0 .var "aluOP", 2 0;
v0x561a7c01b410_0 .var "alu_shiftMUXSEL", 0 0;
v0x561a7c01b4b0_0 .var "beq", 0 0;
v0x561a7c01b550_0 .var "bne", 0 0;
v0x561a7c01b5f0_0 .var "immeMUXSEL", 0 0;
v0x561a7c01b6c0_0 .var "jump", 0 0;
v0x561a7c01b7f0_0 .var "regWRITEEN", 0 0;
v0x561a7c01b8b0_0 .var "twoscompMUXSEL", 0 0;
E_0x561a7c01afe0 .event edge, v0x561a7c01b280_0;
E_0x561a7c01b060 .event edge, v0x561a7c01b1a0_0;
S_0x561a7c01baa0 .scope module, "myreg" "reg_file" 2 40, 11 6 0, S_0x561a7bfbf770;
 .timescale 0 0;
    .port_info 0 /INPUT 8 "IN"
    .port_info 1 /OUTPUT 8 "OUT1"
    .port_info 2 /OUTPUT 8 "OUT2"
    .port_info 3 /INPUT 3 "INADDRESS"
    .port_info 4 /INPUT 3 "OUT1ADDRESS"
    .port_info 5 /INPUT 3 "OUT2ADDRESS"
    .port_info 6 /INPUT 1 "WRITE"
    .port_info 7 /INPUT 1 "CLK"
    .port_info 8 /INPUT 1 "RESET"
L_0x561a7c01f940/d .functor BUFZ 8, L_0x561a7c01f740, C4<00000000>, C4<00000000>, C4<00000000>;
L_0x561a7c01f940 .delay 8 (2,2,2) L_0x561a7c01f940/d;
L_0x561a7c01fd00/d .functor BUFZ 8, L_0x561a7c01faf0, C4<00000000>, C4<00000000>, C4<00000000>;
L_0x561a7c01fd00 .delay 8 (2,2,2) L_0x561a7c01fd00/d;
v0x561a7c01be30_0 .net "CLK", 0 0, o0x7f9a3b6d5968;  alias, 0 drivers
v0x561a7c01bf10_0 .net "IN", 7 0, v0x561a7c0174d0_0;  alias, 1 drivers
v0x561a7c01c000_0 .net "INADDRESS", 2 0, L_0x561a7c01fe10;  1 drivers
v0x561a7c01c0d0_0 .net "OUT1", 7 0, L_0x561a7c01f940;  alias, 1 drivers
v0x561a7c01c1b0_0 .net "OUT1ADDRESS", 2 0, L_0x561a7c01feb0;  1 drivers
v0x561a7c01c2e0_0 .net "OUT2", 7 0, L_0x561a7c01fd00;  alias, 1 drivers
v0x561a7c01c3a0_0 .net "OUT2ADDRESS", 2 0, L_0x561a7c01ffa0;  1 drivers
v0x561a7c01c460 .array "REGISTERS", 0 7, 7 0;
v0x561a7c01c520_0 .net "RESET", 0 0, o0x7f9a3b6d5698;  alias, 0 drivers
v0x561a7c01c680_0 .net "WRITE", 0 0, v0x561a7c01b7f0_0;  alias, 1 drivers
v0x561a7c01c750_0 .net *"_s0", 7 0, L_0x561a7c01f740;  1 drivers
v0x561a7c01c7f0_0 .net *"_s10", 4 0, L_0x561a7c01fb90;  1 drivers
L_0x7f9a3b688060 .functor BUFT 1, C4<00>, C4<0>, C4<0>, C4<0>;
v0x561a7c01c8d0_0 .net *"_s13", 1 0, L_0x7f9a3b688060;  1 drivers
v0x561a7c01c9b0_0 .net *"_s2", 4 0, L_0x561a7c01f800;  1 drivers
L_0x7f9a3b688018 .functor BUFT 1, C4<00>, C4<0>, C4<0>, C4<0>;
v0x561a7c01ca90_0 .net *"_s5", 1 0, L_0x7f9a3b688018;  1 drivers
v0x561a7c01cb70_0 .net *"_s8", 7 0, L_0x561a7c01faf0;  1 drivers
v0x561a7c01cc50_0 .var/i "i", 31 0;
E_0x561a7c01bd50 .event edge, v0x561a7c01b280_0, v0x561a7c01cc50_0;
E_0x561a7c01bdd0 .event posedge, v0x561a7c01be30_0;
L_0x561a7c01f740 .array/port v0x561a7c01c460, L_0x561a7c01f800;
L_0x561a7c01f800 .concat [ 3 2 0 0], L_0x561a7c01feb0, L_0x7f9a3b688018;
L_0x561a7c01faf0 .array/port v0x561a7c01c460, L_0x561a7c01fb90;
L_0x561a7c01fb90 .concat [ 3 2 0 0], L_0x561a7c01ffa0, L_0x7f9a3b688060;
S_0x561a7c01ce50 .scope module, "twos" "twosComp" 2 41, 12 1 0, S_0x561a7bfbf770;
 .timescale 0 0;
    .port_info 0 /INPUT 8 "INPUT"
    .port_info 1 /OUTPUT 8 "RESULT"
v0x561a7c01d0b0_0 .net "INPUT", 7 0, L_0x561a7c01fd00;  alias, 1 drivers
v0x561a7c01d1e0_0 .var "RESULT", 7 0;
E_0x561a7c01d030 .event edge, v0x561a7c0186c0_0;
    .scope S_0x561a7c01a460;
T_0 ;
    %wait E_0x561a7c01b060;
    %load/vec4 v0x561a7c01b1a0_0;
    %dup/vec4;
    %pushi/vec4 0, 0, 8;
    %cmp/u;
    %jmp/1 T_0.0, 6;
    %dup/vec4;
    %pushi/vec4 1, 0, 8;
    %cmp/u;
    %jmp/1 T_0.1, 6;
    %dup/vec4;
    %pushi/vec4 2, 0, 8;
    %cmp/u;
    %jmp/1 T_0.2, 6;
    %dup/vec4;
    %pushi/vec4 3, 0, 8;
    %cmp/u;
    %jmp/1 T_0.3, 6;
    %dup/vec4;
    %pushi/vec4 4, 0, 8;
    %cmp/u;
    %jmp/1 T_0.4, 6;
    %dup/vec4;
    %pushi/vec4 5, 0, 8;
    %cmp/u;
    %jmp/1 T_0.5, 6;
    %dup/vec4;
    %pushi/vec4 6, 0, 8;
    %cmp/u;
    %jmp/1 T_0.6, 6;
    %dup/vec4;
    %pushi/vec4 7, 0, 8;
    %cmp/u;
    %jmp/1 T_0.7, 6;
    %dup/vec4;
    %pushi/vec4 8, 0, 8;
    %cmp/u;
    %jmp/1 T_0.8, 6;
    %jmp T_0.9;
T_0.0 ;
    %delay 1, 0;
    %pushi/vec4 0, 0, 1;
    %store/vec4 v0x561a7c01b8b0_0, 0, 1;
    %pushi/vec4 0, 0, 1;
    %store/vec4 v0x561a7c01b5f0_0, 0, 1;
    %pushi/vec4 1, 0, 1;
    %store/vec4 v0x561a7c01b7f0_0, 0, 1;
    %pushi/vec4 1, 0, 3;
    %store/vec4 v0x561a7c01b320_0, 0, 3;
    %pushi/vec4 0, 0, 1;
    %store/vec4 v0x561a7c01b6c0_0, 0, 1;
    %pushi/vec4 0, 0, 1;
    %store/vec4 v0x561a7c01b4b0_0, 0, 1;
    %pushi/vec4 0, 0, 1;
    %store/vec4 v0x561a7c01b550_0, 0, 1;
    %pushi/vec4 0, 0, 1;
    %store/vec4 v0x561a7c01b410_0, 0, 1;
    %jmp T_0.9;
T_0.1 ;
    %delay 1, 0;
    %pushi/vec4 1, 0, 1;
    %store/vec4 v0x561a7c01b8b0_0, 0, 1;
    %pushi/vec4 0, 0, 1;
    %store/vec4 v0x561a7c01b5f0_0, 0, 1;
    %pushi/vec4 1, 0, 1;
    %store/vec4 v0x561a7c01b7f0_0, 0, 1;
    %pushi/vec4 1, 0, 3;
    %store/vec4 v0x561a7c01b320_0, 0, 3;
    %pushi/vec4 0, 0, 1;
    %store/vec4 v0x561a7c01b6c0_0, 0, 1;
    %pushi/vec4 0, 0, 1;
    %store/vec4 v0x561a7c01b4b0_0, 0, 1;
    %pushi/vec4 0, 0, 1;
    %store/vec4 v0x561a7c01b550_0, 0, 1;
    %pushi/vec4 0, 0, 1;
    %store/vec4 v0x561a7c01b410_0, 0, 1;
    %jmp T_0.9;
T_0.2 ;
    %delay 1, 0;
    %pushi/vec4 0, 0, 1;
    %store/vec4 v0x561a7c01b8b0_0, 0, 1;
    %pushi/vec4 0, 0, 1;
    %store/vec4 v0x561a7c01b5f0_0, 0, 1;
    %pushi/vec4 1, 0, 1;
    %store/vec4 v0x561a7c01b7f0_0, 0, 1;
    %pushi/vec4 2, 0, 3;
    %store/vec4 v0x561a7c01b320_0, 0, 3;
    %pushi/vec4 0, 0, 1;
    %store/vec4 v0x561a7c01b6c0_0, 0, 1;
    %pushi/vec4 0, 0, 1;
    %store/vec4 v0x561a7c01b4b0_0, 0, 1;
    %pushi/vec4 0, 0, 1;
    %store/vec4 v0x561a7c01b550_0, 0, 1;
    %pushi/vec4 0, 0, 1;
    %store/vec4 v0x561a7c01b410_0, 0, 1;
    %jmp T_0.9;
T_0.3 ;
    %delay 1, 0;
    %pushi/vec4 0, 0, 1;
    %store/vec4 v0x561a7c01b8b0_0, 0, 1;
    %pushi/vec4 0, 0, 1;
    %store/vec4 v0x561a7c01b5f0_0, 0, 1;
    %pushi/vec4 1, 0, 1;
    %store/vec4 v0x561a7c01b7f0_0, 0, 1;
    %pushi/vec4 3, 0, 3;
    %store/vec4 v0x561a7c01b320_0, 0, 3;
    %pushi/vec4 0, 0, 1;
    %store/vec4 v0x561a7c01b6c0_0, 0, 1;
    %pushi/vec4 0, 0, 1;
    %store/vec4 v0x561a7c01b4b0_0, 0, 1;
    %pushi/vec4 0, 0, 1;
    %store/vec4 v0x561a7c01b550_0, 0, 1;
    %pushi/vec4 0, 0, 1;
    %store/vec4 v0x561a7c01b410_0, 0, 1;
    %jmp T_0.9;
T_0.4 ;
    %delay 1, 0;
    %pushi/vec4 0, 0, 1;
    %store/vec4 v0x561a7c01b8b0_0, 0, 1;
    %pushi/vec4 0, 0, 1;
    %store/vec4 v0x561a7c01b5f0_0, 0, 1;
    %pushi/vec4 1, 0, 1;
    %store/vec4 v0x561a7c01b7f0_0, 0, 1;
    %pushi/vec4 0, 0, 3;
    %store/vec4 v0x561a7c01b320_0, 0, 3;
    %pushi/vec4 0, 0, 1;
    %store/vec4 v0x561a7c01b6c0_0, 0, 1;
    %pushi/vec4 0, 0, 1;
    %store/vec4 v0x561a7c01b4b0_0, 0, 1;
    %pushi/vec4 0, 0, 1;
    %store/vec4 v0x561a7c01b550_0, 0, 1;
    %pushi/vec4 0, 0, 1;
    %store/vec4 v0x561a7c01b410_0, 0, 1;
    %jmp T_0.9;
T_0.5 ;
    %delay 1, 0;
    %pushi/vec4 0, 0, 1;
    %store/vec4 v0x561a7c01b8b0_0, 0, 1;
    %pushi/vec4 1, 0, 1;
    %store/vec4 v0x561a7c01b5f0_0, 0, 1;
    %pushi/vec4 1, 0, 1;
    %store/vec4 v0x561a7c01b7f0_0, 0, 1;
    %pushi/vec4 0, 0, 3;
    %store/vec4 v0x561a7c01b320_0, 0, 3;
    %pushi/vec4 0, 0, 1;
    %store/vec4 v0x561a7c01b6c0_0, 0, 1;
    %pushi/vec4 0, 0, 1;
    %store/vec4 v0x561a7c01b4b0_0, 0, 1;
    %pushi/vec4 0, 0, 1;
    %store/vec4 v0x561a7c01b550_0, 0, 1;
    %pushi/vec4 0, 0, 1;
    %store/vec4 v0x561a7c01b410_0, 0, 1;
    %jmp T_0.9;
T_0.6 ;
    %delay 1, 0;
    %pushi/vec4 1, 0, 1;
    %store/vec4 v0x561a7c01b8b0_0, 0, 1;
    %pushi/vec4 0, 0, 1;
    %store/vec4 v0x561a7c01b5f0_0, 0, 1;
    %pushi/vec4 0, 0, 1;
    %store/vec4 v0x561a7c01b7f0_0, 0, 1;
    %pushi/vec4 1, 0, 3;
    %store/vec4 v0x561a7c01b320_0, 0, 3;
    %pushi/vec4 1, 0, 1;
    %store/vec4 v0x561a7c01b6c0_0, 0, 1;
    %pushi/vec4 0, 0, 1;
    %store/vec4 v0x561a7c01b4b0_0, 0, 1;
    %pushi/vec4 0, 0, 1;
    %store/vec4 v0x561a7c01b550_0, 0, 1;
    %pushi/vec4 0, 0, 1;
    %store/vec4 v0x561a7c01b410_0, 0, 1;
    %jmp T_0.9;
T_0.7 ;
    %delay 1, 0;
    %pushi/vec4 1, 0, 1;
    %store/vec4 v0x561a7c01b8b0_0, 0, 1;
    %pushi/vec4 0, 0, 1;
    %store/vec4 v0x561a7c01b5f0_0, 0, 1;
    %pushi/vec4 0, 0, 1;
    %store/vec4 v0x561a7c01b7f0_0, 0, 1;
    %pushi/vec4 1, 0, 3;
    %store/vec4 v0x561a7c01b320_0, 0, 3;
    %pushi/vec4 0, 0, 1;
    %store/vec4 v0x561a7c01b6c0_0, 0, 1;
    %pushi/vec4 1, 0, 1;
    %store/vec4 v0x561a7c01b4b0_0, 0, 1;
    %pushi/vec4 0, 0, 1;
    %store/vec4 v0x561a7c01b550_0, 0, 1;
    %pushi/vec4 0, 0, 1;
    %store/vec4 v0x561a7c01b410_0, 0, 1;
    %jmp T_0.9;
T_0.8 ;
    %delay 1, 0;
    %pushi/vec4 1, 0, 1;
    %store/vec4 v0x561a7c01b8b0_0, 0, 1;
    %pushi/vec4 0, 0, 1;
    %store/vec4 v0x561a7c01b5f0_0, 0, 1;
    %pushi/vec4 0, 0, 1;
    %store/vec4 v0x561a7c01b7f0_0, 0, 1;
    %pushi/vec4 1, 0, 3;
    %store/vec4 v0x561a7c01b320_0, 0, 3;
    %pushi/vec4 0, 0, 1;
    %store/vec4 v0x561a7c01b6c0_0, 0, 1;
    %pushi/vec4 0, 0, 1;
    %store/vec4 v0x561a7c01b4b0_0, 0, 1;
    %pushi/vec4 1, 0, 1;
    %store/vec4 v0x561a7c01b550_0, 0, 1;
    %pushi/vec4 0, 0, 1;
    %store/vec4 v0x561a7c01b410_0, 0, 1;
    %jmp T_0.9;
T_0.9 ;
    %pop/vec4 1;
    %jmp T_0;
    .thread T_0, $push;
    .scope S_0x561a7c01a460;
T_1 ;
    %wait E_0x561a7c01afe0;
    %load/vec4 v0x561a7c01b280_0;
    %flag_set/vec4 8;
    %jmp/0xz  T_1.0, 8;
    %pushi/vec4 0, 0, 1;
    %store/vec4 v0x561a7c01b6c0_0, 0, 1;
    %pushi/vec4 0, 0, 1;
    %store/vec4 v0x561a7c01b4b0_0, 0, 1;
    %pushi/vec4 0, 0, 1;
    %store/vec4 v0x561a7c01b550_0, 0, 1;
T_1.0 ;
    %jmp T_1;
    .thread T_1, $push;
    .scope S_0x561a7c01baa0;
T_2 ;
    %wait E_0x561a7c01bdd0;
    %load/vec4 v0x561a7c01c680_0;
    %cmpi/e 1, 0, 1;
    %jmp/0xz  T_2.0, 4;
    %delay 2, 0;
    %load/vec4 v0x561a7c01bf10_0;
    %load/vec4 v0x561a7c01c000_0;
    %pad/u 5;
    %ix/vec4 4;
    %store/vec4a v0x561a7c01c460, 4, 0;
T_2.0 ;
    %jmp T_2;
    .thread T_2;
    .scope S_0x561a7c01baa0;
T_3 ;
    %wait E_0x561a7c01bd50;
    %load/vec4 v0x561a7c01c520_0;
    %cmpi/e 1, 0, 1;
    %jmp/0xz  T_3.0, 4;
    %delay 2, 0;
    %pushi/vec4 0, 0, 32;
    %store/vec4 v0x561a7c01cc50_0, 0, 32;
T_3.2 ;
    %load/vec4 v0x561a7c01cc50_0;
    %cmpi/s 8, 0, 32;
    %jmp/0xz T_3.3, 5;
    %pushi/vec4 0, 0, 8;
    %ix/getv/s 4, v0x561a7c01cc50_0;
    %store/vec4a v0x561a7c01c460, 4, 0;
    %load/vec4 v0x561a7c01cc50_0;
    %pushi/vec4 1, 0, 32;
    %add;
    %store/vec4 v0x561a7c01cc50_0, 0, 32;
    %jmp T_3.2;
T_3.3 ;
T_3.0 ;
    %jmp T_3;
    .thread T_3, $push;
    .scope S_0x561a7c01ce50;
T_4 ;
    %wait E_0x561a7c01d030;
    %load/vec4 v0x561a7c01d0b0_0;
    %inv;
    %addi 1, 0, 8;
    %store/vec4 v0x561a7c01d1e0_0, 0, 8;
    %jmp T_4;
    .thread T_4, $push;
    .scope S_0x561a7c018400;
T_5 ;
    %wait E_0x561a7c018640;
    %load/vec4 v0x561a7c0189a0_0;
    %cmpi/e 0, 0, 1;
    %jmp/0xz  T_5.0, 4;
    %load/vec4 v0x561a7c0186c0_0;
    %store/vec4 v0x561a7c0188a0_0, 0, 8;
    %jmp T_5.1;
T_5.0 ;
    %load/vec4 v0x561a7c0187c0_0;
    %store/vec4 v0x561a7c0188a0_0, 0, 8;
T_5.1 ;
    %jmp T_5;
    .thread T_5, $push;
    .scope S_0x561a7c0176d0;
T_6 ;
    %wait E_0x561a7c017910;
    %load/vec4 v0x561a7c017c10_0;
    %cmpi/e 0, 0, 1;
    %jmp/0xz  T_6.0, 4;
    %load/vec4 v0x561a7c017990_0;
    %store/vec4 v0x561a7c017b70_0, 0, 8;
    %jmp T_6.1;
T_6.0 ;
    %load/vec4 v0x561a7c017a90_0;
    %store/vec4 v0x561a7c017b70_0, 0, 8;
T_6.1 ;
    %jmp T_6;
    .thread T_6, $push;
    .scope S_0x561a7c017d30;
T_7 ;
    %wait E_0x561a7c017fc0;
    %load/vec4 v0x561a7c018290_0;
    %cmpi/e 0, 0, 1;
    %jmp/0xz  T_7.0, 4;
    %load/vec4 v0x561a7c018040_0;
    %store/vec4 v0x561a7c0181c0_0, 0, 32;
    %jmp T_7.1;
T_7.0 ;
    %load/vec4 v0x561a7c018120_0;
    %store/vec4 v0x561a7c0181c0_0, 0, 32;
T_7.1 ;
    %jmp T_7;
    .thread T_7, $push;
    .scope S_0x561a7c019100;
T_8 ;
    %wait E_0x561a7c019350;
    %load/vec4 v0x561a7c019750_0;
    %dup/vec4;
    %pushi/vec4 0, 0, 3;
    %cmp/u;
    %jmp/1 T_8.0, 6;
    %dup/vec4;
    %pushi/vec4 1, 0, 3;
    %cmp/u;
    %jmp/1 T_8.1, 6;
    %dup/vec4;
    %pushi/vec4 2, 0, 3;
    %cmp/u;
    %jmp/1 T_8.2, 6;
    %dup/vec4;
    %pushi/vec4 3, 0, 3;
    %cmp/u;
    %jmp/1 T_8.3, 6;
    %pushi/vec4 0, 0, 8;
    %store/vec4 v0x561a7c019690_0, 0, 8;
    %jmp T_8.5;
T_8.0 ;
    %delay 1, 0;
    %load/vec4 v0x561a7c0195a0_0;
    %store/vec4 v0x561a7c019690_0, 0, 8;
    %jmp T_8.5;
T_8.1 ;
    %delay 2, 0;
    %load/vec4 v0x561a7c019490_0;
    %load/vec4 v0x561a7c0195a0_0;
    %add;
    %store/vec4 v0x561a7c019690_0, 0, 8;
    %jmp T_8.5;
T_8.2 ;
    %delay 1, 0;
    %load/vec4 v0x561a7c019490_0;
    %load/vec4 v0x561a7c0195a0_0;
    %and;
    %store/vec4 v0x561a7c019690_0, 0, 8;
    %jmp T_8.5;
T_8.3 ;
    %delay 1, 0;
    %load/vec4 v0x561a7c019490_0;
    %load/vec4 v0x561a7c0195a0_0;
    %or;
    %store/vec4 v0x561a7c019690_0, 0, 8;
    %jmp T_8.5;
T_8.5 ;
    %pop/vec4 1;
    %jmp T_8;
    .thread T_8, $push;
    .scope S_0x561a7c018af0;
T_9 ;
    %wait E_0x561a7c018d30;
    %delay 2, 0;
    %load/vec4 v0x561a7c018db0_0;
    %load/vec4 v0x561a7c018eb0_0;
    %add;
    %store/vec4 v0x561a7c018f90_0, 0, 32;
    %jmp T_9;
    .thread T_9, $push;
    .scope S_0x561a7c016a60;
T_10 ;
    %wait E_0x561a7c016ca0;
    %delay 2, 0;
    %load/vec4 v0x561a7c016d20_0;
    %load/vec4 v0x561a7c016e20_0;
    %add;
    %store/vec4 v0x561a7c016f00_0, 0, 32;
    %jmp T_10;
    .thread T_10, $push;
    .scope S_0x561a7c00fd00;
T_11 ;
    %wait E_0x561a7c00ffb0;
    %load/vec4 v0x561a7c010430_0;
    %cmpi/e 0, 0, 2;
    %jmp/0xz  T_11.0, 4;
    %load/vec4 v0x561a7c010040_0;
    %store/vec4 v0x561a7c010340_0, 0, 1;
    %jmp T_11.1;
T_11.0 ;
    %load/vec4 v0x561a7c010430_0;
    %cmpi/e 1, 0, 2;
    %jmp/0xz  T_11.2, 4;
    %load/vec4 v0x561a7c010120_0;
    %store/vec4 v0x561a7c010340_0, 0, 1;
    %jmp T_11.3;
T_11.2 ;
    %load/vec4 v0x561a7c010430_0;
    %cmpi/e 2, 0, 2;
    %jmp/0xz  T_11.4, 4;
    %load/vec4 v0x561a7c0101e0_0;
    %store/vec4 v0x561a7c010340_0, 0, 1;
    %jmp T_11.5;
T_11.4 ;
    %load/vec4 v0x561a7c010280_0;
    %store/vec4 v0x561a7c010340_0, 0, 1;
T_11.5 ;
T_11.3 ;
T_11.1 ;
    %jmp T_11;
    .thread T_11, $push;
    .scope S_0x561a7c0105f0;
T_12 ;
    %wait E_0x561a7c010860;
    %load/vec4 v0x561a7c010d10_0;
    %cmpi/e 0, 0, 2;
    %jmp/0xz  T_12.0, 4;
    %load/vec4 v0x561a7c0108f0_0;
    %store/vec4 v0x561a7c010c20_0, 0, 1;
    %jmp T_12.1;
T_12.0 ;
    %load/vec4 v0x561a7c010d10_0;
    %cmpi/e 1, 0, 2;
    %jmp/0xz  T_12.2, 4;
    %load/vec4 v0x561a7c0109d0_0;
    %store/vec4 v0x561a7c010c20_0, 0, 1;
    %jmp T_12.3;
T_12.2 ;
    %load/vec4 v0x561a7c010d10_0;
    %cmpi/e 2, 0, 2;
    %jmp/0xz  T_12.4, 4;
    %load/vec4 v0x561a7c010a90_0;
    %store/vec4 v0x561a7c010c20_0, 0, 1;
    %jmp T_12.5;
T_12.4 ;
    %load/vec4 v0x561a7c010b60_0;
    %store/vec4 v0x561a7c010c20_0, 0, 1;
T_12.5 ;
T_12.3 ;
T_12.1 ;
    %jmp T_12;
    .thread T_12, $push;
    .scope S_0x561a7c010ec0;
T_13 ;
    %wait E_0x561a7c011130;
    %load/vec4 v0x561a7c0115e0_0;
    %cmpi/e 0, 0, 2;
    %jmp/0xz  T_13.0, 4;
    %load/vec4 v0x561a7c0111c0_0;
    %store/vec4 v0x561a7c0114f0_0, 0, 1;
    %jmp T_13.1;
T_13.0 ;
    %load/vec4 v0x561a7c0115e0_0;
    %cmpi/e 1, 0, 2;
    %jmp/0xz  T_13.2, 4;
    %load/vec4 v0x561a7c0112a0_0;
    %store/vec4 v0x561a7c0114f0_0, 0, 1;
    %jmp T_13.3;
T_13.2 ;
    %load/vec4 v0x561a7c0115e0_0;
    %cmpi/e 2, 0, 2;
    %jmp/0xz  T_13.4, 4;
    %load/vec4 v0x561a7c011360_0;
    %store/vec4 v0x561a7c0114f0_0, 0, 1;
    %jmp T_13.5;
T_13.4 ;
    %load/vec4 v0x561a7c011430_0;
    %store/vec4 v0x561a7c0114f0_0, 0, 1;
T_13.5 ;
T_13.3 ;
T_13.1 ;
    %jmp T_13;
    .thread T_13, $push;
    .scope S_0x561a7c0117d0;
T_14 ;
    %wait E_0x561a7c011a40;
    %load/vec4 v0x561a7c011ec0_0;
    %cmpi/e 0, 0, 2;
    %jmp/0xz  T_14.0, 4;
    %load/vec4 v0x561a7c011ad0_0;
    %store/vec4 v0x561a7c011dd0_0, 0, 1;
    %jmp T_14.1;
T_14.0 ;
    %load/vec4 v0x561a7c011ec0_0;
    %cmpi/e 1, 0, 2;
    %jmp/0xz  T_14.2, 4;
    %load/vec4 v0x561a7c011bb0_0;
    %store/vec4 v0x561a7c011dd0_0, 0, 1;
    %jmp T_14.3;
T_14.2 ;
    %load/vec4 v0x561a7c011ec0_0;
    %cmpi/e 2, 0, 2;
    %jmp/0xz  T_14.4, 4;
    %load/vec4 v0x561a7c011c70_0;
    %store/vec4 v0x561a7c011dd0_0, 0, 1;
    %jmp T_14.5;
T_14.4 ;
    %load/vec4 v0x561a7c011d10_0;
    %store/vec4 v0x561a7c011dd0_0, 0, 1;
T_14.5 ;
T_14.3 ;
T_14.1 ;
    %jmp T_14;
    .thread T_14, $push;
    .scope S_0x561a7c012060;
T_15 ;
    %wait E_0x561a7c0122d0;
    %load/vec4 v0x561a7c012780_0;
    %cmpi/e 0, 0, 2;
    %jmp/0xz  T_15.0, 4;
    %load/vec4 v0x561a7c012360_0;
    %store/vec4 v0x561a7c012690_0, 0, 1;
    %jmp T_15.1;
T_15.0 ;
    %load/vec4 v0x561a7c012780_0;
    %cmpi/e 1, 0, 2;
    %jmp/0xz  T_15.2, 4;
    %load/vec4 v0x561a7c012440_0;
    %store/vec4 v0x561a7c012690_0, 0, 1;
    %jmp T_15.3;
T_15.2 ;
    %load/vec4 v0x561a7c012780_0;
    %cmpi/e 2, 0, 2;
    %jmp/0xz  T_15.4, 4;
    %load/vec4 v0x561a7c012500_0;
    %store/vec4 v0x561a7c012690_0, 0, 1;
    %jmp T_15.5;
T_15.4 ;
    %load/vec4 v0x561a7c0125d0_0;
    %store/vec4 v0x561a7c012690_0, 0, 1;
T_15.5 ;
T_15.3 ;
T_15.1 ;
    %jmp T_15;
    .thread T_15, $push;
    .scope S_0x561a7c012920;
T_16 ;
    %wait E_0x561a7c012b40;
    %load/vec4 v0x561a7c012ff0_0;
    %cmpi/e 0, 0, 2;
    %jmp/0xz  T_16.0, 4;
    %load/vec4 v0x561a7c012bd0_0;
    %store/vec4 v0x561a7c012f00_0, 0, 1;
    %jmp T_16.1;
T_16.0 ;
    %load/vec4 v0x561a7c012ff0_0;
    %cmpi/e 1, 0, 2;
    %jmp/0xz  T_16.2, 4;
    %load/vec4 v0x561a7c012cb0_0;
    %store/vec4 v0x561a7c012f00_0, 0, 1;
    %jmp T_16.3;
T_16.2 ;
    %load/vec4 v0x561a7c012ff0_0;
    %cmpi/e 2, 0, 2;
    %jmp/0xz  T_16.4, 4;
    %load/vec4 v0x561a7c012d70_0;
    %store/vec4 v0x561a7c012f00_0, 0, 1;
    %jmp T_16.5;
T_16.4 ;
    %load/vec4 v0x561a7c012e40_0;
    %store/vec4 v0x561a7c012f00_0, 0, 1;
T_16.5 ;
T_16.3 ;
T_16.1 ;
    %jmp T_16;
    .thread T_16, $push;
    .scope S_0x561a7c013190;
T_17 ;
    %wait E_0x561a7c013610;
    %load/vec4 v0x561a7c013ac0_0;
    %cmpi/e 0, 0, 2;
    %jmp/0xz  T_17.0, 4;
    %load/vec4 v0x561a7c0136a0_0;
    %store/vec4 v0x561a7c0139d0_0, 0, 1;
    %jmp T_17.1;
T_17.0 ;
    %load/vec4 v0x561a7c013ac0_0;
    %cmpi/e 1, 0, 2;
    %jmp/0xz  T_17.2, 4;
    %load/vec4 v0x561a7c013780_0;
    %store/vec4 v0x561a7c0139d0_0, 0, 1;
    %jmp T_17.3;
T_17.2 ;
    %load/vec4 v0x561a7c013ac0_0;
    %cmpi/e 2, 0, 2;
    %jmp/0xz  T_17.4, 4;
    %load/vec4 v0x561a7c013840_0;
    %store/vec4 v0x561a7c0139d0_0, 0, 1;
    %jmp T_17.5;
T_17.4 ;
    %load/vec4 v0x561a7c013910_0;
    %store/vec4 v0x561a7c0139d0_0, 0, 1;
T_17.5 ;
T_17.3 ;
T_17.1 ;
    %jmp T_17;
    .thread T_17, $push;
    .scope S_0x561a7bfbdd60;
T_18 ;
    %wait E_0x561a7bf5c8d0;
    %load/vec4 v0x561a7c0058a0_0;
    %cmpi/e 0, 0, 1;
    %jmp/0xz  T_18.0, 4;
    %load/vec4 v0x561a7bff7d10_0;
    %store/vec4 v0x561a7c0057e0_0, 0, 8;
    %jmp T_18.1;
T_18.0 ;
    %load/vec4 v0x561a7bff8190_0;
    %store/vec4 v0x561a7c0057e0_0, 0, 8;
T_18.1 ;
    %jmp T_18;
    .thread T_18, $push;
    .scope S_0x561a7c013c60;
T_19 ;
    %wait E_0x561a7c00fed0;
    %load/vec4 v0x561a7c0141d0_0;
    %cmpi/e 0, 0, 1;
    %jmp/0xz  T_19.0, 4;
    %load/vec4 v0x561a7c013f10_0;
    %store/vec4 v0x561a7c0140e0_0, 0, 8;
    %jmp T_19.1;
T_19.0 ;
    %load/vec4 v0x561a7c014020_0;
    %store/vec4 v0x561a7c0140e0_0, 0, 8;
T_19.1 ;
    %jmp T_19;
    .thread T_19, $push;
    .scope S_0x561a7c0059e0;
T_20 ;
    %wait E_0x561a7bf76750;
    %load/vec4 v0x561a7c005e60_0;
    %cmpi/e 0, 0, 1;
    %jmp/0xz  T_20.0, 4;
    %load/vec4 v0x561a7c005bf0_0;
    %store/vec4 v0x561a7c005d90_0, 0, 1;
    %jmp T_20.1;
T_20.0 ;
    %load/vec4 v0x561a7c005cd0_0;
    %store/vec4 v0x561a7c005d90_0, 0, 1;
T_20.1 ;
    %jmp T_20;
    .thread T_20, $push;
    .scope S_0x561a7c007230;
T_21 ;
    %wait E_0x561a7c007470;
    %load/vec4 v0x561a7c007760_0;
    %cmpi/e 0, 0, 1;
    %jmp/0xz  T_21.0, 4;
    %load/vec4 v0x561a7c0074f0_0;
    %store/vec4 v0x561a7c007690_0, 0, 1;
    %jmp T_21.1;
T_21.0 ;
    %load/vec4 v0x561a7c0075d0_0;
    %store/vec4 v0x561a7c007690_0, 0, 1;
T_21.1 ;
    %jmp T_21;
    .thread T_21, $push;
    .scope S_0x561a7c008610;
T_22 ;
    %wait E_0x561a7c008850;
    %load/vec4 v0x561a7c008b40_0;
    %cmpi/e 0, 0, 1;
    %jmp/0xz  T_22.0, 4;
    %load/vec4 v0x561a7c0088d0_0;
    %store/vec4 v0x561a7c008a70_0, 0, 1;
    %jmp T_22.1;
T_22.0 ;
    %load/vec4 v0x561a7c0089b0_0;
    %store/vec4 v0x561a7c008a70_0, 0, 1;
T_22.1 ;
    %jmp T_22;
    .thread T_22, $push;
    .scope S_0x561a7c0099a0;
T_23 ;
    %wait E_0x561a7c009be0;
    %load/vec4 v0x561a7c009ed0_0;
    %cmpi/e 0, 0, 1;
    %jmp/0xz  T_23.0, 4;
    %load/vec4 v0x561a7c009c60_0;
    %store/vec4 v0x561a7c009e00_0, 0, 1;
    %jmp T_23.1;
T_23.0 ;
    %load/vec4 v0x561a7c009d40_0;
    %store/vec4 v0x561a7c009e00_0, 0, 1;
T_23.1 ;
    %jmp T_23;
    .thread T_23, $push;
    .scope S_0x561a7c00ad80;
T_24 ;
    %wait E_0x561a7c00afc0;
    %load/vec4 v0x561a7c00b2b0_0;
    %cmpi/e 0, 0, 1;
    %jmp/0xz  T_24.0, 4;
    %load/vec4 v0x561a7c00b040_0;
    %store/vec4 v0x561a7c00b1e0_0, 0, 1;
    %jmp T_24.1;
T_24.0 ;
    %load/vec4 v0x561a7c00b120_0;
    %store/vec4 v0x561a7c00b1e0_0, 0, 1;
T_24.1 ;
    %jmp T_24;
    .thread T_24, $push;
    .scope S_0x561a7c00c160;
T_25 ;
    %wait E_0x561a7c00c3a0;
    %load/vec4 v0x561a7c00c690_0;
    %cmpi/e 0, 0, 1;
    %jmp/0xz  T_25.0, 4;
    %load/vec4 v0x561a7c00c420_0;
    %store/vec4 v0x561a7c00c5c0_0, 0, 1;
    %jmp T_25.1;
T_25.0 ;
    %load/vec4 v0x561a7c00c500_0;
    %store/vec4 v0x561a7c00c5c0_0, 0, 1;
T_25.1 ;
    %jmp T_25;
    .thread T_25, $push;
    .scope S_0x561a7c00d540;
T_26 ;
    %wait E_0x561a7c00d780;
    %load/vec4 v0x561a7c00da70_0;
    %cmpi/e 0, 0, 1;
    %jmp/0xz  T_26.0, 4;
    %load/vec4 v0x561a7c00d800_0;
    %store/vec4 v0x561a7c00d9a0_0, 0, 1;
    %jmp T_26.1;
T_26.0 ;
    %load/vec4 v0x561a7c00d8e0_0;
    %store/vec4 v0x561a7c00d9a0_0, 0, 1;
T_26.1 ;
    %jmp T_26;
    .thread T_26, $push;
    .scope S_0x561a7c00e920;
T_27 ;
    %wait E_0x561a7c00eb60;
    %load/vec4 v0x561a7c00ee50_0;
    %cmpi/e 0, 0, 1;
    %jmp/0xz  T_27.0, 4;
    %load/vec4 v0x561a7c00ebe0_0;
    %store/vec4 v0x561a7c00ed80_0, 0, 1;
    %jmp T_27.1;
T_27.0 ;
    %load/vec4 v0x561a7c00ecc0_0;
    %store/vec4 v0x561a7c00ed80_0, 0, 1;
T_27.1 ;
    %jmp T_27;
    .thread T_27, $push;
    .scope S_0x561a7c005fd0;
T_28 ;
    %wait E_0x561a7bf76890;
    %load/vec4 v0x561a7c006460_0;
    %cmpi/e 0, 0, 1;
    %jmp/0xz  T_28.0, 4;
    %load/vec4 v0x561a7c0061f0_0;
    %store/vec4 v0x561a7c006390_0, 0, 1;
    %jmp T_28.1;
T_28.0 ;
    %load/vec4 v0x561a7c0062d0_0;
    %store/vec4 v0x561a7c006390_0, 0, 1;
T_28.1 ;
    %jmp T_28;
    .thread T_28, $push;
    .scope S_0x561a7c0078d0;
T_29 ;
    %wait E_0x561a7c007b10;
    %load/vec4 v0x561a7c007e00_0;
    %cmpi/e 0, 0, 1;
    %jmp/0xz  T_29.0, 4;
    %load/vec4 v0x561a7c007b90_0;
    %store/vec4 v0x561a7c007d30_0, 0, 1;
    %jmp T_29.1;
T_29.0 ;
    %load/vec4 v0x561a7c007c70_0;
    %store/vec4 v0x561a7c007d30_0, 0, 1;
T_29.1 ;
    %jmp T_29;
    .thread T_29, $push;
    .scope S_0x561a7c008cb0;
T_30 ;
    %wait E_0x561a7c008ea0;
    %load/vec4 v0x561a7c009190_0;
    %cmpi/e 0, 0, 1;
    %jmp/0xz  T_30.0, 4;
    %load/vec4 v0x561a7c008f20_0;
    %store/vec4 v0x561a7c0090c0_0, 0, 1;
    %jmp T_30.1;
T_30.0 ;
    %load/vec4 v0x561a7c009000_0;
    %store/vec4 v0x561a7c0090c0_0, 0, 1;
T_30.1 ;
    %jmp T_30;
    .thread T_30, $push;
    .scope S_0x561a7c00a040;
T_31 ;
    %wait E_0x561a7c00a280;
    %load/vec4 v0x561a7c00a570_0;
    %cmpi/e 0, 0, 1;
    %jmp/0xz  T_31.0, 4;
    %load/vec4 v0x561a7c00a300_0;
    %store/vec4 v0x561a7c00a4a0_0, 0, 1;
    %jmp T_31.1;
T_31.0 ;
    %load/vec4 v0x561a7c00a3e0_0;
    %store/vec4 v0x561a7c00a4a0_0, 0, 1;
T_31.1 ;
    %jmp T_31;
    .thread T_31, $push;
    .scope S_0x561a7c00b420;
T_32 ;
    %wait E_0x561a7c00b660;
    %load/vec4 v0x561a7c00b950_0;
    %cmpi/e 0, 0, 1;
    %jmp/0xz  T_32.0, 4;
    %load/vec4 v0x561a7c00b6e0_0;
    %store/vec4 v0x561a7c00b880_0, 0, 1;
    %jmp T_32.1;
T_32.0 ;
    %load/vec4 v0x561a7c00b7c0_0;
    %store/vec4 v0x561a7c00b880_0, 0, 1;
T_32.1 ;
    %jmp T_32;
    .thread T_32, $push;
    .scope S_0x561a7c00c800;
T_33 ;
    %wait E_0x561a7c00ca40;
    %load/vec4 v0x561a7c00cd30_0;
    %cmpi/e 0, 0, 1;
    %jmp/0xz  T_33.0, 4;
    %load/vec4 v0x561a7c00cac0_0;
    %store/vec4 v0x561a7c00cc60_0, 0, 1;
    %jmp T_33.1;
T_33.0 ;
    %load/vec4 v0x561a7c00cba0_0;
    %store/vec4 v0x561a7c00cc60_0, 0, 1;
T_33.1 ;
    %jmp T_33;
    .thread T_33, $push;
    .scope S_0x561a7c00dbe0;
T_34 ;
    %wait E_0x561a7c00de20;
    %load/vec4 v0x561a7c00e110_0;
    %cmpi/e 0, 0, 1;
    %jmp/0xz  T_34.0, 4;
    %load/vec4 v0x561a7c00dea0_0;
    %store/vec4 v0x561a7c00e040_0, 0, 1;
    %jmp T_34.1;
T_34.0 ;
    %load/vec4 v0x561a7c00df80_0;
    %store/vec4 v0x561a7c00e040_0, 0, 1;
T_34.1 ;
    %jmp T_34;
    .thread T_34, $push;
    .scope S_0x561a7c00efc0;
T_35 ;
    %wait E_0x561a7c00f200;
    %load/vec4 v0x561a7c00f4f0_0;
    %cmpi/e 0, 0, 1;
    %jmp/0xz  T_35.0, 4;
    %load/vec4 v0x561a7c00f280_0;
    %store/vec4 v0x561a7c00f420_0, 0, 1;
    %jmp T_35.1;
T_35.0 ;
    %load/vec4 v0x561a7c00f360_0;
    %store/vec4 v0x561a7c00f420_0, 0, 1;
T_35.1 ;
    %jmp T_35;
    .thread T_35, $push;
    .scope S_0x561a7c0065d0;
T_36 ;
    %wait E_0x561a7bf76b00;
    %load/vec4 v0x561a7c006a50_0;
    %cmpi/e 0, 0, 1;
    %jmp/0xz  T_36.0, 4;
    %load/vec4 v0x561a7c0067e0_0;
    %store/vec4 v0x561a7c006980_0, 0, 1;
    %jmp T_36.1;
T_36.0 ;
    %load/vec4 v0x561a7c0068c0_0;
    %store/vec4 v0x561a7c006980_0, 0, 1;
T_36.1 ;
    %jmp T_36;
    .thread T_36, $push;
    .scope S_0x561a7c007f70;
T_37 ;
    %wait E_0x561a7c0081b0;
    %load/vec4 v0x561a7c0084a0_0;
    %cmpi/e 0, 0, 1;
    %jmp/0xz  T_37.0, 4;
    %load/vec4 v0x561a7c008230_0;
    %store/vec4 v0x561a7c0083d0_0, 0, 1;
    %jmp T_37.1;
T_37.0 ;
    %load/vec4 v0x561a7c008310_0;
    %store/vec4 v0x561a7c0083d0_0, 0, 1;
T_37.1 ;
    %jmp T_37;
    .thread T_37, $push;
    .scope S_0x561a7c009300;
T_38 ;
    %wait E_0x561a7c009540;
    %load/vec4 v0x561a7c009830_0;
    %cmpi/e 0, 0, 1;
    %jmp/0xz  T_38.0, 4;
    %load/vec4 v0x561a7c0095c0_0;
    %store/vec4 v0x561a7c009760_0, 0, 1;
    %jmp T_38.1;
T_38.0 ;
    %load/vec4 v0x561a7c0096a0_0;
    %store/vec4 v0x561a7c009760_0, 0, 1;
T_38.1 ;
    %jmp T_38;
    .thread T_38, $push;
    .scope S_0x561a7c00a6e0;
T_39 ;
    %wait E_0x561a7c00a920;
    %load/vec4 v0x561a7c00ac10_0;
    %cmpi/e 0, 0, 1;
    %jmp/0xz  T_39.0, 4;
    %load/vec4 v0x561a7c00a9a0_0;
    %store/vec4 v0x561a7c00ab40_0, 0, 1;
    %jmp T_39.1;
T_39.0 ;
    %load/vec4 v0x561a7c00aa80_0;
    %store/vec4 v0x561a7c00ab40_0, 0, 1;
T_39.1 ;
    %jmp T_39;
    .thread T_39, $push;
    .scope S_0x561a7c00bac0;
T_40 ;
    %wait E_0x561a7c00bd00;
    %load/vec4 v0x561a7c00bff0_0;
    %cmpi/e 0, 0, 1;
    %jmp/0xz  T_40.0, 4;
    %load/vec4 v0x561a7c00bd80_0;
    %store/vec4 v0x561a7c00bf20_0, 0, 1;
    %jmp T_40.1;
T_40.0 ;
    %load/vec4 v0x561a7c00be60_0;
    %store/vec4 v0x561a7c00bf20_0, 0, 1;
T_40.1 ;
    %jmp T_40;
    .thread T_40, $push;
    .scope S_0x561a7c00cea0;
T_41 ;
    %wait E_0x561a7c00d0e0;
    %load/vec4 v0x561a7c00d3d0_0;
    %cmpi/e 0, 0, 1;
    %jmp/0xz  T_41.0, 4;
    %load/vec4 v0x561a7c00d160_0;
    %store/vec4 v0x561a7c00d300_0, 0, 1;
    %jmp T_41.1;
T_41.0 ;
    %load/vec4 v0x561a7c00d240_0;
    %store/vec4 v0x561a7c00d300_0, 0, 1;
T_41.1 ;
    %jmp T_41;
    .thread T_41, $push;
    .scope S_0x561a7c00e280;
T_42 ;
    %wait E_0x561a7c00e4c0;
    %load/vec4 v0x561a7c00e7b0_0;
    %cmpi/e 0, 0, 1;
    %jmp/0xz  T_42.0, 4;
    %load/vec4 v0x561a7c00e540_0;
    %store/vec4 v0x561a7c00e6e0_0, 0, 1;
    %jmp T_42.1;
T_42.0 ;
    %load/vec4 v0x561a7c00e620_0;
    %store/vec4 v0x561a7c00e6e0_0, 0, 1;
T_42.1 ;
    %jmp T_42;
    .thread T_42, $push;
    .scope S_0x561a7c00f660;
T_43 ;
    %wait E_0x561a7c00f8a0;
    %load/vec4 v0x561a7c00fb90_0;
    %cmpi/e 0, 0, 1;
    %jmp/0xz  T_43.0, 4;
    %load/vec4 v0x561a7c00f920_0;
    %store/vec4 v0x561a7c00fac0_0, 0, 1;
    %jmp T_43.1;
T_43.0 ;
    %load/vec4 v0x561a7c00fa00_0;
    %store/vec4 v0x561a7c00fac0_0, 0, 1;
T_43.1 ;
    %jmp T_43;
    .thread T_43, $push;
    .scope S_0x561a7c006bc0;
T_44 ;
    %wait E_0x561a7bff7a40;
    %load/vec4 v0x561a7c0070c0_0;
    %cmpi/e 0, 0, 1;
    %jmp/0xz  T_44.0, 4;
    %load/vec4 v0x561a7c006e20_0;
    %store/vec4 v0x561a7c007000_0, 0, 8;
    %jmp T_44.1;
T_44.0 ;
    %load/vec4 v0x561a7c006f20_0;
    %store/vec4 v0x561a7c007000_0, 0, 8;
T_44.1 ;
    %jmp T_44;
    .thread T_44, $push;
    .scope S_0x561a7bfc0f50;
T_45 ;
    %wait E_0x561a7bf5cae0;
    %load/vec4 v0x561a7c014b80_0;
    %dup/vec4;
    %pushi/vec4 0, 0, 2;
    %cmp/u;
    %jmp/1 T_45.0, 6;
    %dup/vec4;
    %pushi/vec4 1, 0, 2;
    %cmp/u;
    %jmp/1 T_45.1, 6;
    %dup/vec4;
    %pushi/vec4 2, 0, 2;
    %cmp/u;
    %jmp/1 T_45.2, 6;
    %dup/vec4;
    %pushi/vec4 3, 0, 2;
    %cmp/u;
    %jmp/1 T_45.3, 6;
    %jmp T_45.4;
T_45.0 ;
    %pushi/vec4 1, 0, 1;
    %store/vec4 v0x561a7c014ae0_0, 0, 1;
    %pushi/vec4 0, 0, 8;
    %store/vec4 v0x561a7c0147b0_0, 0, 8;
    %jmp T_45.4;
T_45.1 ;
    %pushi/vec4 1, 0, 1;
    %store/vec4 v0x561a7c014ae0_0, 0, 1;
    %load/vec4 v0x561a7c0144e0_0;
    %parti/s 1, 7, 4;
    %replicate 8;
    %store/vec4 v0x561a7c0147b0_0, 0, 8;
    %jmp T_45.4;
T_45.2 ;
    %pushi/vec4 1, 0, 1;
    %store/vec4 v0x561a7c014ae0_0, 0, 1;
    %load/vec4 v0x561a7c014410_0;
    %store/vec4 v0x561a7c0147b0_0, 0, 8;
    %jmp T_45.4;
T_45.3 ;
    %pushi/vec4 0, 0, 1;
    %store/vec4 v0x561a7c014ae0_0, 0, 1;
    %pushi/vec4 0, 0, 8;
    %store/vec4 v0x561a7c0147b0_0, 0, 8;
    %jmp T_45.4;
T_45.4 ;
    %pop/vec4 1;
    %jmp T_45;
    .thread T_45, $push;
    .scope S_0x561a7c017040;
T_46 ;
    %wait E_0x561a7c017280;
    %load/vec4 v0x561a7c017590_0;
    %cmpi/e 0, 0, 1;
    %jmp/0xz  T_46.0, 4;
    %load/vec4 v0x561a7c0172e0_0;
    %store/vec4 v0x561a7c0174d0_0, 0, 8;
    %jmp T_46.1;
T_46.0 ;
    %load/vec4 v0x561a7c0173c0_0;
    %store/vec4 v0x561a7c0174d0_0, 0, 8;
T_46.1 ;
    %jmp T_46;
    .thread T_46, $push;
    .scope S_0x561a7bfbf770;
T_47 ;
    %wait E_0x561a7c01bdd0;
    %load/vec4 v0x561a7c01e240_0;
    %cmpi/e 1, 0, 1;
    %jmp/0xz  T_47.0, 4;
    %pushi/vec4 4294967292, 0, 32;
    %store/vec4 v0x561a7c01dbc0_0, 0, 32;
    %jmp T_47.1;
T_47.0 ;
    %delay 1, 0;
    %load/vec4 v0x561a7c01ddf0_0;
    %store/vec4 v0x561a7c01dbc0_0, 0, 32;
T_47.1 ;
    %jmp T_47;
    .thread T_47;
    .scope S_0x561a7bfbf770;
T_48 ;
    %wait E_0x561a7c01afe0;
    %load/vec4 v0x561a7c01e240_0;
    %cmpi/e 1, 0, 1;
    %jmp/0xz  T_48.0, 4;
    %pushi/vec4 4294967292, 0, 32;
    %store/vec4 v0x561a7c01dbc0_0, 0, 32;
T_48.0 ;
    %jmp T_48;
    .thread T_48, $push;
# The file index is used to find the file name in the following table.
:file_names 13;
    "N/A";
    "<interactive>";
    "cpu.v";
    "./barrelShifter.v";
    "./mux2to1_8bit.v";
    "./mux2to1_1bit.v";
    "./mux4to1_1bit.v";
    "./adder.v";
    "./mux2to1_32bit.v";
    "./alu.v";
    "./control_unit.v";
    "./reg_file.v";
    "./twosComp.v";
