#! /usr/bin/vvp
:ivl_version "10.3 (stable)";
:ivl_delay_selection "TYPICAL";
:vpi_time_precision + 0;
:vpi_module "system";
:vpi_module "vhdl_sys";
:vpi_module "v2005_math";
:vpi_module "va_math";
S_0x559f23f46fc0 .scope module, "cache_memory" "cache_memory" 2 3;
 .timescale 0 0;
    .port_info 0 /INPUT 1 "clock"
    .port_info 1 /INPUT 1 "reset"
    .port_info 2 /INPUT 1 "read"
    .port_info 3 /INPUT 1 "write"
    .port_info 4 /INPUT 8 "address"
    .port_info 5 /INPUT 8 "writedata"
    .port_info 6 /OUTPUT 8 "readdata"
    .port_info 7 /OUTPUT 1 "busywait"
P_0x559f23ef4070 .param/l "IDLE" 0 2 31, C4<00>;
P_0x559f23ef40b0 .param/l "MEM_READ" 0 2 31, C4<01>;
P_0x559f23ef40f0 .param/l "MEM_WRITE" 0 2 31, C4<10>;
v0x559f23f68560_0 .var "CURRENT_DATA", 31 0;
v0x559f23f68660_0 .var "CURRENT_DIRTY", 0 0;
v0x559f23f68720_0 .var "CURRENT_TAG", 2 0;
v0x559f23f687e0_0 .var "CURRENT_VALID", 0 0;
v0x559f23f688a0_0 .var "MAIN_MEM_ADDRESS", 5 0;
v0x559f23f68960_0 .net "MAIN_MEM_BUSY_WAIT", 0 0, v0x559f23f67bc0_0;  1 drivers
v0x559f23f68a00_0 .var "MAIN_MEM_READ", 0 0;
v0x559f23f68aa0_0 .net "MAIN_MEM_READ_DATA", 31 0, v0x559f23f68060_0;  1 drivers
v0x559f23f68b40_0 .var "MAIN_MEM_WRITE", 0 0;
v0x559f23f68be0_0 .var "MAIN_MEM_WRITE_DATA", 31 0;
v0x559f23f68cb0_0 .var "TAG_MATCH", 0 0;
o0x7f8961ae6618 .functor BUFZ 8, C4<zzzzzzzz>; HiZ drive
v0x559f23f68d50_0 .net "address", 7 0, o0x7f8961ae6618;  0 drivers
v0x559f23f68df0_0 .var "busywait", 0 0;
o0x7f8961ae61f8 .functor BUFZ 1, C4<z>; HiZ drive
v0x559f23f68e90_0 .net "clock", 0 0, o0x7f8961ae61f8;  0 drivers
v0x559f23f68f60 .array "data_array", 0 8, 31 0;
v0x559f23f69120 .array "dirtyBit_array", 0 8, 1 0;
v0x559f23f69350_0 .var/i "i", 31 0;
v0x559f23f69430_0 .net "index", 2 0, L_0x559f23f6a590;  1 drivers
v0x559f23f69510_0 .var "next_state", 1 0;
v0x559f23f695f0_0 .net "offset", 1 0, L_0x559f23f6a660;  1 drivers
o0x7f8961ae6a98 .functor BUFZ 1, C4<z>; HiZ drive
v0x559f23f696d0_0 .net "read", 0 0, o0x7f8961ae6a98;  0 drivers
v0x559f23f69790_0 .var "readaccess", 0 0;
v0x559f23f69850_0 .var "readdata", 7 0;
o0x7f8961ae62e8 .functor BUFZ 1, C4<z>; HiZ drive
v0x559f23f69930_0 .net "reset", 0 0, o0x7f8961ae62e8;  0 drivers
v0x559f23f69a00_0 .var "state", 1 0;
v0x559f23f69ac0_0 .net "tag", 2 0, L_0x559f23f6a490;  1 drivers
v0x559f23f69ba0 .array "tag_array", 0 8, 2 0;
v0x559f23f69dd0_0 .var "tempory_data", 7 0;
v0x559f23f69eb0 .array "validBit_array", 0 8, 1 0;
o0x7f8961ae6f18 .functor BUFZ 1, C4<z>; HiZ drive
v0x559f23f6a0e0_0 .net "write", 0 0, o0x7f8961ae6f18;  0 drivers
v0x559f23f6a1a0_0 .var "writeaccess", 0 0;
o0x7f8961ae6f78 .functor BUFZ 8, C4<zzzzzzzz>; HiZ drive
v0x559f23f6a260_0 .net "writedata", 7 0, o0x7f8961ae6f78;  0 drivers
v0x559f23f69eb0_0 .array/port v0x559f23f69eb0, 0;
v0x559f23f69eb0_1 .array/port v0x559f23f69eb0, 1;
E_0x559f23f34030/0 .event edge, v0x559f23f69a00_0, v0x559f23f69430_0, v0x559f23f69eb0_0, v0x559f23f69eb0_1;
v0x559f23f69eb0_2 .array/port v0x559f23f69eb0, 2;
v0x559f23f69eb0_3 .array/port v0x559f23f69eb0, 3;
v0x559f23f69eb0_4 .array/port v0x559f23f69eb0, 4;
v0x559f23f69eb0_5 .array/port v0x559f23f69eb0, 5;
E_0x559f23f34030/1 .event edge, v0x559f23f69eb0_2, v0x559f23f69eb0_3, v0x559f23f69eb0_4, v0x559f23f69eb0_5;
v0x559f23f69eb0_6 .array/port v0x559f23f69eb0, 6;
v0x559f23f69eb0_7 .array/port v0x559f23f69eb0, 7;
v0x559f23f69eb0_8 .array/port v0x559f23f69eb0, 8;
v0x559f23f69120_0 .array/port v0x559f23f69120, 0;
E_0x559f23f34030/2 .event edge, v0x559f23f69eb0_6, v0x559f23f69eb0_7, v0x559f23f69eb0_8, v0x559f23f69120_0;
v0x559f23f69120_1 .array/port v0x559f23f69120, 1;
v0x559f23f69120_2 .array/port v0x559f23f69120, 2;
v0x559f23f69120_3 .array/port v0x559f23f69120, 3;
v0x559f23f69120_4 .array/port v0x559f23f69120, 4;
E_0x559f23f34030/3 .event edge, v0x559f23f69120_1, v0x559f23f69120_2, v0x559f23f69120_3, v0x559f23f69120_4;
v0x559f23f69120_5 .array/port v0x559f23f69120, 5;
v0x559f23f69120_6 .array/port v0x559f23f69120, 6;
v0x559f23f69120_7 .array/port v0x559f23f69120, 7;
v0x559f23f69120_8 .array/port v0x559f23f69120, 8;
E_0x559f23f34030/4 .event edge, v0x559f23f69120_5, v0x559f23f69120_6, v0x559f23f69120_7, v0x559f23f69120_8;
v0x559f23f68f60_0 .array/port v0x559f23f68f60, 0;
v0x559f23f68f60_1 .array/port v0x559f23f68f60, 1;
v0x559f23f68f60_2 .array/port v0x559f23f68f60, 2;
v0x559f23f68f60_3 .array/port v0x559f23f68f60, 3;
E_0x559f23f34030/5 .event edge, v0x559f23f68f60_0, v0x559f23f68f60_1, v0x559f23f68f60_2, v0x559f23f68f60_3;
v0x559f23f68f60_4 .array/port v0x559f23f68f60, 4;
v0x559f23f68f60_5 .array/port v0x559f23f68f60, 5;
v0x559f23f68f60_6 .array/port v0x559f23f68f60, 6;
v0x559f23f68f60_7 .array/port v0x559f23f68f60, 7;
E_0x559f23f34030/6 .event edge, v0x559f23f68f60_4, v0x559f23f68f60_5, v0x559f23f68f60_6, v0x559f23f68f60_7;
v0x559f23f68f60_8 .array/port v0x559f23f68f60, 8;
v0x559f23f69ba0_0 .array/port v0x559f23f69ba0, 0;
v0x559f23f69ba0_1 .array/port v0x559f23f69ba0, 1;
v0x559f23f69ba0_2 .array/port v0x559f23f69ba0, 2;
E_0x559f23f34030/7 .event edge, v0x559f23f68f60_8, v0x559f23f69ba0_0, v0x559f23f69ba0_1, v0x559f23f69ba0_2;
v0x559f23f69ba0_3 .array/port v0x559f23f69ba0, 3;
v0x559f23f69ba0_4 .array/port v0x559f23f69ba0, 4;
v0x559f23f69ba0_5 .array/port v0x559f23f69ba0, 5;
v0x559f23f69ba0_6 .array/port v0x559f23f69ba0, 6;
E_0x559f23f34030/8 .event edge, v0x559f23f69ba0_3, v0x559f23f69ba0_4, v0x559f23f69ba0_5, v0x559f23f69ba0_6;
v0x559f23f69ba0_7 .array/port v0x559f23f69ba0, 7;
v0x559f23f69ba0_8 .array/port v0x559f23f69ba0, 8;
E_0x559f23f34030/9 .event edge, v0x559f23f69ba0_7, v0x559f23f69ba0_8, v0x559f23f68720_0, v0x559f23f69ac0_0;
E_0x559f23f34030/10 .event edge, v0x559f23f69790_0, v0x559f23f695f0_0, v0x559f23f68cb0_0, v0x559f23f687e0_0;
E_0x559f23f34030/11 .event edge, v0x559f23f69dd0_0, v0x559f23f6a1a0_0, v0x559f23f6a260_0;
E_0x559f23f34030 .event/or E_0x559f23f34030/0, E_0x559f23f34030/1, E_0x559f23f34030/2, E_0x559f23f34030/3, E_0x559f23f34030/4, E_0x559f23f34030/5, E_0x559f23f34030/6, E_0x559f23f34030/7, E_0x559f23f34030/8, E_0x559f23f34030/9, E_0x559f23f34030/10, E_0x559f23f34030/11;
E_0x559f23f32610/0 .event edge, v0x559f23f69a00_0, v0x559f23f687e0_0, v0x559f23f69790_0, v0x559f23f6a1a0_0;
E_0x559f23f32610/1 .event edge, v0x559f23f68cb0_0, v0x559f23f68660_0, v0x559f23f67bc0_0, v0x559f23f68060_0;
E_0x559f23f32610/2 .event edge, v0x559f23f69430_0, v0x559f23f69ac0_0;
E_0x559f23f32610 .event/or E_0x559f23f32610/0, E_0x559f23f32610/1, E_0x559f23f32610/2;
E_0x559f23f37b70 .event edge, v0x559f23f6a0e0_0, v0x559f23f696d0_0;
L_0x559f23f6a490 .part o0x7f8961ae6618, 5, 3;
L_0x559f23f6a590 .part o0x7f8961ae6618, 2, 3;
L_0x559f23f6a660 .part o0x7f8961ae6618, 0, 2;
S_0x559f23f468f0 .scope module, "myDataMem" "data_memory" 2 50, 3 12 0, S_0x559f23f46fc0;
 .timescale 0 0;
    .port_info 0 /INPUT 1 "clock"
    .port_info 1 /INPUT 1 "reset"
    .port_info 2 /INPUT 1 "read"
    .port_info 3 /INPUT 1 "write"
    .port_info 4 /INPUT 6 "address"
    .port_info 5 /INPUT 32 "writedata"
    .port_info 6 /OUTPUT 32 "readdata"
    .port_info 7 /OUTPUT 1 "busywait"
v0x559f23f48050_0 .var *"_s10", 7 0; Local signal
v0x559f23f67490_0 .var *"_s3", 7 0; Local signal
v0x559f23f67570_0 .var *"_s4", 7 0; Local signal
v0x559f23f67630_0 .var *"_s5", 7 0; Local signal
v0x559f23f67710_0 .var *"_s6", 7 0; Local signal
v0x559f23f67840_0 .var *"_s7", 7 0; Local signal
v0x559f23f67920_0 .var *"_s8", 7 0; Local signal
v0x559f23f67a00_0 .var *"_s9", 7 0; Local signal
v0x559f23f67ae0_0 .net "address", 5 0, v0x559f23f688a0_0;  1 drivers
v0x559f23f67bc0_0 .var "busywait", 0 0;
v0x559f23f67c80_0 .net "clock", 0 0, o0x7f8961ae61f8;  alias, 0 drivers
v0x559f23f67d40_0 .var/i "i", 31 0;
v0x559f23f67e20 .array "memory_array", 0 255, 7 0;
v0x559f23f67ee0_0 .net "read", 0 0, v0x559f23f68a00_0;  1 drivers
v0x559f23f67fa0_0 .var "readaccess", 0 0;
v0x559f23f68060_0 .var "readdata", 31 0;
v0x559f23f68140_0 .net "reset", 0 0, o0x7f8961ae62e8;  alias, 0 drivers
v0x559f23f68200_0 .net "write", 0 0, v0x559f23f68b40_0;  1 drivers
v0x559f23f682c0_0 .var "writeaccess", 0 0;
v0x559f23f68380_0 .net "writedata", 31 0, v0x559f23f68be0_0;  1 drivers
E_0x559f23f32b10 .event posedge, v0x559f23f68140_0;
E_0x559f23f47d90 .event posedge, v0x559f23f67c80_0;
E_0x559f23f47dd0 .event edge, v0x559f23f68200_0, v0x559f23f67ee0_0;
    .scope S_0x559f23f468f0;
T_0 ;
    %wait E_0x559f23f47dd0;
    %load/vec4 v0x559f23f67ee0_0;
    %flag_set/vec4 8;
    %load/vec4 v0x559f23f68200_0;
    %flag_set/vec4 9;
    %flag_or 9, 8;
    %jmp/0 T_0.0, 9;
    %pushi/vec4 1, 0, 2;
    %jmp/1 T_0.1, 9;
T_0.0 ; End of true expr.
    %pushi/vec4 0, 0, 2;
    %jmp/0 T_0.1, 9;
 ; End of false expr.
    %blend;
T_0.1;
    %pad/s 1;
    %store/vec4 v0x559f23f67bc0_0, 0, 1;
    %load/vec4 v0x559f23f67ee0_0;
    %load/vec4 v0x559f23f68200_0;
    %nor/r;
    %and;
    %flag_set/vec4 8;
    %jmp/0 T_0.2, 8;
    %pushi/vec4 1, 0, 2;
    %jmp/1 T_0.3, 8;
T_0.2 ; End of true expr.
    %pushi/vec4 0, 0, 2;
    %jmp/0 T_0.3, 8;
 ; End of false expr.
    %blend;
T_0.3;
    %pad/s 1;
    %store/vec4 v0x559f23f67fa0_0, 0, 1;
    %load/vec4 v0x559f23f67ee0_0;
    %nor/r;
    %load/vec4 v0x559f23f68200_0;
    %and;
    %flag_set/vec4 8;
    %jmp/0 T_0.4, 8;
    %pushi/vec4 1, 0, 2;
    %jmp/1 T_0.5, 8;
T_0.4 ; End of true expr.
    %pushi/vec4 0, 0, 2;
    %jmp/0 T_0.5, 8;
 ; End of false expr.
    %blend;
T_0.5;
    %pad/s 1;
    %store/vec4 v0x559f23f682c0_0, 0, 1;
    %jmp T_0;
    .thread T_0, $push;
    .scope S_0x559f23f468f0;
T_1 ;
    %wait E_0x559f23f47d90;
    %load/vec4 v0x559f23f67fa0_0;
    %flag_set/vec4 8;
    %jmp/0xz  T_1.0, 8;
    %load/vec4 v0x559f23f67ae0_0;
    %concati/vec4 0, 0, 2;
    %pad/u 10;
    %ix/vec4 4;
    %load/vec4a v0x559f23f67e20, 4;
    %store/vec4 v0x559f23f67490_0, 0, 8;
    %pushi/vec4 40, 0, 64;
    %ix/vec4 4;
    %delayx 4;
    %load/vec4 v0x559f23f67490_0;
    %ix/load 4, 0, 0;
    %flag_set/imm 4, 0;
    %store/vec4 v0x559f23f68060_0, 4, 8;
    %load/vec4 v0x559f23f67ae0_0;
    %concati/vec4 1, 0, 2;
    %pad/u 10;
    %ix/vec4 4;
    %load/vec4a v0x559f23f67e20, 4;
    %store/vec4 v0x559f23f67570_0, 0, 8;
    %pushi/vec4 40, 0, 64;
    %ix/vec4 4;
    %delayx 4;
    %load/vec4 v0x559f23f67570_0;
    %ix/load 4, 8, 0;
    %flag_set/imm 4, 0;
    %store/vec4 v0x559f23f68060_0, 4, 8;
    %load/vec4 v0x559f23f67ae0_0;
    %concati/vec4 2, 0, 2;
    %pad/u 10;
    %ix/vec4 4;
    %load/vec4a v0x559f23f67e20, 4;
    %store/vec4 v0x559f23f67630_0, 0, 8;
    %pushi/vec4 40, 0, 64;
    %ix/vec4 4;
    %delayx 4;
    %load/vec4 v0x559f23f67630_0;
    %ix/load 4, 16, 0;
    %flag_set/imm 4, 0;
    %store/vec4 v0x559f23f68060_0, 4, 8;
    %load/vec4 v0x559f23f67ae0_0;
    %concati/vec4 3, 0, 2;
    %pad/u 10;
    %ix/vec4 4;
    %load/vec4a v0x559f23f67e20, 4;
    %store/vec4 v0x559f23f67710_0, 0, 8;
    %pushi/vec4 40, 0, 64;
    %ix/vec4 4;
    %delayx 4;
    %load/vec4 v0x559f23f67710_0;
    %ix/load 4, 24, 0;
    %flag_set/imm 4, 0;
    %store/vec4 v0x559f23f68060_0, 4, 8;
    %pushi/vec4 0, 0, 1;
    %store/vec4 v0x559f23f67bc0_0, 0, 1;
    %pushi/vec4 0, 0, 1;
    %store/vec4 v0x559f23f67fa0_0, 0, 1;
T_1.0 ;
    %load/vec4 v0x559f23f682c0_0;
    %flag_set/vec4 8;
    %jmp/0xz  T_1.2, 8;
    %load/vec4 v0x559f23f68380_0;
    %parti/s 8, 0, 2;
    %store/vec4 v0x559f23f67840_0, 0, 8;
    %pushi/vec4 40, 0, 64;
    %ix/vec4 4;
    %delayx 4;
    %load/vec4 v0x559f23f67840_0;
    %load/vec4 v0x559f23f67ae0_0;
    %concati/vec4 0, 0, 2;
    %pad/u 10;
    %ix/vec4 4;
    %store/vec4a v0x559f23f67e20, 4, 0;
    %load/vec4 v0x559f23f68380_0;
    %parti/s 8, 8, 5;
    %store/vec4 v0x559f23f67920_0, 0, 8;
    %pushi/vec4 40, 0, 64;
    %ix/vec4 4;
    %delayx 4;
    %load/vec4 v0x559f23f67920_0;
    %load/vec4 v0x559f23f67ae0_0;
    %concati/vec4 1, 0, 2;
    %pad/u 10;
    %ix/vec4 4;
    %store/vec4a v0x559f23f67e20, 4, 0;
    %load/vec4 v0x559f23f68380_0;
    %parti/s 8, 16, 6;
    %store/vec4 v0x559f23f67a00_0, 0, 8;
    %pushi/vec4 40, 0, 64;
    %ix/vec4 4;
    %delayx 4;
    %load/vec4 v0x559f23f67a00_0;
    %load/vec4 v0x559f23f67ae0_0;
    %concati/vec4 2, 0, 2;
    %pad/u 10;
    %ix/vec4 4;
    %store/vec4a v0x559f23f67e20, 4, 0;
    %load/vec4 v0x559f23f68380_0;
    %parti/s 8, 24, 6;
    %store/vec4 v0x559f23f48050_0, 0, 8;
    %pushi/vec4 40, 0, 64;
    %ix/vec4 4;
    %delayx 4;
    %load/vec4 v0x559f23f48050_0;
    %load/vec4 v0x559f23f67ae0_0;
    %concati/vec4 3, 0, 2;
    %pad/u 10;
    %ix/vec4 4;
    %store/vec4a v0x559f23f67e20, 4, 0;
    %pushi/vec4 0, 0, 1;
    %store/vec4 v0x559f23f67bc0_0, 0, 1;
    %pushi/vec4 0, 0, 1;
    %store/vec4 v0x559f23f682c0_0, 0, 1;
T_1.2 ;
    %jmp T_1;
    .thread T_1;
    .scope S_0x559f23f468f0;
T_2 ;
    %wait E_0x559f23f32b10;
    %load/vec4 v0x559f23f68140_0;
    %flag_set/vec4 8;
    %jmp/0xz  T_2.0, 8;
    %pushi/vec4 0, 0, 32;
    %store/vec4 v0x559f23f67d40_0, 0, 32;
T_2.2 ;
    %load/vec4 v0x559f23f67d40_0;
    %cmpi/s 256, 0, 32;
    %jmp/0xz T_2.3, 5;
    %pushi/vec4 0, 0, 8;
    %ix/getv/s 4, v0x559f23f67d40_0;
    %store/vec4a v0x559f23f67e20, 4, 0;
    %load/vec4 v0x559f23f67d40_0;
    %addi 1, 0, 32;
    %store/vec4 v0x559f23f67d40_0, 0, 32;
    %jmp T_2.2;
T_2.3 ;
    %pushi/vec4 0, 0, 1;
    %store/vec4 v0x559f23f67bc0_0, 0, 1;
    %pushi/vec4 0, 0, 1;
    %store/vec4 v0x559f23f67fa0_0, 0, 1;
    %pushi/vec4 0, 0, 1;
    %store/vec4 v0x559f23f682c0_0, 0, 1;
    %pushi/vec4 255, 0, 8;
    %ix/load 4, 2, 0;
    %flag_set/imm 4, 0;
    %store/vec4a v0x559f23f67e20, 4, 0;
T_2.0 ;
    %jmp T_2;
    .thread T_2;
    .scope S_0x559f23f46fc0;
T_3 ;
    %wait E_0x559f23f37b70;
    %load/vec4 v0x559f23f696d0_0;
    %flag_set/vec4 8;
    %load/vec4 v0x559f23f6a0e0_0;
    %flag_set/vec4 9;
    %flag_or 9, 8;
    %jmp/0 T_3.0, 9;
    %pushi/vec4 1, 0, 2;
    %jmp/1 T_3.1, 9;
T_3.0 ; End of true expr.
    %pushi/vec4 0, 0, 2;
    %jmp/0 T_3.1, 9;
 ; End of false expr.
    %blend;
T_3.1;
    %pad/s 1;
    %store/vec4 v0x559f23f68df0_0, 0, 1;
    %load/vec4 v0x559f23f696d0_0;
    %load/vec4 v0x559f23f6a0e0_0;
    %nor/r;
    %and;
    %flag_set/vec4 8;
    %jmp/0 T_3.2, 8;
    %pushi/vec4 1, 0, 2;
    %jmp/1 T_3.3, 8;
T_3.2 ; End of true expr.
    %pushi/vec4 0, 0, 2;
    %jmp/0 T_3.3, 8;
 ; End of false expr.
    %blend;
T_3.3;
    %pad/s 1;
    %store/vec4 v0x559f23f69790_0, 0, 1;
    %load/vec4 v0x559f23f696d0_0;
    %nor/r;
    %load/vec4 v0x559f23f6a0e0_0;
    %and;
    %flag_set/vec4 8;
    %jmp/0 T_3.4, 8;
    %pushi/vec4 1, 0, 2;
    %jmp/1 T_3.5, 8;
T_3.4 ; End of true expr.
    %pushi/vec4 0, 0, 2;
    %jmp/0 T_3.5, 8;
 ; End of false expr.
    %blend;
T_3.5;
    %pad/s 1;
    %store/vec4 v0x559f23f6a1a0_0, 0, 1;
    %jmp T_3;
    .thread T_3, $push;
    .scope S_0x559f23f46fc0;
T_4 ;
    %wait E_0x559f23f32610;
    %load/vec4 v0x559f23f69a00_0;
    %dup/vec4;
    %pushi/vec4 0, 0, 2;
    %cmp/u;
    %jmp/1 T_4.0, 6;
    %dup/vec4;
    %pushi/vec4 1, 0, 2;
    %cmp/u;
    %jmp/1 T_4.1, 6;
    %dup/vec4;
    %pushi/vec4 2, 0, 2;
    %cmp/u;
    %jmp/1 T_4.2, 6;
    %jmp T_4.3;
T_4.0 ;
    %load/vec4 v0x559f23f687e0_0;
    %nor/r;
    %load/vec4 v0x559f23f69790_0;
    %load/vec4 v0x559f23f6a1a0_0;
    %or;
    %and;
    %flag_set/vec4 8;
    %jmp/0xz  T_4.4, 8;
    %pushi/vec4 1, 0, 2;
    %store/vec4 v0x559f23f69510_0, 0, 2;
    %jmp T_4.5;
T_4.4 ;
    %load/vec4 v0x559f23f687e0_0;
    %load/vec4 v0x559f23f68cb0_0;
    %and;
    %load/vec4 v0x559f23f69790_0;
    %load/vec4 v0x559f23f6a1a0_0;
    %or;
    %and;
    %flag_set/vec4 8;
    %jmp/0xz  T_4.6, 8;
    %pushi/vec4 0, 0, 2;
    %store/vec4 v0x559f23f69510_0, 0, 2;
    %jmp T_4.7;
T_4.6 ;
    %load/vec4 v0x559f23f687e0_0;
    %load/vec4 v0x559f23f68660_0;
    %nor/r;
    %and;
    %load/vec4 v0x559f23f68cb0_0;
    %nor/r;
    %and;
    %load/vec4 v0x559f23f69790_0;
    %load/vec4 v0x559f23f6a1a0_0;
    %or;
    %and;
    %flag_set/vec4 8;
    %jmp/0xz  T_4.8, 8;
    %pushi/vec4 1, 0, 2;
    %store/vec4 v0x559f23f69510_0, 0, 2;
    %jmp T_4.9;
T_4.8 ;
    %load/vec4 v0x559f23f687e0_0;
    %load/vec4 v0x559f23f68660_0;
    %and;
    %load/vec4 v0x559f23f68cb0_0;
    %nor/r;
    %and;
    %load/vec4 v0x559f23f69790_0;
    %load/vec4 v0x559f23f6a1a0_0;
    %or;
    %and;
    %flag_set/vec4 8;
    %jmp/0xz  T_4.10, 8;
    %pushi/vec4 2, 0, 2;
    %store/vec4 v0x559f23f69510_0, 0, 2;
T_4.10 ;
T_4.9 ;
T_4.7 ;
T_4.5 ;
    %jmp T_4.3;
T_4.1 ;
    %load/vec4 v0x559f23f68960_0;
    %flag_set/vec4 8;
    %jmp/0xz  T_4.12, 8;
    %pushi/vec4 1, 0, 2;
    %store/vec4 v0x559f23f69510_0, 0, 2;
    %jmp T_4.13;
T_4.12 ;
    %pushi/vec4 0, 0, 2;
    %store/vec4 v0x559f23f69510_0, 0, 2;
    %load/vec4 v0x559f23f68aa0_0;
    %load/vec4 v0x559f23f69430_0;
    %pad/u 5;
    %ix/vec4 4;
    %store/vec4a v0x559f23f68f60, 4, 0;
    %load/vec4 v0x559f23f69ac0_0;
    %load/vec4 v0x559f23f69430_0;
    %pad/u 5;
    %ix/vec4 4;
    %store/vec4a v0x559f23f69ba0, 4, 0;
    %pushi/vec4 1, 0, 2;
    %load/vec4 v0x559f23f69430_0;
    %pad/u 5;
    %ix/vec4 4;
    %store/vec4a v0x559f23f69eb0, 4, 0;
    %pushi/vec4 0, 0, 2;
    %load/vec4 v0x559f23f69430_0;
    %pad/u 5;
    %ix/vec4 4;
    %store/vec4a v0x559f23f69120, 4, 0;
T_4.13 ;
    %jmp T_4.3;
T_4.2 ;
    %load/vec4 v0x559f23f68960_0;
    %flag_set/vec4 8;
    %jmp/0xz  T_4.14, 8;
    %pushi/vec4 2, 0, 2;
    %store/vec4 v0x559f23f69510_0, 0, 2;
    %jmp T_4.15;
T_4.14 ;
    %pushi/vec4 0, 0, 2;
    %store/vec4 v0x559f23f69510_0, 0, 2;
    %pushi/vec4 1, 0, 2;
    %load/vec4 v0x559f23f69430_0;
    %pad/u 5;
    %ix/vec4 4;
    %store/vec4a v0x559f23f69eb0, 4, 0;
    %pushi/vec4 0, 0, 2;
    %load/vec4 v0x559f23f69430_0;
    %pad/u 5;
    %ix/vec4 4;
    %store/vec4a v0x559f23f69120, 4, 0;
T_4.15 ;
    %jmp T_4.3;
T_4.3 ;
    %pop/vec4 1;
    %jmp T_4;
    .thread T_4, $push;
    .scope S_0x559f23f46fc0;
T_5 ;
    %wait E_0x559f23f34030;
    %load/vec4 v0x559f23f69a00_0;
    %dup/vec4;
    %pushi/vec4 0, 0, 2;
    %cmp/u;
    %jmp/1 T_5.0, 6;
    %dup/vec4;
    %pushi/vec4 1, 0, 2;
    %cmp/u;
    %jmp/1 T_5.1, 6;
    %dup/vec4;
    %pushi/vec4 2, 0, 2;
    %cmp/u;
    %jmp/1 T_5.2, 6;
    %jmp T_5.3;
T_5.0 ;
    %pushi/vec4 0, 0, 1;
    %store/vec4 v0x559f23f68a00_0, 0, 1;
    %pushi/vec4 0, 0, 1;
    %store/vec4 v0x559f23f68b40_0, 0, 1;
    %delay 1, 0;
    %load/vec4 v0x559f23f69430_0;
    %pad/u 5;
    %ix/vec4 4;
    %load/vec4a v0x559f23f69eb0, 4;
    %pad/u 1;
    %store/vec4 v0x559f23f687e0_0, 0, 1;
    %load/vec4 v0x559f23f69430_0;
    %pad/u 5;
    %ix/vec4 4;
    %load/vec4a v0x559f23f69120, 4;
    %pad/u 1;
    %store/vec4 v0x559f23f68660_0, 0, 1;
    %load/vec4 v0x559f23f69430_0;
    %pad/u 5;
    %ix/vec4 4;
    %load/vec4a v0x559f23f68f60, 4;
    %store/vec4 v0x559f23f68560_0, 0, 32;
    %load/vec4 v0x559f23f69430_0;
    %pad/u 5;
    %ix/vec4 4;
    %load/vec4a v0x559f23f69ba0, 4;
    %store/vec4 v0x559f23f68720_0, 0, 3;
    %delay 1, 0;
    %load/vec4 v0x559f23f68720_0;
    %load/vec4 v0x559f23f69ac0_0;
    %cmp/e;
    %jmp/0xz  T_5.4, 4;
    %pushi/vec4 1, 0, 1;
    %store/vec4 v0x559f23f68cb0_0, 0, 1;
    %jmp T_5.5;
T_5.4 ;
    %pushi/vec4 0, 0, 1;
    %store/vec4 v0x559f23f68cb0_0, 0, 1;
T_5.5 ;
    %load/vec4 v0x559f23f69790_0;
    %flag_set/vec4 8;
    %jmp/0xz  T_5.6, 8;
    %load/vec4 v0x559f23f695f0_0;
    %dup/vec4;
    %pushi/vec4 0, 0, 2;
    %cmp/u;
    %jmp/1 T_5.8, 6;
    %dup/vec4;
    %pushi/vec4 1, 0, 2;
    %cmp/u;
    %jmp/1 T_5.9, 6;
    %dup/vec4;
    %pushi/vec4 2, 0, 2;
    %cmp/u;
    %jmp/1 T_5.10, 6;
    %dup/vec4;
    %pushi/vec4 3, 0, 2;
    %cmp/u;
    %jmp/1 T_5.11, 6;
    %jmp T_5.12;
T_5.8 ;
    %load/vec4 v0x559f23f69430_0;
    %pad/u 5;
    %ix/vec4 4;
    %load/vec4a v0x559f23f68f60, 4;
    %parti/s 8, 0, 2;
    %store/vec4 v0x559f23f69dd0_0, 0, 8;
    %jmp T_5.12;
T_5.9 ;
    %load/vec4 v0x559f23f69430_0;
    %pad/u 5;
    %ix/vec4 4;
    %load/vec4a v0x559f23f68f60, 4;
    %parti/s 8, 8, 5;
    %store/vec4 v0x559f23f69dd0_0, 0, 8;
    %jmp T_5.12;
T_5.10 ;
    %load/vec4 v0x559f23f69430_0;
    %pad/u 5;
    %ix/vec4 4;
    %load/vec4a v0x559f23f68f60, 4;
    %parti/s 8, 16, 6;
    %store/vec4 v0x559f23f69dd0_0, 0, 8;
    %jmp T_5.12;
T_5.11 ;
    %load/vec4 v0x559f23f69430_0;
    %pad/u 5;
    %ix/vec4 4;
    %load/vec4a v0x559f23f68f60, 4;
    %parti/s 8, 24, 6;
    %store/vec4 v0x559f23f69dd0_0, 0, 8;
    %jmp T_5.12;
T_5.12 ;
    %pop/vec4 1;
    %load/vec4 v0x559f23f68cb0_0;
    %load/vec4 v0x559f23f687e0_0;
    %and;
    %flag_set/vec4 8;
    %jmp/0xz  T_5.13, 8;
    %pushi/vec4 0, 0, 1;
    %store/vec4 v0x559f23f68df0_0, 0, 1;
    %load/vec4 v0x559f23f69dd0_0;
    %store/vec4 v0x559f23f69850_0, 0, 8;
T_5.13 ;
T_5.6 ;
    %load/vec4 v0x559f23f6a1a0_0;
    %load/vec4 v0x559f23f68cb0_0;
    %and;
    %load/vec4 v0x559f23f687e0_0;
    %and;
    %flag_set/vec4 8;
    %jmp/0xz  T_5.15, 8;
    %delay 1, 0;
    %load/vec4 v0x559f23f695f0_0;
    %dup/vec4;
    %pushi/vec4 0, 0, 2;
    %cmp/u;
    %jmp/1 T_5.17, 6;
    %dup/vec4;
    %pushi/vec4 1, 0, 2;
    %cmp/u;
    %jmp/1 T_5.18, 6;
    %dup/vec4;
    %pushi/vec4 2, 0, 2;
    %cmp/u;
    %jmp/1 T_5.19, 6;
    %dup/vec4;
    %pushi/vec4 3, 0, 2;
    %cmp/u;
    %jmp/1 T_5.20, 6;
    %jmp T_5.21;
T_5.17 ;
    %load/vec4 v0x559f23f6a260_0;
    %load/vec4 v0x559f23f69430_0;
    %pad/u 5;
    %ix/vec4 4;
    %flag_mov 8, 4;
    %ix/load 5, 0, 0;
    %flag_set/imm 4, 0;
    %flag_or 4, 8;
    %store/vec4a v0x559f23f68f60, 4, 5;
    %jmp T_5.21;
T_5.18 ;
    %load/vec4 v0x559f23f6a260_0;
    %load/vec4 v0x559f23f69430_0;
    %pad/u 5;
    %ix/vec4 4;
    %flag_mov 8, 4;
    %ix/load 5, 8, 0;
    %flag_set/imm 4, 0;
    %flag_or 4, 8;
    %store/vec4a v0x559f23f68f60, 4, 5;
    %jmp T_5.21;
T_5.19 ;
    %load/vec4 v0x559f23f6a260_0;
    %load/vec4 v0x559f23f69430_0;
    %pad/u 5;
    %ix/vec4 4;
    %flag_mov 8, 4;
    %ix/load 5, 16, 0;
    %flag_set/imm 4, 0;
    %flag_or 4, 8;
    %store/vec4a v0x559f23f68f60, 4, 5;
    %jmp T_5.21;
T_5.20 ;
    %load/vec4 v0x559f23f6a260_0;
    %load/vec4 v0x559f23f69430_0;
    %pad/u 5;
    %ix/vec4 4;
    %flag_mov 8, 4;
    %ix/load 5, 24, 0;
    %flag_set/imm 4, 0;
    %flag_or 4, 8;
    %store/vec4a v0x559f23f68f60, 4, 5;
    %jmp T_5.21;
T_5.21 ;
    %pop/vec4 1;
    %pushi/vec4 1, 0, 2;
    %load/vec4 v0x559f23f69430_0;
    %pad/u 5;
    %ix/vec4 4;
    %store/vec4a v0x559f23f69120, 4, 0;
    %pushi/vec4 0, 0, 1;
    %store/vec4 v0x559f23f68df0_0, 0, 1;
T_5.15 ;
    %jmp T_5.3;
T_5.1 ;
    %pushi/vec4 1, 0, 1;
    %store/vec4 v0x559f23f68a00_0, 0, 1;
    %pushi/vec4 0, 0, 1;
    %store/vec4 v0x559f23f68b40_0, 0, 1;
    %load/vec4 v0x559f23f69ac0_0;
    %load/vec4 v0x559f23f69430_0;
    %concat/vec4; draw_concat_vec4
    %store/vec4 v0x559f23f688a0_0, 0, 6;
    %jmp T_5.3;
T_5.2 ;
    %pushi/vec4 0, 0, 1;
    %store/vec4 v0x559f23f68a00_0, 0, 1;
    %pushi/vec4 1, 0, 1;
    %store/vec4 v0x559f23f68b40_0, 0, 1;
    %load/vec4 v0x559f23f69430_0;
    %pad/u 5;
    %ix/vec4 4;
    %load/vec4a v0x559f23f69ba0, 4;
    %pad/u 6;
    %store/vec4 v0x559f23f688a0_0, 0, 6;
    %load/vec4 v0x559f23f69430_0;
    %pad/u 5;
    %ix/vec4 4;
    %load/vec4a v0x559f23f68f60, 4;
    %store/vec4 v0x559f23f68be0_0, 0, 32;
    %jmp T_5.3;
T_5.3 ;
    %pop/vec4 1;
    %jmp T_5;
    .thread T_5, $push;
    .scope S_0x559f23f46fc0;
T_6 ;
    %wait E_0x559f23f32b10;
    %load/vec4 v0x559f23f69930_0;
    %flag_set/vec4 8;
    %jmp/0xz  T_6.0, 8;
    %pushi/vec4 0, 0, 2;
    %store/vec4 v0x559f23f69a00_0, 0, 2;
    %pushi/vec4 0, 0, 2;
    %store/vec4 v0x559f23f69510_0, 0, 2;
    %pushi/vec4 0, 0, 32;
    %store/vec4 v0x559f23f69350_0, 0, 32;
T_6.2 ;
    %load/vec4 v0x559f23f69350_0;
    %cmpi/s 8, 0, 32;
    %jmp/0xz T_6.3, 5;
    %pushi/vec4 0, 0, 32;
    %ix/getv/s 4, v0x559f23f69350_0;
    %store/vec4a v0x559f23f68f60, 4, 0;
    %pushi/vec4 0, 0, 2;
    %ix/getv/s 4, v0x559f23f69350_0;
    %store/vec4a v0x559f23f69eb0, 4, 0;
    %pushi/vec4 0, 0, 2;
    %ix/getv/s 4, v0x559f23f69350_0;
    %store/vec4a v0x559f23f69120, 4, 0;
    %load/vec4 v0x559f23f69350_0;
    %addi 1, 0, 32;
    %store/vec4 v0x559f23f69350_0, 0, 32;
    %jmp T_6.2;
T_6.3 ;
    %jmp T_6.1;
T_6.0 ;
    %load/vec4 v0x559f23f69510_0;
    %store/vec4 v0x559f23f69a00_0, 0, 2;
T_6.1 ;
    %jmp T_6;
    .thread T_6;
# The file index is used to find the file name in the following table.
:file_names 4;
    "N/A";
    "<interactive>";
    "cache_memory.v";
    "./data_memory.v";
