#! /usr/bin/vvp
:ivl_version "10.3 (stable)";
:ivl_delay_selection "TYPICAL";
:vpi_time_precision + 0;
:vpi_module "system";
:vpi_module "vhdl_sys";
:vpi_module "v2005_math";
:vpi_module "va_math";
S_0x5583763eb130 .scope module, "data_memory" "data_memory" 2 12;
 .timescale 0 0;
    .port_info 0 /INPUT 1 "clock"
    .port_info 1 /INPUT 1 "reset"
    .port_info 2 /INPUT 1 "read"
    .port_info 3 /INPUT 1 "write"
    .port_info 4 /INPUT 6 "address"
    .port_info 5 /INPUT 32 "writedata"
    .port_info 6 /OUTPUT 32 "readdata"
    .port_info 7 /OUTPUT 1 "busywait"
o0x7f818a28f018 .functor BUFZ 6, C4<zzzzzz>; HiZ drive
v0x558376411770_0 .net "address", 5 0, o0x7f818a28f018;  0 drivers
v0x5583764394a0_0 .var "busywait", 0 0;
o0x7f818a28f078 .functor BUFZ 1, C4<z>; HiZ drive
v0x558376439560_0 .net "clock", 0 0, o0x7f818a28f078;  0 drivers
v0x558376439600_0 .var/i "i", 31 0;
v0x5583764396e0 .array "memory_array", 0 255, 7 0;
o0x7f818a28f0d8 .functor BUFZ 1, C4<z>; HiZ drive
v0x5583764397f0_0 .net "read", 0 0, o0x7f818a28f0d8;  0 drivers
v0x5583764398b0_0 .var "readaccess", 0 0;
v0x558376439970_0 .var "readdata", 31 0;
o0x7f818a28f168 .functor BUFZ 1, C4<z>; HiZ drive
v0x558376439a50_0 .net "reset", 0 0, o0x7f818a28f168;  0 drivers
o0x7f818a28f198 .functor BUFZ 1, C4<z>; HiZ drive
v0x558376439b10_0 .net "write", 0 0, o0x7f818a28f198;  0 drivers
v0x558376439bd0_0 .var "writeaccess", 0 0;
o0x7f818a28f1f8 .functor BUFZ 32, C4<zzzzzzzzzzzzzzzzzzzzzzzzzzzzzzzz>; HiZ drive
v0x558376439c90_0 .net "writedata", 31 0, o0x7f818a28f1f8;  0 drivers
E_0x558376420740 .event posedge, v0x558376439a50_0;
E_0x558376420960 .event posedge, v0x558376439560_0;
E_0x558376421960 .event edge, v0x558376439b10_0, v0x5583764397f0_0;
    .scope S_0x5583763eb130;
T_0 ;
    %wait E_0x558376421960;
    %load/vec4 v0x5583764397f0_0;
    %flag_set/vec4 8;
    %load/vec4 v0x558376439b10_0;
    %flag_set/vec4 9;
    %flag_or 9, 8;
    %jmp/0 T_0.0, 9;
    %pushi/vec4 1, 0, 2;
    %jmp/1 T_0.1, 9;
T_0.0 ; End of true expr.
    %pushi/vec4 0, 0, 2;
    %jmp/0 T_0.1, 9;
 ; End of false expr.
    %blend;
T_0.1;
    %pad/s 1;
    %store/vec4 v0x5583764394a0_0, 0, 1;
    %load/vec4 v0x5583764397f0_0;
    %load/vec4 v0x558376439b10_0;
    %nor/r;
    %and;
    %flag_set/vec4 8;
    %jmp/0 T_0.2, 8;
    %pushi/vec4 1, 0, 2;
    %jmp/1 T_0.3, 8;
T_0.2 ; End of true expr.
    %pushi/vec4 0, 0, 2;
    %jmp/0 T_0.3, 8;
 ; End of false expr.
    %blend;
T_0.3;
    %pad/s 1;
    %store/vec4 v0x5583764398b0_0, 0, 1;
    %load/vec4 v0x5583764397f0_0;
    %nor/r;
    %load/vec4 v0x558376439b10_0;
    %and;
    %flag_set/vec4 8;
    %jmp/0 T_0.4, 8;
    %pushi/vec4 1, 0, 2;
    %jmp/1 T_0.5, 8;
T_0.4 ; End of true expr.
    %pushi/vec4 0, 0, 2;
    %jmp/0 T_0.5, 8;
 ; End of false expr.
    %blend;
T_0.5;
    %pad/s 1;
    %store/vec4 v0x558376439bd0_0, 0, 1;
    %jmp T_0;
    .thread T_0, $push;
    .scope S_0x5583763eb130;
T_1 ;
    %wait E_0x558376420960;
    %load/vec4 v0x5583764398b0_0;
    %flag_set/vec4 8;
    %jmp/0xz  T_1.0, 8;
    %delay 40, 0;
    %load/vec4 v0x558376411770_0;
    %concati/vec4 0, 0, 2;
    %pad/u 10;
    %ix/vec4 4;
    %load/vec4a v0x5583764396e0, 4;
    %ix/load 4, 0, 0;
    %flag_set/imm 4, 0;
    %store/vec4 v0x558376439970_0, 4, 8;
    %load/vec4 v0x558376411770_0;
    %concati/vec4 1, 0, 2;
    %pad/u 10;
    %ix/vec4 4;
    %load/vec4a v0x5583764396e0, 4;
    %ix/load 4, 8, 0;
    %flag_set/imm 4, 0;
    %store/vec4 v0x558376439970_0, 4, 8;
    %load/vec4 v0x558376411770_0;
    %concati/vec4 2, 0, 2;
    %pad/u 10;
    %ix/vec4 4;
    %load/vec4a v0x5583764396e0, 4;
    %ix/load 4, 16, 0;
    %flag_set/imm 4, 0;
    %store/vec4 v0x558376439970_0, 4, 8;
    %load/vec4 v0x558376411770_0;
    %concati/vec4 3, 0, 2;
    %pad/u 10;
    %ix/vec4 4;
    %load/vec4a v0x5583764396e0, 4;
    %ix/load 4, 24, 0;
    %flag_set/imm 4, 0;
    %store/vec4 v0x558376439970_0, 4, 8;
    %pushi/vec4 0, 0, 1;
    %store/vec4 v0x5583764394a0_0, 0, 1;
    %pushi/vec4 0, 0, 1;
    %store/vec4 v0x5583764398b0_0, 0, 1;
T_1.0 ;
    %load/vec4 v0x558376439bd0_0;
    %flag_set/vec4 8;
    %jmp/0xz  T_1.2, 8;
    %delay 40, 0;
    %load/vec4 v0x558376439c90_0;
    %parti/s 8, 0, 2;
    %load/vec4 v0x558376411770_0;
    %concati/vec4 0, 0, 2;
    %pad/u 10;
    %ix/vec4 4;
    %store/vec4a v0x5583764396e0, 4, 0;
    %load/vec4 v0x558376439c90_0;
    %parti/s 8, 8, 5;
    %load/vec4 v0x558376411770_0;
    %concati/vec4 1, 0, 2;
    %pad/u 10;
    %ix/vec4 4;
    %store/vec4a v0x5583764396e0, 4, 0;
    %load/vec4 v0x558376439c90_0;
    %parti/s 8, 16, 6;
    %load/vec4 v0x558376411770_0;
    %concati/vec4 2, 0, 2;
    %pad/u 10;
    %ix/vec4 4;
    %store/vec4a v0x5583764396e0, 4, 0;
    %load/vec4 v0x558376439c90_0;
    %parti/s 8, 24, 6;
    %load/vec4 v0x558376411770_0;
    %concati/vec4 3, 0, 2;
    %pad/u 10;
    %ix/vec4 4;
    %store/vec4a v0x5583764396e0, 4, 0;
    %pushi/vec4 0, 0, 1;
    %store/vec4 v0x5583764394a0_0, 0, 1;
    %pushi/vec4 0, 0, 1;
    %store/vec4 v0x558376439bd0_0, 0, 1;
T_1.2 ;
    %jmp T_1;
    .thread T_1;
    .scope S_0x5583763eb130;
T_2 ;
    %wait E_0x558376420740;
    %load/vec4 v0x558376439a50_0;
    %flag_set/vec4 8;
    %jmp/0xz  T_2.0, 8;
    %pushi/vec4 0, 0, 32;
    %store/vec4 v0x558376439600_0, 0, 32;
T_2.2 ;
    %load/vec4 v0x558376439600_0;
    %cmpi/s 256, 0, 32;
    %jmp/0xz T_2.3, 5;
    %pushi/vec4 0, 0, 8;
    %ix/getv/s 4, v0x558376439600_0;
    %store/vec4a v0x5583764396e0, 4, 0;
    %load/vec4 v0x558376439600_0;
    %addi 1, 0, 32;
    %store/vec4 v0x558376439600_0, 0, 32;
    %jmp T_2.2;
T_2.3 ;
    %pushi/vec4 0, 0, 1;
    %store/vec4 v0x5583764394a0_0, 0, 1;
    %pushi/vec4 0, 0, 1;
    %store/vec4 v0x5583764398b0_0, 0, 1;
    %pushi/vec4 0, 0, 1;
    %store/vec4 v0x558376439bd0_0, 0, 1;
    %pushi/vec4 255, 0, 8;
    %ix/load 4, 2, 0;
    %flag_set/imm 4, 0;
    %store/vec4a v0x5583764396e0, 4, 0;
T_2.0 ;
    %jmp T_2;
    .thread T_2;
# The file index is used to find the file name in the following table.
:file_names 3;
    "N/A";
    "<interactive>";
    "data_memory.v";
