#! /usr/bin/vvp
:ivl_version "10.3 (stable)";
:ivl_delay_selection "TYPICAL";
:vpi_time_precision + 0;
:vpi_module "system";
:vpi_module "vhdl_sys";
:vpi_module "v2005_math";
:vpi_module "va_math";
S_0x55690bb874d0 .scope module, "barrelShifter" "barrelShifter" 2 5;
 .timescale 0 0;
    .port_info 0 /INPUT 8 "INPUT"
    .port_info 1 /OUTPUT 8 "OUTPUT"
    .port_info 2 /INPUT 8 "SHIFT"
    .port_info 3 /INPUT 2 "SHIFT_MODE"
L_0x55690bbcdd90 .functor OR 1, L_0x55690bbd84f0, L_0x55690bbd85c0, C4<0>, C4<0>;
L_0x55690bbd8b40 .functor OR 1, L_0x55690bbcdd90, L_0x55690bbd8aa0, C4<0>, C4<0>;
L_0x55690bbd9040 .functor OR 1, L_0x55690bbd8b40, L_0x55690bbd8c50, C4<0>, C4<0>;
L_0x55690bbd91f0 .functor OR 1, L_0x55690bbd9040, L_0x55690bbd9150, C4<0>, C4<0>;
v0x55690bbca970_0 .net "ININTER", 7 0, v0x55690bbbbb80_0;  1 drivers
v0x55690bbcaa50_0 .net "INNER3", 7 0, L_0x55690bbd7e60;  1 drivers
o0x7f3d496d8018 .functor BUFZ 8, C4<zzzzzzzz>; HiZ drive
v0x55690bbcab20_0 .net "INPUT", 7 0, o0x7f3d496d8018;  0 drivers
v0x55690bbcac20_0 .net "INTER1", 7 0, L_0x55690bbd1c80;  1 drivers
v0x55690bbcacc0_0 .net "INTER2", 7 0, L_0x55690bbd48f0;  1 drivers
v0x55690bbcadf0_0 .var "LAYER4_IN", 7 0;
v0x55690bbcaeb0_0 .net "OUTINTER", 7 0, v0x55690bbbd530_0;  1 drivers
v0x55690bbcafa0_0 .net "OUTPUT", 7 0, v0x55690bbca720_0;  1 drivers
o0x7f3d496db5e8 .functor BUFZ 8, C4<zzzzzzzz>; HiZ drive
v0x55690bbcb060_0 .net "SHIFT", 7 0, o0x7f3d496db5e8;  0 drivers
v0x55690bbcb1b0_0 .var "SHIFT_DIR", 0 0;
o0x7f3d496da7d8 .functor BUFZ 2, C4<zz>; HiZ drive
v0x55690bbcb250_0 .net "SHIFT_MODE", 1 0, o0x7f3d496da7d8;  0 drivers
v0x55690bbcb310_0 .net "TMP1", 0 0, v0x55690bbc6980_0;  1 drivers
v0x55690bbcb400_0 .net "TMP2", 0 0, v0x55690bbc7260_0;  1 drivers
v0x55690bbcb4f0_0 .net "TMP3", 0 0, v0x55690bbc7b30_0;  1 drivers
v0x55690bbcb5e0_0 .net "TMP4", 0 0, v0x55690bbc8410_0;  1 drivers
v0x55690bbcb6d0_0 .net "TMP5", 0 0, v0x55690bbc8cd0_0;  1 drivers
v0x55690bbcb7c0_0 .net "TMP6", 0 0, v0x55690bbc9540_0;  1 drivers
v0x55690bbcb8b0_0 .net "TMP7", 0 0, v0x55690bbca010_0;  1 drivers
v0x55690bbcb9a0_0 .net *"_s274", 0 0, L_0x55690bbd84f0;  1 drivers
v0x55690bbcba80_0 .net *"_s276", 0 0, L_0x55690bbd85c0;  1 drivers
v0x55690bbcbb60_0 .net *"_s277", 0 0, L_0x55690bbcdd90;  1 drivers
v0x55690bbcbc40_0 .net *"_s280", 0 0, L_0x55690bbd8aa0;  1 drivers
v0x55690bbcbd20_0 .net *"_s281", 0 0, L_0x55690bbd8b40;  1 drivers
v0x55690bbcbe00_0 .net *"_s284", 0 0, L_0x55690bbd8c50;  1 drivers
v0x55690bbcbee0_0 .net *"_s285", 0 0, L_0x55690bbd9040;  1 drivers
v0x55690bbcbfc0_0 .net *"_s288", 0 0, L_0x55690bbd9150;  1 drivers
v0x55690bbcc0a0_0 .net *"_s57", 0 0, L_0x55690bbce0b0;  1 drivers
v0x55690bbcc180_0 .net *"_s59", 0 0, L_0x55690bbce180;  1 drivers
v0x55690bbcc260_0 .net *"_s61", 0 0, L_0x55690bbce2e0;  1 drivers
v0x55690bbcc340_0 .net *"_s63", 0 0, L_0x55690bbce3b0;  1 drivers
v0x55690bbcc420_0 .net *"_s65", 0 0, L_0x55690bbce520;  1 drivers
v0x55690bbcc500_0 .net *"_s67", 0 0, L_0x55690bbce5f0;  1 drivers
v0x55690bbcc5e0_0 .net *"_s69", 0 0, L_0x55690bbce480;  1 drivers
v0x55690bbcc8d0_0 .net *"_s71", 0 0, L_0x55690bbce7a0;  1 drivers
v0x55690bbcc9b0_0 .net *"_s75", 0 0, L_0x55690bbcee40;  1 drivers
v0x55690bbcca90_0 .net *"_s77", 0 0, L_0x55690bbcefb0;  1 drivers
v0x55690bbccb70_0 .net *"_s79", 0 0, L_0x55690bbcf050;  1 drivers
v0x55690bbccc50_0 .net *"_s81", 0 0, L_0x55690bbcf1d0;  1 drivers
v0x55690bbccd30_0 .net *"_s83", 0 0, L_0x55690bbcf270;  1 drivers
v0x55690bbcce10_0 .net *"_s85", 0 0, L_0x55690bbcf400;  1 drivers
v0x55690bbccef0_0 .net *"_s87", 0 0, L_0x55690bbcf4a0;  1 drivers
v0x55690bbccfd0_0 .net *"_s89", 0 0, L_0x55690bbcf640;  1 drivers
E_0x55690bb5e030 .event edge, v0x55690bbc6a70_0, v0x55690bb8aa40_0, v0x55690bbbd350_0;
L_0x55690bbcd130 .part o0x7f3d496d8018, 7, 1;
L_0x55690bbcd220 .part v0x55690bbbbb80_0, 7, 1;
L_0x55690bbcd310 .part o0x7f3d496d8018, 7, 1;
L_0x55690bbcd3b0 .part L_0x55690bbd1c80, 6, 1;
L_0x55690bbcd500 .part o0x7f3d496d8018, 7, 1;
L_0x55690bbcd5a0 .part L_0x55690bbd1c80, 7, 1;
L_0x55690bbcd6b0 .part o0x7f3d496d8018, 7, 1;
L_0x55690bbcd780 .part L_0x55690bbd48f0, 4, 1;
L_0x55690bbcd9c0 .part o0x7f3d496d8018, 7, 1;
L_0x55690bbcda90 .part L_0x55690bbd48f0, 5, 1;
L_0x55690bbcdbf0 .part o0x7f3d496d8018, 7, 1;
L_0x55690bbcdcc0 .part L_0x55690bbd48f0, 6, 1;
L_0x55690bbcde60 .part o0x7f3d496d8018, 7, 1;
L_0x55690bbcdf30 .part L_0x55690bbd48f0, 7, 1;
L_0x55690bbce0b0 .part o0x7f3d496d8018, 0, 1;
L_0x55690bbce180 .part o0x7f3d496d8018, 1, 1;
L_0x55690bbce2e0 .part o0x7f3d496d8018, 2, 1;
L_0x55690bbce3b0 .part o0x7f3d496d8018, 3, 1;
L_0x55690bbce520 .part o0x7f3d496d8018, 4, 1;
L_0x55690bbce5f0 .part o0x7f3d496d8018, 5, 1;
L_0x55690bbce480 .part o0x7f3d496d8018, 6, 1;
L_0x55690bbce7a0 .part o0x7f3d496d8018, 7, 1;
LS_0x55690bbceb40_0_0 .concat [ 1 1 1 1], L_0x55690bbce7a0, L_0x55690bbce480, L_0x55690bbce5f0, L_0x55690bbce520;
LS_0x55690bbceb40_0_4 .concat [ 1 1 1 1], L_0x55690bbce3b0, L_0x55690bbce2e0, L_0x55690bbce180, L_0x55690bbce0b0;
L_0x55690bbceb40 .concat [ 4 4 0 0], LS_0x55690bbceb40_0_0, LS_0x55690bbceb40_0_4;
L_0x55690bbcee40 .part v0x55690bbbd530_0, 0, 1;
L_0x55690bbcefb0 .part v0x55690bbbd530_0, 1, 1;
L_0x55690bbcf050 .part v0x55690bbbd530_0, 2, 1;
L_0x55690bbcf1d0 .part v0x55690bbbd530_0, 3, 1;
L_0x55690bbcf270 .part v0x55690bbbd530_0, 4, 1;
L_0x55690bbcf400 .part v0x55690bbbd530_0, 5, 1;
L_0x55690bbcf4a0 .part v0x55690bbbd530_0, 6, 1;
L_0x55690bbcf640 .part v0x55690bbbd530_0, 7, 1;
LS_0x55690bbcf6e0_0_0 .concat [ 1 1 1 1], L_0x55690bbcf640, L_0x55690bbcf4a0, L_0x55690bbcf400, L_0x55690bbcf270;
LS_0x55690bbcf6e0_0_4 .concat [ 1 1 1 1], L_0x55690bbcf1d0, L_0x55690bbcf050, L_0x55690bbcefb0, L_0x55690bbcee40;
L_0x55690bbcf6e0 .concat [ 4 4 0 0], LS_0x55690bbcf6e0_0_0, LS_0x55690bbcf6e0_0_4;
L_0x55690bbcfb40 .part v0x55690bbbbb80_0, 0, 1;
L_0x55690bbcfbe0 .part o0x7f3d496db5e8, 0, 1;
L_0x55690bbcfda0 .part v0x55690bbbbb80_0, 1, 1;
L_0x55690bbcfe40 .part v0x55690bbbbb80_0, 0, 1;
L_0x55690bbcfc80 .part o0x7f3d496db5e8, 0, 1;
L_0x55690bbd0010 .part v0x55690bbbbb80_0, 2, 1;
L_0x55690bbd01f0 .part v0x55690bbbbb80_0, 1, 1;
L_0x55690bbd0290 .part o0x7f3d496db5e8, 0, 1;
L_0x55690bbd0480 .part v0x55690bbbbb80_0, 3, 1;
L_0x55690bbd0520 .part v0x55690bbbbb80_0, 2, 1;
L_0x55690bbd0720 .part o0x7f3d496db5e8, 0, 1;
L_0x55690bbd07f0 .part v0x55690bbbbb80_0, 4, 1;
L_0x55690bbd0a30 .part v0x55690bbbbb80_0, 3, 1;
L_0x55690bbd0b00 .part o0x7f3d496db5e8, 0, 1;
L_0x55690bbd0d50 .part v0x55690bbbbb80_0, 5, 1;
L_0x55690bbd0e20 .part v0x55690bbbbb80_0, 4, 1;
L_0x55690bbd1080 .part o0x7f3d496db5e8, 0, 1;
L_0x55690bbd1150 .part v0x55690bbbbb80_0, 6, 1;
L_0x55690bbd13c0 .part v0x55690bbbbb80_0, 5, 1;
L_0x55690bbd1490 .part o0x7f3d496db5e8, 0, 1;
L_0x55690bbd1710 .part v0x55690bbbbb80_0, 7, 1;
L_0x55690bbd19f0 .part v0x55690bbbbb80_0, 6, 1;
LS_0x55690bbd1c80_0_0 .concat8 [ 1 1 1 1], v0x55690bbbc1a0_0, v0x55690bbbdbc0_0, v0x55690bbbefa0_0, v0x55690bbc0330_0;
LS_0x55690bbd1c80_0_4 .concat8 [ 1 1 1 1], v0x55690bbc1710_0, v0x55690bbc2c00_0, v0x55690bbc3fe0_0, v0x55690bbc53c0_0;
L_0x55690bbd1c80 .concat8 [ 4 4 0 0], LS_0x55690bbd1c80_0_0, LS_0x55690bbd1c80_0_4;
L_0x55690bbd1ea0 .part o0x7f3d496db5e8, 0, 1;
L_0x55690bbd2140 .part L_0x55690bbd1c80, 0, 1;
L_0x55690bbd2210 .part o0x7f3d496db5e8, 1, 1;
L_0x55690bbd24c0 .part L_0x55690bbd1c80, 1, 1;
L_0x55690bbd2590 .part o0x7f3d496db5e8, 1, 1;
L_0x55690bbd2850 .part L_0x55690bbd1c80, 2, 1;
L_0x55690bbd2920 .part L_0x55690bbd1c80, 0, 1;
L_0x55690bbd2bf0 .part o0x7f3d496db5e8, 1, 1;
L_0x55690bbd2cc0 .part L_0x55690bbd1c80, 3, 1;
L_0x55690bbd30b0 .part L_0x55690bbd1c80, 1, 1;
L_0x55690bbd3180 .part o0x7f3d496db5e8, 1, 1;
L_0x55690bbd3470 .part L_0x55690bbd1c80, 4, 1;
L_0x55690bbd3540 .part L_0x55690bbd1c80, 2, 1;
L_0x55690bbd3840 .part o0x7f3d496db5e8, 1, 1;
L_0x55690bbd3910 .part L_0x55690bbd1c80, 5, 1;
L_0x55690bbd3c20 .part L_0x55690bbd1c80, 3, 1;
L_0x55690bbd3cf0 .part o0x7f3d496db5e8, 1, 1;
L_0x55690bbd4010 .part L_0x55690bbd1c80, 6, 1;
L_0x55690bbd40e0 .part L_0x55690bbd1c80, 4, 1;
L_0x55690bbd4410 .part o0x7f3d496db5e8, 1, 1;
L_0x55690bbd44e0 .part L_0x55690bbd1c80, 7, 1;
L_0x55690bbd4820 .part L_0x55690bbd1c80, 5, 1;
LS_0x55690bbd48f0_0_0 .concat8 [ 1 1 1 1], v0x55690bbbc7e0_0, v0x55690bbbe260_0, v0x55690bbbf5f0_0, v0x55690bbc09d0_0;
LS_0x55690bbd48f0_0_4 .concat8 [ 1 1 1 1], v0x55690bbc1db0_0, v0x55690bbc32a0_0, v0x55690bbc4680_0, v0x55690bbc5a60_0;
L_0x55690bbd48f0 .concat8 [ 4 4 0 0], LS_0x55690bbd48f0_0_0, LS_0x55690bbd48f0_0_4;
L_0x55690bbd4d90 .part o0x7f3d496db5e8, 1, 1;
L_0x55690bbd5070 .part L_0x55690bbd48f0, 0, 1;
L_0x55690bbd53d0 .part o0x7f3d496db5e8, 2, 1;
L_0x55690bbd54a0 .part L_0x55690bbd48f0, 1, 1;
L_0x55690bbd5810 .part o0x7f3d496db5e8, 2, 1;
L_0x55690bbd58e0 .part L_0x55690bbd48f0, 2, 1;
L_0x55690bbd5c60 .part o0x7f3d496db5e8, 2, 1;
L_0x55690bbd5d30 .part L_0x55690bbd48f0, 3, 1;
L_0x55690bbd60c0 .part o0x7f3d496db5e8, 2, 1;
L_0x55690bbd6190 .part L_0x55690bbd48f0, 4, 1;
L_0x55690bbd6530 .part L_0x55690bbd48f0, 0, 1;
L_0x55690bbd6600 .part o0x7f3d496db5e8, 2, 1;
L_0x55690bbd69b0 .part L_0x55690bbd48f0, 5, 1;
L_0x55690bbd6a80 .part L_0x55690bbd48f0, 1, 1;
L_0x55690bbd6e40 .part o0x7f3d496db5e8, 2, 1;
L_0x55690bbd6f10 .part L_0x55690bbd48f0, 6, 1;
L_0x55690bbd72e0 .part L_0x55690bbd48f0, 2, 1;
L_0x55690bbd73b0 .part o0x7f3d496db5e8, 2, 1;
L_0x55690bbd7790 .part L_0x55690bbd48f0, 7, 1;
L_0x55690bbd7a70 .part L_0x55690bbd48f0, 3, 1;
LS_0x55690bbd7e60_0_0 .concat8 [ 1 1 1 1], v0x55690bbbce40_0, v0x55690bbbe900_0, v0x55690bbbfc90_0, v0x55690bbc1070_0;
LS_0x55690bbd7e60_0_4 .concat8 [ 1 1 1 1], v0x55690bbc2560_0, v0x55690bbc3940_0, v0x55690bbc4d20_0, v0x55690bbc6100_0;
L_0x55690bbd7e60 .concat8 [ 4 4 0 0], LS_0x55690bbd7e60_0_0, LS_0x55690bbd7e60_0_4;
L_0x55690bbd80f0 .part o0x7f3d496db5e8, 2, 1;
L_0x55690bbd84f0 .part o0x7f3d496db5e8, 3, 1;
L_0x55690bbd85c0 .part o0x7f3d496db5e8, 4, 1;
L_0x55690bbd8aa0 .part o0x7f3d496db5e8, 5, 1;
L_0x55690bbd8c50 .part o0x7f3d496db5e8, 6, 1;
L_0x55690bbd9150 .part o0x7f3d496db5e8, 7, 1;
S_0x55690bb848c0 .scope module, "inmux" "mux2to1_8bit" 2 29, 3 6 0, S_0x55690bb874d0;
 .timescale 0 0;
    .port_info 0 /INPUT 8 "INPUT1"
    .port_info 1 /INPUT 8 "INPUT2"
    .port_info 2 /OUTPUT 8 "RESULT"
    .port_info 3 /INPUT 1 "SELECT"
v0x55690bb8aa40_0 .net "INPUT1", 7 0, o0x7f3d496d8018;  alias, 0 drivers
v0x55690bbbbaa0_0 .net "INPUT2", 7 0, L_0x55690bbceb40;  1 drivers
v0x55690bbbbb80_0 .var "RESULT", 7 0;
v0x55690bbbbc40_0 .net "SELECT", 0 0, v0x55690bbcb1b0_0;  1 drivers
E_0x55690bb5e160 .event edge, v0x55690bbbbc40_0, v0x55690bb8aa40_0, v0x55690bbbbaa0_0;
S_0x55690bbbbd80 .scope module, "m0" "mux2to1_1bit" 2 34, 4 6 0, S_0x55690bb874d0;
 .timescale 0 0;
    .port_info 0 /INPUT 1 "INPUT1"
    .port_info 1 /INPUT 1 "INPUT2"
    .port_info 2 /OUTPUT 1 "RESULT"
    .port_info 3 /INPUT 1 "SELECT"
v0x55690bbbc000_0 .net "INPUT1", 0 0, L_0x55690bbcfb40;  1 drivers
v0x55690bbbc0e0_0 .net "INPUT2", 0 0, v0x55690bbc6980_0;  alias, 1 drivers
v0x55690bbbc1a0_0 .var "RESULT", 0 0;
v0x55690bbbc240_0 .net "SELECT", 0 0, L_0x55690bbcfbe0;  1 drivers
E_0x55690bb5e290 .event edge, v0x55690bbbc240_0, v0x55690bbbc000_0, v0x55690bbbc0e0_0;
S_0x55690bbbc3b0 .scope module, "m00" "mux2to1_1bit" 2 43, 4 6 0, S_0x55690bb874d0;
 .timescale 0 0;
    .port_info 0 /INPUT 1 "INPUT1"
    .port_info 1 /INPUT 1 "INPUT2"
    .port_info 2 /OUTPUT 1 "RESULT"
    .port_info 3 /INPUT 1 "SELECT"
v0x55690bbbc640_0 .net "INPUT1", 0 0, L_0x55690bbd2140;  1 drivers
v0x55690bbbc720_0 .net "INPUT2", 0 0, v0x55690bbc7260_0;  alias, 1 drivers
v0x55690bbbc7e0_0 .var "RESULT", 0 0;
v0x55690bbbc8b0_0 .net "SELECT", 0 0, L_0x55690bbd2210;  1 drivers
E_0x55690bb5e3c0 .event edge, v0x55690bbbc8b0_0, v0x55690bbbc640_0, v0x55690bbbc720_0;
S_0x55690bbbca20 .scope module, "m000" "mux2to1_1bit" 2 52, 4 6 0, S_0x55690bb874d0;
 .timescale 0 0;
    .port_info 0 /INPUT 1 "INPUT1"
    .port_info 1 /INPUT 1 "INPUT2"
    .port_info 2 /OUTPUT 1 "RESULT"
    .port_info 3 /INPUT 1 "SELECT"
v0x55690bbbcca0_0 .net "INPUT1", 0 0, L_0x55690bbd5070;  1 drivers
v0x55690bbbcd80_0 .net "INPUT2", 0 0, v0x55690bbc8410_0;  alias, 1 drivers
v0x55690bbbce40_0 .var "RESULT", 0 0;
v0x55690bbbcf10_0 .net "SELECT", 0 0, L_0x55690bbd53d0;  1 drivers
E_0x55690bb5e4f0 .event edge, v0x55690bbbcf10_0, v0x55690bbbcca0_0, v0x55690bbbcd80_0;
S_0x55690bbbd080 .scope module, "m0000" "mux2to1_8bit" 2 62, 3 6 0, S_0x55690bb874d0;
 .timescale 0 0;
    .port_info 0 /INPUT 8 "INPUT1"
    .port_info 1 /INPUT 8 "INPUT2"
    .port_info 2 /OUTPUT 8 "RESULT"
    .port_info 3 /INPUT 1 "SELECT"
v0x55690bbbd350_0 .net "INPUT1", 7 0, L_0x55690bbd7e60;  alias, 1 drivers
v0x55690bbbd450_0 .net "INPUT2", 7 0, v0x55690bbcadf0_0;  1 drivers
v0x55690bbbd530_0 .var "RESULT", 7 0;
v0x55690bbbd5f0_0 .net "SELECT", 0 0, L_0x55690bbd91f0;  1 drivers
E_0x55690bba92a0 .event edge, v0x55690bbbd5f0_0, v0x55690bbbd350_0, v0x55690bbbd450_0;
S_0x55690bbbd760 .scope module, "m1" "mux2to1_1bit" 2 35, 4 6 0, S_0x55690bb874d0;
 .timescale 0 0;
    .port_info 0 /INPUT 1 "INPUT1"
    .port_info 1 /INPUT 1 "INPUT2"
    .port_info 2 /OUTPUT 1 "RESULT"
    .port_info 3 /INPUT 1 "SELECT"
v0x55690bbbda20_0 .net "INPUT1", 0 0, L_0x55690bbcfda0;  1 drivers
v0x55690bbbdb00_0 .net "INPUT2", 0 0, L_0x55690bbcfe40;  1 drivers
v0x55690bbbdbc0_0 .var "RESULT", 0 0;
v0x55690bbbdc90_0 .net "SELECT", 0 0, L_0x55690bbcfc80;  1 drivers
E_0x55690bbbd9a0 .event edge, v0x55690bbbdc90_0, v0x55690bbbda20_0, v0x55690bbbdb00_0;
S_0x55690bbbde00 .scope module, "m11" "mux2to1_1bit" 2 44, 4 6 0, S_0x55690bb874d0;
 .timescale 0 0;
    .port_info 0 /INPUT 1 "INPUT1"
    .port_info 1 /INPUT 1 "INPUT2"
    .port_info 2 /OUTPUT 1 "RESULT"
    .port_info 3 /INPUT 1 "SELECT"
v0x55690bbbe0c0_0 .net "INPUT1", 0 0, L_0x55690bbd24c0;  1 drivers
v0x55690bbbe1a0_0 .net "INPUT2", 0 0, v0x55690bbc7b30_0;  alias, 1 drivers
v0x55690bbbe260_0 .var "RESULT", 0 0;
v0x55690bbbe330_0 .net "SELECT", 0 0, L_0x55690bbd2590;  1 drivers
E_0x55690bbbe040 .event edge, v0x55690bbbe330_0, v0x55690bbbe0c0_0, v0x55690bbbe1a0_0;
S_0x55690bbbe4a0 .scope module, "m111" "mux2to1_1bit" 2 53, 4 6 0, S_0x55690bb874d0;
 .timescale 0 0;
    .port_info 0 /INPUT 1 "INPUT1"
    .port_info 1 /INPUT 1 "INPUT2"
    .port_info 2 /OUTPUT 1 "RESULT"
    .port_info 3 /INPUT 1 "SELECT"
v0x55690bbbe760_0 .net "INPUT1", 0 0, L_0x55690bbd54a0;  1 drivers
v0x55690bbbe840_0 .net "INPUT2", 0 0, v0x55690bbc8cd0_0;  alias, 1 drivers
v0x55690bbbe900_0 .var "RESULT", 0 0;
v0x55690bbbe9d0_0 .net "SELECT", 0 0, L_0x55690bbd5810;  1 drivers
E_0x55690bbbe6e0 .event edge, v0x55690bbbe9d0_0, v0x55690bbbe760_0, v0x55690bbbe840_0;
S_0x55690bbbeb40 .scope module, "m2" "mux2to1_1bit" 2 36, 4 6 0, S_0x55690bb874d0;
 .timescale 0 0;
    .port_info 0 /INPUT 1 "INPUT1"
    .port_info 1 /INPUT 1 "INPUT2"
    .port_info 2 /OUTPUT 1 "RESULT"
    .port_info 3 /INPUT 1 "SELECT"
v0x55690bbbee00_0 .net "INPUT1", 0 0, L_0x55690bbd0010;  1 drivers
v0x55690bbbeee0_0 .net "INPUT2", 0 0, L_0x55690bbd01f0;  1 drivers
v0x55690bbbefa0_0 .var "RESULT", 0 0;
v0x55690bbbf070_0 .net "SELECT", 0 0, L_0x55690bbd0290;  1 drivers
E_0x55690bbbed80 .event edge, v0x55690bbbf070_0, v0x55690bbbee00_0, v0x55690bbbeee0_0;
S_0x55690bbbf1e0 .scope module, "m22" "mux2to1_1bit" 2 45, 4 6 0, S_0x55690bb874d0;
 .timescale 0 0;
    .port_info 0 /INPUT 1 "INPUT1"
    .port_info 1 /INPUT 1 "INPUT2"
    .port_info 2 /OUTPUT 1 "RESULT"
    .port_info 3 /INPUT 1 "SELECT"
v0x55690bbbf450_0 .net "INPUT1", 0 0, L_0x55690bbd2850;  1 drivers
v0x55690bbbf530_0 .net "INPUT2", 0 0, L_0x55690bbd2920;  1 drivers
v0x55690bbbf5f0_0 .var "RESULT", 0 0;
v0x55690bbbf6c0_0 .net "SELECT", 0 0, L_0x55690bbd2bf0;  1 drivers
E_0x55690bbbf3d0 .event edge, v0x55690bbbf6c0_0, v0x55690bbbf450_0, v0x55690bbbf530_0;
S_0x55690bbbf830 .scope module, "m222" "mux2to1_1bit" 2 54, 4 6 0, S_0x55690bb874d0;
 .timescale 0 0;
    .port_info 0 /INPUT 1 "INPUT1"
    .port_info 1 /INPUT 1 "INPUT2"
    .port_info 2 /OUTPUT 1 "RESULT"
    .port_info 3 /INPUT 1 "SELECT"
v0x55690bbbfaf0_0 .net "INPUT1", 0 0, L_0x55690bbd58e0;  1 drivers
v0x55690bbbfbd0_0 .net "INPUT2", 0 0, v0x55690bbc9540_0;  alias, 1 drivers
v0x55690bbbfc90_0 .var "RESULT", 0 0;
v0x55690bbbfd60_0 .net "SELECT", 0 0, L_0x55690bbd5c60;  1 drivers
E_0x55690bbbfa70 .event edge, v0x55690bbbfd60_0, v0x55690bbbfaf0_0, v0x55690bbbfbd0_0;
S_0x55690bbbfed0 .scope module, "m3" "mux2to1_1bit" 2 37, 4 6 0, S_0x55690bb874d0;
 .timescale 0 0;
    .port_info 0 /INPUT 1 "INPUT1"
    .port_info 1 /INPUT 1 "INPUT2"
    .port_info 2 /OUTPUT 1 "RESULT"
    .port_info 3 /INPUT 1 "SELECT"
v0x55690bbc0190_0 .net "INPUT1", 0 0, L_0x55690bbd0480;  1 drivers
v0x55690bbc0270_0 .net "INPUT2", 0 0, L_0x55690bbd0520;  1 drivers
v0x55690bbc0330_0 .var "RESULT", 0 0;
v0x55690bbc0400_0 .net "SELECT", 0 0, L_0x55690bbd0720;  1 drivers
E_0x55690bbc0110 .event edge, v0x55690bbc0400_0, v0x55690bbc0190_0, v0x55690bbc0270_0;
S_0x55690bbc0570 .scope module, "m33" "mux2to1_1bit" 2 46, 4 6 0, S_0x55690bb874d0;
 .timescale 0 0;
    .port_info 0 /INPUT 1 "INPUT1"
    .port_info 1 /INPUT 1 "INPUT2"
    .port_info 2 /OUTPUT 1 "RESULT"
    .port_info 3 /INPUT 1 "SELECT"
v0x55690bbc0830_0 .net "INPUT1", 0 0, L_0x55690bbd2cc0;  1 drivers
v0x55690bbc0910_0 .net "INPUT2", 0 0, L_0x55690bbd30b0;  1 drivers
v0x55690bbc09d0_0 .var "RESULT", 0 0;
v0x55690bbc0aa0_0 .net "SELECT", 0 0, L_0x55690bbd3180;  1 drivers
E_0x55690bbc07b0 .event edge, v0x55690bbc0aa0_0, v0x55690bbc0830_0, v0x55690bbc0910_0;
S_0x55690bbc0c10 .scope module, "m333" "mux2to1_1bit" 2 55, 4 6 0, S_0x55690bb874d0;
 .timescale 0 0;
    .port_info 0 /INPUT 1 "INPUT1"
    .port_info 1 /INPUT 1 "INPUT2"
    .port_info 2 /OUTPUT 1 "RESULT"
    .port_info 3 /INPUT 1 "SELECT"
v0x55690bbc0ed0_0 .net "INPUT1", 0 0, L_0x55690bbd5d30;  1 drivers
v0x55690bbc0fb0_0 .net "INPUT2", 0 0, v0x55690bbca010_0;  alias, 1 drivers
v0x55690bbc1070_0 .var "RESULT", 0 0;
v0x55690bbc1140_0 .net "SELECT", 0 0, L_0x55690bbd60c0;  1 drivers
E_0x55690bbc0e50 .event edge, v0x55690bbc1140_0, v0x55690bbc0ed0_0, v0x55690bbc0fb0_0;
S_0x55690bbc12b0 .scope module, "m4" "mux2to1_1bit" 2 38, 4 6 0, S_0x55690bb874d0;
 .timescale 0 0;
    .port_info 0 /INPUT 1 "INPUT1"
    .port_info 1 /INPUT 1 "INPUT2"
    .port_info 2 /OUTPUT 1 "RESULT"
    .port_info 3 /INPUT 1 "SELECT"
v0x55690bbc1570_0 .net "INPUT1", 0 0, L_0x55690bbd07f0;  1 drivers
v0x55690bbc1650_0 .net "INPUT2", 0 0, L_0x55690bbd0a30;  1 drivers
v0x55690bbc1710_0 .var "RESULT", 0 0;
v0x55690bbc17e0_0 .net "SELECT", 0 0, L_0x55690bbd0b00;  1 drivers
E_0x55690bbc14f0 .event edge, v0x55690bbc17e0_0, v0x55690bbc1570_0, v0x55690bbc1650_0;
S_0x55690bbc1950 .scope module, "m44" "mux2to1_1bit" 2 47, 4 6 0, S_0x55690bb874d0;
 .timescale 0 0;
    .port_info 0 /INPUT 1 "INPUT1"
    .port_info 1 /INPUT 1 "INPUT2"
    .port_info 2 /OUTPUT 1 "RESULT"
    .port_info 3 /INPUT 1 "SELECT"
v0x55690bbc1c10_0 .net "INPUT1", 0 0, L_0x55690bbd3470;  1 drivers
v0x55690bbc1cf0_0 .net "INPUT2", 0 0, L_0x55690bbd3540;  1 drivers
v0x55690bbc1db0_0 .var "RESULT", 0 0;
v0x55690bbc1e80_0 .net "SELECT", 0 0, L_0x55690bbd3840;  1 drivers
E_0x55690bbc1b90 .event edge, v0x55690bbc1e80_0, v0x55690bbc1c10_0, v0x55690bbc1cf0_0;
S_0x55690bbc1ff0 .scope module, "m444" "mux2to1_1bit" 2 56, 4 6 0, S_0x55690bb874d0;
 .timescale 0 0;
    .port_info 0 /INPUT 1 "INPUT1"
    .port_info 1 /INPUT 1 "INPUT2"
    .port_info 2 /OUTPUT 1 "RESULT"
    .port_info 3 /INPUT 1 "SELECT"
v0x55690bbc23c0_0 .net "INPUT1", 0 0, L_0x55690bbd6190;  1 drivers
v0x55690bbc24a0_0 .net "INPUT2", 0 0, L_0x55690bbd6530;  1 drivers
v0x55690bbc2560_0 .var "RESULT", 0 0;
v0x55690bbc2630_0 .net "SELECT", 0 0, L_0x55690bbd6600;  1 drivers
E_0x55690bbc2340 .event edge, v0x55690bbc2630_0, v0x55690bbc23c0_0, v0x55690bbc24a0_0;
S_0x55690bbc27a0 .scope module, "m5" "mux2to1_1bit" 2 39, 4 6 0, S_0x55690bb874d0;
 .timescale 0 0;
    .port_info 0 /INPUT 1 "INPUT1"
    .port_info 1 /INPUT 1 "INPUT2"
    .port_info 2 /OUTPUT 1 "RESULT"
    .port_info 3 /INPUT 1 "SELECT"
v0x55690bbc2a60_0 .net "INPUT1", 0 0, L_0x55690bbd0d50;  1 drivers
v0x55690bbc2b40_0 .net "INPUT2", 0 0, L_0x55690bbd0e20;  1 drivers
v0x55690bbc2c00_0 .var "RESULT", 0 0;
v0x55690bbc2cd0_0 .net "SELECT", 0 0, L_0x55690bbd1080;  1 drivers
E_0x55690bbc29e0 .event edge, v0x55690bbc2cd0_0, v0x55690bbc2a60_0, v0x55690bbc2b40_0;
S_0x55690bbc2e40 .scope module, "m55" "mux2to1_1bit" 2 48, 4 6 0, S_0x55690bb874d0;
 .timescale 0 0;
    .port_info 0 /INPUT 1 "INPUT1"
    .port_info 1 /INPUT 1 "INPUT2"
    .port_info 2 /OUTPUT 1 "RESULT"
    .port_info 3 /INPUT 1 "SELECT"
v0x55690bbc3100_0 .net "INPUT1", 0 0, L_0x55690bbd3910;  1 drivers
v0x55690bbc31e0_0 .net "INPUT2", 0 0, L_0x55690bbd3c20;  1 drivers
v0x55690bbc32a0_0 .var "RESULT", 0 0;
v0x55690bbc3370_0 .net "SELECT", 0 0, L_0x55690bbd3cf0;  1 drivers
E_0x55690bbc3080 .event edge, v0x55690bbc3370_0, v0x55690bbc3100_0, v0x55690bbc31e0_0;
S_0x55690bbc34e0 .scope module, "m555" "mux2to1_1bit" 2 57, 4 6 0, S_0x55690bb874d0;
 .timescale 0 0;
    .port_info 0 /INPUT 1 "INPUT1"
    .port_info 1 /INPUT 1 "INPUT2"
    .port_info 2 /OUTPUT 1 "RESULT"
    .port_info 3 /INPUT 1 "SELECT"
v0x55690bbc37a0_0 .net "INPUT1", 0 0, L_0x55690bbd69b0;  1 drivers
v0x55690bbc3880_0 .net "INPUT2", 0 0, L_0x55690bbd6a80;  1 drivers
v0x55690bbc3940_0 .var "RESULT", 0 0;
v0x55690bbc3a10_0 .net "SELECT", 0 0, L_0x55690bbd6e40;  1 drivers
E_0x55690bbc3720 .event edge, v0x55690bbc3a10_0, v0x55690bbc37a0_0, v0x55690bbc3880_0;
S_0x55690bbc3b80 .scope module, "m6" "mux2to1_1bit" 2 40, 4 6 0, S_0x55690bb874d0;
 .timescale 0 0;
    .port_info 0 /INPUT 1 "INPUT1"
    .port_info 1 /INPUT 1 "INPUT2"
    .port_info 2 /OUTPUT 1 "RESULT"
    .port_info 3 /INPUT 1 "SELECT"
v0x55690bbc3e40_0 .net "INPUT1", 0 0, L_0x55690bbd1150;  1 drivers
v0x55690bbc3f20_0 .net "INPUT2", 0 0, L_0x55690bbd13c0;  1 drivers
v0x55690bbc3fe0_0 .var "RESULT", 0 0;
v0x55690bbc40b0_0 .net "SELECT", 0 0, L_0x55690bbd1490;  1 drivers
E_0x55690bbc3dc0 .event edge, v0x55690bbc40b0_0, v0x55690bbc3e40_0, v0x55690bbc3f20_0;
S_0x55690bbc4220 .scope module, "m66" "mux2to1_1bit" 2 49, 4 6 0, S_0x55690bb874d0;
 .timescale 0 0;
    .port_info 0 /INPUT 1 "INPUT1"
    .port_info 1 /INPUT 1 "INPUT2"
    .port_info 2 /OUTPUT 1 "RESULT"
    .port_info 3 /INPUT 1 "SELECT"
v0x55690bbc44e0_0 .net "INPUT1", 0 0, L_0x55690bbd4010;  1 drivers
v0x55690bbc45c0_0 .net "INPUT2", 0 0, L_0x55690bbd40e0;  1 drivers
v0x55690bbc4680_0 .var "RESULT", 0 0;
v0x55690bbc4750_0 .net "SELECT", 0 0, L_0x55690bbd4410;  1 drivers
E_0x55690bbc4460 .event edge, v0x55690bbc4750_0, v0x55690bbc44e0_0, v0x55690bbc45c0_0;
S_0x55690bbc48c0 .scope module, "m666" "mux2to1_1bit" 2 58, 4 6 0, S_0x55690bb874d0;
 .timescale 0 0;
    .port_info 0 /INPUT 1 "INPUT1"
    .port_info 1 /INPUT 1 "INPUT2"
    .port_info 2 /OUTPUT 1 "RESULT"
    .port_info 3 /INPUT 1 "SELECT"
v0x55690bbc4b80_0 .net "INPUT1", 0 0, L_0x55690bbd6f10;  1 drivers
v0x55690bbc4c60_0 .net "INPUT2", 0 0, L_0x55690bbd72e0;  1 drivers
v0x55690bbc4d20_0 .var "RESULT", 0 0;
v0x55690bbc4df0_0 .net "SELECT", 0 0, L_0x55690bbd73b0;  1 drivers
E_0x55690bbc4b00 .event edge, v0x55690bbc4df0_0, v0x55690bbc4b80_0, v0x55690bbc4c60_0;
S_0x55690bbc4f60 .scope module, "m7" "mux2to1_1bit" 2 41, 4 6 0, S_0x55690bb874d0;
 .timescale 0 0;
    .port_info 0 /INPUT 1 "INPUT1"
    .port_info 1 /INPUT 1 "INPUT2"
    .port_info 2 /OUTPUT 1 "RESULT"
    .port_info 3 /INPUT 1 "SELECT"
v0x55690bbc5220_0 .net "INPUT1", 0 0, L_0x55690bbd1710;  1 drivers
v0x55690bbc5300_0 .net "INPUT2", 0 0, L_0x55690bbd19f0;  1 drivers
v0x55690bbc53c0_0 .var "RESULT", 0 0;
v0x55690bbc5490_0 .net "SELECT", 0 0, L_0x55690bbd1ea0;  1 drivers
E_0x55690bbc51a0 .event edge, v0x55690bbc5490_0, v0x55690bbc5220_0, v0x55690bbc5300_0;
S_0x55690bbc5600 .scope module, "m77" "mux2to1_1bit" 2 50, 4 6 0, S_0x55690bb874d0;
 .timescale 0 0;
    .port_info 0 /INPUT 1 "INPUT1"
    .port_info 1 /INPUT 1 "INPUT2"
    .port_info 2 /OUTPUT 1 "RESULT"
    .port_info 3 /INPUT 1 "SELECT"
v0x55690bbc58c0_0 .net "INPUT1", 0 0, L_0x55690bbd44e0;  1 drivers
v0x55690bbc59a0_0 .net "INPUT2", 0 0, L_0x55690bbd4820;  1 drivers
v0x55690bbc5a60_0 .var "RESULT", 0 0;
v0x55690bbc5b30_0 .net "SELECT", 0 0, L_0x55690bbd4d90;  1 drivers
E_0x55690bbc5840 .event edge, v0x55690bbc5b30_0, v0x55690bbc58c0_0, v0x55690bbc59a0_0;
S_0x55690bbc5ca0 .scope module, "m777" "mux2to1_1bit" 2 59, 4 6 0, S_0x55690bb874d0;
 .timescale 0 0;
    .port_info 0 /INPUT 1 "INPUT1"
    .port_info 1 /INPUT 1 "INPUT2"
    .port_info 2 /OUTPUT 1 "RESULT"
    .port_info 3 /INPUT 1 "SELECT"
v0x55690bbc5f60_0 .net "INPUT1", 0 0, L_0x55690bbd7790;  1 drivers
v0x55690bbc6040_0 .net "INPUT2", 0 0, L_0x55690bbd7a70;  1 drivers
v0x55690bbc6100_0 .var "RESULT", 0 0;
v0x55690bbc61d0_0 .net "SELECT", 0 0, L_0x55690bbd80f0;  1 drivers
E_0x55690bbc5ee0 .event edge, v0x55690bbc61d0_0, v0x55690bbc5f60_0, v0x55690bbc6040_0;
S_0x55690bbc6340 .scope module, "mt1" "mux4to1_1bit" 2 21, 5 6 0, S_0x55690bb874d0;
 .timescale 0 0;
    .port_info 0 /INPUT 1 "INPUT1"
    .port_info 1 /INPUT 1 "INPUT2"
    .port_info 2 /INPUT 1 "INPUT3"
    .port_info 3 /INPUT 1 "INPUT4"
    .port_info 4 /OUTPUT 1 "RESULT"
    .port_info 5 /INPUT 2 "SELECT"
L_0x7f3d4968f018 .functor BUFT 1, C4<0>, C4<0>, C4<0>, C4<0>;
v0x55690bbc6680_0 .net "INPUT1", 0 0, L_0x7f3d4968f018;  1 drivers
v0x55690bbc6760_0 .net "INPUT2", 0 0, L_0x55690bbcd130;  1 drivers
v0x55690bbc6820_0 .net "INPUT3", 0 0, L_0x55690bbcd220;  1 drivers
L_0x7f3d4968f060 .functor BUFT 1, C4<0>, C4<0>, C4<0>, C4<0>;
v0x55690bbc68c0_0 .net "INPUT4", 0 0, L_0x7f3d4968f060;  1 drivers
v0x55690bbc6980_0 .var "RESULT", 0 0;
v0x55690bbc6a70_0 .net "SELECT", 1 0, o0x7f3d496da7d8;  alias, 0 drivers
E_0x55690bbc65f0/0 .event edge, v0x55690bbc6a70_0, v0x55690bbc6680_0, v0x55690bbc6760_0, v0x55690bbc6820_0;
E_0x55690bbc65f0/1 .event edge, v0x55690bbc68c0_0;
E_0x55690bbc65f0 .event/or E_0x55690bbc65f0/0, E_0x55690bbc65f0/1;
S_0x55690bbc6c30 .scope module, "mt2" "mux4to1_1bit" 2 22, 5 6 0, S_0x55690bb874d0;
 .timescale 0 0;
    .port_info 0 /INPUT 1 "INPUT1"
    .port_info 1 /INPUT 1 "INPUT2"
    .port_info 2 /INPUT 1 "INPUT3"
    .port_info 3 /INPUT 1 "INPUT4"
    .port_info 4 /OUTPUT 1 "RESULT"
    .port_info 5 /INPUT 2 "SELECT"
L_0x7f3d4968f0a8 .functor BUFT 1, C4<0>, C4<0>, C4<0>, C4<0>;
v0x55690bbc6f30_0 .net "INPUT1", 0 0, L_0x7f3d4968f0a8;  1 drivers
v0x55690bbc7010_0 .net "INPUT2", 0 0, L_0x55690bbcd310;  1 drivers
v0x55690bbc70d0_0 .net "INPUT3", 0 0, L_0x55690bbcd3b0;  1 drivers
L_0x7f3d4968f0f0 .functor BUFT 1, C4<0>, C4<0>, C4<0>, C4<0>;
v0x55690bbc71a0_0 .net "INPUT4", 0 0, L_0x7f3d4968f0f0;  1 drivers
v0x55690bbc7260_0 .var "RESULT", 0 0;
v0x55690bbc7350_0 .net "SELECT", 1 0, o0x7f3d496da7d8;  alias, 0 drivers
E_0x55690bbc6ea0/0 .event edge, v0x55690bbc6a70_0, v0x55690bbc6f30_0, v0x55690bbc7010_0, v0x55690bbc70d0_0;
E_0x55690bbc6ea0/1 .event edge, v0x55690bbc71a0_0;
E_0x55690bbc6ea0 .event/or E_0x55690bbc6ea0/0, E_0x55690bbc6ea0/1;
S_0x55690bbc7500 .scope module, "mt3" "mux4to1_1bit" 2 23, 5 6 0, S_0x55690bb874d0;
 .timescale 0 0;
    .port_info 0 /INPUT 1 "INPUT1"
    .port_info 1 /INPUT 1 "INPUT2"
    .port_info 2 /INPUT 1 "INPUT3"
    .port_info 3 /INPUT 1 "INPUT4"
    .port_info 4 /OUTPUT 1 "RESULT"
    .port_info 5 /INPUT 2 "SELECT"
L_0x7f3d4968f138 .functor BUFT 1, C4<0>, C4<0>, C4<0>, C4<0>;
v0x55690bbc7800_0 .net "INPUT1", 0 0, L_0x7f3d4968f138;  1 drivers
v0x55690bbc78e0_0 .net "INPUT2", 0 0, L_0x55690bbcd500;  1 drivers
v0x55690bbc79a0_0 .net "INPUT3", 0 0, L_0x55690bbcd5a0;  1 drivers
L_0x7f3d4968f180 .functor BUFT 1, C4<0>, C4<0>, C4<0>, C4<0>;
v0x55690bbc7a70_0 .net "INPUT4", 0 0, L_0x7f3d4968f180;  1 drivers
v0x55690bbc7b30_0 .var "RESULT", 0 0;
v0x55690bbc7c20_0 .net "SELECT", 1 0, o0x7f3d496da7d8;  alias, 0 drivers
E_0x55690bbc7770/0 .event edge, v0x55690bbc6a70_0, v0x55690bbc7800_0, v0x55690bbc78e0_0, v0x55690bbc79a0_0;
E_0x55690bbc7770/1 .event edge, v0x55690bbc7a70_0;
E_0x55690bbc7770 .event/or E_0x55690bbc7770/0, E_0x55690bbc7770/1;
S_0x55690bbc7e10 .scope module, "mt4" "mux4to1_1bit" 2 24, 5 6 0, S_0x55690bb874d0;
 .timescale 0 0;
    .port_info 0 /INPUT 1 "INPUT1"
    .port_info 1 /INPUT 1 "INPUT2"
    .port_info 2 /INPUT 1 "INPUT3"
    .port_info 3 /INPUT 1 "INPUT4"
    .port_info 4 /OUTPUT 1 "RESULT"
    .port_info 5 /INPUT 2 "SELECT"
L_0x7f3d4968f1c8 .functor BUFT 1, C4<0>, C4<0>, C4<0>, C4<0>;
v0x55690bbc8110_0 .net "INPUT1", 0 0, L_0x7f3d4968f1c8;  1 drivers
v0x55690bbc81f0_0 .net "INPUT2", 0 0, L_0x55690bbcd6b0;  1 drivers
v0x55690bbc82b0_0 .net "INPUT3", 0 0, L_0x55690bbcd780;  1 drivers
L_0x7f3d4968f210 .functor BUFT 1, C4<0>, C4<0>, C4<0>, C4<0>;
v0x55690bbc8350_0 .net "INPUT4", 0 0, L_0x7f3d4968f210;  1 drivers
v0x55690bbc8410_0 .var "RESULT", 0 0;
v0x55690bbc8500_0 .net "SELECT", 1 0, o0x7f3d496da7d8;  alias, 0 drivers
E_0x55690bbc8080/0 .event edge, v0x55690bbc6a70_0, v0x55690bbc8110_0, v0x55690bbc81f0_0, v0x55690bbc82b0_0;
E_0x55690bbc8080/1 .event edge, v0x55690bbc8350_0;
E_0x55690bbc8080 .event/or E_0x55690bbc8080/0, E_0x55690bbc8080/1;
S_0x55690bbc86a0 .scope module, "mt5" "mux4to1_1bit" 2 25, 5 6 0, S_0x55690bb874d0;
 .timescale 0 0;
    .port_info 0 /INPUT 1 "INPUT1"
    .port_info 1 /INPUT 1 "INPUT2"
    .port_info 2 /INPUT 1 "INPUT3"
    .port_info 3 /INPUT 1 "INPUT4"
    .port_info 4 /OUTPUT 1 "RESULT"
    .port_info 5 /INPUT 2 "SELECT"
L_0x7f3d4968f258 .functor BUFT 1, C4<0>, C4<0>, C4<0>, C4<0>;
v0x55690bbc89a0_0 .net "INPUT1", 0 0, L_0x7f3d4968f258;  1 drivers
v0x55690bbc8a80_0 .net "INPUT2", 0 0, L_0x55690bbcd9c0;  1 drivers
v0x55690bbc8b40_0 .net "INPUT3", 0 0, L_0x55690bbcda90;  1 drivers
L_0x7f3d4968f2a0 .functor BUFT 1, C4<0>, C4<0>, C4<0>, C4<0>;
v0x55690bbc8c10_0 .net "INPUT4", 0 0, L_0x7f3d4968f2a0;  1 drivers
v0x55690bbc8cd0_0 .var "RESULT", 0 0;
v0x55690bbc8dc0_0 .net "SELECT", 1 0, o0x7f3d496da7d8;  alias, 0 drivers
E_0x55690bbc8910/0 .event edge, v0x55690bbc6a70_0, v0x55690bbc89a0_0, v0x55690bbc8a80_0, v0x55690bbc8b40_0;
E_0x55690bbc8910/1 .event edge, v0x55690bbc8c10_0;
E_0x55690bbc8910 .event/or E_0x55690bbc8910/0, E_0x55690bbc8910/1;
S_0x55690bbc8f60 .scope module, "mt6" "mux4to1_1bit" 2 26, 5 6 0, S_0x55690bb874d0;
 .timescale 0 0;
    .port_info 0 /INPUT 1 "INPUT1"
    .port_info 1 /INPUT 1 "INPUT2"
    .port_info 2 /INPUT 1 "INPUT3"
    .port_info 3 /INPUT 1 "INPUT4"
    .port_info 4 /OUTPUT 1 "RESULT"
    .port_info 5 /INPUT 2 "SELECT"
L_0x7f3d4968f2e8 .functor BUFT 1, C4<0>, C4<0>, C4<0>, C4<0>;
v0x55690bbc9210_0 .net "INPUT1", 0 0, L_0x7f3d4968f2e8;  1 drivers
v0x55690bbc92f0_0 .net "INPUT2", 0 0, L_0x55690bbcdbf0;  1 drivers
v0x55690bbc93b0_0 .net "INPUT3", 0 0, L_0x55690bbcdcc0;  1 drivers
L_0x7f3d4968f330 .functor BUFT 1, C4<0>, C4<0>, C4<0>, C4<0>;
v0x55690bbc9480_0 .net "INPUT4", 0 0, L_0x7f3d4968f330;  1 drivers
v0x55690bbc9540_0 .var "RESULT", 0 0;
v0x55690bbc9630_0 .net "SELECT", 1 0, o0x7f3d496da7d8;  alias, 0 drivers
E_0x55690bbc9180/0 .event edge, v0x55690bbc6a70_0, v0x55690bbc9210_0, v0x55690bbc92f0_0, v0x55690bbc93b0_0;
E_0x55690bbc9180/1 .event edge, v0x55690bbc9480_0;
E_0x55690bbc9180 .event/or E_0x55690bbc9180/0, E_0x55690bbc9180/1;
S_0x55690bbc97d0 .scope module, "mt7" "mux4to1_1bit" 2 27, 5 6 0, S_0x55690bb874d0;
 .timescale 0 0;
    .port_info 0 /INPUT 1 "INPUT1"
    .port_info 1 /INPUT 1 "INPUT2"
    .port_info 2 /INPUT 1 "INPUT3"
    .port_info 3 /INPUT 1 "INPUT4"
    .port_info 4 /OUTPUT 1 "RESULT"
    .port_info 5 /INPUT 2 "SELECT"
L_0x7f3d4968f378 .functor BUFT 1, C4<0>, C4<0>, C4<0>, C4<0>;
v0x55690bbc9ce0_0 .net "INPUT1", 0 0, L_0x7f3d4968f378;  1 drivers
v0x55690bbc9dc0_0 .net "INPUT2", 0 0, L_0x55690bbcde60;  1 drivers
v0x55690bbc9e80_0 .net "INPUT3", 0 0, L_0x55690bbcdf30;  1 drivers
L_0x7f3d4968f3c0 .functor BUFT 1, C4<0>, C4<0>, C4<0>, C4<0>;
v0x55690bbc9f50_0 .net "INPUT4", 0 0, L_0x7f3d4968f3c0;  1 drivers
v0x55690bbca010_0 .var "RESULT", 0 0;
v0x55690bbca100_0 .net "SELECT", 1 0, o0x7f3d496da7d8;  alias, 0 drivers
E_0x55690bbc9c50/0 .event edge, v0x55690bbc6a70_0, v0x55690bbc9ce0_0, v0x55690bbc9dc0_0, v0x55690bbc9e80_0;
E_0x55690bbc9c50/1 .event edge, v0x55690bbc9f50_0;
E_0x55690bbc9c50 .event/or E_0x55690bbc9c50/0, E_0x55690bbc9c50/1;
S_0x55690bbca2a0 .scope module, "outmux" "mux2to1_8bit" 2 30, 3 6 0, S_0x55690bb874d0;
 .timescale 0 0;
    .port_info 0 /INPUT 8 "INPUT1"
    .port_info 1 /INPUT 8 "INPUT2"
    .port_info 2 /OUTPUT 8 "RESULT"
    .port_info 3 /INPUT 1 "SELECT"
v0x55690bbca550_0 .net "INPUT1", 7 0, v0x55690bbbd530_0;  alias, 1 drivers
v0x55690bbca660_0 .net "INPUT2", 7 0, L_0x55690bbcf6e0;  1 drivers
v0x55690bbca720_0 .var "RESULT", 7 0;
v0x55690bbca810_0 .net "SELECT", 0 0, v0x55690bbcb1b0_0;  alias, 1 drivers
E_0x55690bbc6510 .event edge, v0x55690bbbbc40_0, v0x55690bbbd530_0, v0x55690bbca660_0;
    .scope S_0x55690bbc6340;
T_0 ;
    %wait E_0x55690bbc65f0;
    %load/vec4 v0x55690bbc6a70_0;
    %cmpi/e 0, 0, 2;
    %jmp/0xz  T_0.0, 4;
    %load/vec4 v0x55690bbc6680_0;
    %store/vec4 v0x55690bbc6980_0, 0, 1;
    %jmp T_0.1;
T_0.0 ;
    %load/vec4 v0x55690bbc6a70_0;
    %cmpi/e 1, 0, 2;
    %jmp/0xz  T_0.2, 4;
    %load/vec4 v0x55690bbc6760_0;
    %store/vec4 v0x55690bbc6980_0, 0, 1;
    %jmp T_0.3;
T_0.2 ;
    %load/vec4 v0x55690bbc6a70_0;
    %cmpi/e 2, 0, 2;
    %jmp/0xz  T_0.4, 4;
    %load/vec4 v0x55690bbc6820_0;
    %store/vec4 v0x55690bbc6980_0, 0, 1;
    %jmp T_0.5;
T_0.4 ;
    %load/vec4 v0x55690bbc68c0_0;
    %store/vec4 v0x55690bbc6980_0, 0, 1;
T_0.5 ;
T_0.3 ;
T_0.1 ;
    %jmp T_0;
    .thread T_0, $push;
    .scope S_0x55690bbc6c30;
T_1 ;
    %wait E_0x55690bbc6ea0;
    %load/vec4 v0x55690bbc7350_0;
    %cmpi/e 0, 0, 2;
    %jmp/0xz  T_1.0, 4;
    %load/vec4 v0x55690bbc6f30_0;
    %store/vec4 v0x55690bbc7260_0, 0, 1;
    %jmp T_1.1;
T_1.0 ;
    %load/vec4 v0x55690bbc7350_0;
    %cmpi/e 1, 0, 2;
    %jmp/0xz  T_1.2, 4;
    %load/vec4 v0x55690bbc7010_0;
    %store/vec4 v0x55690bbc7260_0, 0, 1;
    %jmp T_1.3;
T_1.2 ;
    %load/vec4 v0x55690bbc7350_0;
    %cmpi/e 2, 0, 2;
    %jmp/0xz  T_1.4, 4;
    %load/vec4 v0x55690bbc70d0_0;
    %store/vec4 v0x55690bbc7260_0, 0, 1;
    %jmp T_1.5;
T_1.4 ;
    %load/vec4 v0x55690bbc71a0_0;
    %store/vec4 v0x55690bbc7260_0, 0, 1;
T_1.5 ;
T_1.3 ;
T_1.1 ;
    %jmp T_1;
    .thread T_1, $push;
    .scope S_0x55690bbc7500;
T_2 ;
    %wait E_0x55690bbc7770;
    %load/vec4 v0x55690bbc7c20_0;
    %cmpi/e 0, 0, 2;
    %jmp/0xz  T_2.0, 4;
    %load/vec4 v0x55690bbc7800_0;
    %store/vec4 v0x55690bbc7b30_0, 0, 1;
    %jmp T_2.1;
T_2.0 ;
    %load/vec4 v0x55690bbc7c20_0;
    %cmpi/e 1, 0, 2;
    %jmp/0xz  T_2.2, 4;
    %load/vec4 v0x55690bbc78e0_0;
    %store/vec4 v0x55690bbc7b30_0, 0, 1;
    %jmp T_2.3;
T_2.2 ;
    %load/vec4 v0x55690bbc7c20_0;
    %cmpi/e 2, 0, 2;
    %jmp/0xz  T_2.4, 4;
    %load/vec4 v0x55690bbc79a0_0;
    %store/vec4 v0x55690bbc7b30_0, 0, 1;
    %jmp T_2.5;
T_2.4 ;
    %load/vec4 v0x55690bbc7a70_0;
    %store/vec4 v0x55690bbc7b30_0, 0, 1;
T_2.5 ;
T_2.3 ;
T_2.1 ;
    %jmp T_2;
    .thread T_2, $push;
    .scope S_0x55690bbc7e10;
T_3 ;
    %wait E_0x55690bbc8080;
    %load/vec4 v0x55690bbc8500_0;
    %cmpi/e 0, 0, 2;
    %jmp/0xz  T_3.0, 4;
    %load/vec4 v0x55690bbc8110_0;
    %store/vec4 v0x55690bbc8410_0, 0, 1;
    %jmp T_3.1;
T_3.0 ;
    %load/vec4 v0x55690bbc8500_0;
    %cmpi/e 1, 0, 2;
    %jmp/0xz  T_3.2, 4;
    %load/vec4 v0x55690bbc81f0_0;
    %store/vec4 v0x55690bbc8410_0, 0, 1;
    %jmp T_3.3;
T_3.2 ;
    %load/vec4 v0x55690bbc8500_0;
    %cmpi/e 2, 0, 2;
    %jmp/0xz  T_3.4, 4;
    %load/vec4 v0x55690bbc82b0_0;
    %store/vec4 v0x55690bbc8410_0, 0, 1;
    %jmp T_3.5;
T_3.4 ;
    %load/vec4 v0x55690bbc8350_0;
    %store/vec4 v0x55690bbc8410_0, 0, 1;
T_3.5 ;
T_3.3 ;
T_3.1 ;
    %jmp T_3;
    .thread T_3, $push;
    .scope S_0x55690bbc86a0;
T_4 ;
    %wait E_0x55690bbc8910;
    %load/vec4 v0x55690bbc8dc0_0;
    %cmpi/e 0, 0, 2;
    %jmp/0xz  T_4.0, 4;
    %load/vec4 v0x55690bbc89a0_0;
    %store/vec4 v0x55690bbc8cd0_0, 0, 1;
    %jmp T_4.1;
T_4.0 ;
    %load/vec4 v0x55690bbc8dc0_0;
    %cmpi/e 1, 0, 2;
    %jmp/0xz  T_4.2, 4;
    %load/vec4 v0x55690bbc8a80_0;
    %store/vec4 v0x55690bbc8cd0_0, 0, 1;
    %jmp T_4.3;
T_4.2 ;
    %load/vec4 v0x55690bbc8dc0_0;
    %cmpi/e 2, 0, 2;
    %jmp/0xz  T_4.4, 4;
    %load/vec4 v0x55690bbc8b40_0;
    %store/vec4 v0x55690bbc8cd0_0, 0, 1;
    %jmp T_4.5;
T_4.4 ;
    %load/vec4 v0x55690bbc8c10_0;
    %store/vec4 v0x55690bbc8cd0_0, 0, 1;
T_4.5 ;
T_4.3 ;
T_4.1 ;
    %jmp T_4;
    .thread T_4, $push;
    .scope S_0x55690bbc8f60;
T_5 ;
    %wait E_0x55690bbc9180;
    %load/vec4 v0x55690bbc9630_0;
    %cmpi/e 0, 0, 2;
    %jmp/0xz  T_5.0, 4;
    %load/vec4 v0x55690bbc9210_0;
    %store/vec4 v0x55690bbc9540_0, 0, 1;
    %jmp T_5.1;
T_5.0 ;
    %load/vec4 v0x55690bbc9630_0;
    %cmpi/e 1, 0, 2;
    %jmp/0xz  T_5.2, 4;
    %load/vec4 v0x55690bbc92f0_0;
    %store/vec4 v0x55690bbc9540_0, 0, 1;
    %jmp T_5.3;
T_5.2 ;
    %load/vec4 v0x55690bbc9630_0;
    %cmpi/e 2, 0, 2;
    %jmp/0xz  T_5.4, 4;
    %load/vec4 v0x55690bbc93b0_0;
    %store/vec4 v0x55690bbc9540_0, 0, 1;
    %jmp T_5.5;
T_5.4 ;
    %load/vec4 v0x55690bbc9480_0;
    %store/vec4 v0x55690bbc9540_0, 0, 1;
T_5.5 ;
T_5.3 ;
T_5.1 ;
    %jmp T_5;
    .thread T_5, $push;
    .scope S_0x55690bbc97d0;
T_6 ;
    %wait E_0x55690bbc9c50;
    %load/vec4 v0x55690bbca100_0;
    %cmpi/e 0, 0, 2;
    %jmp/0xz  T_6.0, 4;
    %load/vec4 v0x55690bbc9ce0_0;
    %store/vec4 v0x55690bbca010_0, 0, 1;
    %jmp T_6.1;
T_6.0 ;
    %load/vec4 v0x55690bbca100_0;
    %cmpi/e 1, 0, 2;
    %jmp/0xz  T_6.2, 4;
    %load/vec4 v0x55690bbc9dc0_0;
    %store/vec4 v0x55690bbca010_0, 0, 1;
    %jmp T_6.3;
T_6.2 ;
    %load/vec4 v0x55690bbca100_0;
    %cmpi/e 2, 0, 2;
    %jmp/0xz  T_6.4, 4;
    %load/vec4 v0x55690bbc9e80_0;
    %store/vec4 v0x55690bbca010_0, 0, 1;
    %jmp T_6.5;
T_6.4 ;
    %load/vec4 v0x55690bbc9f50_0;
    %store/vec4 v0x55690bbca010_0, 0, 1;
T_6.5 ;
T_6.3 ;
T_6.1 ;
    %jmp T_6;
    .thread T_6, $push;
    .scope S_0x55690bb848c0;
T_7 ;
    %wait E_0x55690bb5e160;
    %load/vec4 v0x55690bbbbc40_0;
    %cmpi/e 0, 0, 1;
    %jmp/0xz  T_7.0, 4;
    %load/vec4 v0x55690bb8aa40_0;
    %store/vec4 v0x55690bbbbb80_0, 0, 8;
    %jmp T_7.1;
T_7.0 ;
    %load/vec4 v0x55690bbbbaa0_0;
    %store/vec4 v0x55690bbbbb80_0, 0, 8;
T_7.1 ;
    %jmp T_7;
    .thread T_7, $push;
    .scope S_0x55690bbca2a0;
T_8 ;
    %wait E_0x55690bbc6510;
    %load/vec4 v0x55690bbca810_0;
    %cmpi/e 0, 0, 1;
    %jmp/0xz  T_8.0, 4;
    %load/vec4 v0x55690bbca550_0;
    %store/vec4 v0x55690bbca720_0, 0, 8;
    %jmp T_8.1;
T_8.0 ;
    %load/vec4 v0x55690bbca660_0;
    %store/vec4 v0x55690bbca720_0, 0, 8;
T_8.1 ;
    %jmp T_8;
    .thread T_8, $push;
    .scope S_0x55690bbbbd80;
T_9 ;
    %wait E_0x55690bb5e290;
    %load/vec4 v0x55690bbbc240_0;
    %cmpi/e 0, 0, 1;
    %jmp/0xz  T_9.0, 4;
    %load/vec4 v0x55690bbbc000_0;
    %store/vec4 v0x55690bbbc1a0_0, 0, 1;
    %jmp T_9.1;
T_9.0 ;
    %load/vec4 v0x55690bbbc0e0_0;
    %store/vec4 v0x55690bbbc1a0_0, 0, 1;
T_9.1 ;
    %jmp T_9;
    .thread T_9, $push;
    .scope S_0x55690bbbd760;
T_10 ;
    %wait E_0x55690bbbd9a0;
    %load/vec4 v0x55690bbbdc90_0;
    %cmpi/e 0, 0, 1;
    %jmp/0xz  T_10.0, 4;
    %load/vec4 v0x55690bbbda20_0;
    %store/vec4 v0x55690bbbdbc0_0, 0, 1;
    %jmp T_10.1;
T_10.0 ;
    %load/vec4 v0x55690bbbdb00_0;
    %store/vec4 v0x55690bbbdbc0_0, 0, 1;
T_10.1 ;
    %jmp T_10;
    .thread T_10, $push;
    .scope S_0x55690bbbeb40;
T_11 ;
    %wait E_0x55690bbbed80;
    %load/vec4 v0x55690bbbf070_0;
    %cmpi/e 0, 0, 1;
    %jmp/0xz  T_11.0, 4;
    %load/vec4 v0x55690bbbee00_0;
    %store/vec4 v0x55690bbbefa0_0, 0, 1;
    %jmp T_11.1;
T_11.0 ;
    %load/vec4 v0x55690bbbeee0_0;
    %store/vec4 v0x55690bbbefa0_0, 0, 1;
T_11.1 ;
    %jmp T_11;
    .thread T_11, $push;
    .scope S_0x55690bbbfed0;
T_12 ;
    %wait E_0x55690bbc0110;
    %load/vec4 v0x55690bbc0400_0;
    %cmpi/e 0, 0, 1;
    %jmp/0xz  T_12.0, 4;
    %load/vec4 v0x55690bbc0190_0;
    %store/vec4 v0x55690bbc0330_0, 0, 1;
    %jmp T_12.1;
T_12.0 ;
    %load/vec4 v0x55690bbc0270_0;
    %store/vec4 v0x55690bbc0330_0, 0, 1;
T_12.1 ;
    %jmp T_12;
    .thread T_12, $push;
    .scope S_0x55690bbc12b0;
T_13 ;
    %wait E_0x55690bbc14f0;
    %load/vec4 v0x55690bbc17e0_0;
    %cmpi/e 0, 0, 1;
    %jmp/0xz  T_13.0, 4;
    %load/vec4 v0x55690bbc1570_0;
    %store/vec4 v0x55690bbc1710_0, 0, 1;
    %jmp T_13.1;
T_13.0 ;
    %load/vec4 v0x55690bbc1650_0;
    %store/vec4 v0x55690bbc1710_0, 0, 1;
T_13.1 ;
    %jmp T_13;
    .thread T_13, $push;
    .scope S_0x55690bbc27a0;
T_14 ;
    %wait E_0x55690bbc29e0;
    %load/vec4 v0x55690bbc2cd0_0;
    %cmpi/e 0, 0, 1;
    %jmp/0xz  T_14.0, 4;
    %load/vec4 v0x55690bbc2a60_0;
    %store/vec4 v0x55690bbc2c00_0, 0, 1;
    %jmp T_14.1;
T_14.0 ;
    %load/vec4 v0x55690bbc2b40_0;
    %store/vec4 v0x55690bbc2c00_0, 0, 1;
T_14.1 ;
    %jmp T_14;
    .thread T_14, $push;
    .scope S_0x55690bbc3b80;
T_15 ;
    %wait E_0x55690bbc3dc0;
    %load/vec4 v0x55690bbc40b0_0;
    %cmpi/e 0, 0, 1;
    %jmp/0xz  T_15.0, 4;
    %load/vec4 v0x55690bbc3e40_0;
    %store/vec4 v0x55690bbc3fe0_0, 0, 1;
    %jmp T_15.1;
T_15.0 ;
    %load/vec4 v0x55690bbc3f20_0;
    %store/vec4 v0x55690bbc3fe0_0, 0, 1;
T_15.1 ;
    %jmp T_15;
    .thread T_15, $push;
    .scope S_0x55690bbc4f60;
T_16 ;
    %wait E_0x55690bbc51a0;
    %load/vec4 v0x55690bbc5490_0;
    %cmpi/e 0, 0, 1;
    %jmp/0xz  T_16.0, 4;
    %load/vec4 v0x55690bbc5220_0;
    %store/vec4 v0x55690bbc53c0_0, 0, 1;
    %jmp T_16.1;
T_16.0 ;
    %load/vec4 v0x55690bbc5300_0;
    %store/vec4 v0x55690bbc53c0_0, 0, 1;
T_16.1 ;
    %jmp T_16;
    .thread T_16, $push;
    .scope S_0x55690bbbc3b0;
T_17 ;
    %wait E_0x55690bb5e3c0;
    %load/vec4 v0x55690bbbc8b0_0;
    %cmpi/e 0, 0, 1;
    %jmp/0xz  T_17.0, 4;
    %load/vec4 v0x55690bbbc640_0;
    %store/vec4 v0x55690bbbc7e0_0, 0, 1;
    %jmp T_17.1;
T_17.0 ;
    %load/vec4 v0x55690bbbc720_0;
    %store/vec4 v0x55690bbbc7e0_0, 0, 1;
T_17.1 ;
    %jmp T_17;
    .thread T_17, $push;
    .scope S_0x55690bbbde00;
T_18 ;
    %wait E_0x55690bbbe040;
    %load/vec4 v0x55690bbbe330_0;
    %cmpi/e 0, 0, 1;
    %jmp/0xz  T_18.0, 4;
    %load/vec4 v0x55690bbbe0c0_0;
    %store/vec4 v0x55690bbbe260_0, 0, 1;
    %jmp T_18.1;
T_18.0 ;
    %load/vec4 v0x55690bbbe1a0_0;
    %store/vec4 v0x55690bbbe260_0, 0, 1;
T_18.1 ;
    %jmp T_18;
    .thread T_18, $push;
    .scope S_0x55690bbbf1e0;
T_19 ;
    %wait E_0x55690bbbf3d0;
    %load/vec4 v0x55690bbbf6c0_0;
    %cmpi/e 0, 0, 1;
    %jmp/0xz  T_19.0, 4;
    %load/vec4 v0x55690bbbf450_0;
    %store/vec4 v0x55690bbbf5f0_0, 0, 1;
    %jmp T_19.1;
T_19.0 ;
    %load/vec4 v0x55690bbbf530_0;
    %store/vec4 v0x55690bbbf5f0_0, 0, 1;
T_19.1 ;
    %jmp T_19;
    .thread T_19, $push;
    .scope S_0x55690bbc0570;
T_20 ;
    %wait E_0x55690bbc07b0;
    %load/vec4 v0x55690bbc0aa0_0;
    %cmpi/e 0, 0, 1;
    %jmp/0xz  T_20.0, 4;
    %load/vec4 v0x55690bbc0830_0;
    %store/vec4 v0x55690bbc09d0_0, 0, 1;
    %jmp T_20.1;
T_20.0 ;
    %load/vec4 v0x55690bbc0910_0;
    %store/vec4 v0x55690bbc09d0_0, 0, 1;
T_20.1 ;
    %jmp T_20;
    .thread T_20, $push;
    .scope S_0x55690bbc1950;
T_21 ;
    %wait E_0x55690bbc1b90;
    %load/vec4 v0x55690bbc1e80_0;
    %cmpi/e 0, 0, 1;
    %jmp/0xz  T_21.0, 4;
    %load/vec4 v0x55690bbc1c10_0;
    %store/vec4 v0x55690bbc1db0_0, 0, 1;
    %jmp T_21.1;
T_21.0 ;
    %load/vec4 v0x55690bbc1cf0_0;
    %store/vec4 v0x55690bbc1db0_0, 0, 1;
T_21.1 ;
    %jmp T_21;
    .thread T_21, $push;
    .scope S_0x55690bbc2e40;
T_22 ;
    %wait E_0x55690bbc3080;
    %load/vec4 v0x55690bbc3370_0;
    %cmpi/e 0, 0, 1;
    %jmp/0xz  T_22.0, 4;
    %load/vec4 v0x55690bbc3100_0;
    %store/vec4 v0x55690bbc32a0_0, 0, 1;
    %jmp T_22.1;
T_22.0 ;
    %load/vec4 v0x55690bbc31e0_0;
    %store/vec4 v0x55690bbc32a0_0, 0, 1;
T_22.1 ;
    %jmp T_22;
    .thread T_22, $push;
    .scope S_0x55690bbc4220;
T_23 ;
    %wait E_0x55690bbc4460;
    %load/vec4 v0x55690bbc4750_0;
    %cmpi/e 0, 0, 1;
    %jmp/0xz  T_23.0, 4;
    %load/vec4 v0x55690bbc44e0_0;
    %store/vec4 v0x55690bbc4680_0, 0, 1;
    %jmp T_23.1;
T_23.0 ;
    %load/vec4 v0x55690bbc45c0_0;
    %store/vec4 v0x55690bbc4680_0, 0, 1;
T_23.1 ;
    %jmp T_23;
    .thread T_23, $push;
    .scope S_0x55690bbc5600;
T_24 ;
    %wait E_0x55690bbc5840;
    %load/vec4 v0x55690bbc5b30_0;
    %cmpi/e 0, 0, 1;
    %jmp/0xz  T_24.0, 4;
    %load/vec4 v0x55690bbc58c0_0;
    %store/vec4 v0x55690bbc5a60_0, 0, 1;
    %jmp T_24.1;
T_24.0 ;
    %load/vec4 v0x55690bbc59a0_0;
    %store/vec4 v0x55690bbc5a60_0, 0, 1;
T_24.1 ;
    %jmp T_24;
    .thread T_24, $push;
    .scope S_0x55690bbbca20;
T_25 ;
    %wait E_0x55690bb5e4f0;
    %load/vec4 v0x55690bbbcf10_0;
    %cmpi/e 0, 0, 1;
    %jmp/0xz  T_25.0, 4;
    %load/vec4 v0x55690bbbcca0_0;
    %store/vec4 v0x55690bbbce40_0, 0, 1;
    %jmp T_25.1;
T_25.0 ;
    %load/vec4 v0x55690bbbcd80_0;
    %store/vec4 v0x55690bbbce40_0, 0, 1;
T_25.1 ;
    %jmp T_25;
    .thread T_25, $push;
    .scope S_0x55690bbbe4a0;
T_26 ;
    %wait E_0x55690bbbe6e0;
    %load/vec4 v0x55690bbbe9d0_0;
    %cmpi/e 0, 0, 1;
    %jmp/0xz  T_26.0, 4;
    %load/vec4 v0x55690bbbe760_0;
    %store/vec4 v0x55690bbbe900_0, 0, 1;
    %jmp T_26.1;
T_26.0 ;
    %load/vec4 v0x55690bbbe840_0;
    %store/vec4 v0x55690bbbe900_0, 0, 1;
T_26.1 ;
    %jmp T_26;
    .thread T_26, $push;
    .scope S_0x55690bbbf830;
T_27 ;
    %wait E_0x55690bbbfa70;
    %load/vec4 v0x55690bbbfd60_0;
    %cmpi/e 0, 0, 1;
    %jmp/0xz  T_27.0, 4;
    %load/vec4 v0x55690bbbfaf0_0;
    %store/vec4 v0x55690bbbfc90_0, 0, 1;
    %jmp T_27.1;
T_27.0 ;
    %load/vec4 v0x55690bbbfbd0_0;
    %store/vec4 v0x55690bbbfc90_0, 0, 1;
T_27.1 ;
    %jmp T_27;
    .thread T_27, $push;
    .scope S_0x55690bbc0c10;
T_28 ;
    %wait E_0x55690bbc0e50;
    %load/vec4 v0x55690bbc1140_0;
    %cmpi/e 0, 0, 1;
    %jmp/0xz  T_28.0, 4;
    %load/vec4 v0x55690bbc0ed0_0;
    %store/vec4 v0x55690bbc1070_0, 0, 1;
    %jmp T_28.1;
T_28.0 ;
    %load/vec4 v0x55690bbc0fb0_0;
    %store/vec4 v0x55690bbc1070_0, 0, 1;
T_28.1 ;
    %jmp T_28;
    .thread T_28, $push;
    .scope S_0x55690bbc1ff0;
T_29 ;
    %wait E_0x55690bbc2340;
    %load/vec4 v0x55690bbc2630_0;
    %cmpi/e 0, 0, 1;
    %jmp/0xz  T_29.0, 4;
    %load/vec4 v0x55690bbc23c0_0;
    %store/vec4 v0x55690bbc2560_0, 0, 1;
    %jmp T_29.1;
T_29.0 ;
    %load/vec4 v0x55690bbc24a0_0;
    %store/vec4 v0x55690bbc2560_0, 0, 1;
T_29.1 ;
    %jmp T_29;
    .thread T_29, $push;
    .scope S_0x55690bbc34e0;
T_30 ;
    %wait E_0x55690bbc3720;
    %load/vec4 v0x55690bbc3a10_0;
    %cmpi/e 0, 0, 1;
    %jmp/0xz  T_30.0, 4;
    %load/vec4 v0x55690bbc37a0_0;
    %store/vec4 v0x55690bbc3940_0, 0, 1;
    %jmp T_30.1;
T_30.0 ;
    %load/vec4 v0x55690bbc3880_0;
    %store/vec4 v0x55690bbc3940_0, 0, 1;
T_30.1 ;
    %jmp T_30;
    .thread T_30, $push;
    .scope S_0x55690bbc48c0;
T_31 ;
    %wait E_0x55690bbc4b00;
    %load/vec4 v0x55690bbc4df0_0;
    %cmpi/e 0, 0, 1;
    %jmp/0xz  T_31.0, 4;
    %load/vec4 v0x55690bbc4b80_0;
    %store/vec4 v0x55690bbc4d20_0, 0, 1;
    %jmp T_31.1;
T_31.0 ;
    %load/vec4 v0x55690bbc4c60_0;
    %store/vec4 v0x55690bbc4d20_0, 0, 1;
T_31.1 ;
    %jmp T_31;
    .thread T_31, $push;
    .scope S_0x55690bbc5ca0;
T_32 ;
    %wait E_0x55690bbc5ee0;
    %load/vec4 v0x55690bbc61d0_0;
    %cmpi/e 0, 0, 1;
    %jmp/0xz  T_32.0, 4;
    %load/vec4 v0x55690bbc5f60_0;
    %store/vec4 v0x55690bbc6100_0, 0, 1;
    %jmp T_32.1;
T_32.0 ;
    %load/vec4 v0x55690bbc6040_0;
    %store/vec4 v0x55690bbc6100_0, 0, 1;
T_32.1 ;
    %jmp T_32;
    .thread T_32, $push;
    .scope S_0x55690bbbd080;
T_33 ;
    %wait E_0x55690bba92a0;
    %load/vec4 v0x55690bbbd5f0_0;
    %cmpi/e 0, 0, 1;
    %jmp/0xz  T_33.0, 4;
    %load/vec4 v0x55690bbbd350_0;
    %store/vec4 v0x55690bbbd530_0, 0, 8;
    %jmp T_33.1;
T_33.0 ;
    %load/vec4 v0x55690bbbd450_0;
    %store/vec4 v0x55690bbbd530_0, 0, 8;
T_33.1 ;
    %jmp T_33;
    .thread T_33, $push;
    .scope S_0x55690bb874d0;
T_34 ;
    %wait E_0x55690bb5e030;
    %load/vec4 v0x55690bbcb250_0;
    %dup/vec4;
    %pushi/vec4 0, 0, 2;
    %cmp/u;
    %jmp/1 T_34.0, 6;
    %dup/vec4;
    %pushi/vec4 1, 0, 2;
    %cmp/u;
    %jmp/1 T_34.1, 6;
    %dup/vec4;
    %pushi/vec4 2, 0, 2;
    %cmp/u;
    %jmp/1 T_34.2, 6;
    %dup/vec4;
    %pushi/vec4 3, 0, 2;
    %cmp/u;
    %jmp/1 T_34.3, 6;
    %jmp T_34.4;
T_34.0 ;
    %pushi/vec4 1, 0, 1;
    %store/vec4 v0x55690bbcb1b0_0, 0, 1;
    %pushi/vec4 0, 0, 8;
    %store/vec4 v0x55690bbcadf0_0, 0, 8;
    %jmp T_34.4;
T_34.1 ;
    %pushi/vec4 1, 0, 1;
    %store/vec4 v0x55690bbcb1b0_0, 0, 1;
    %load/vec4 v0x55690bbcab20_0;
    %parti/s 1, 0, 2;
    %replicate 8;
    %store/vec4 v0x55690bbcadf0_0, 0, 8;
    %jmp T_34.4;
T_34.2 ;
    %pushi/vec4 1, 0, 1;
    %store/vec4 v0x55690bbcb1b0_0, 0, 1;
    %load/vec4 v0x55690bbcaa50_0;
    %store/vec4 v0x55690bbcadf0_0, 0, 8;
    %jmp T_34.4;
T_34.3 ;
    %pushi/vec4 0, 0, 1;
    %store/vec4 v0x55690bbcb1b0_0, 0, 1;
    %pushi/vec4 0, 0, 8;
    %store/vec4 v0x55690bbcadf0_0, 0, 8;
    %jmp T_34.4;
T_34.4 ;
    %pop/vec4 1;
    %jmp T_34;
    .thread T_34, $push;
# The file index is used to find the file name in the following table.
:file_names 6;
    "N/A";
    "<interactive>";
    "barrelShifter.v";
    "./mux2to1_8bit.v";
    "./mux2to1_1bit.v";
    "./mux4to1_1bit.v";
