#! /usr/bin/vvp
:ivl_version "10.3 (stable)";
:ivl_delay_selection "TYPICAL";
:vpi_time_precision + 0;
:vpi_module "system";
:vpi_module "vhdl_sys";
:vpi_module "v2005_math";
:vpi_module "va_math";
S_0x557c14367740 .scope module, "testbench" "testbench" 2 18;
 .timescale 0 0;
v0x557c143781b0_0 .var "in1", 3 0;
v0x557c14378290_0 .var "in2", 3 0;
v0x557c14378360_0 .net "out", 3 0, v0x557c14377f50_0;  1 drivers
v0x557c14378460_0 .var "sel", 0 0;
S_0x557c143678c0 .scope module, "myTest" "testCircuit" 2 23, 2 1 0, S_0x557c14367740;
 .timescale 0 0;
    .port_info 0 /INPUT 4 "in1"
    .port_info 1 /INPUT 4 "in2"
    .port_info 2 /INPUT 1 "sel"
    .port_info 3 /OUTPUT 4 "out"
v0x557c14331050_0 .net "in1", 3 0, v0x557c143781b0_0;  1 drivers
v0x557c14377e70_0 .net "in2", 3 0, v0x557c14378290_0;  1 drivers
v0x557c14377f50_0 .var "out", 3 0;
v0x557c14378040_0 .net "sel", 0 0, v0x557c14378460_0;  1 drivers
E_0x557c14366410 .event edge, v0x557c14378040_0, v0x557c14377e70_0, v0x557c14331050_0;
    .scope S_0x557c143678c0;
T_0 ;
    %wait E_0x557c14366410;
    %load/vec4 v0x557c14378040_0;
    %pad/u 32;
    %cmpi/e 0, 0, 32;
    %jmp/0xz  T_0.0, 4;
    %load/vec4 v0x557c14331050_0;
    %load/vec4 v0x557c14377e70_0;
    %add;
    %store/vec4 v0x557c14377f50_0, 0, 4;
    %jmp T_0.1;
T_0.0 ;
    %load/vec4 v0x557c14331050_0;
    %load/vec4 v0x557c14377e70_0;
    %sub;
    %store/vec4 v0x557c14377f50_0, 0, 4;
T_0.1 ;
    %jmp T_0;
    .thread T_0, $push;
    .scope S_0x557c14367740;
T_1 ;
    %vpi_call 2 27 "$dumpfile", "testCircuit.vcd" {0 0 0};
    %vpi_call 2 28 "$dumpvars", 32'sb00000000000000000000000000000000, S_0x557c14367740 {0 0 0};
    %end;
    .thread T_1;
    .scope S_0x557c14367740;
T_2 ;
    %pushi/vec4 3, 0, 4;
    %store/vec4 v0x557c143781b0_0, 0, 4;
    %pushi/vec4 1, 0, 4;
    %store/vec4 v0x557c14378290_0, 0, 4;
    %pushi/vec4 0, 0, 1;
    %store/vec4 v0x557c14378460_0, 0, 1;
    %delay 10, 0;
    %pushi/vec4 1, 0, 1;
    %store/vec4 v0x557c14378460_0, 0, 1;
    %delay 10, 0;
    %vpi_call 2 39 "$finish" {0 0 0};
    %end;
    .thread T_2;
# The file index is used to find the file name in the following table.
:file_names 3;
    "N/A";
    "<interactive>";
    "ex01.v";
