#! /usr/bin/vvp
:ivl_version "10.3 (stable)";
:ivl_delay_selection "TYPICAL";
:vpi_time_precision + 0;
:vpi_module "system";
:vpi_module "vhdl_sys";
:vpi_module "v2005_math";
:vpi_module "va_math";
S_0x561c7a250150 .scope module, "reg_file" "reg_file" 2 1;
 .timescale 0 0;
    .port_info 0 /INPUT 8 "IN"
    .port_info 1 /OUTPUT 8 "OUT1"
    .port_info 2 /OUTPUT 8 "OUT2"
    .port_info 3 /INPUT 3 "INADDRESS"
    .port_info 4 /INPUT 3 "OUT1ADDRESS"
    .port_info 5 /INPUT 3 "OUT2ADDRESS"
    .port_info 6 /INPUT 1 "WRITE"
    .port_info 7 /INPUT 1 "CLK"
    .port_info 8 /INPUT 1 "RESET"
o0x7fb2e9ec8018 .functor BUFZ 1, C4<z>; HiZ drive
v0x561c7a262fa0_0 .net "CLK", 0 0, o0x7fb2e9ec8018;  0 drivers
o0x7fb2e9ec8048 .functor BUFZ 8, C4<zzzzzzzz>; HiZ drive
v0x561c7a2953e0_0 .net "IN", 7 0, o0x7fb2e9ec8048;  0 drivers
o0x7fb2e9ec8078 .functor BUFZ 3, C4<zzz>; HiZ drive
v0x561c7a2954c0_0 .net "INADDRESS", 2 0, o0x7fb2e9ec8078;  0 drivers
v0x561c7a295580_0 .var "OUT1", 7 0;
o0x7fb2e9ec80d8 .functor BUFZ 3, C4<zzz>; HiZ drive
v0x561c7a295660_0 .net "OUT1ADDRESS", 2 0, o0x7fb2e9ec80d8;  0 drivers
v0x561c7a295790_0 .var "OUT2", 7 0;
o0x7fb2e9ec8138 .functor BUFZ 3, C4<zzz>; HiZ drive
v0x561c7a295870_0 .net "OUT2ADDRESS", 2 0, o0x7fb2e9ec8138;  0 drivers
o0x7fb2e9ec8168 .functor BUFZ 1, C4<z>; HiZ drive
v0x561c7a295950_0 .net "RESET", 0 0, o0x7fb2e9ec8168;  0 drivers
o0x7fb2e9ec8198 .functor BUFZ 1, C4<z>; HiZ drive
v0x561c7a295a10_0 .net "WRITE", 0 0, o0x7fb2e9ec8198;  0 drivers
v0x561c7a295ad0 .array "registers", 0 7, 7 0;
E_0x561c7a285dc0 .event posedge, v0x561c7a262fa0_0;
    .scope S_0x561c7a250150;
T_0 ;
    %wait E_0x561c7a285dc0;
    %load/vec4 v0x561c7a295a10_0;
    %pad/u 32;
    %cmpi/e 1, 0, 32;
    %jmp/0xz  T_0.0, 4;
    %load/vec4 v0x561c7a2953e0_0;
    %load/vec4 v0x561c7a2954c0_0;
    %pad/u 5;
    %ix/vec4 4;
    %store/vec4a v0x561c7a295ad0, 4, 0;
T_0.0 ;
    %load/vec4 v0x561c7a295660_0;
    %pad/u 5;
    %ix/vec4 4;
    %load/vec4a v0x561c7a295ad0, 4;
    %store/vec4 v0x561c7a295580_0, 0, 8;
    %load/vec4 v0x561c7a295870_0;
    %pad/u 5;
    %ix/vec4 4;
    %load/vec4a v0x561c7a295ad0, 4;
    %store/vec4 v0x561c7a295790_0, 0, 8;
    %jmp T_0;
    .thread T_0;
# The file index is used to find the file name in the following table.
:file_names 3;
    "N/A";
    "<interactive>";
    "reg_file.v";
