#! /usr/bin/vvp
:ivl_version "10.3 (stable)";
:ivl_delay_selection "TYPICAL";
:vpi_time_precision + 0;
:vpi_module "system";
:vpi_module "vhdl_sys";
:vpi_module "v2005_math";
:vpi_module "va_math";
S_0x5579c94a5480 .scope module, "reg_file_tb" "reg_file_tb" 2 7;
 .timescale 0 0;
v0x5579c94c0820_0 .var "CLK", 0 0;
v0x5579c94c08e0_0 .var "READREG1", 2 0;
v0x5579c94c09b0_0 .var "READREG2", 2 0;
v0x5579c94c0ab0_0 .net "REGOUT1", 7 0, L_0x5579c94c11a0;  1 drivers
v0x5579c94c0b80_0 .net "REGOUT2", 7 0, L_0x5579c94c15b0;  1 drivers
v0x5579c94c0c20_0 .var "RESET", 0 0;
v0x5579c94c0cf0_0 .var "WRITEDATA", 7 0;
v0x5579c94c0dc0_0 .var "WRITEENABLE", 0 0;
v0x5579c94c0e90_0 .var "WRITEREG", 2 0;
S_0x5579c94a5600 .scope module, "myregfile" "reg_file" 2 14, 3 1 0, S_0x5579c94a5480;
 .timescale 0 0;
    .port_info 0 /INPUT 8 "IN"
    .port_info 1 /OUTPUT 8 "OUT1"
    .port_info 2 /OUTPUT 8 "OUT2"
    .port_info 3 /INPUT 3 "INADDRESS"
    .port_info 4 /INPUT 3 "OUT1ADDRESS"
    .port_info 5 /INPUT 3 "OUT2ADDRESS"
    .port_info 6 /INPUT 1 "WRITE"
    .port_info 7 /INPUT 1 "CLK"
    .port_info 8 /INPUT 1 "RESET"
L_0x5579c94c11a0/d .functor BUFZ 8, L_0x5579c94c0f60, C4<00000000>, C4<00000000>, C4<00000000>;
L_0x5579c94c11a0 .delay 8 (2,2,2) L_0x5579c94c11a0/d;
L_0x5579c94c15b0/d .functor BUFZ 8, L_0x5579c94c1350, C4<00000000>, C4<00000000>, C4<00000000>;
L_0x5579c94c15b0 .delay 8 (2,2,2) L_0x5579c94c15b0/d;
v0x5579c946c190_0 .net "CLK", 0 0, v0x5579c94c0820_0;  1 drivers
v0x5579c94bf930_0 .net "IN", 7 0, v0x5579c94c0cf0_0;  1 drivers
v0x5579c94bfa10_0 .net "INADDRESS", 2 0, v0x5579c94c0e90_0;  1 drivers
v0x5579c94bfad0_0 .net "OUT1", 7 0, L_0x5579c94c11a0;  alias, 1 drivers
v0x5579c94bfbb0_0 .net "OUT1ADDRESS", 2 0, v0x5579c94c08e0_0;  1 drivers
v0x5579c94bfce0_0 .net "OUT2", 7 0, L_0x5579c94c15b0;  alias, 1 drivers
v0x5579c94bfdc0_0 .net "OUT2ADDRESS", 2 0, v0x5579c94c09b0_0;  1 drivers
v0x5579c94bfea0_0 .net "RESET", 0 0, v0x5579c94c0c20_0;  1 drivers
v0x5579c94bff60_0 .net "WRITE", 0 0, v0x5579c94c0dc0_0;  1 drivers
v0x5579c94c0020_0 .net *"_s0", 7 0, L_0x5579c94c0f60;  1 drivers
v0x5579c94c0100_0 .net *"_s10", 4 0, L_0x5579c94c13f0;  1 drivers
L_0x7fbb2ba2b060 .functor BUFT 1, C4<00>, C4<0>, C4<0>, C4<0>;
v0x5579c94c01e0_0 .net *"_s13", 1 0, L_0x7fbb2ba2b060;  1 drivers
v0x5579c94c02c0_0 .net *"_s2", 4 0, L_0x5579c94c1060;  1 drivers
L_0x7fbb2ba2b018 .functor BUFT 1, C4<00>, C4<0>, C4<0>, C4<0>;
v0x5579c94c03a0_0 .net *"_s5", 1 0, L_0x7fbb2ba2b018;  1 drivers
v0x5579c94c0480_0 .net *"_s8", 7 0, L_0x5579c94c1350;  1 drivers
v0x5579c94c0560_0 .var/i "i", 31 0;
v0x5579c94c0640 .array "registers", 0 7, 7 0;
E_0x5579c94a2140 .event edge, v0x5579c94bfea0_0, v0x5579c94c0560_0;
E_0x5579c94a1f20 .event posedge, v0x5579c946c190_0;
L_0x5579c94c0f60 .array/port v0x5579c94c0640, L_0x5579c94c1060;
L_0x5579c94c1060 .concat [ 3 2 0 0], v0x5579c94c08e0_0, L_0x7fbb2ba2b018;
L_0x5579c94c1350 .array/port v0x5579c94c0640, L_0x5579c94c13f0;
L_0x5579c94c13f0 .concat [ 3 2 0 0], v0x5579c94c09b0_0, L_0x7fbb2ba2b060;
    .scope S_0x5579c94a5600;
T_0 ;
    %wait E_0x5579c94a1f20;
    %load/vec4 v0x5579c94bff60_0;
    %pad/u 32;
    %cmpi/e 1, 0, 32;
    %jmp/0xz  T_0.0, 4;
    %delay 2, 0;
    %load/vec4 v0x5579c94bf930_0;
    %load/vec4 v0x5579c94bfa10_0;
    %pad/u 5;
    %ix/vec4 4;
    %store/vec4a v0x5579c94c0640, 4, 0;
T_0.0 ;
    %jmp T_0;
    .thread T_0;
    .scope S_0x5579c94a5600;
T_1 ;
    %wait E_0x5579c94a2140;
    %load/vec4 v0x5579c94bfea0_0;
    %pad/u 32;
    %cmpi/e 1, 0, 32;
    %jmp/0xz  T_1.0, 4;
    %delay 2, 0;
    %pushi/vec4 0, 0, 32;
    %store/vec4 v0x5579c94c0560_0, 0, 32;
T_1.2 ;
    %load/vec4 v0x5579c94c0560_0;
    %cmpi/s 8, 0, 32;
    %jmp/0xz T_1.3, 5;
    %pushi/vec4 0, 0, 8;
    %ix/getv/s 4, v0x5579c94c0560_0;
    %store/vec4a v0x5579c94c0640, 4, 0;
    %load/vec4 v0x5579c94c0560_0;
    %pushi/vec4 1, 0, 32;
    %add;
    %store/vec4 v0x5579c94c0560_0, 0, 32;
    %jmp T_1.2;
T_1.3 ;
T_1.0 ;
    %jmp T_1;
    .thread T_1, $push;
    .scope S_0x5579c94a5480;
T_2 ;
    %pushi/vec4 1, 0, 1;
    %store/vec4 v0x5579c94c0820_0, 0, 1;
    %vpi_call 2 21 "$dumpfile", "reg_file_wavedata_my.vcd" {0 0 0};
    %vpi_call 2 22 "$dumpvars", 32'sb00000000000000000000000000000000, S_0x5579c94a5480 {0 0 0};
    %pushi/vec4 0, 0, 1;
    %store/vec4 v0x5579c94c0c20_0, 0, 1;
    %pushi/vec4 0, 0, 1;
    %store/vec4 v0x5579c94c0dc0_0, 0, 1;
    %delay 1, 0;
    %pushi/vec4 1, 0, 1;
    %store/vec4 v0x5579c94c0c20_0, 0, 1;
    %pushi/vec4 0, 0, 3;
    %store/vec4 v0x5579c94c08e0_0, 0, 3;
    %pushi/vec4 4, 0, 3;
    %store/vec4 v0x5579c94c09b0_0, 0, 3;
    %delay 8, 0;
    %pushi/vec4 0, 0, 1;
    %store/vec4 v0x5579c94c0c20_0, 0, 1;
    %delay 5, 0;
    %pushi/vec4 2, 0, 3;
    %store/vec4 v0x5579c94c0e90_0, 0, 3;
    %pushi/vec4 95, 0, 8;
    %store/vec4 v0x5579c94c0cf0_0, 0, 8;
    %pushi/vec4 1, 0, 1;
    %store/vec4 v0x5579c94c0dc0_0, 0, 1;
    %delay 10, 0;
    %pushi/vec4 0, 0, 1;
    %store/vec4 v0x5579c94c0dc0_0, 0, 1;
    %delay 1, 0;
    %pushi/vec4 2, 0, 3;
    %store/vec4 v0x5579c94c08e0_0, 0, 3;
    %delay 9, 0;
    %pushi/vec4 1, 0, 3;
    %store/vec4 v0x5579c94c0e90_0, 0, 3;
    %pushi/vec4 28, 0, 8;
    %store/vec4 v0x5579c94c0cf0_0, 0, 8;
    %pushi/vec4 1, 0, 1;
    %store/vec4 v0x5579c94c0dc0_0, 0, 1;
    %pushi/vec4 1, 0, 3;
    %store/vec4 v0x5579c94c08e0_0, 0, 3;
    %delay 10, 0;
    %pushi/vec4 0, 0, 1;
    %store/vec4 v0x5579c94c0dc0_0, 0, 1;
    %delay 10, 0;
    %pushi/vec4 4, 0, 3;
    %store/vec4 v0x5579c94c0e90_0, 0, 3;
    %pushi/vec4 6, 0, 8;
    %store/vec4 v0x5579c94c0cf0_0, 0, 8;
    %pushi/vec4 1, 0, 1;
    %store/vec4 v0x5579c94c0dc0_0, 0, 1;
    %delay 10, 0;
    %pushi/vec4 15, 0, 8;
    %store/vec4 v0x5579c94c0cf0_0, 0, 8;
    %pushi/vec4 1, 0, 1;
    %store/vec4 v0x5579c94c0dc0_0, 0, 1;
    %delay 10, 0;
    %pushi/vec4 0, 0, 1;
    %store/vec4 v0x5579c94c0dc0_0, 0, 1;
    %delay 6, 0;
    %pushi/vec4 1, 0, 3;
    %store/vec4 v0x5579c94c0e90_0, 0, 3;
    %pushi/vec4 50, 0, 8;
    %store/vec4 v0x5579c94c0cf0_0, 0, 8;
    %pushi/vec4 1, 0, 1;
    %store/vec4 v0x5579c94c0dc0_0, 0, 1;
    %delay 5, 0;
    %pushi/vec4 0, 0, 1;
    %store/vec4 v0x5579c94c0dc0_0, 0, 1;
    %delay 10, 0;
    %vpi_call 2 77 "$finish" {0 0 0};
    %end;
    .thread T_2;
    .scope S_0x5579c94a5480;
T_3 ;
    %delay 5, 0;
    %load/vec4 v0x5579c94c0820_0;
    %inv;
    %store/vec4 v0x5579c94c0820_0, 0, 1;
    %jmp T_3;
    .thread T_3;
# The file index is used to find the file name in the following table.
:file_names 4;
    "N/A";
    "<interactive>";
    "reg_file_tb.v";
    "./reg_file.v";
