#! /usr/bin/vvp
:ivl_version "10.3 (stable)";
:ivl_delay_selection "TYPICAL";
:vpi_time_precision + 0;
:vpi_module "system";
:vpi_module "vhdl_sys";
:vpi_module "v2005_math";
:vpi_module "va_math";
S_0x55e1bdc8c130 .scope module, "alu" "alu" 2 1;
 .timescale 0 0;
    .port_info 0 /INPUT 8 "DATA1"
    .port_info 1 /INPUT 8 "DATA2"
    .port_info 2 /OUTPUT 8 "RESULT"
    .port_info 3 /INPUT 3 "SELECT"
o0x7f34c0316018 .functor BUFZ 8, C4<zzzzzzzz>; HiZ drive
v0x55e1bdc8c370_0 .net "DATA1", 7 0, o0x7f34c0316018;  0 drivers
o0x7f34c0316048 .functor BUFZ 8, C4<zzzzzzzz>; HiZ drive
v0x55e1bdcd07c0_0 .net "DATA2", 7 0, o0x7f34c0316048;  0 drivers
v0x55e1bdcd08a0_0 .var "RESULT", 7 0;
o0x7f34c03160a8 .functor BUFZ 3, C4<zzz>; HiZ drive
v0x55e1bdcd0990_0 .net "SELECT", 2 0, o0x7f34c03160a8;  0 drivers
E_0x55e1bdcc1530 .event edge, v0x55e1bdcd0990_0, v0x55e1bdcd08a0_0, v0x55e1bdcd07c0_0, v0x55e1bdc8c370_0;
    .scope S_0x55e1bdc8c130;
T_0 ;
    %wait E_0x55e1bdcc1530;
    %load/vec4 v0x55e1bdcd0990_0;
    %dup/vec4;
    %pushi/vec4 0, 0, 3;
    %cmp/u;
    %jmp/1 T_0.0, 6;
    %dup/vec4;
    %pushi/vec4 1, 0, 3;
    %cmp/u;
    %jmp/1 T_0.1, 6;
    %dup/vec4;
    %pushi/vec4 2, 0, 3;
    %cmp/u;
    %jmp/1 T_0.2, 6;
    %dup/vec4;
    %pushi/vec4 3, 0, 3;
    %cmp/u;
    %jmp/1 T_0.3, 6;
    %pushi/vec4 0, 0, 8;
    %store/vec4 v0x55e1bdcd08a0_0, 0, 8;
    %jmp T_0.5;
T_0.0 ;
    %load/vec4 v0x55e1bdcd07c0_0;
    %store/vec4 v0x55e1bdcd08a0_0, 0, 8;
    %jmp T_0.5;
T_0.1 ;
    %load/vec4 v0x55e1bdc8c370_0;
    %load/vec4 v0x55e1bdcd07c0_0;
    %add;
    %store/vec4 v0x55e1bdcd08a0_0, 0, 8;
    %jmp T_0.5;
T_0.2 ;
    %load/vec4 v0x55e1bdc8c370_0;
    %load/vec4 v0x55e1bdcd07c0_0;
    %and;
    %store/vec4 v0x55e1bdcd08a0_0, 0, 8;
    %jmp T_0.5;
T_0.3 ;
    %load/vec4 v0x55e1bdc8c370_0;
    %load/vec4 v0x55e1bdcd07c0_0;
    %or;
    %store/vec4 v0x55e1bdcd08a0_0, 0, 8;
    %jmp T_0.5;
T_0.5 ;
    %pop/vec4 1;
    %jmp T_0;
    .thread T_0, $push;
# The file index is used to find the file name in the following table.
:file_names 3;
    "N/A";
    "<interactive>";
    "alu.v";
