#! /usr/bin/vvp
:ivl_version "10.3 (stable)";
:ivl_delay_selection "TYPICAL";
:vpi_time_precision + 0;
:vpi_module "system";
:vpi_module "vhdl_sys";
:vpi_module "v2005_math";
:vpi_module "va_math";
S_0x563f9af08130 .scope module, "control_unit" "control_unit" 2 11;
 .timescale 0 0;
    .port_info 0 /INPUT 8 "OP"
    .port_info 1 /OUTPUT 1 "twoscompMUXSEL"
    .port_info 2 /OUTPUT 1 "immeMUXSEL"
    .port_info 3 /OUTPUT 1 "regWRITEEN"
    .port_info 4 /OUTPUT 3 "aluOP"
o0x7f5a62fb6018 .functor BUFZ 8, C4<zzzzzzzz>; HiZ drive
v0x563f9af08350_0 .net "OP", 7 0, o0x7f5a62fb6018;  0 drivers
v0x563f9af50660_0 .var "aluOP", 2 0;
v0x563f9af50740_0 .var "immeMUXSEL", 0 0;
v0x563f9af50810_0 .var "regWRITEEN", 0 0;
v0x563f9af508d0_0 .var "twoscompMUXSEL", 0 0;
E_0x563f9af3db10 .event edge, v0x563f9af08350_0;
    .scope S_0x563f9af08130;
T_0 ;
    %wait E_0x563f9af3db10;
    %load/vec4 v0x563f9af08350_0;
    %dup/vec4;
    %pushi/vec4 0, 0, 8;
    %cmp/u;
    %jmp/1 T_0.0, 6;
    %dup/vec4;
    %pushi/vec4 1, 0, 8;
    %cmp/u;
    %jmp/1 T_0.1, 6;
    %dup/vec4;
    %pushi/vec4 2, 0, 8;
    %cmp/u;
    %jmp/1 T_0.2, 6;
    %dup/vec4;
    %pushi/vec4 3, 0, 8;
    %cmp/u;
    %jmp/1 T_0.3, 6;
    %dup/vec4;
    %pushi/vec4 4, 0, 8;
    %cmp/u;
    %jmp/1 T_0.4, 6;
    %dup/vec4;
    %pushi/vec4 5, 0, 8;
    %cmp/u;
    %jmp/1 T_0.5, 6;
    %jmp T_0.6;
T_0.0 ;
    %pushi/vec4 0, 0, 1;
    %store/vec4 v0x563f9af508d0_0, 0, 1;
    %pushi/vec4 0, 0, 1;
    %store/vec4 v0x563f9af50740_0, 0, 1;
    %pushi/vec4 1, 0, 1;
    %store/vec4 v0x563f9af50810_0, 0, 1;
    %pushi/vec4 1, 0, 3;
    %store/vec4 v0x563f9af50660_0, 0, 3;
    %jmp T_0.6;
T_0.1 ;
    %pushi/vec4 1, 0, 1;
    %store/vec4 v0x563f9af508d0_0, 0, 1;
    %pushi/vec4 0, 0, 1;
    %store/vec4 v0x563f9af50740_0, 0, 1;
    %pushi/vec4 1, 0, 1;
    %store/vec4 v0x563f9af50810_0, 0, 1;
    %pushi/vec4 1, 0, 3;
    %store/vec4 v0x563f9af50660_0, 0, 3;
    %jmp T_0.6;
T_0.2 ;
    %pushi/vec4 0, 0, 1;
    %store/vec4 v0x563f9af508d0_0, 0, 1;
    %pushi/vec4 0, 0, 1;
    %store/vec4 v0x563f9af50740_0, 0, 1;
    %pushi/vec4 1, 0, 1;
    %store/vec4 v0x563f9af50810_0, 0, 1;
    %pushi/vec4 2, 0, 3;
    %store/vec4 v0x563f9af50660_0, 0, 3;
    %jmp T_0.6;
T_0.3 ;
    %pushi/vec4 0, 0, 1;
    %store/vec4 v0x563f9af508d0_0, 0, 1;
    %pushi/vec4 0, 0, 1;
    %store/vec4 v0x563f9af50740_0, 0, 1;
    %pushi/vec4 1, 0, 1;
    %store/vec4 v0x563f9af50810_0, 0, 1;
    %pushi/vec4 3, 0, 3;
    %store/vec4 v0x563f9af50660_0, 0, 3;
    %jmp T_0.6;
T_0.4 ;
    %pushi/vec4 0, 0, 1;
    %store/vec4 v0x563f9af508d0_0, 0, 1;
    %pushi/vec4 0, 0, 1;
    %store/vec4 v0x563f9af50740_0, 0, 1;
    %pushi/vec4 1, 0, 1;
    %store/vec4 v0x563f9af50810_0, 0, 1;
    %pushi/vec4 0, 0, 3;
    %store/vec4 v0x563f9af50660_0, 0, 3;
    %jmp T_0.6;
T_0.5 ;
    %pushi/vec4 0, 0, 1;
    %store/vec4 v0x563f9af508d0_0, 0, 1;
    %pushi/vec4 1, 0, 1;
    %store/vec4 v0x563f9af50740_0, 0, 1;
    %pushi/vec4 1, 0, 1;
    %store/vec4 v0x563f9af50810_0, 0, 1;
    %pushi/vec4 0, 0, 3;
    %store/vec4 v0x563f9af50660_0, 0, 3;
    %jmp T_0.6;
T_0.6 ;
    %pop/vec4 1;
    %jmp T_0;
    .thread T_0, $push;
# The file index is used to find the file name in the following table.
:file_names 3;
    "N/A";
    "<interactive>";
    "control_unit.v";
