#! /usr/bin/vvp
:ivl_version "10.3 (stable)";
:ivl_delay_selection "TYPICAL";
:vpi_time_precision + 0;
:vpi_module "system";
:vpi_module "vhdl_sys";
:vpi_module "v2005_math";
:vpi_module "va_math";
S_0x56486048e0d0 .scope module, "reg_file" "reg_file" 2 1;
 .timescale 0 0;
    .port_info 0 /INPUT 8 "IN"
    .port_info 1 /OUTPUT 8 "OUT1"
    .port_info 2 /OUTPUT 8 "OUT2"
    .port_info 3 /INPUT 3 "INADDRESS"
    .port_info 4 /INPUT 3 "OUT1ADDRESS"
    .port_info 5 /INPUT 3 "OUT2ADDRESS"
    .port_info 6 /INPUT 1 "WRITE"
    .port_info 7 /INPUT 1 "CLK"
    .port_info 8 /INPUT 1 "RESET"
L_0x5648604d8600/d .functor BUFZ 8, L_0x5648604d8420, C4<00000000>, C4<00000000>, C4<00000000>;
L_0x5648604d8600 .delay 8 (2,2,2) L_0x5648604d8600/d;
L_0x5648604d89d0/d .functor BUFZ 8, L_0x5648604d8760, C4<00000000>, C4<00000000>, C4<00000000>;
L_0x5648604d89d0 .delay 8 (2,2,2) L_0x5648604d89d0/d;
o0x7f6719099018 .functor BUFZ 1, C4<z>; HiZ drive
v0x56486048e350_0 .net "CLK", 0 0, o0x7f6719099018;  0 drivers
o0x7f6719099048 .functor BUFZ 8, C4<zzzzzzzz>; HiZ drive
v0x5648604d7530_0 .net "IN", 7 0, o0x7f6719099048;  0 drivers
o0x7f6719099078 .functor BUFZ 3, C4<zzz>; HiZ drive
v0x5648604d7610_0 .net "INADDRESS", 2 0, o0x7f6719099078;  0 drivers
v0x5648604d76d0_0 .net "OUT1", 7 0, L_0x5648604d8600;  1 drivers
o0x7f67190990d8 .functor BUFZ 3, C4<zzz>; HiZ drive
v0x5648604d77b0_0 .net "OUT1ADDRESS", 2 0, o0x7f67190990d8;  0 drivers
v0x5648604d78e0_0 .net "OUT2", 7 0, L_0x5648604d89d0;  1 drivers
o0x7f6719099138 .functor BUFZ 3, C4<zzz>; HiZ drive
v0x5648604d79c0_0 .net "OUT2ADDRESS", 2 0, o0x7f6719099138;  0 drivers
o0x7f6719099168 .functor BUFZ 1, C4<z>; HiZ drive
v0x5648604d7aa0_0 .net "RESET", 0 0, o0x7f6719099168;  0 drivers
o0x7f6719099198 .functor BUFZ 1, C4<z>; HiZ drive
v0x5648604d7b60_0 .net "WRITE", 0 0, o0x7f6719099198;  0 drivers
v0x5648604d7c20_0 .net *"_s0", 7 0, L_0x5648604d8420;  1 drivers
v0x5648604d7d00_0 .net *"_s10", 4 0, L_0x5648604d8830;  1 drivers
L_0x7f6719050060 .functor BUFT 1, C4<00>, C4<0>, C4<0>, C4<0>;
v0x5648604d7de0_0 .net *"_s13", 1 0, L_0x7f6719050060;  1 drivers
v0x5648604d7ec0_0 .net *"_s2", 4 0, L_0x5648604d84e0;  1 drivers
L_0x7f6719050018 .functor BUFT 1, C4<00>, C4<0>, C4<0>, C4<0>;
v0x5648604d7fa0_0 .net *"_s5", 1 0, L_0x7f6719050018;  1 drivers
v0x5648604d8080_0 .net *"_s8", 7 0, L_0x5648604d8760;  1 drivers
v0x5648604d8160_0 .var/i "i", 31 0;
v0x5648604d8240 .array "registers", 0 7, 7 0;
E_0x5648604c3da0 .event edge, v0x5648604d7aa0_0, v0x5648604d8160_0;
E_0x5648604c4100 .event posedge, v0x56486048e350_0;
L_0x5648604d8420 .array/port v0x5648604d8240, L_0x5648604d84e0;
L_0x5648604d84e0 .concat [ 3 2 0 0], o0x7f67190990d8, L_0x7f6719050018;
L_0x5648604d8760 .array/port v0x5648604d8240, L_0x5648604d8830;
L_0x5648604d8830 .concat [ 3 2 0 0], o0x7f6719099138, L_0x7f6719050060;
    .scope S_0x56486048e0d0;
T_0 ;
    %wait E_0x5648604c4100;
    %load/vec4 v0x5648604d7b60_0;
    %cmpi/e 1, 0, 1;
    %jmp/0xz  T_0.0, 4;
    %delay 2, 0;
    %load/vec4 v0x5648604d7530_0;
    %load/vec4 v0x5648604d7610_0;
    %pad/u 5;
    %ix/vec4 4;
    %store/vec4a v0x5648604d8240, 4, 0;
T_0.0 ;
    %jmp T_0;
    .thread T_0;
    .scope S_0x56486048e0d0;
T_1 ;
    %wait E_0x5648604c3da0;
    %load/vec4 v0x5648604d7aa0_0;
    %cmpi/e 1, 0, 1;
    %jmp/0xz  T_1.0, 4;
    %delay 2, 0;
    %pushi/vec4 0, 0, 32;
    %store/vec4 v0x5648604d8160_0, 0, 32;
T_1.2 ;
    %load/vec4 v0x5648604d8160_0;
    %cmpi/s 8, 0, 32;
    %jmp/0xz T_1.3, 5;
    %pushi/vec4 0, 0, 8;
    %ix/getv/s 4, v0x5648604d8160_0;
    %store/vec4a v0x5648604d8240, 4, 0;
    %load/vec4 v0x5648604d8160_0;
    %pushi/vec4 1, 0, 32;
    %add;
    %store/vec4 v0x5648604d8160_0, 0, 32;
    %jmp T_1.2;
T_1.3 ;
T_1.0 ;
    %jmp T_1;
    .thread T_1, $push;
# The file index is used to find the file name in the following table.
:file_names 3;
    "N/A";
    "<interactive>";
    "reg_file.v";
