#! /usr/bin/vvp
:ivl_version "10.3 (stable)";
:ivl_delay_selection "TYPICAL";
:vpi_time_precision + 0;
:vpi_module "system";
:vpi_module "vhdl_sys";
:vpi_module "v2005_math";
:vpi_module "va_math";
S_0x562a870c2180 .scope module, "twoScomp" "twoScomp" 2 1;
 .timescale 0 0;
    .port_info 0 /INPUT 8 "INPUT"
    .port_info 1 /OUTPUT 8 "RESULT"
o0x7f8651dd0018 .functor BUFZ 8, C4<zzzzzzzz>; HiZ drive
v0x562a870c2340_0 .net "INPUT", 7 0, o0x7f8651dd0018;  0 drivers
v0x562a87104230_0 .var "RESULT", 7 0;
E_0x562a870c1650 .event edge, v0x562a870c2340_0;
    .scope S_0x562a870c2180;
T_0 ;
    %wait E_0x562a870c1650;
    %load/vec4 v0x562a870c2340_0;
    %muli 255, 0, 8;
    %store/vec4 v0x562a87104230_0, 0, 8;
    %jmp T_0;
    .thread T_0, $push;
# The file index is used to find the file name in the following table.
:file_names 3;
    "N/A";
    "<interactive>";
    "twosComp.v";
