#! /usr/bin/vvp
:ivl_version "10.3 (stable)";
:ivl_delay_selection "TYPICAL";
:vpi_time_precision + 0;
:vpi_module "system";
:vpi_module "vhdl_sys";
:vpi_module "v2005_math";
:vpi_module "va_math";
S_0x560ea3d4a0d0 .scope module, "mux2to1_1bit" "mux2to1_1bit" 2 6;
 .timescale 0 0;
    .port_info 0 /INPUT 1 "INPUT1"
    .port_info 1 /INPUT 1 "INPUT2"
    .port_info 2 /INPUT 1 "INPUT3"
    .port_info 3 /INPUT 1 "INPUT4"
    .port_info 4 /OUTPUT 1 "RESULT"
    .port_info 5 /INPUT 2 "SELECT"
o0x7fba6ecda018 .functor BUFZ 1, C4<z>; HiZ drive
v0x560ea3d4a2f0_0 .net "INPUT1", 0 0, o0x7fba6ecda018;  0 drivers
o0x7fba6ecda048 .functor BUFZ 1, C4<z>; HiZ drive
v0x560ea3d8e120_0 .net "INPUT2", 0 0, o0x7fba6ecda048;  0 drivers
o0x7fba6ecda078 .functor BUFZ 1, C4<z>; HiZ drive
v0x560ea3d8e1e0_0 .net "INPUT3", 0 0, o0x7fba6ecda078;  0 drivers
o0x7fba6ecda0a8 .functor BUFZ 1, C4<z>; HiZ drive
v0x560ea3d8e280_0 .net "INPUT4", 0 0, o0x7fba6ecda0a8;  0 drivers
v0x560ea3d8e340_0 .var "RESULT", 0 0;
o0x7fba6ecda108 .functor BUFZ 2, C4<zz>; HiZ drive
v0x560ea3d8e450_0 .net "SELECT", 1 0, o0x7fba6ecda108;  0 drivers
E_0x560ea3d7fb90/0 .event edge, v0x560ea3d8e450_0, v0x560ea3d4a2f0_0, v0x560ea3d8e120_0, v0x560ea3d8e1e0_0;
E_0x560ea3d7fb90/1 .event edge, v0x560ea3d8e280_0;
E_0x560ea3d7fb90 .event/or E_0x560ea3d7fb90/0, E_0x560ea3d7fb90/1;
    .scope S_0x560ea3d4a0d0;
T_0 ;
    %wait E_0x560ea3d7fb90;
    %load/vec4 v0x560ea3d8e450_0;
    %cmpi/e 0, 0, 2;
    %jmp/0xz  T_0.0, 4;
    %load/vec4 v0x560ea3d4a2f0_0;
    %store/vec4 v0x560ea3d8e340_0, 0, 1;
    %jmp T_0.1;
T_0.0 ;
    %load/vec4 v0x560ea3d8e450_0;
    %cmpi/e 1, 0, 2;
    %jmp/0xz  T_0.2, 4;
    %load/vec4 v0x560ea3d8e120_0;
    %store/vec4 v0x560ea3d8e340_0, 0, 1;
    %jmp T_0.3;
T_0.2 ;
    %load/vec4 v0x560ea3d8e450_0;
    %cmpi/e 2, 0, 2;
    %jmp/0xz  T_0.4, 4;
    %load/vec4 v0x560ea3d8e1e0_0;
    %store/vec4 v0x560ea3d8e340_0, 0, 1;
    %jmp T_0.5;
T_0.4 ;
    %load/vec4 v0x560ea3d8e280_0;
    %store/vec4 v0x560ea3d8e340_0, 0, 1;
T_0.5 ;
T_0.3 ;
T_0.1 ;
    %jmp T_0;
    .thread T_0, $push;
# The file index is used to find the file name in the following table.
:file_names 3;
    "N/A";
    "<interactive>";
    "mux4to1_1bit.v";
