#! /usr/bin/vvp
:ivl_version "10.3 (stable)";
:ivl_delay_selection "TYPICAL";
:vpi_time_precision + 0;
:vpi_module "system";
:vpi_module "vhdl_sys";
:vpi_module "v2005_math";
:vpi_module "va_math";
S_0x55763ada64d0 .scope module, "barrelShifter" "barrelShifter" 2 5;
 .timescale 0 0;
    .port_info 0 /INPUT 8 "INPUT"
    .port_info 1 /OUTPUT 8 "OUTPUT"
    .port_info 2 /INPUT 8 "SHIFT"
    .port_info 3 /INPUT 2 "SHIFT_MODE"
L_0x55763adecd90 .functor OR 1, L_0x55763adf74f0, L_0x55763adf75c0, C4<0>, C4<0>;
L_0x55763adf7b40 .functor OR 1, L_0x55763adecd90, L_0x55763adf7aa0, C4<0>, C4<0>;
L_0x55763adf8040 .functor OR 1, L_0x55763adf7b40, L_0x55763adf7c50, C4<0>, C4<0>;
L_0x55763adf81f0 .functor OR 1, L_0x55763adf8040, L_0x55763adf8150, C4<0>, C4<0>;
v0x55763ade9970_0 .net "ININTER", 7 0, v0x55763addab80_0;  1 drivers
v0x55763ade9a50_0 .net "INNER3", 7 0, L_0x55763adf6e60;  1 drivers
o0x7f3a12bf3018 .functor BUFZ 8, C4<zzzzzzzz>; HiZ drive
v0x55763ade9b20_0 .net "INPUT", 7 0, o0x7f3a12bf3018;  0 drivers
v0x55763ade9c20_0 .net "INTER1", 7 0, L_0x55763adf0c80;  1 drivers
v0x55763ade9cc0_0 .net "INTER2", 7 0, L_0x55763adf38f0;  1 drivers
v0x55763ade9df0_0 .var "LAYER4_IN", 7 0;
v0x55763ade9eb0_0 .net "OUTINTER", 7 0, v0x55763addc530_0;  1 drivers
v0x55763ade9fa0_0 .net "OUTPUT", 7 0, v0x55763ade9720_0;  1 drivers
o0x7f3a12bf65e8 .functor BUFZ 8, C4<zzzzzzzz>; HiZ drive
v0x55763adea060_0 .net "SHIFT", 7 0, o0x7f3a12bf65e8;  0 drivers
v0x55763adea1b0_0 .var "SHIFT_DIR", 0 0;
o0x7f3a12bf57d8 .functor BUFZ 2, C4<zz>; HiZ drive
v0x55763adea250_0 .net "SHIFT_MODE", 1 0, o0x7f3a12bf57d8;  0 drivers
v0x55763adea310_0 .net "TMP1", 0 0, v0x55763ade5980_0;  1 drivers
v0x55763adea400_0 .net "TMP2", 0 0, v0x55763ade6260_0;  1 drivers
v0x55763adea4f0_0 .net "TMP3", 0 0, v0x55763ade6b30_0;  1 drivers
v0x55763adea5e0_0 .net "TMP4", 0 0, v0x55763ade7410_0;  1 drivers
v0x55763adea6d0_0 .net "TMP5", 0 0, v0x55763ade7cd0_0;  1 drivers
v0x55763adea7c0_0 .net "TMP6", 0 0, v0x55763ade8540_0;  1 drivers
v0x55763adea8b0_0 .net "TMP7", 0 0, v0x55763ade9010_0;  1 drivers
v0x55763adea9a0_0 .net *"_s274", 0 0, L_0x55763adf74f0;  1 drivers
v0x55763adeaa80_0 .net *"_s276", 0 0, L_0x55763adf75c0;  1 drivers
v0x55763adeab60_0 .net *"_s277", 0 0, L_0x55763adecd90;  1 drivers
v0x55763adeac40_0 .net *"_s280", 0 0, L_0x55763adf7aa0;  1 drivers
v0x55763adead20_0 .net *"_s281", 0 0, L_0x55763adf7b40;  1 drivers
v0x55763adeae00_0 .net *"_s284", 0 0, L_0x55763adf7c50;  1 drivers
v0x55763adeaee0_0 .net *"_s285", 0 0, L_0x55763adf8040;  1 drivers
v0x55763adeafc0_0 .net *"_s288", 0 0, L_0x55763adf8150;  1 drivers
v0x55763adeb0a0_0 .net *"_s57", 0 0, L_0x55763aded0b0;  1 drivers
v0x55763adeb180_0 .net *"_s59", 0 0, L_0x55763aded180;  1 drivers
v0x55763adeb260_0 .net *"_s61", 0 0, L_0x55763aded2e0;  1 drivers
v0x55763adeb340_0 .net *"_s63", 0 0, L_0x55763aded3b0;  1 drivers
v0x55763adeb420_0 .net *"_s65", 0 0, L_0x55763aded520;  1 drivers
v0x55763adeb500_0 .net *"_s67", 0 0, L_0x55763aded5f0;  1 drivers
v0x55763adeb5e0_0 .net *"_s69", 0 0, L_0x55763aded480;  1 drivers
v0x55763adeb8d0_0 .net *"_s71", 0 0, L_0x55763aded7a0;  1 drivers
v0x55763adeb9b0_0 .net *"_s75", 0 0, L_0x55763adede40;  1 drivers
v0x55763adeba90_0 .net *"_s77", 0 0, L_0x55763adedfb0;  1 drivers
v0x55763adebb70_0 .net *"_s79", 0 0, L_0x55763adee050;  1 drivers
v0x55763adebc50_0 .net *"_s81", 0 0, L_0x55763adee1d0;  1 drivers
v0x55763adebd30_0 .net *"_s83", 0 0, L_0x55763adee270;  1 drivers
v0x55763adebe10_0 .net *"_s85", 0 0, L_0x55763adee400;  1 drivers
v0x55763adebef0_0 .net *"_s87", 0 0, L_0x55763adee4a0;  1 drivers
v0x55763adebfd0_0 .net *"_s89", 0 0, L_0x55763adee640;  1 drivers
E_0x55763ad7d030 .event edge, v0x55763ade5a70_0, v0x55763ada9a40_0, v0x55763addc350_0;
L_0x55763adec130 .part o0x7f3a12bf3018, 7, 1;
L_0x55763adec220 .part v0x55763addab80_0, 7, 1;
L_0x55763adec310 .part o0x7f3a12bf3018, 7, 1;
L_0x55763adec3b0 .part L_0x55763adf0c80, 6, 1;
L_0x55763adec500 .part o0x7f3a12bf3018, 7, 1;
L_0x55763adec5a0 .part L_0x55763adf0c80, 7, 1;
L_0x55763adec6b0 .part o0x7f3a12bf3018, 7, 1;
L_0x55763adec780 .part L_0x55763adf38f0, 4, 1;
L_0x55763adec9c0 .part o0x7f3a12bf3018, 7, 1;
L_0x55763adeca90 .part L_0x55763adf38f0, 5, 1;
L_0x55763adecbf0 .part o0x7f3a12bf3018, 7, 1;
L_0x55763adeccc0 .part L_0x55763adf38f0, 6, 1;
L_0x55763adece60 .part o0x7f3a12bf3018, 7, 1;
L_0x55763adecf30 .part L_0x55763adf38f0, 7, 1;
L_0x55763aded0b0 .part o0x7f3a12bf3018, 0, 1;
L_0x55763aded180 .part o0x7f3a12bf3018, 1, 1;
L_0x55763aded2e0 .part o0x7f3a12bf3018, 2, 1;
L_0x55763aded3b0 .part o0x7f3a12bf3018, 3, 1;
L_0x55763aded520 .part o0x7f3a12bf3018, 4, 1;
L_0x55763aded5f0 .part o0x7f3a12bf3018, 5, 1;
L_0x55763aded480 .part o0x7f3a12bf3018, 6, 1;
L_0x55763aded7a0 .part o0x7f3a12bf3018, 7, 1;
LS_0x55763adedb40_0_0 .concat [ 1 1 1 1], L_0x55763aded7a0, L_0x55763aded480, L_0x55763aded5f0, L_0x55763aded520;
LS_0x55763adedb40_0_4 .concat [ 1 1 1 1], L_0x55763aded3b0, L_0x55763aded2e0, L_0x55763aded180, L_0x55763aded0b0;
L_0x55763adedb40 .concat [ 4 4 0 0], LS_0x55763adedb40_0_0, LS_0x55763adedb40_0_4;
L_0x55763adede40 .part v0x55763addc530_0, 0, 1;
L_0x55763adedfb0 .part v0x55763addc530_0, 1, 1;
L_0x55763adee050 .part v0x55763addc530_0, 2, 1;
L_0x55763adee1d0 .part v0x55763addc530_0, 3, 1;
L_0x55763adee270 .part v0x55763addc530_0, 4, 1;
L_0x55763adee400 .part v0x55763addc530_0, 5, 1;
L_0x55763adee4a0 .part v0x55763addc530_0, 6, 1;
L_0x55763adee640 .part v0x55763addc530_0, 7, 1;
LS_0x55763adee6e0_0_0 .concat [ 1 1 1 1], L_0x55763adee640, L_0x55763adee4a0, L_0x55763adee400, L_0x55763adee270;
LS_0x55763adee6e0_0_4 .concat [ 1 1 1 1], L_0x55763adee1d0, L_0x55763adee050, L_0x55763adedfb0, L_0x55763adede40;
L_0x55763adee6e0 .concat [ 4 4 0 0], LS_0x55763adee6e0_0_0, LS_0x55763adee6e0_0_4;
L_0x55763adeeb40 .part v0x55763addab80_0, 0, 1;
L_0x55763adeebe0 .part o0x7f3a12bf65e8, 0, 1;
L_0x55763adeeda0 .part v0x55763addab80_0, 1, 1;
L_0x55763adeee40 .part v0x55763addab80_0, 0, 1;
L_0x55763adeec80 .part o0x7f3a12bf65e8, 0, 1;
L_0x55763adef010 .part v0x55763addab80_0, 2, 1;
L_0x55763adef1f0 .part v0x55763addab80_0, 1, 1;
L_0x55763adef290 .part o0x7f3a12bf65e8, 0, 1;
L_0x55763adef480 .part v0x55763addab80_0, 3, 1;
L_0x55763adef520 .part v0x55763addab80_0, 2, 1;
L_0x55763adef720 .part o0x7f3a12bf65e8, 0, 1;
L_0x55763adef7f0 .part v0x55763addab80_0, 4, 1;
L_0x55763adefa30 .part v0x55763addab80_0, 3, 1;
L_0x55763adefb00 .part o0x7f3a12bf65e8, 0, 1;
L_0x55763adefd50 .part v0x55763addab80_0, 5, 1;
L_0x55763adefe20 .part v0x55763addab80_0, 4, 1;
L_0x55763adf0080 .part o0x7f3a12bf65e8, 0, 1;
L_0x55763adf0150 .part v0x55763addab80_0, 6, 1;
L_0x55763adf03c0 .part v0x55763addab80_0, 5, 1;
L_0x55763adf0490 .part o0x7f3a12bf65e8, 0, 1;
L_0x55763adf0710 .part v0x55763addab80_0, 7, 1;
L_0x55763adf09f0 .part v0x55763addab80_0, 6, 1;
LS_0x55763adf0c80_0_0 .concat8 [ 1 1 1 1], v0x55763addb1a0_0, v0x55763addcbc0_0, v0x55763adddfa0_0, v0x55763addf330_0;
LS_0x55763adf0c80_0_4 .concat8 [ 1 1 1 1], v0x55763ade0710_0, v0x55763ade1c00_0, v0x55763ade2fe0_0, v0x55763ade43c0_0;
L_0x55763adf0c80 .concat8 [ 4 4 0 0], LS_0x55763adf0c80_0_0, LS_0x55763adf0c80_0_4;
L_0x55763adf0ea0 .part o0x7f3a12bf65e8, 0, 1;
L_0x55763adf1140 .part L_0x55763adf0c80, 0, 1;
L_0x55763adf1210 .part o0x7f3a12bf65e8, 1, 1;
L_0x55763adf14c0 .part L_0x55763adf0c80, 1, 1;
L_0x55763adf1590 .part o0x7f3a12bf65e8, 1, 1;
L_0x55763adf1850 .part L_0x55763adf0c80, 2, 1;
L_0x55763adf1920 .part L_0x55763adf0c80, 0, 1;
L_0x55763adf1bf0 .part o0x7f3a12bf65e8, 1, 1;
L_0x55763adf1cc0 .part L_0x55763adf0c80, 3, 1;
L_0x55763adf20b0 .part L_0x55763adf0c80, 1, 1;
L_0x55763adf2180 .part o0x7f3a12bf65e8, 1, 1;
L_0x55763adf2470 .part L_0x55763adf0c80, 4, 1;
L_0x55763adf2540 .part L_0x55763adf0c80, 2, 1;
L_0x55763adf2840 .part o0x7f3a12bf65e8, 1, 1;
L_0x55763adf2910 .part L_0x55763adf0c80, 5, 1;
L_0x55763adf2c20 .part L_0x55763adf0c80, 3, 1;
L_0x55763adf2cf0 .part o0x7f3a12bf65e8, 1, 1;
L_0x55763adf3010 .part L_0x55763adf0c80, 6, 1;
L_0x55763adf30e0 .part L_0x55763adf0c80, 4, 1;
L_0x55763adf3410 .part o0x7f3a12bf65e8, 1, 1;
L_0x55763adf34e0 .part L_0x55763adf0c80, 7, 1;
L_0x55763adf3820 .part L_0x55763adf0c80, 5, 1;
LS_0x55763adf38f0_0_0 .concat8 [ 1 1 1 1], v0x55763addb7e0_0, v0x55763addd260_0, v0x55763adde5f0_0, v0x55763addf9d0_0;
LS_0x55763adf38f0_0_4 .concat8 [ 1 1 1 1], v0x55763ade0db0_0, v0x55763ade22a0_0, v0x55763ade3680_0, v0x55763ade4a60_0;
L_0x55763adf38f0 .concat8 [ 4 4 0 0], LS_0x55763adf38f0_0_0, LS_0x55763adf38f0_0_4;
L_0x55763adf3d90 .part o0x7f3a12bf65e8, 1, 1;
L_0x55763adf4070 .part L_0x55763adf38f0, 0, 1;
L_0x55763adf43d0 .part o0x7f3a12bf65e8, 2, 1;
L_0x55763adf44a0 .part L_0x55763adf38f0, 1, 1;
L_0x55763adf4810 .part o0x7f3a12bf65e8, 2, 1;
L_0x55763adf48e0 .part L_0x55763adf38f0, 2, 1;
L_0x55763adf4c60 .part o0x7f3a12bf65e8, 2, 1;
L_0x55763adf4d30 .part L_0x55763adf38f0, 3, 1;
L_0x55763adf50c0 .part o0x7f3a12bf65e8, 2, 1;
L_0x55763adf5190 .part L_0x55763adf38f0, 4, 1;
L_0x55763adf5530 .part L_0x55763adf38f0, 0, 1;
L_0x55763adf5600 .part o0x7f3a12bf65e8, 2, 1;
L_0x55763adf59b0 .part L_0x55763adf38f0, 5, 1;
L_0x55763adf5a80 .part L_0x55763adf38f0, 1, 1;
L_0x55763adf5e40 .part o0x7f3a12bf65e8, 2, 1;
L_0x55763adf5f10 .part L_0x55763adf38f0, 6, 1;
L_0x55763adf62e0 .part L_0x55763adf38f0, 2, 1;
L_0x55763adf63b0 .part o0x7f3a12bf65e8, 2, 1;
L_0x55763adf6790 .part L_0x55763adf38f0, 7, 1;
L_0x55763adf6a70 .part L_0x55763adf38f0, 3, 1;
LS_0x55763adf6e60_0_0 .concat8 [ 1 1 1 1], v0x55763addbe40_0, v0x55763addd900_0, v0x55763addec90_0, v0x55763ade0070_0;
LS_0x55763adf6e60_0_4 .concat8 [ 1 1 1 1], v0x55763ade1560_0, v0x55763ade2940_0, v0x55763ade3d20_0, v0x55763ade5100_0;
L_0x55763adf6e60 .concat8 [ 4 4 0 0], LS_0x55763adf6e60_0_0, LS_0x55763adf6e60_0_4;
L_0x55763adf70f0 .part o0x7f3a12bf65e8, 2, 1;
L_0x55763adf74f0 .part o0x7f3a12bf65e8, 3, 1;
L_0x55763adf75c0 .part o0x7f3a12bf65e8, 4, 1;
L_0x55763adf7aa0 .part o0x7f3a12bf65e8, 5, 1;
L_0x55763adf7c50 .part o0x7f3a12bf65e8, 6, 1;
L_0x55763adf8150 .part o0x7f3a12bf65e8, 7, 1;
S_0x55763ada38c0 .scope module, "inmux" "mux2to1_8bit" 2 29, 3 6 0, S_0x55763ada64d0;
 .timescale 0 0;
    .port_info 0 /INPUT 8 "INPUT1"
    .port_info 1 /INPUT 8 "INPUT2"
    .port_info 2 /OUTPUT 8 "RESULT"
    .port_info 3 /INPUT 1 "SELECT"
v0x55763ada9a40_0 .net "INPUT1", 7 0, o0x7f3a12bf3018;  alias, 0 drivers
v0x55763addaaa0_0 .net "INPUT2", 7 0, L_0x55763adedb40;  1 drivers
v0x55763addab80_0 .var "RESULT", 7 0;
v0x55763addac40_0 .net "SELECT", 0 0, v0x55763adea1b0_0;  1 drivers
E_0x55763ad7d160 .event edge, v0x55763addac40_0, v0x55763ada9a40_0, v0x55763addaaa0_0;
S_0x55763addad80 .scope module, "m0" "mux2to1_1bit" 2 34, 4 6 0, S_0x55763ada64d0;
 .timescale 0 0;
    .port_info 0 /INPUT 1 "INPUT1"
    .port_info 1 /INPUT 1 "INPUT2"
    .port_info 2 /OUTPUT 1 "RESULT"
    .port_info 3 /INPUT 1 "SELECT"
v0x55763addb000_0 .net "INPUT1", 0 0, L_0x55763adeeb40;  1 drivers
v0x55763addb0e0_0 .net "INPUT2", 0 0, v0x55763ade5980_0;  alias, 1 drivers
v0x55763addb1a0_0 .var "RESULT", 0 0;
v0x55763addb240_0 .net "SELECT", 0 0, L_0x55763adeebe0;  1 drivers
E_0x55763ad7d290 .event edge, v0x55763addb240_0, v0x55763addb000_0, v0x55763addb0e0_0;
S_0x55763addb3b0 .scope module, "m00" "mux2to1_1bit" 2 43, 4 6 0, S_0x55763ada64d0;
 .timescale 0 0;
    .port_info 0 /INPUT 1 "INPUT1"
    .port_info 1 /INPUT 1 "INPUT2"
    .port_info 2 /OUTPUT 1 "RESULT"
    .port_info 3 /INPUT 1 "SELECT"
v0x55763addb640_0 .net "INPUT1", 0 0, L_0x55763adf1140;  1 drivers
v0x55763addb720_0 .net "INPUT2", 0 0, v0x55763ade6260_0;  alias, 1 drivers
v0x55763addb7e0_0 .var "RESULT", 0 0;
v0x55763addb8b0_0 .net "SELECT", 0 0, L_0x55763adf1210;  1 drivers
E_0x55763ad7d3c0 .event edge, v0x55763addb8b0_0, v0x55763addb640_0, v0x55763addb720_0;
S_0x55763addba20 .scope module, "m000" "mux2to1_1bit" 2 52, 4 6 0, S_0x55763ada64d0;
 .timescale 0 0;
    .port_info 0 /INPUT 1 "INPUT1"
    .port_info 1 /INPUT 1 "INPUT2"
    .port_info 2 /OUTPUT 1 "RESULT"
    .port_info 3 /INPUT 1 "SELECT"
v0x55763addbca0_0 .net "INPUT1", 0 0, L_0x55763adf4070;  1 drivers
v0x55763addbd80_0 .net "INPUT2", 0 0, v0x55763ade7410_0;  alias, 1 drivers
v0x55763addbe40_0 .var "RESULT", 0 0;
v0x55763addbf10_0 .net "SELECT", 0 0, L_0x55763adf43d0;  1 drivers
E_0x55763ad7d4f0 .event edge, v0x55763addbf10_0, v0x55763addbca0_0, v0x55763addbd80_0;
S_0x55763addc080 .scope module, "m0000" "mux2to1_8bit" 2 62, 3 6 0, S_0x55763ada64d0;
 .timescale 0 0;
    .port_info 0 /INPUT 8 "INPUT1"
    .port_info 1 /INPUT 8 "INPUT2"
    .port_info 2 /OUTPUT 8 "RESULT"
    .port_info 3 /INPUT 1 "SELECT"
v0x55763addc350_0 .net "INPUT1", 7 0, L_0x55763adf6e60;  alias, 1 drivers
v0x55763addc450_0 .net "INPUT2", 7 0, v0x55763ade9df0_0;  1 drivers
v0x55763addc530_0 .var "RESULT", 7 0;
v0x55763addc5f0_0 .net "SELECT", 0 0, L_0x55763adf81f0;  1 drivers
E_0x55763adc82a0 .event edge, v0x55763addc5f0_0, v0x55763addc350_0, v0x55763addc450_0;
S_0x55763addc760 .scope module, "m1" "mux2to1_1bit" 2 35, 4 6 0, S_0x55763ada64d0;
 .timescale 0 0;
    .port_info 0 /INPUT 1 "INPUT1"
    .port_info 1 /INPUT 1 "INPUT2"
    .port_info 2 /OUTPUT 1 "RESULT"
    .port_info 3 /INPUT 1 "SELECT"
v0x55763addca20_0 .net "INPUT1", 0 0, L_0x55763adeeda0;  1 drivers
v0x55763addcb00_0 .net "INPUT2", 0 0, L_0x55763adeee40;  1 drivers
v0x55763addcbc0_0 .var "RESULT", 0 0;
v0x55763addcc90_0 .net "SELECT", 0 0, L_0x55763adeec80;  1 drivers
E_0x55763addc9a0 .event edge, v0x55763addcc90_0, v0x55763addca20_0, v0x55763addcb00_0;
S_0x55763addce00 .scope module, "m11" "mux2to1_1bit" 2 44, 4 6 0, S_0x55763ada64d0;
 .timescale 0 0;
    .port_info 0 /INPUT 1 "INPUT1"
    .port_info 1 /INPUT 1 "INPUT2"
    .port_info 2 /OUTPUT 1 "RESULT"
    .port_info 3 /INPUT 1 "SELECT"
v0x55763addd0c0_0 .net "INPUT1", 0 0, L_0x55763adf14c0;  1 drivers
v0x55763addd1a0_0 .net "INPUT2", 0 0, v0x55763ade6b30_0;  alias, 1 drivers
v0x55763addd260_0 .var "RESULT", 0 0;
v0x55763addd330_0 .net "SELECT", 0 0, L_0x55763adf1590;  1 drivers
E_0x55763addd040 .event edge, v0x55763addd330_0, v0x55763addd0c0_0, v0x55763addd1a0_0;
S_0x55763addd4a0 .scope module, "m111" "mux2to1_1bit" 2 53, 4 6 0, S_0x55763ada64d0;
 .timescale 0 0;
    .port_info 0 /INPUT 1 "INPUT1"
    .port_info 1 /INPUT 1 "INPUT2"
    .port_info 2 /OUTPUT 1 "RESULT"
    .port_info 3 /INPUT 1 "SELECT"
v0x55763addd760_0 .net "INPUT1", 0 0, L_0x55763adf44a0;  1 drivers
v0x55763addd840_0 .net "INPUT2", 0 0, v0x55763ade7cd0_0;  alias, 1 drivers
v0x55763addd900_0 .var "RESULT", 0 0;
v0x55763addd9d0_0 .net "SELECT", 0 0, L_0x55763adf4810;  1 drivers
E_0x55763addd6e0 .event edge, v0x55763addd9d0_0, v0x55763addd760_0, v0x55763addd840_0;
S_0x55763adddb40 .scope module, "m2" "mux2to1_1bit" 2 36, 4 6 0, S_0x55763ada64d0;
 .timescale 0 0;
    .port_info 0 /INPUT 1 "INPUT1"
    .port_info 1 /INPUT 1 "INPUT2"
    .port_info 2 /OUTPUT 1 "RESULT"
    .port_info 3 /INPUT 1 "SELECT"
v0x55763addde00_0 .net "INPUT1", 0 0, L_0x55763adef010;  1 drivers
v0x55763adddee0_0 .net "INPUT2", 0 0, L_0x55763adef1f0;  1 drivers
v0x55763adddfa0_0 .var "RESULT", 0 0;
v0x55763adde070_0 .net "SELECT", 0 0, L_0x55763adef290;  1 drivers
E_0x55763adddd80 .event edge, v0x55763adde070_0, v0x55763addde00_0, v0x55763adddee0_0;
S_0x55763adde1e0 .scope module, "m22" "mux2to1_1bit" 2 45, 4 6 0, S_0x55763ada64d0;
 .timescale 0 0;
    .port_info 0 /INPUT 1 "INPUT1"
    .port_info 1 /INPUT 1 "INPUT2"
    .port_info 2 /OUTPUT 1 "RESULT"
    .port_info 3 /INPUT 1 "SELECT"
v0x55763adde450_0 .net "INPUT1", 0 0, L_0x55763adf1850;  1 drivers
v0x55763adde530_0 .net "INPUT2", 0 0, L_0x55763adf1920;  1 drivers
v0x55763adde5f0_0 .var "RESULT", 0 0;
v0x55763adde6c0_0 .net "SELECT", 0 0, L_0x55763adf1bf0;  1 drivers
E_0x55763adde3d0 .event edge, v0x55763adde6c0_0, v0x55763adde450_0, v0x55763adde530_0;
S_0x55763adde830 .scope module, "m222" "mux2to1_1bit" 2 54, 4 6 0, S_0x55763ada64d0;
 .timescale 0 0;
    .port_info 0 /INPUT 1 "INPUT1"
    .port_info 1 /INPUT 1 "INPUT2"
    .port_info 2 /OUTPUT 1 "RESULT"
    .port_info 3 /INPUT 1 "SELECT"
v0x55763addeaf0_0 .net "INPUT1", 0 0, L_0x55763adf48e0;  1 drivers
v0x55763addebd0_0 .net "INPUT2", 0 0, v0x55763ade8540_0;  alias, 1 drivers
v0x55763addec90_0 .var "RESULT", 0 0;
v0x55763added60_0 .net "SELECT", 0 0, L_0x55763adf4c60;  1 drivers
E_0x55763addea70 .event edge, v0x55763added60_0, v0x55763addeaf0_0, v0x55763addebd0_0;
S_0x55763addeed0 .scope module, "m3" "mux2to1_1bit" 2 37, 4 6 0, S_0x55763ada64d0;
 .timescale 0 0;
    .port_info 0 /INPUT 1 "INPUT1"
    .port_info 1 /INPUT 1 "INPUT2"
    .port_info 2 /OUTPUT 1 "RESULT"
    .port_info 3 /INPUT 1 "SELECT"
v0x55763addf190_0 .net "INPUT1", 0 0, L_0x55763adef480;  1 drivers
v0x55763addf270_0 .net "INPUT2", 0 0, L_0x55763adef520;  1 drivers
v0x55763addf330_0 .var "RESULT", 0 0;
v0x55763addf400_0 .net "SELECT", 0 0, L_0x55763adef720;  1 drivers
E_0x55763addf110 .event edge, v0x55763addf400_0, v0x55763addf190_0, v0x55763addf270_0;
S_0x55763addf570 .scope module, "m33" "mux2to1_1bit" 2 46, 4 6 0, S_0x55763ada64d0;
 .timescale 0 0;
    .port_info 0 /INPUT 1 "INPUT1"
    .port_info 1 /INPUT 1 "INPUT2"
    .port_info 2 /OUTPUT 1 "RESULT"
    .port_info 3 /INPUT 1 "SELECT"
v0x55763addf830_0 .net "INPUT1", 0 0, L_0x55763adf1cc0;  1 drivers
v0x55763addf910_0 .net "INPUT2", 0 0, L_0x55763adf20b0;  1 drivers
v0x55763addf9d0_0 .var "RESULT", 0 0;
v0x55763addfaa0_0 .net "SELECT", 0 0, L_0x55763adf2180;  1 drivers
E_0x55763addf7b0 .event edge, v0x55763addfaa0_0, v0x55763addf830_0, v0x55763addf910_0;
S_0x55763addfc10 .scope module, "m333" "mux2to1_1bit" 2 55, 4 6 0, S_0x55763ada64d0;
 .timescale 0 0;
    .port_info 0 /INPUT 1 "INPUT1"
    .port_info 1 /INPUT 1 "INPUT2"
    .port_info 2 /OUTPUT 1 "RESULT"
    .port_info 3 /INPUT 1 "SELECT"
v0x55763addfed0_0 .net "INPUT1", 0 0, L_0x55763adf4d30;  1 drivers
v0x55763addffb0_0 .net "INPUT2", 0 0, v0x55763ade9010_0;  alias, 1 drivers
v0x55763ade0070_0 .var "RESULT", 0 0;
v0x55763ade0140_0 .net "SELECT", 0 0, L_0x55763adf50c0;  1 drivers
E_0x55763addfe50 .event edge, v0x55763ade0140_0, v0x55763addfed0_0, v0x55763addffb0_0;
S_0x55763ade02b0 .scope module, "m4" "mux2to1_1bit" 2 38, 4 6 0, S_0x55763ada64d0;
 .timescale 0 0;
    .port_info 0 /INPUT 1 "INPUT1"
    .port_info 1 /INPUT 1 "INPUT2"
    .port_info 2 /OUTPUT 1 "RESULT"
    .port_info 3 /INPUT 1 "SELECT"
v0x55763ade0570_0 .net "INPUT1", 0 0, L_0x55763adef7f0;  1 drivers
v0x55763ade0650_0 .net "INPUT2", 0 0, L_0x55763adefa30;  1 drivers
v0x55763ade0710_0 .var "RESULT", 0 0;
v0x55763ade07e0_0 .net "SELECT", 0 0, L_0x55763adefb00;  1 drivers
E_0x55763ade04f0 .event edge, v0x55763ade07e0_0, v0x55763ade0570_0, v0x55763ade0650_0;
S_0x55763ade0950 .scope module, "m44" "mux2to1_1bit" 2 47, 4 6 0, S_0x55763ada64d0;
 .timescale 0 0;
    .port_info 0 /INPUT 1 "INPUT1"
    .port_info 1 /INPUT 1 "INPUT2"
    .port_info 2 /OUTPUT 1 "RESULT"
    .port_info 3 /INPUT 1 "SELECT"
v0x55763ade0c10_0 .net "INPUT1", 0 0, L_0x55763adf2470;  1 drivers
v0x55763ade0cf0_0 .net "INPUT2", 0 0, L_0x55763adf2540;  1 drivers
v0x55763ade0db0_0 .var "RESULT", 0 0;
v0x55763ade0e80_0 .net "SELECT", 0 0, L_0x55763adf2840;  1 drivers
E_0x55763ade0b90 .event edge, v0x55763ade0e80_0, v0x55763ade0c10_0, v0x55763ade0cf0_0;
S_0x55763ade0ff0 .scope module, "m444" "mux2to1_1bit" 2 56, 4 6 0, S_0x55763ada64d0;
 .timescale 0 0;
    .port_info 0 /INPUT 1 "INPUT1"
    .port_info 1 /INPUT 1 "INPUT2"
    .port_info 2 /OUTPUT 1 "RESULT"
    .port_info 3 /INPUT 1 "SELECT"
v0x55763ade13c0_0 .net "INPUT1", 0 0, L_0x55763adf5190;  1 drivers
v0x55763ade14a0_0 .net "INPUT2", 0 0, L_0x55763adf5530;  1 drivers
v0x55763ade1560_0 .var "RESULT", 0 0;
v0x55763ade1630_0 .net "SELECT", 0 0, L_0x55763adf5600;  1 drivers
E_0x55763ade1340 .event edge, v0x55763ade1630_0, v0x55763ade13c0_0, v0x55763ade14a0_0;
S_0x55763ade17a0 .scope module, "m5" "mux2to1_1bit" 2 39, 4 6 0, S_0x55763ada64d0;
 .timescale 0 0;
    .port_info 0 /INPUT 1 "INPUT1"
    .port_info 1 /INPUT 1 "INPUT2"
    .port_info 2 /OUTPUT 1 "RESULT"
    .port_info 3 /INPUT 1 "SELECT"
v0x55763ade1a60_0 .net "INPUT1", 0 0, L_0x55763adefd50;  1 drivers
v0x55763ade1b40_0 .net "INPUT2", 0 0, L_0x55763adefe20;  1 drivers
v0x55763ade1c00_0 .var "RESULT", 0 0;
v0x55763ade1cd0_0 .net "SELECT", 0 0, L_0x55763adf0080;  1 drivers
E_0x55763ade19e0 .event edge, v0x55763ade1cd0_0, v0x55763ade1a60_0, v0x55763ade1b40_0;
S_0x55763ade1e40 .scope module, "m55" "mux2to1_1bit" 2 48, 4 6 0, S_0x55763ada64d0;
 .timescale 0 0;
    .port_info 0 /INPUT 1 "INPUT1"
    .port_info 1 /INPUT 1 "INPUT2"
    .port_info 2 /OUTPUT 1 "RESULT"
    .port_info 3 /INPUT 1 "SELECT"
v0x55763ade2100_0 .net "INPUT1", 0 0, L_0x55763adf2910;  1 drivers
v0x55763ade21e0_0 .net "INPUT2", 0 0, L_0x55763adf2c20;  1 drivers
v0x55763ade22a0_0 .var "RESULT", 0 0;
v0x55763ade2370_0 .net "SELECT", 0 0, L_0x55763adf2cf0;  1 drivers
E_0x55763ade2080 .event edge, v0x55763ade2370_0, v0x55763ade2100_0, v0x55763ade21e0_0;
S_0x55763ade24e0 .scope module, "m555" "mux2to1_1bit" 2 57, 4 6 0, S_0x55763ada64d0;
 .timescale 0 0;
    .port_info 0 /INPUT 1 "INPUT1"
    .port_info 1 /INPUT 1 "INPUT2"
    .port_info 2 /OUTPUT 1 "RESULT"
    .port_info 3 /INPUT 1 "SELECT"
v0x55763ade27a0_0 .net "INPUT1", 0 0, L_0x55763adf59b0;  1 drivers
v0x55763ade2880_0 .net "INPUT2", 0 0, L_0x55763adf5a80;  1 drivers
v0x55763ade2940_0 .var "RESULT", 0 0;
v0x55763ade2a10_0 .net "SELECT", 0 0, L_0x55763adf5e40;  1 drivers
E_0x55763ade2720 .event edge, v0x55763ade2a10_0, v0x55763ade27a0_0, v0x55763ade2880_0;
S_0x55763ade2b80 .scope module, "m6" "mux2to1_1bit" 2 40, 4 6 0, S_0x55763ada64d0;
 .timescale 0 0;
    .port_info 0 /INPUT 1 "INPUT1"
    .port_info 1 /INPUT 1 "INPUT2"
    .port_info 2 /OUTPUT 1 "RESULT"
    .port_info 3 /INPUT 1 "SELECT"
v0x55763ade2e40_0 .net "INPUT1", 0 0, L_0x55763adf0150;  1 drivers
v0x55763ade2f20_0 .net "INPUT2", 0 0, L_0x55763adf03c0;  1 drivers
v0x55763ade2fe0_0 .var "RESULT", 0 0;
v0x55763ade30b0_0 .net "SELECT", 0 0, L_0x55763adf0490;  1 drivers
E_0x55763ade2dc0 .event edge, v0x55763ade30b0_0, v0x55763ade2e40_0, v0x55763ade2f20_0;
S_0x55763ade3220 .scope module, "m66" "mux2to1_1bit" 2 49, 4 6 0, S_0x55763ada64d0;
 .timescale 0 0;
    .port_info 0 /INPUT 1 "INPUT1"
    .port_info 1 /INPUT 1 "INPUT2"
    .port_info 2 /OUTPUT 1 "RESULT"
    .port_info 3 /INPUT 1 "SELECT"
v0x55763ade34e0_0 .net "INPUT1", 0 0, L_0x55763adf3010;  1 drivers
v0x55763ade35c0_0 .net "INPUT2", 0 0, L_0x55763adf30e0;  1 drivers
v0x55763ade3680_0 .var "RESULT", 0 0;
v0x55763ade3750_0 .net "SELECT", 0 0, L_0x55763adf3410;  1 drivers
E_0x55763ade3460 .event edge, v0x55763ade3750_0, v0x55763ade34e0_0, v0x55763ade35c0_0;
S_0x55763ade38c0 .scope module, "m666" "mux2to1_1bit" 2 58, 4 6 0, S_0x55763ada64d0;
 .timescale 0 0;
    .port_info 0 /INPUT 1 "INPUT1"
    .port_info 1 /INPUT 1 "INPUT2"
    .port_info 2 /OUTPUT 1 "RESULT"
    .port_info 3 /INPUT 1 "SELECT"
v0x55763ade3b80_0 .net "INPUT1", 0 0, L_0x55763adf5f10;  1 drivers
v0x55763ade3c60_0 .net "INPUT2", 0 0, L_0x55763adf62e0;  1 drivers
v0x55763ade3d20_0 .var "RESULT", 0 0;
v0x55763ade3df0_0 .net "SELECT", 0 0, L_0x55763adf63b0;  1 drivers
E_0x55763ade3b00 .event edge, v0x55763ade3df0_0, v0x55763ade3b80_0, v0x55763ade3c60_0;
S_0x55763ade3f60 .scope module, "m7" "mux2to1_1bit" 2 41, 4 6 0, S_0x55763ada64d0;
 .timescale 0 0;
    .port_info 0 /INPUT 1 "INPUT1"
    .port_info 1 /INPUT 1 "INPUT2"
    .port_info 2 /OUTPUT 1 "RESULT"
    .port_info 3 /INPUT 1 "SELECT"
v0x55763ade4220_0 .net "INPUT1", 0 0, L_0x55763adf0710;  1 drivers
v0x55763ade4300_0 .net "INPUT2", 0 0, L_0x55763adf09f0;  1 drivers
v0x55763ade43c0_0 .var "RESULT", 0 0;
v0x55763ade4490_0 .net "SELECT", 0 0, L_0x55763adf0ea0;  1 drivers
E_0x55763ade41a0 .event edge, v0x55763ade4490_0, v0x55763ade4220_0, v0x55763ade4300_0;
S_0x55763ade4600 .scope module, "m77" "mux2to1_1bit" 2 50, 4 6 0, S_0x55763ada64d0;
 .timescale 0 0;
    .port_info 0 /INPUT 1 "INPUT1"
    .port_info 1 /INPUT 1 "INPUT2"
    .port_info 2 /OUTPUT 1 "RESULT"
    .port_info 3 /INPUT 1 "SELECT"
v0x55763ade48c0_0 .net "INPUT1", 0 0, L_0x55763adf34e0;  1 drivers
v0x55763ade49a0_0 .net "INPUT2", 0 0, L_0x55763adf3820;  1 drivers
v0x55763ade4a60_0 .var "RESULT", 0 0;
v0x55763ade4b30_0 .net "SELECT", 0 0, L_0x55763adf3d90;  1 drivers
E_0x55763ade4840 .event edge, v0x55763ade4b30_0, v0x55763ade48c0_0, v0x55763ade49a0_0;
S_0x55763ade4ca0 .scope module, "m777" "mux2to1_1bit" 2 59, 4 6 0, S_0x55763ada64d0;
 .timescale 0 0;
    .port_info 0 /INPUT 1 "INPUT1"
    .port_info 1 /INPUT 1 "INPUT2"
    .port_info 2 /OUTPUT 1 "RESULT"
    .port_info 3 /INPUT 1 "SELECT"
v0x55763ade4f60_0 .net "INPUT1", 0 0, L_0x55763adf6790;  1 drivers
v0x55763ade5040_0 .net "INPUT2", 0 0, L_0x55763adf6a70;  1 drivers
v0x55763ade5100_0 .var "RESULT", 0 0;
v0x55763ade51d0_0 .net "SELECT", 0 0, L_0x55763adf70f0;  1 drivers
E_0x55763ade4ee0 .event edge, v0x55763ade51d0_0, v0x55763ade4f60_0, v0x55763ade5040_0;
S_0x55763ade5340 .scope module, "mt1" "mux4to1_1bit" 2 21, 5 6 0, S_0x55763ada64d0;
 .timescale 0 0;
    .port_info 0 /INPUT 1 "INPUT1"
    .port_info 1 /INPUT 1 "INPUT2"
    .port_info 2 /INPUT 1 "INPUT3"
    .port_info 3 /INPUT 1 "INPUT4"
    .port_info 4 /OUTPUT 1 "RESULT"
    .port_info 5 /INPUT 2 "SELECT"
L_0x7f3a12baa018 .functor BUFT 1, C4<0>, C4<0>, C4<0>, C4<0>;
v0x55763ade5680_0 .net "INPUT1", 0 0, L_0x7f3a12baa018;  1 drivers
v0x55763ade5760_0 .net "INPUT2", 0 0, L_0x55763adec130;  1 drivers
v0x55763ade5820_0 .net "INPUT3", 0 0, L_0x55763adec220;  1 drivers
L_0x7f3a12baa060 .functor BUFT 1, C4<0>, C4<0>, C4<0>, C4<0>;
v0x55763ade58c0_0 .net "INPUT4", 0 0, L_0x7f3a12baa060;  1 drivers
v0x55763ade5980_0 .var "RESULT", 0 0;
v0x55763ade5a70_0 .net "SELECT", 1 0, o0x7f3a12bf57d8;  alias, 0 drivers
E_0x55763ade55f0/0 .event edge, v0x55763ade5a70_0, v0x55763ade5680_0, v0x55763ade5760_0, v0x55763ade5820_0;
E_0x55763ade55f0/1 .event edge, v0x55763ade58c0_0;
E_0x55763ade55f0 .event/or E_0x55763ade55f0/0, E_0x55763ade55f0/1;
S_0x55763ade5c30 .scope module, "mt2" "mux4to1_1bit" 2 22, 5 6 0, S_0x55763ada64d0;
 .timescale 0 0;
    .port_info 0 /INPUT 1 "INPUT1"
    .port_info 1 /INPUT 1 "INPUT2"
    .port_info 2 /INPUT 1 "INPUT3"
    .port_info 3 /INPUT 1 "INPUT4"
    .port_info 4 /OUTPUT 1 "RESULT"
    .port_info 5 /INPUT 2 "SELECT"
L_0x7f3a12baa0a8 .functor BUFT 1, C4<0>, C4<0>, C4<0>, C4<0>;
v0x55763ade5f30_0 .net "INPUT1", 0 0, L_0x7f3a12baa0a8;  1 drivers
v0x55763ade6010_0 .net "INPUT2", 0 0, L_0x55763adec310;  1 drivers
v0x55763ade60d0_0 .net "INPUT3", 0 0, L_0x55763adec3b0;  1 drivers
L_0x7f3a12baa0f0 .functor BUFT 1, C4<0>, C4<0>, C4<0>, C4<0>;
v0x55763ade61a0_0 .net "INPUT4", 0 0, L_0x7f3a12baa0f0;  1 drivers
v0x55763ade6260_0 .var "RESULT", 0 0;
v0x55763ade6350_0 .net "SELECT", 1 0, o0x7f3a12bf57d8;  alias, 0 drivers
E_0x55763ade5ea0/0 .event edge, v0x55763ade5a70_0, v0x55763ade5f30_0, v0x55763ade6010_0, v0x55763ade60d0_0;
E_0x55763ade5ea0/1 .event edge, v0x55763ade61a0_0;
E_0x55763ade5ea0 .event/or E_0x55763ade5ea0/0, E_0x55763ade5ea0/1;
S_0x55763ade6500 .scope module, "mt3" "mux4to1_1bit" 2 23, 5 6 0, S_0x55763ada64d0;
 .timescale 0 0;
    .port_info 0 /INPUT 1 "INPUT1"
    .port_info 1 /INPUT 1 "INPUT2"
    .port_info 2 /INPUT 1 "INPUT3"
    .port_info 3 /INPUT 1 "INPUT4"
    .port_info 4 /OUTPUT 1 "RESULT"
    .port_info 5 /INPUT 2 "SELECT"
L_0x7f3a12baa138 .functor BUFT 1, C4<0>, C4<0>, C4<0>, C4<0>;
v0x55763ade6800_0 .net "INPUT1", 0 0, L_0x7f3a12baa138;  1 drivers
v0x55763ade68e0_0 .net "INPUT2", 0 0, L_0x55763adec500;  1 drivers
v0x55763ade69a0_0 .net "INPUT3", 0 0, L_0x55763adec5a0;  1 drivers
L_0x7f3a12baa180 .functor BUFT 1, C4<0>, C4<0>, C4<0>, C4<0>;
v0x55763ade6a70_0 .net "INPUT4", 0 0, L_0x7f3a12baa180;  1 drivers
v0x55763ade6b30_0 .var "RESULT", 0 0;
v0x55763ade6c20_0 .net "SELECT", 1 0, o0x7f3a12bf57d8;  alias, 0 drivers
E_0x55763ade6770/0 .event edge, v0x55763ade5a70_0, v0x55763ade6800_0, v0x55763ade68e0_0, v0x55763ade69a0_0;
E_0x55763ade6770/1 .event edge, v0x55763ade6a70_0;
E_0x55763ade6770 .event/or E_0x55763ade6770/0, E_0x55763ade6770/1;
S_0x55763ade6e10 .scope module, "mt4" "mux4to1_1bit" 2 24, 5 6 0, S_0x55763ada64d0;
 .timescale 0 0;
    .port_info 0 /INPUT 1 "INPUT1"
    .port_info 1 /INPUT 1 "INPUT2"
    .port_info 2 /INPUT 1 "INPUT3"
    .port_info 3 /INPUT 1 "INPUT4"
    .port_info 4 /OUTPUT 1 "RESULT"
    .port_info 5 /INPUT 2 "SELECT"
L_0x7f3a12baa1c8 .functor BUFT 1, C4<0>, C4<0>, C4<0>, C4<0>;
v0x55763ade7110_0 .net "INPUT1", 0 0, L_0x7f3a12baa1c8;  1 drivers
v0x55763ade71f0_0 .net "INPUT2", 0 0, L_0x55763adec6b0;  1 drivers
v0x55763ade72b0_0 .net "INPUT3", 0 0, L_0x55763adec780;  1 drivers
L_0x7f3a12baa210 .functor BUFT 1, C4<0>, C4<0>, C4<0>, C4<0>;
v0x55763ade7350_0 .net "INPUT4", 0 0, L_0x7f3a12baa210;  1 drivers
v0x55763ade7410_0 .var "RESULT", 0 0;
v0x55763ade7500_0 .net "SELECT", 1 0, o0x7f3a12bf57d8;  alias, 0 drivers
E_0x55763ade7080/0 .event edge, v0x55763ade5a70_0, v0x55763ade7110_0, v0x55763ade71f0_0, v0x55763ade72b0_0;
E_0x55763ade7080/1 .event edge, v0x55763ade7350_0;
E_0x55763ade7080 .event/or E_0x55763ade7080/0, E_0x55763ade7080/1;
S_0x55763ade76a0 .scope module, "mt5" "mux4to1_1bit" 2 25, 5 6 0, S_0x55763ada64d0;
 .timescale 0 0;
    .port_info 0 /INPUT 1 "INPUT1"
    .port_info 1 /INPUT 1 "INPUT2"
    .port_info 2 /INPUT 1 "INPUT3"
    .port_info 3 /INPUT 1 "INPUT4"
    .port_info 4 /OUTPUT 1 "RESULT"
    .port_info 5 /INPUT 2 "SELECT"
L_0x7f3a12baa258 .functor BUFT 1, C4<0>, C4<0>, C4<0>, C4<0>;
v0x55763ade79a0_0 .net "INPUT1", 0 0, L_0x7f3a12baa258;  1 drivers
v0x55763ade7a80_0 .net "INPUT2", 0 0, L_0x55763adec9c0;  1 drivers
v0x55763ade7b40_0 .net "INPUT3", 0 0, L_0x55763adeca90;  1 drivers
L_0x7f3a12baa2a0 .functor BUFT 1, C4<0>, C4<0>, C4<0>, C4<0>;
v0x55763ade7c10_0 .net "INPUT4", 0 0, L_0x7f3a12baa2a0;  1 drivers
v0x55763ade7cd0_0 .var "RESULT", 0 0;
v0x55763ade7dc0_0 .net "SELECT", 1 0, o0x7f3a12bf57d8;  alias, 0 drivers
E_0x55763ade7910/0 .event edge, v0x55763ade5a70_0, v0x55763ade79a0_0, v0x55763ade7a80_0, v0x55763ade7b40_0;
E_0x55763ade7910/1 .event edge, v0x55763ade7c10_0;
E_0x55763ade7910 .event/or E_0x55763ade7910/0, E_0x55763ade7910/1;
S_0x55763ade7f60 .scope module, "mt6" "mux4to1_1bit" 2 26, 5 6 0, S_0x55763ada64d0;
 .timescale 0 0;
    .port_info 0 /INPUT 1 "INPUT1"
    .port_info 1 /INPUT 1 "INPUT2"
    .port_info 2 /INPUT 1 "INPUT3"
    .port_info 3 /INPUT 1 "INPUT4"
    .port_info 4 /OUTPUT 1 "RESULT"
    .port_info 5 /INPUT 2 "SELECT"
L_0x7f3a12baa2e8 .functor BUFT 1, C4<0>, C4<0>, C4<0>, C4<0>;
v0x55763ade8210_0 .net "INPUT1", 0 0, L_0x7f3a12baa2e8;  1 drivers
v0x55763ade82f0_0 .net "INPUT2", 0 0, L_0x55763adecbf0;  1 drivers
v0x55763ade83b0_0 .net "INPUT3", 0 0, L_0x55763adeccc0;  1 drivers
L_0x7f3a12baa330 .functor BUFT 1, C4<0>, C4<0>, C4<0>, C4<0>;
v0x55763ade8480_0 .net "INPUT4", 0 0, L_0x7f3a12baa330;  1 drivers
v0x55763ade8540_0 .var "RESULT", 0 0;
v0x55763ade8630_0 .net "SELECT", 1 0, o0x7f3a12bf57d8;  alias, 0 drivers
E_0x55763ade8180/0 .event edge, v0x55763ade5a70_0, v0x55763ade8210_0, v0x55763ade82f0_0, v0x55763ade83b0_0;
E_0x55763ade8180/1 .event edge, v0x55763ade8480_0;
E_0x55763ade8180 .event/or E_0x55763ade8180/0, E_0x55763ade8180/1;
S_0x55763ade87d0 .scope module, "mt7" "mux4to1_1bit" 2 27, 5 6 0, S_0x55763ada64d0;
 .timescale 0 0;
    .port_info 0 /INPUT 1 "INPUT1"
    .port_info 1 /INPUT 1 "INPUT2"
    .port_info 2 /INPUT 1 "INPUT3"
    .port_info 3 /INPUT 1 "INPUT4"
    .port_info 4 /OUTPUT 1 "RESULT"
    .port_info 5 /INPUT 2 "SELECT"
L_0x7f3a12baa378 .functor BUFT 1, C4<0>, C4<0>, C4<0>, C4<0>;
v0x55763ade8ce0_0 .net "INPUT1", 0 0, L_0x7f3a12baa378;  1 drivers
v0x55763ade8dc0_0 .net "INPUT2", 0 0, L_0x55763adece60;  1 drivers
v0x55763ade8e80_0 .net "INPUT3", 0 0, L_0x55763adecf30;  1 drivers
L_0x7f3a12baa3c0 .functor BUFT 1, C4<0>, C4<0>, C4<0>, C4<0>;
v0x55763ade8f50_0 .net "INPUT4", 0 0, L_0x7f3a12baa3c0;  1 drivers
v0x55763ade9010_0 .var "RESULT", 0 0;
v0x55763ade9100_0 .net "SELECT", 1 0, o0x7f3a12bf57d8;  alias, 0 drivers
E_0x55763ade8c50/0 .event edge, v0x55763ade5a70_0, v0x55763ade8ce0_0, v0x55763ade8dc0_0, v0x55763ade8e80_0;
E_0x55763ade8c50/1 .event edge, v0x55763ade8f50_0;
E_0x55763ade8c50 .event/or E_0x55763ade8c50/0, E_0x55763ade8c50/1;
S_0x55763ade92a0 .scope module, "outmux" "mux2to1_8bit" 2 30, 3 6 0, S_0x55763ada64d0;
 .timescale 0 0;
    .port_info 0 /INPUT 8 "INPUT1"
    .port_info 1 /INPUT 8 "INPUT2"
    .port_info 2 /OUTPUT 8 "RESULT"
    .port_info 3 /INPUT 1 "SELECT"
v0x55763ade9550_0 .net "INPUT1", 7 0, v0x55763addc530_0;  alias, 1 drivers
v0x55763ade9660_0 .net "INPUT2", 7 0, L_0x55763adee6e0;  1 drivers
v0x55763ade9720_0 .var "RESULT", 7 0;
v0x55763ade9810_0 .net "SELECT", 0 0, v0x55763adea1b0_0;  alias, 1 drivers
E_0x55763ade5510 .event edge, v0x55763addac40_0, v0x55763addc530_0, v0x55763ade9660_0;
    .scope S_0x55763ade5340;
T_0 ;
    %wait E_0x55763ade55f0;
    %load/vec4 v0x55763ade5a70_0;
    %cmpi/e 0, 0, 2;
    %jmp/0xz  T_0.0, 4;
    %load/vec4 v0x55763ade5680_0;
    %store/vec4 v0x55763ade5980_0, 0, 1;
    %jmp T_0.1;
T_0.0 ;
    %load/vec4 v0x55763ade5a70_0;
    %cmpi/e 1, 0, 2;
    %jmp/0xz  T_0.2, 4;
    %load/vec4 v0x55763ade5760_0;
    %store/vec4 v0x55763ade5980_0, 0, 1;
    %jmp T_0.3;
T_0.2 ;
    %load/vec4 v0x55763ade5a70_0;
    %cmpi/e 2, 0, 2;
    %jmp/0xz  T_0.4, 4;
    %load/vec4 v0x55763ade5820_0;
    %store/vec4 v0x55763ade5980_0, 0, 1;
    %jmp T_0.5;
T_0.4 ;
    %load/vec4 v0x55763ade58c0_0;
    %store/vec4 v0x55763ade5980_0, 0, 1;
T_0.5 ;
T_0.3 ;
T_0.1 ;
    %jmp T_0;
    .thread T_0, $push;
    .scope S_0x55763ade5c30;
T_1 ;
    %wait E_0x55763ade5ea0;
    %load/vec4 v0x55763ade6350_0;
    %cmpi/e 0, 0, 2;
    %jmp/0xz  T_1.0, 4;
    %load/vec4 v0x55763ade5f30_0;
    %store/vec4 v0x55763ade6260_0, 0, 1;
    %jmp T_1.1;
T_1.0 ;
    %load/vec4 v0x55763ade6350_0;
    %cmpi/e 1, 0, 2;
    %jmp/0xz  T_1.2, 4;
    %load/vec4 v0x55763ade6010_0;
    %store/vec4 v0x55763ade6260_0, 0, 1;
    %jmp T_1.3;
T_1.2 ;
    %load/vec4 v0x55763ade6350_0;
    %cmpi/e 2, 0, 2;
    %jmp/0xz  T_1.4, 4;
    %load/vec4 v0x55763ade60d0_0;
    %store/vec4 v0x55763ade6260_0, 0, 1;
    %jmp T_1.5;
T_1.4 ;
    %load/vec4 v0x55763ade61a0_0;
    %store/vec4 v0x55763ade6260_0, 0, 1;
T_1.5 ;
T_1.3 ;
T_1.1 ;
    %jmp T_1;
    .thread T_1, $push;
    .scope S_0x55763ade6500;
T_2 ;
    %wait E_0x55763ade6770;
    %load/vec4 v0x55763ade6c20_0;
    %cmpi/e 0, 0, 2;
    %jmp/0xz  T_2.0, 4;
    %load/vec4 v0x55763ade6800_0;
    %store/vec4 v0x55763ade6b30_0, 0, 1;
    %jmp T_2.1;
T_2.0 ;
    %load/vec4 v0x55763ade6c20_0;
    %cmpi/e 1, 0, 2;
    %jmp/0xz  T_2.2, 4;
    %load/vec4 v0x55763ade68e0_0;
    %store/vec4 v0x55763ade6b30_0, 0, 1;
    %jmp T_2.3;
T_2.2 ;
    %load/vec4 v0x55763ade6c20_0;
    %cmpi/e 2, 0, 2;
    %jmp/0xz  T_2.4, 4;
    %load/vec4 v0x55763ade69a0_0;
    %store/vec4 v0x55763ade6b30_0, 0, 1;
    %jmp T_2.5;
T_2.4 ;
    %load/vec4 v0x55763ade6a70_0;
    %store/vec4 v0x55763ade6b30_0, 0, 1;
T_2.5 ;
T_2.3 ;
T_2.1 ;
    %jmp T_2;
    .thread T_2, $push;
    .scope S_0x55763ade6e10;
T_3 ;
    %wait E_0x55763ade7080;
    %load/vec4 v0x55763ade7500_0;
    %cmpi/e 0, 0, 2;
    %jmp/0xz  T_3.0, 4;
    %load/vec4 v0x55763ade7110_0;
    %store/vec4 v0x55763ade7410_0, 0, 1;
    %jmp T_3.1;
T_3.0 ;
    %load/vec4 v0x55763ade7500_0;
    %cmpi/e 1, 0, 2;
    %jmp/0xz  T_3.2, 4;
    %load/vec4 v0x55763ade71f0_0;
    %store/vec4 v0x55763ade7410_0, 0, 1;
    %jmp T_3.3;
T_3.2 ;
    %load/vec4 v0x55763ade7500_0;
    %cmpi/e 2, 0, 2;
    %jmp/0xz  T_3.4, 4;
    %load/vec4 v0x55763ade72b0_0;
    %store/vec4 v0x55763ade7410_0, 0, 1;
    %jmp T_3.5;
T_3.4 ;
    %load/vec4 v0x55763ade7350_0;
    %store/vec4 v0x55763ade7410_0, 0, 1;
T_3.5 ;
T_3.3 ;
T_3.1 ;
    %jmp T_3;
    .thread T_3, $push;
    .scope S_0x55763ade76a0;
T_4 ;
    %wait E_0x55763ade7910;
    %load/vec4 v0x55763ade7dc0_0;
    %cmpi/e 0, 0, 2;
    %jmp/0xz  T_4.0, 4;
    %load/vec4 v0x55763ade79a0_0;
    %store/vec4 v0x55763ade7cd0_0, 0, 1;
    %jmp T_4.1;
T_4.0 ;
    %load/vec4 v0x55763ade7dc0_0;
    %cmpi/e 1, 0, 2;
    %jmp/0xz  T_4.2, 4;
    %load/vec4 v0x55763ade7a80_0;
    %store/vec4 v0x55763ade7cd0_0, 0, 1;
    %jmp T_4.3;
T_4.2 ;
    %load/vec4 v0x55763ade7dc0_0;
    %cmpi/e 2, 0, 2;
    %jmp/0xz  T_4.4, 4;
    %load/vec4 v0x55763ade7b40_0;
    %store/vec4 v0x55763ade7cd0_0, 0, 1;
    %jmp T_4.5;
T_4.4 ;
    %load/vec4 v0x55763ade7c10_0;
    %store/vec4 v0x55763ade7cd0_0, 0, 1;
T_4.5 ;
T_4.3 ;
T_4.1 ;
    %jmp T_4;
    .thread T_4, $push;
    .scope S_0x55763ade7f60;
T_5 ;
    %wait E_0x55763ade8180;
    %load/vec4 v0x55763ade8630_0;
    %cmpi/e 0, 0, 2;
    %jmp/0xz  T_5.0, 4;
    %load/vec4 v0x55763ade8210_0;
    %store/vec4 v0x55763ade8540_0, 0, 1;
    %jmp T_5.1;
T_5.0 ;
    %load/vec4 v0x55763ade8630_0;
    %cmpi/e 1, 0, 2;
    %jmp/0xz  T_5.2, 4;
    %load/vec4 v0x55763ade82f0_0;
    %store/vec4 v0x55763ade8540_0, 0, 1;
    %jmp T_5.3;
T_5.2 ;
    %load/vec4 v0x55763ade8630_0;
    %cmpi/e 2, 0, 2;
    %jmp/0xz  T_5.4, 4;
    %load/vec4 v0x55763ade83b0_0;
    %store/vec4 v0x55763ade8540_0, 0, 1;
    %jmp T_5.5;
T_5.4 ;
    %load/vec4 v0x55763ade8480_0;
    %store/vec4 v0x55763ade8540_0, 0, 1;
T_5.5 ;
T_5.3 ;
T_5.1 ;
    %jmp T_5;
    .thread T_5, $push;
    .scope S_0x55763ade87d0;
T_6 ;
    %wait E_0x55763ade8c50;
    %load/vec4 v0x55763ade9100_0;
    %cmpi/e 0, 0, 2;
    %jmp/0xz  T_6.0, 4;
    %load/vec4 v0x55763ade8ce0_0;
    %store/vec4 v0x55763ade9010_0, 0, 1;
    %jmp T_6.1;
T_6.0 ;
    %load/vec4 v0x55763ade9100_0;
    %cmpi/e 1, 0, 2;
    %jmp/0xz  T_6.2, 4;
    %load/vec4 v0x55763ade8dc0_0;
    %store/vec4 v0x55763ade9010_0, 0, 1;
    %jmp T_6.3;
T_6.2 ;
    %load/vec4 v0x55763ade9100_0;
    %cmpi/e 2, 0, 2;
    %jmp/0xz  T_6.4, 4;
    %load/vec4 v0x55763ade8e80_0;
    %store/vec4 v0x55763ade9010_0, 0, 1;
    %jmp T_6.5;
T_6.4 ;
    %load/vec4 v0x55763ade8f50_0;
    %store/vec4 v0x55763ade9010_0, 0, 1;
T_6.5 ;
T_6.3 ;
T_6.1 ;
    %jmp T_6;
    .thread T_6, $push;
    .scope S_0x55763ada38c0;
T_7 ;
    %wait E_0x55763ad7d160;
    %load/vec4 v0x55763addac40_0;
    %cmpi/e 0, 0, 1;
    %jmp/0xz  T_7.0, 4;
    %load/vec4 v0x55763ada9a40_0;
    %store/vec4 v0x55763addab80_0, 0, 8;
    %jmp T_7.1;
T_7.0 ;
    %load/vec4 v0x55763addaaa0_0;
    %store/vec4 v0x55763addab80_0, 0, 8;
T_7.1 ;
    %jmp T_7;
    .thread T_7, $push;
    .scope S_0x55763ade92a0;
T_8 ;
    %wait E_0x55763ade5510;
    %load/vec4 v0x55763ade9810_0;
    %cmpi/e 0, 0, 1;
    %jmp/0xz  T_8.0, 4;
    %load/vec4 v0x55763ade9550_0;
    %store/vec4 v0x55763ade9720_0, 0, 8;
    %jmp T_8.1;
T_8.0 ;
    %load/vec4 v0x55763ade9660_0;
    %store/vec4 v0x55763ade9720_0, 0, 8;
T_8.1 ;
    %jmp T_8;
    .thread T_8, $push;
    .scope S_0x55763addad80;
T_9 ;
    %wait E_0x55763ad7d290;
    %load/vec4 v0x55763addb240_0;
    %cmpi/e 0, 0, 1;
    %jmp/0xz  T_9.0, 4;
    %load/vec4 v0x55763addb000_0;
    %store/vec4 v0x55763addb1a0_0, 0, 1;
    %jmp T_9.1;
T_9.0 ;
    %load/vec4 v0x55763addb0e0_0;
    %store/vec4 v0x55763addb1a0_0, 0, 1;
T_9.1 ;
    %jmp T_9;
    .thread T_9, $push;
    .scope S_0x55763addc760;
T_10 ;
    %wait E_0x55763addc9a0;
    %load/vec4 v0x55763addcc90_0;
    %cmpi/e 0, 0, 1;
    %jmp/0xz  T_10.0, 4;
    %load/vec4 v0x55763addca20_0;
    %store/vec4 v0x55763addcbc0_0, 0, 1;
    %jmp T_10.1;
T_10.0 ;
    %load/vec4 v0x55763addcb00_0;
    %store/vec4 v0x55763addcbc0_0, 0, 1;
T_10.1 ;
    %jmp T_10;
    .thread T_10, $push;
    .scope S_0x55763adddb40;
T_11 ;
    %wait E_0x55763adddd80;
    %load/vec4 v0x55763adde070_0;
    %cmpi/e 0, 0, 1;
    %jmp/0xz  T_11.0, 4;
    %load/vec4 v0x55763addde00_0;
    %store/vec4 v0x55763adddfa0_0, 0, 1;
    %jmp T_11.1;
T_11.0 ;
    %load/vec4 v0x55763adddee0_0;
    %store/vec4 v0x55763adddfa0_0, 0, 1;
T_11.1 ;
    %jmp T_11;
    .thread T_11, $push;
    .scope S_0x55763addeed0;
T_12 ;
    %wait E_0x55763addf110;
    %load/vec4 v0x55763addf400_0;
    %cmpi/e 0, 0, 1;
    %jmp/0xz  T_12.0, 4;
    %load/vec4 v0x55763addf190_0;
    %store/vec4 v0x55763addf330_0, 0, 1;
    %jmp T_12.1;
T_12.0 ;
    %load/vec4 v0x55763addf270_0;
    %store/vec4 v0x55763addf330_0, 0, 1;
T_12.1 ;
    %jmp T_12;
    .thread T_12, $push;
    .scope S_0x55763ade02b0;
T_13 ;
    %wait E_0x55763ade04f0;
    %load/vec4 v0x55763ade07e0_0;
    %cmpi/e 0, 0, 1;
    %jmp/0xz  T_13.0, 4;
    %load/vec4 v0x55763ade0570_0;
    %store/vec4 v0x55763ade0710_0, 0, 1;
    %jmp T_13.1;
T_13.0 ;
    %load/vec4 v0x55763ade0650_0;
    %store/vec4 v0x55763ade0710_0, 0, 1;
T_13.1 ;
    %jmp T_13;
    .thread T_13, $push;
    .scope S_0x55763ade17a0;
T_14 ;
    %wait E_0x55763ade19e0;
    %load/vec4 v0x55763ade1cd0_0;
    %cmpi/e 0, 0, 1;
    %jmp/0xz  T_14.0, 4;
    %load/vec4 v0x55763ade1a60_0;
    %store/vec4 v0x55763ade1c00_0, 0, 1;
    %jmp T_14.1;
T_14.0 ;
    %load/vec4 v0x55763ade1b40_0;
    %store/vec4 v0x55763ade1c00_0, 0, 1;
T_14.1 ;
    %jmp T_14;
    .thread T_14, $push;
    .scope S_0x55763ade2b80;
T_15 ;
    %wait E_0x55763ade2dc0;
    %load/vec4 v0x55763ade30b0_0;
    %cmpi/e 0, 0, 1;
    %jmp/0xz  T_15.0, 4;
    %load/vec4 v0x55763ade2e40_0;
    %store/vec4 v0x55763ade2fe0_0, 0, 1;
    %jmp T_15.1;
T_15.0 ;
    %load/vec4 v0x55763ade2f20_0;
    %store/vec4 v0x55763ade2fe0_0, 0, 1;
T_15.1 ;
    %jmp T_15;
    .thread T_15, $push;
    .scope S_0x55763ade3f60;
T_16 ;
    %wait E_0x55763ade41a0;
    %load/vec4 v0x55763ade4490_0;
    %cmpi/e 0, 0, 1;
    %jmp/0xz  T_16.0, 4;
    %load/vec4 v0x55763ade4220_0;
    %store/vec4 v0x55763ade43c0_0, 0, 1;
    %jmp T_16.1;
T_16.0 ;
    %load/vec4 v0x55763ade4300_0;
    %store/vec4 v0x55763ade43c0_0, 0, 1;
T_16.1 ;
    %jmp T_16;
    .thread T_16, $push;
    .scope S_0x55763addb3b0;
T_17 ;
    %wait E_0x55763ad7d3c0;
    %load/vec4 v0x55763addb8b0_0;
    %cmpi/e 0, 0, 1;
    %jmp/0xz  T_17.0, 4;
    %load/vec4 v0x55763addb640_0;
    %store/vec4 v0x55763addb7e0_0, 0, 1;
    %jmp T_17.1;
T_17.0 ;
    %load/vec4 v0x55763addb720_0;
    %store/vec4 v0x55763addb7e0_0, 0, 1;
T_17.1 ;
    %jmp T_17;
    .thread T_17, $push;
    .scope S_0x55763addce00;
T_18 ;
    %wait E_0x55763addd040;
    %load/vec4 v0x55763addd330_0;
    %cmpi/e 0, 0, 1;
    %jmp/0xz  T_18.0, 4;
    %load/vec4 v0x55763addd0c0_0;
    %store/vec4 v0x55763addd260_0, 0, 1;
    %jmp T_18.1;
T_18.0 ;
    %load/vec4 v0x55763addd1a0_0;
    %store/vec4 v0x55763addd260_0, 0, 1;
T_18.1 ;
    %jmp T_18;
    .thread T_18, $push;
    .scope S_0x55763adde1e0;
T_19 ;
    %wait E_0x55763adde3d0;
    %load/vec4 v0x55763adde6c0_0;
    %cmpi/e 0, 0, 1;
    %jmp/0xz  T_19.0, 4;
    %load/vec4 v0x55763adde450_0;
    %store/vec4 v0x55763adde5f0_0, 0, 1;
    %jmp T_19.1;
T_19.0 ;
    %load/vec4 v0x55763adde530_0;
    %store/vec4 v0x55763adde5f0_0, 0, 1;
T_19.1 ;
    %jmp T_19;
    .thread T_19, $push;
    .scope S_0x55763addf570;
T_20 ;
    %wait E_0x55763addf7b0;
    %load/vec4 v0x55763addfaa0_0;
    %cmpi/e 0, 0, 1;
    %jmp/0xz  T_20.0, 4;
    %load/vec4 v0x55763addf830_0;
    %store/vec4 v0x55763addf9d0_0, 0, 1;
    %jmp T_20.1;
T_20.0 ;
    %load/vec4 v0x55763addf910_0;
    %store/vec4 v0x55763addf9d0_0, 0, 1;
T_20.1 ;
    %jmp T_20;
    .thread T_20, $push;
    .scope S_0x55763ade0950;
T_21 ;
    %wait E_0x55763ade0b90;
    %load/vec4 v0x55763ade0e80_0;
    %cmpi/e 0, 0, 1;
    %jmp/0xz  T_21.0, 4;
    %load/vec4 v0x55763ade0c10_0;
    %store/vec4 v0x55763ade0db0_0, 0, 1;
    %jmp T_21.1;
T_21.0 ;
    %load/vec4 v0x55763ade0cf0_0;
    %store/vec4 v0x55763ade0db0_0, 0, 1;
T_21.1 ;
    %jmp T_21;
    .thread T_21, $push;
    .scope S_0x55763ade1e40;
T_22 ;
    %wait E_0x55763ade2080;
    %load/vec4 v0x55763ade2370_0;
    %cmpi/e 0, 0, 1;
    %jmp/0xz  T_22.0, 4;
    %load/vec4 v0x55763ade2100_0;
    %store/vec4 v0x55763ade22a0_0, 0, 1;
    %jmp T_22.1;
T_22.0 ;
    %load/vec4 v0x55763ade21e0_0;
    %store/vec4 v0x55763ade22a0_0, 0, 1;
T_22.1 ;
    %jmp T_22;
    .thread T_22, $push;
    .scope S_0x55763ade3220;
T_23 ;
    %wait E_0x55763ade3460;
    %load/vec4 v0x55763ade3750_0;
    %cmpi/e 0, 0, 1;
    %jmp/0xz  T_23.0, 4;
    %load/vec4 v0x55763ade34e0_0;
    %store/vec4 v0x55763ade3680_0, 0, 1;
    %jmp T_23.1;
T_23.0 ;
    %load/vec4 v0x55763ade35c0_0;
    %store/vec4 v0x55763ade3680_0, 0, 1;
T_23.1 ;
    %jmp T_23;
    .thread T_23, $push;
    .scope S_0x55763ade4600;
T_24 ;
    %wait E_0x55763ade4840;
    %load/vec4 v0x55763ade4b30_0;
    %cmpi/e 0, 0, 1;
    %jmp/0xz  T_24.0, 4;
    %load/vec4 v0x55763ade48c0_0;
    %store/vec4 v0x55763ade4a60_0, 0, 1;
    %jmp T_24.1;
T_24.0 ;
    %load/vec4 v0x55763ade49a0_0;
    %store/vec4 v0x55763ade4a60_0, 0, 1;
T_24.1 ;
    %jmp T_24;
    .thread T_24, $push;
    .scope S_0x55763addba20;
T_25 ;
    %wait E_0x55763ad7d4f0;
    %load/vec4 v0x55763addbf10_0;
    %cmpi/e 0, 0, 1;
    %jmp/0xz  T_25.0, 4;
    %load/vec4 v0x55763addbca0_0;
    %store/vec4 v0x55763addbe40_0, 0, 1;
    %jmp T_25.1;
T_25.0 ;
    %load/vec4 v0x55763addbd80_0;
    %store/vec4 v0x55763addbe40_0, 0, 1;
T_25.1 ;
    %jmp T_25;
    .thread T_25, $push;
    .scope S_0x55763addd4a0;
T_26 ;
    %wait E_0x55763addd6e0;
    %load/vec4 v0x55763addd9d0_0;
    %cmpi/e 0, 0, 1;
    %jmp/0xz  T_26.0, 4;
    %load/vec4 v0x55763addd760_0;
    %store/vec4 v0x55763addd900_0, 0, 1;
    %jmp T_26.1;
T_26.0 ;
    %load/vec4 v0x55763addd840_0;
    %store/vec4 v0x55763addd900_0, 0, 1;
T_26.1 ;
    %jmp T_26;
    .thread T_26, $push;
    .scope S_0x55763adde830;
T_27 ;
    %wait E_0x55763addea70;
    %load/vec4 v0x55763added60_0;
    %cmpi/e 0, 0, 1;
    %jmp/0xz  T_27.0, 4;
    %load/vec4 v0x55763addeaf0_0;
    %store/vec4 v0x55763addec90_0, 0, 1;
    %jmp T_27.1;
T_27.0 ;
    %load/vec4 v0x55763addebd0_0;
    %store/vec4 v0x55763addec90_0, 0, 1;
T_27.1 ;
    %jmp T_27;
    .thread T_27, $push;
    .scope S_0x55763addfc10;
T_28 ;
    %wait E_0x55763addfe50;
    %load/vec4 v0x55763ade0140_0;
    %cmpi/e 0, 0, 1;
    %jmp/0xz  T_28.0, 4;
    %load/vec4 v0x55763addfed0_0;
    %store/vec4 v0x55763ade0070_0, 0, 1;
    %jmp T_28.1;
T_28.0 ;
    %load/vec4 v0x55763addffb0_0;
    %store/vec4 v0x55763ade0070_0, 0, 1;
T_28.1 ;
    %jmp T_28;
    .thread T_28, $push;
    .scope S_0x55763ade0ff0;
T_29 ;
    %wait E_0x55763ade1340;
    %load/vec4 v0x55763ade1630_0;
    %cmpi/e 0, 0, 1;
    %jmp/0xz  T_29.0, 4;
    %load/vec4 v0x55763ade13c0_0;
    %store/vec4 v0x55763ade1560_0, 0, 1;
    %jmp T_29.1;
T_29.0 ;
    %load/vec4 v0x55763ade14a0_0;
    %store/vec4 v0x55763ade1560_0, 0, 1;
T_29.1 ;
    %jmp T_29;
    .thread T_29, $push;
    .scope S_0x55763ade24e0;
T_30 ;
    %wait E_0x55763ade2720;
    %load/vec4 v0x55763ade2a10_0;
    %cmpi/e 0, 0, 1;
    %jmp/0xz  T_30.0, 4;
    %load/vec4 v0x55763ade27a0_0;
    %store/vec4 v0x55763ade2940_0, 0, 1;
    %jmp T_30.1;
T_30.0 ;
    %load/vec4 v0x55763ade2880_0;
    %store/vec4 v0x55763ade2940_0, 0, 1;
T_30.1 ;
    %jmp T_30;
    .thread T_30, $push;
    .scope S_0x55763ade38c0;
T_31 ;
    %wait E_0x55763ade3b00;
    %load/vec4 v0x55763ade3df0_0;
    %cmpi/e 0, 0, 1;
    %jmp/0xz  T_31.0, 4;
    %load/vec4 v0x55763ade3b80_0;
    %store/vec4 v0x55763ade3d20_0, 0, 1;
    %jmp T_31.1;
T_31.0 ;
    %load/vec4 v0x55763ade3c60_0;
    %store/vec4 v0x55763ade3d20_0, 0, 1;
T_31.1 ;
    %jmp T_31;
    .thread T_31, $push;
    .scope S_0x55763ade4ca0;
T_32 ;
    %wait E_0x55763ade4ee0;
    %load/vec4 v0x55763ade51d0_0;
    %cmpi/e 0, 0, 1;
    %jmp/0xz  T_32.0, 4;
    %load/vec4 v0x55763ade4f60_0;
    %store/vec4 v0x55763ade5100_0, 0, 1;
    %jmp T_32.1;
T_32.0 ;
    %load/vec4 v0x55763ade5040_0;
    %store/vec4 v0x55763ade5100_0, 0, 1;
T_32.1 ;
    %jmp T_32;
    .thread T_32, $push;
    .scope S_0x55763addc080;
T_33 ;
    %wait E_0x55763adc82a0;
    %load/vec4 v0x55763addc5f0_0;
    %cmpi/e 0, 0, 1;
    %jmp/0xz  T_33.0, 4;
    %load/vec4 v0x55763addc350_0;
    %store/vec4 v0x55763addc530_0, 0, 8;
    %jmp T_33.1;
T_33.0 ;
    %load/vec4 v0x55763addc450_0;
    %store/vec4 v0x55763addc530_0, 0, 8;
T_33.1 ;
    %jmp T_33;
    .thread T_33, $push;
    .scope S_0x55763ada64d0;
T_34 ;
    %wait E_0x55763ad7d030;
    %load/vec4 v0x55763adea250_0;
    %dup/vec4;
    %pushi/vec4 0, 0, 2;
    %cmp/u;
    %jmp/1 T_34.0, 6;
    %dup/vec4;
    %pushi/vec4 1, 0, 2;
    %cmp/u;
    %jmp/1 T_34.1, 6;
    %dup/vec4;
    %pushi/vec4 2, 0, 2;
    %cmp/u;
    %jmp/1 T_34.2, 6;
    %dup/vec4;
    %pushi/vec4 3, 0, 2;
    %cmp/u;
    %jmp/1 T_34.3, 6;
    %jmp T_34.4;
T_34.0 ;
    %pushi/vec4 1, 0, 1;
    %store/vec4 v0x55763adea1b0_0, 0, 1;
    %pushi/vec4 0, 0, 8;
    %store/vec4 v0x55763ade9df0_0, 0, 8;
    %jmp T_34.4;
T_34.1 ;
    %pushi/vec4 1, 0, 1;
    %store/vec4 v0x55763adea1b0_0, 0, 1;
    %load/vec4 v0x55763ade9b20_0;
    %parti/s 1, 7, 4;
    %replicate 8;
    %store/vec4 v0x55763ade9df0_0, 0, 8;
    %jmp T_34.4;
T_34.2 ;
    %pushi/vec4 1, 0, 1;
    %store/vec4 v0x55763adea1b0_0, 0, 1;
    %load/vec4 v0x55763ade9a50_0;
    %store/vec4 v0x55763ade9df0_0, 0, 8;
    %jmp T_34.4;
T_34.3 ;
    %pushi/vec4 0, 0, 1;
    %store/vec4 v0x55763adea1b0_0, 0, 1;
    %pushi/vec4 0, 0, 8;
    %store/vec4 v0x55763ade9df0_0, 0, 8;
    %jmp T_34.4;
T_34.4 ;
    %pop/vec4 1;
    %jmp T_34;
    .thread T_34, $push;
# The file index is used to find the file name in the following table.
:file_names 6;
    "N/A";
    "<interactive>";
    "barrelShifter.v";
    "./mux2to1_8bit.v";
    "./mux2to1_1bit.v";
    "./mux4to1_1bit.v";
