#! /usr/bin/vvp
:ivl_version "10.3 (stable)";
:ivl_delay_selection "TYPICAL";
:vpi_time_precision + 0;
:vpi_module "system";
:vpi_module "vhdl_sys";
:vpi_module "v2005_math";
:vpi_module "va_math";
S_0x5560252c9150 .scope module, "alu" "alu" 2 1;
 .timescale 0 0;
    .port_info 0 /INPUT 8 "DATA1"
    .port_info 1 /INPUT 8 "DATA2"
    .port_info 2 /OUTPUT 8 "RESULT"
    .port_info 3 /INPUT 3 "SELECT"
o0x7fb4554f9018 .functor BUFZ 8, C4<zzzzzzzz>; HiZ drive
v0x5560252c9380_0 .net "DATA1", 7 0, o0x7fb4554f9018;  0 drivers
o0x7fb4554f9048 .functor BUFZ 8, C4<zzzzzzzz>; HiZ drive
v0x55602530c2b0_0 .net "DATA2", 7 0, o0x7fb4554f9048;  0 drivers
v0x55602530c390_0 .var "RESULT", 7 0;
o0x7fb4554f90a8 .functor BUFZ 3, C4<zzz>; HiZ drive
v0x55602530c480_0 .net "SELECT", 2 0, o0x7fb4554f90a8;  0 drivers
E_0x5560252fe550 .event edge, v0x55602530c480_0, v0x55602530c2b0_0, v0x5560252c9380_0;
    .scope S_0x5560252c9150;
T_0 ;
    %wait E_0x5560252fe550;
    %load/vec4 v0x55602530c480_0;
    %pad/u 32;
    %cmpi/e 0, 0, 32;
    %jmp/0xz  T_0.0, 4;
    %load/vec4 v0x55602530c2b0_0;
    %store/vec4 v0x55602530c390_0, 0, 8;
T_0.0 ;
    %jmp T_0;
    .thread T_0, $push;
# The file index is used to find the file name in the following table.
:file_names 3;
    "N/A";
    "<interactive>";
    "alu.v";
