#! /usr/bin/vvp
:ivl_version "10.3 (stable)";
:ivl_delay_selection "TYPICAL";
:vpi_time_precision + 0;
:vpi_module "system";
:vpi_module "vhdl_sys";
:vpi_module "v2005_math";
:vpi_module "va_math";
S_0x5646a8872390 .scope module, "barrelShifter_tb" "barrelShifter_tb" 2 5;
 .timescale 0 0;
v0x5646a88a6710_0 .var "Ip", 7 0;
v0x5646a88a6800_0 .net "Op", 7 0, v0x5646a889cd80_0;  1 drivers
v0x5646a88a68a0_0 .var "shift_mag", 7 0;
S_0x5646a8871c30 .scope module, "uut" "rotateShifterRight" 2 16, 3 4 0, S_0x5646a8872390;
 .timescale 0 0;
    .port_info 0 /INPUT 8 "INPUT"
    .port_info 1 /OUTPUT 8 "OUTPUT"
    .port_info 2 /INPUT 8 "RSHIFT"
L_0x5646a88a74f0 .functor OR 1, L_0x5646a88aded0, L_0x5646a88ae1e0, C4<0>, C4<0>;
L_0x5646a88ae640 .functor OR 1, L_0x5646a88a74f0, L_0x5646a88ae320, C4<0>, C4<0>;
L_0x5646a88ae7f0 .functor OR 1, L_0x5646a88ae640, L_0x5646a88ae750, C4<0>, C4<0>;
L_0x5646a88aec30 .functor OR 1, L_0x5646a88ae7f0, L_0x5646a88ae900, C4<0>, C4<0>;
v0x5646a88a5a50_0 .net "INNER3", 7 0, L_0x5646a88ad960;  1 drivers
v0x5646a88a5b30_0 .net "INPUT", 7 0, v0x5646a88a6710_0;  1 drivers
v0x5646a88a5bf0_0 .net "INTER1", 7 0, L_0x5646a88a83f0;  1 drivers
v0x5646a88a5ce0_0 .net "INTER2", 7 0, L_0x5646a88aac20;  1 drivers
v0x5646a88a5dc0_0 .net "OUTPUT", 7 0, v0x5646a889cd80_0;  alias, 1 drivers
v0x5646a88a5ed0_0 .net "RSHIFT", 7 0, v0x5646a88a68a0_0;  1 drivers
v0x5646a88a5f90_0 .net *"_s198", 0 0, L_0x5646a88aded0;  1 drivers
v0x5646a88a6070_0 .net *"_s200", 0 0, L_0x5646a88ae1e0;  1 drivers
v0x5646a88a6150_0 .net *"_s201", 0 0, L_0x5646a88a74f0;  1 drivers
v0x5646a88a6230_0 .net *"_s204", 0 0, L_0x5646a88ae320;  1 drivers
v0x5646a88a6310_0 .net *"_s205", 0 0, L_0x5646a88ae640;  1 drivers
v0x5646a88a63f0_0 .net *"_s208", 0 0, L_0x5646a88ae750;  1 drivers
v0x5646a88a64d0_0 .net *"_s209", 0 0, L_0x5646a88ae7f0;  1 drivers
v0x5646a88a65b0_0 .net *"_s212", 0 0, L_0x5646a88ae900;  1 drivers
L_0x5646a88a6970 .part v0x5646a88a6710_0, 7, 1;
L_0x5646a88a6a90 .part v0x5646a88a6710_0, 0, 1;
L_0x5646a88a6b30 .part v0x5646a88a68a0_0, 0, 1;
L_0x5646a88a6c50 .part v0x5646a88a6710_0, 6, 1;
L_0x5646a88a6d20 .part v0x5646a88a6710_0, 7, 1;
L_0x5646a88a6df0 .part v0x5646a88a68a0_0, 0, 1;
L_0x5646a88a6f00 .part v0x5646a88a6710_0, 5, 1;
L_0x5646a88a6fa0 .part v0x5646a88a6710_0, 6, 1;
L_0x5646a88a70c0 .part v0x5646a88a68a0_0, 0, 1;
L_0x5646a88a7220 .part v0x5646a88a6710_0, 4, 1;
L_0x5646a88a7350 .part v0x5646a88a6710_0, 5, 1;
L_0x5646a88a7420 .part v0x5646a88a68a0_0, 0, 1;
L_0x5646a88a7560 .part v0x5646a88a6710_0, 3, 1;
L_0x5646a88a7630 .part v0x5646a88a6710_0, 4, 1;
L_0x5646a88a7780 .part v0x5646a88a68a0_0, 0, 1;
L_0x5646a88a7850 .part v0x5646a88a6710_0, 2, 1;
L_0x5646a88a79b0 .part v0x5646a88a6710_0, 3, 1;
L_0x5646a88a7a80 .part v0x5646a88a68a0_0, 0, 1;
L_0x5646a88a7bf0 .part v0x5646a88a6710_0, 1, 1;
L_0x5646a88a7cc0 .part v0x5646a88a6710_0, 2, 1;
L_0x5646a88a7b50 .part v0x5646a88a68a0_0, 0, 1;
L_0x5646a88a7f80 .part v0x5646a88a6710_0, 0, 1;
L_0x5646a88a8320 .part v0x5646a88a6710_0, 1, 1;
LS_0x5646a88a83f0_0_0 .concat8 [ 1 1 1 1], v0x5646a889bad0_0, v0x5646a889d450_0, v0x5646a889e7c0_0, v0x5646a889fb50_0;
LS_0x5646a88a83f0_0_4 .concat8 [ 1 1 1 1], v0x5646a88a0f30_0, v0x5646a88a2310_0, v0x5646a88a36f0_0, v0x5646a88a4ad0_0;
L_0x5646a88a83f0 .concat8 [ 4 4 0 0], LS_0x5646a88a83f0_0_0, LS_0x5646a88a83f0_0_4;
L_0x5646a88a8710 .part v0x5646a88a68a0_0, 0, 1;
L_0x5646a88a87e0 .part L_0x5646a88a83f0, 0, 1;
L_0x5646a88a8990 .part L_0x5646a88a83f0, 6, 1;
L_0x5646a88a8a30 .part v0x5646a88a68a0_0, 1, 1;
L_0x5646a88a8bf0 .part L_0x5646a88a83f0, 1, 1;
L_0x5646a88a8cc0 .part L_0x5646a88a83f0, 7, 1;
L_0x5646a88a8e90 .part v0x5646a88a68a0_0, 1, 1;
L_0x5646a88a8f60 .part L_0x5646a88a83f0, 2, 1;
L_0x5646a88a9140 .part L_0x5646a88a83f0, 0, 1;
L_0x5646a88a9210 .part v0x5646a88a68a0_0, 1, 1;
L_0x5646a88a9400 .part L_0x5646a88a83f0, 3, 1;
L_0x5646a88a94d0 .part L_0x5646a88a83f0, 1, 1;
L_0x5646a88a92e0 .part v0x5646a88a68a0_0, 1, 1;
L_0x5646a88a96d0 .part L_0x5646a88a83f0, 4, 1;
L_0x5646a88a98b0 .part L_0x5646a88a83f0, 2, 1;
L_0x5646a88a9980 .part v0x5646a88a68a0_0, 1, 1;
L_0x5646a88a9ba0 .part L_0x5646a88a83f0, 5, 1;
L_0x5646a88a9c70 .part L_0x5646a88a83f0, 3, 1;
L_0x5646a88a9ea0 .part v0x5646a88a68a0_0, 1, 1;
L_0x5646a88a9f70 .part L_0x5646a88a83f0, 6, 1;
L_0x5646a88aa1b0 .part L_0x5646a88a83f0, 4, 1;
L_0x5646a88aa280 .part v0x5646a88a68a0_0, 1, 1;
L_0x5646a88aa6e0 .part L_0x5646a88a83f0, 7, 1;
L_0x5646a88aa9c0 .part L_0x5646a88a83f0, 5, 1;
LS_0x5646a88aac20_0_0 .concat8 [ 1 1 1 1], v0x5646a889c0d0_0, v0x5646a889da80_0, v0x5646a889ee60_0, v0x5646a88a01f0_0;
LS_0x5646a88aac20_0_4 .concat8 [ 1 1 1 1], v0x5646a88a15d0_0, v0x5646a88a29b0_0, v0x5646a88a3d90_0, v0x5646a88a5170_0;
L_0x5646a88aac20 .concat8 [ 4 4 0 0], LS_0x5646a88aac20_0_0, LS_0x5646a88aac20_0_4;
L_0x5646a88aae70 .part v0x5646a88a68a0_0, 1, 1;
L_0x5646a88ab0e0 .part L_0x5646a88aac20, 0, 1;
L_0x5646a88ab1b0 .part L_0x5646a88aac20, 4, 1;
L_0x5646a88ab400 .part v0x5646a88a68a0_0, 2, 1;
L_0x5646a88ab4d0 .part L_0x5646a88aac20, 1, 1;
L_0x5646a88ab760 .part L_0x5646a88aac20, 5, 1;
L_0x5646a88ab830 .part v0x5646a88a68a0_0, 2, 1;
L_0x5646a88abad0 .part L_0x5646a88aac20, 2, 1;
L_0x5646a88abba0 .part L_0x5646a88aac20, 6, 1;
L_0x5646a88abe50 .part v0x5646a88a68a0_0, 2, 1;
L_0x5646a88abf20 .part L_0x5646a88aac20, 3, 1;
L_0x5646a88ac1e0 .part L_0x5646a88aac20, 7, 1;
L_0x5646a88ac2b0 .part v0x5646a88a68a0_0, 2, 1;
L_0x5646a88ac580 .part L_0x5646a88aac20, 4, 1;
L_0x5646a88ac650 .part L_0x5646a88aac20, 0, 1;
L_0x5646a88ac930 .part v0x5646a88a68a0_0, 2, 1;
L_0x5646a88aca00 .part L_0x5646a88aac20, 5, 1;
L_0x5646a88accf0 .part L_0x5646a88aac20, 1, 1;
L_0x5646a88acdc0 .part v0x5646a88a68a0_0, 2, 1;
L_0x5646a88ad0c0 .part L_0x5646a88aac20, 6, 1;
L_0x5646a88ad190 .part L_0x5646a88aac20, 2, 1;
L_0x5646a88ad4a0 .part v0x5646a88a68a0_0, 2, 1;
L_0x5646a88ad570 .part L_0x5646a88aac20, 7, 1;
L_0x5646a88ad890 .part L_0x5646a88aac20, 3, 1;
LS_0x5646a88ad960_0_0 .concat8 [ 1 1 1 1], v0x5646a88a5810_0, v0x5646a88a4430_0, v0x5646a88a3050_0, v0x5646a88a1c70_0;
LS_0x5646a88ad960_0_4 .concat8 [ 1 1 1 1], v0x5646a88a0890_0, v0x5646a889f4b0_0, v0x5646a889e120_0, v0x5646a889c6e0_0;
L_0x5646a88ad960 .concat8 [ 4 4 0 0], LS_0x5646a88ad960_0_0, LS_0x5646a88ad960_0_4;
L_0x5646a88ade00 .part v0x5646a88a68a0_0, 2, 1;
L_0x5646a88aded0 .part v0x5646a88a68a0_0, 3, 1;
L_0x5646a88ae1e0 .part v0x5646a88a68a0_0, 4, 1;
L_0x5646a88ae320 .part v0x5646a88a68a0_0, 5, 1;
L_0x5646a88ae750 .part v0x5646a88a68a0_0, 6, 1;
L_0x5646a88ae900 .part v0x5646a88a68a0_0, 7, 1;
S_0x5646a8870d30 .scope module, "m0" "mux2to1_1bit" 3 13, 4 6 0, S_0x5646a8871c30;
 .timescale 0 0;
    .port_info 0 /INPUT 1 "INPUT1"
    .port_info 1 /INPUT 1 "INPUT2"
    .port_info 2 /OUTPUT 1 "RESULT"
    .port_info 3 /INPUT 1 "SELECT"
v0x5646a88520f0_0 .net "INPUT1", 0 0, L_0x5646a88a6970;  1 drivers
v0x5646a889ba10_0 .net "INPUT2", 0 0, L_0x5646a88a6a90;  1 drivers
v0x5646a889bad0_0 .var "RESULT", 0 0;
v0x5646a889bb70_0 .net "SELECT", 0 0, L_0x5646a88a6b30;  1 drivers
E_0x5646a8853630 .event edge, v0x5646a889bb70_0, v0x5646a88520f0_0, v0x5646a889ba10_0;
S_0x5646a889bcb0 .scope module, "m00" "mux2to1_1bit" 3 22, 4 6 0, S_0x5646a8871c30;
 .timescale 0 0;
    .port_info 0 /INPUT 1 "INPUT1"
    .port_info 1 /INPUT 1 "INPUT2"
    .port_info 2 /OUTPUT 1 "RESULT"
    .port_info 3 /INPUT 1 "SELECT"
v0x5646a889bf30_0 .net "INPUT1", 0 0, L_0x5646a88a87e0;  1 drivers
v0x5646a889c010_0 .net "INPUT2", 0 0, L_0x5646a88a8990;  1 drivers
v0x5646a889c0d0_0 .var "RESULT", 0 0;
v0x5646a889c170_0 .net "SELECT", 0 0, L_0x5646a88a8a30;  1 drivers
E_0x5646a88534c0 .event edge, v0x5646a889c170_0, v0x5646a889bf30_0, v0x5646a889c010_0;
S_0x5646a889c2b0 .scope module, "m000" "mux2to1_1bit" 3 31, 4 6 0, S_0x5646a8871c30;
 .timescale 0 0;
    .port_info 0 /INPUT 1 "INPUT1"
    .port_info 1 /INPUT 1 "INPUT2"
    .port_info 2 /OUTPUT 1 "RESULT"
    .port_info 3 /INPUT 1 "SELECT"
v0x5646a889c540_0 .net "INPUT1", 0 0, L_0x5646a88ab0e0;  1 drivers
v0x5646a889c620_0 .net "INPUT2", 0 0, L_0x5646a88ab1b0;  1 drivers
v0x5646a889c6e0_0 .var "RESULT", 0 0;
v0x5646a889c7b0_0 .net "SELECT", 0 0, L_0x5646a88ab400;  1 drivers
E_0x5646a88617e0 .event edge, v0x5646a889c7b0_0, v0x5646a889c540_0, v0x5646a889c620_0;
S_0x5646a889c920 .scope module, "m0000" "mux2to1_8bit" 3 41, 5 6 0, S_0x5646a8871c30;
 .timescale 0 0;
    .port_info 0 /INPUT 8 "INPUT1"
    .port_info 1 /INPUT 8 "INPUT2"
    .port_info 2 /OUTPUT 8 "RESULT"
    .port_info 3 /INPUT 1 "SELECT"
v0x5646a889cba0_0 .net "INPUT1", 7 0, L_0x5646a88ad960;  alias, 1 drivers
L_0x7f0906e48018 .functor BUFT 1, C4<00000000>, C4<0>, C4<0>, C4<0>;
v0x5646a889cca0_0 .net "INPUT2", 7 0, L_0x7f0906e48018;  1 drivers
v0x5646a889cd80_0 .var "RESULT", 7 0;
v0x5646a889ce70_0 .net "SELECT", 0 0, L_0x5646a88aec30;  1 drivers
E_0x5646a8861d40 .event edge, v0x5646a889ce70_0, v0x5646a889cba0_0, v0x5646a889cca0_0;
S_0x5646a889cfe0 .scope module, "m1" "mux2to1_1bit" 3 14, 4 6 0, S_0x5646a8871c30;
 .timescale 0 0;
    .port_info 0 /INPUT 1 "INPUT1"
    .port_info 1 /INPUT 1 "INPUT2"
    .port_info 2 /OUTPUT 1 "RESULT"
    .port_info 3 /INPUT 1 "SELECT"
v0x5646a889d2b0_0 .net "INPUT1", 0 0, L_0x5646a88a6c50;  1 drivers
v0x5646a889d390_0 .net "INPUT2", 0 0, L_0x5646a88a6d20;  1 drivers
v0x5646a889d450_0 .var "RESULT", 0 0;
v0x5646a889d4f0_0 .net "SELECT", 0 0, L_0x5646a88a6df0;  1 drivers
E_0x5646a8861a50 .event edge, v0x5646a889d4f0_0, v0x5646a889d2b0_0, v0x5646a889d390_0;
S_0x5646a889d660 .scope module, "m11" "mux2to1_1bit" 3 23, 4 6 0, S_0x5646a8871c30;
 .timescale 0 0;
    .port_info 0 /INPUT 1 "INPUT1"
    .port_info 1 /INPUT 1 "INPUT2"
    .port_info 2 /OUTPUT 1 "RESULT"
    .port_info 3 /INPUT 1 "SELECT"
v0x5646a889d8e0_0 .net "INPUT1", 0 0, L_0x5646a88a8bf0;  1 drivers
v0x5646a889d9c0_0 .net "INPUT2", 0 0, L_0x5646a88a8cc0;  1 drivers
v0x5646a889da80_0 .var "RESULT", 0 0;
v0x5646a889db50_0 .net "SELECT", 0 0, L_0x5646a88a8e90;  1 drivers
E_0x5646a8886610 .event edge, v0x5646a889db50_0, v0x5646a889d8e0_0, v0x5646a889d9c0_0;
S_0x5646a889dcc0 .scope module, "m111" "mux2to1_1bit" 3 32, 4 6 0, S_0x5646a8871c30;
 .timescale 0 0;
    .port_info 0 /INPUT 1 "INPUT1"
    .port_info 1 /INPUT 1 "INPUT2"
    .port_info 2 /OUTPUT 1 "RESULT"
    .port_info 3 /INPUT 1 "SELECT"
v0x5646a889df80_0 .net "INPUT1", 0 0, L_0x5646a88ab4d0;  1 drivers
v0x5646a889e060_0 .net "INPUT2", 0 0, L_0x5646a88ab760;  1 drivers
v0x5646a889e120_0 .var "RESULT", 0 0;
v0x5646a889e1f0_0 .net "SELECT", 0 0, L_0x5646a88ab830;  1 drivers
E_0x5646a889df00 .event edge, v0x5646a889e1f0_0, v0x5646a889df80_0, v0x5646a889e060_0;
S_0x5646a889e360 .scope module, "m2" "mux2to1_1bit" 3 15, 4 6 0, S_0x5646a8871c30;
 .timescale 0 0;
    .port_info 0 /INPUT 1 "INPUT1"
    .port_info 1 /INPUT 1 "INPUT2"
    .port_info 2 /OUTPUT 1 "RESULT"
    .port_info 3 /INPUT 1 "SELECT"
v0x5646a889e620_0 .net "INPUT1", 0 0, L_0x5646a88a6f00;  1 drivers
v0x5646a889e700_0 .net "INPUT2", 0 0, L_0x5646a88a6fa0;  1 drivers
v0x5646a889e7c0_0 .var "RESULT", 0 0;
v0x5646a889e890_0 .net "SELECT", 0 0, L_0x5646a88a70c0;  1 drivers
E_0x5646a889e5a0 .event edge, v0x5646a889e890_0, v0x5646a889e620_0, v0x5646a889e700_0;
S_0x5646a889ea00 .scope module, "m22" "mux2to1_1bit" 3 24, 4 6 0, S_0x5646a8871c30;
 .timescale 0 0;
    .port_info 0 /INPUT 1 "INPUT1"
    .port_info 1 /INPUT 1 "INPUT2"
    .port_info 2 /OUTPUT 1 "RESULT"
    .port_info 3 /INPUT 1 "SELECT"
v0x5646a889ecc0_0 .net "INPUT1", 0 0, L_0x5646a88a8f60;  1 drivers
v0x5646a889eda0_0 .net "INPUT2", 0 0, L_0x5646a88a9140;  1 drivers
v0x5646a889ee60_0 .var "RESULT", 0 0;
v0x5646a889ef30_0 .net "SELECT", 0 0, L_0x5646a88a9210;  1 drivers
E_0x5646a889ec40 .event edge, v0x5646a889ef30_0, v0x5646a889ecc0_0, v0x5646a889eda0_0;
S_0x5646a889f0a0 .scope module, "m222" "mux2to1_1bit" 3 33, 4 6 0, S_0x5646a8871c30;
 .timescale 0 0;
    .port_info 0 /INPUT 1 "INPUT1"
    .port_info 1 /INPUT 1 "INPUT2"
    .port_info 2 /OUTPUT 1 "RESULT"
    .port_info 3 /INPUT 1 "SELECT"
v0x5646a889f310_0 .net "INPUT1", 0 0, L_0x5646a88abad0;  1 drivers
v0x5646a889f3f0_0 .net "INPUT2", 0 0, L_0x5646a88abba0;  1 drivers
v0x5646a889f4b0_0 .var "RESULT", 0 0;
v0x5646a889f580_0 .net "SELECT", 0 0, L_0x5646a88abe50;  1 drivers
E_0x5646a889f290 .event edge, v0x5646a889f580_0, v0x5646a889f310_0, v0x5646a889f3f0_0;
S_0x5646a889f6f0 .scope module, "m3" "mux2to1_1bit" 3 16, 4 6 0, S_0x5646a8871c30;
 .timescale 0 0;
    .port_info 0 /INPUT 1 "INPUT1"
    .port_info 1 /INPUT 1 "INPUT2"
    .port_info 2 /OUTPUT 1 "RESULT"
    .port_info 3 /INPUT 1 "SELECT"
v0x5646a889f9b0_0 .net "INPUT1", 0 0, L_0x5646a88a7220;  1 drivers
v0x5646a889fa90_0 .net "INPUT2", 0 0, L_0x5646a88a7350;  1 drivers
v0x5646a889fb50_0 .var "RESULT", 0 0;
v0x5646a889fc20_0 .net "SELECT", 0 0, L_0x5646a88a7420;  1 drivers
E_0x5646a889f930 .event edge, v0x5646a889fc20_0, v0x5646a889f9b0_0, v0x5646a889fa90_0;
S_0x5646a889fd90 .scope module, "m33" "mux2to1_1bit" 3 25, 4 6 0, S_0x5646a8871c30;
 .timescale 0 0;
    .port_info 0 /INPUT 1 "INPUT1"
    .port_info 1 /INPUT 1 "INPUT2"
    .port_info 2 /OUTPUT 1 "RESULT"
    .port_info 3 /INPUT 1 "SELECT"
v0x5646a88a0050_0 .net "INPUT1", 0 0, L_0x5646a88a9400;  1 drivers
v0x5646a88a0130_0 .net "INPUT2", 0 0, L_0x5646a88a94d0;  1 drivers
v0x5646a88a01f0_0 .var "RESULT", 0 0;
v0x5646a88a02c0_0 .net "SELECT", 0 0, L_0x5646a88a92e0;  1 drivers
E_0x5646a889ffd0 .event edge, v0x5646a88a02c0_0, v0x5646a88a0050_0, v0x5646a88a0130_0;
S_0x5646a88a0430 .scope module, "m333" "mux2to1_1bit" 3 34, 4 6 0, S_0x5646a8871c30;
 .timescale 0 0;
    .port_info 0 /INPUT 1 "INPUT1"
    .port_info 1 /INPUT 1 "INPUT2"
    .port_info 2 /OUTPUT 1 "RESULT"
    .port_info 3 /INPUT 1 "SELECT"
v0x5646a88a06f0_0 .net "INPUT1", 0 0, L_0x5646a88abf20;  1 drivers
v0x5646a88a07d0_0 .net "INPUT2", 0 0, L_0x5646a88ac1e0;  1 drivers
v0x5646a88a0890_0 .var "RESULT", 0 0;
v0x5646a88a0960_0 .net "SELECT", 0 0, L_0x5646a88ac2b0;  1 drivers
E_0x5646a88a0670 .event edge, v0x5646a88a0960_0, v0x5646a88a06f0_0, v0x5646a88a07d0_0;
S_0x5646a88a0ad0 .scope module, "m4" "mux2to1_1bit" 3 17, 4 6 0, S_0x5646a8871c30;
 .timescale 0 0;
    .port_info 0 /INPUT 1 "INPUT1"
    .port_info 1 /INPUT 1 "INPUT2"
    .port_info 2 /OUTPUT 1 "RESULT"
    .port_info 3 /INPUT 1 "SELECT"
v0x5646a88a0d90_0 .net "INPUT1", 0 0, L_0x5646a88a7560;  1 drivers
v0x5646a88a0e70_0 .net "INPUT2", 0 0, L_0x5646a88a7630;  1 drivers
v0x5646a88a0f30_0 .var "RESULT", 0 0;
v0x5646a88a1000_0 .net "SELECT", 0 0, L_0x5646a88a7780;  1 drivers
E_0x5646a88a0d10 .event edge, v0x5646a88a1000_0, v0x5646a88a0d90_0, v0x5646a88a0e70_0;
S_0x5646a88a1170 .scope module, "m44" "mux2to1_1bit" 3 26, 4 6 0, S_0x5646a8871c30;
 .timescale 0 0;
    .port_info 0 /INPUT 1 "INPUT1"
    .port_info 1 /INPUT 1 "INPUT2"
    .port_info 2 /OUTPUT 1 "RESULT"
    .port_info 3 /INPUT 1 "SELECT"
v0x5646a88a1430_0 .net "INPUT1", 0 0, L_0x5646a88a96d0;  1 drivers
v0x5646a88a1510_0 .net "INPUT2", 0 0, L_0x5646a88a98b0;  1 drivers
v0x5646a88a15d0_0 .var "RESULT", 0 0;
v0x5646a88a16a0_0 .net "SELECT", 0 0, L_0x5646a88a9980;  1 drivers
E_0x5646a88a13b0 .event edge, v0x5646a88a16a0_0, v0x5646a88a1430_0, v0x5646a88a1510_0;
S_0x5646a88a1810 .scope module, "m444" "mux2to1_1bit" 3 35, 4 6 0, S_0x5646a8871c30;
 .timescale 0 0;
    .port_info 0 /INPUT 1 "INPUT1"
    .port_info 1 /INPUT 1 "INPUT2"
    .port_info 2 /OUTPUT 1 "RESULT"
    .port_info 3 /INPUT 1 "SELECT"
v0x5646a88a1ad0_0 .net "INPUT1", 0 0, L_0x5646a88ac580;  1 drivers
v0x5646a88a1bb0_0 .net "INPUT2", 0 0, L_0x5646a88ac650;  1 drivers
v0x5646a88a1c70_0 .var "RESULT", 0 0;
v0x5646a88a1d40_0 .net "SELECT", 0 0, L_0x5646a88ac930;  1 drivers
E_0x5646a88a1a50 .event edge, v0x5646a88a1d40_0, v0x5646a88a1ad0_0, v0x5646a88a1bb0_0;
S_0x5646a88a1eb0 .scope module, "m5" "mux2to1_1bit" 3 18, 4 6 0, S_0x5646a8871c30;
 .timescale 0 0;
    .port_info 0 /INPUT 1 "INPUT1"
    .port_info 1 /INPUT 1 "INPUT2"
    .port_info 2 /OUTPUT 1 "RESULT"
    .port_info 3 /INPUT 1 "SELECT"
v0x5646a88a2170_0 .net "INPUT1", 0 0, L_0x5646a88a7850;  1 drivers
v0x5646a88a2250_0 .net "INPUT2", 0 0, L_0x5646a88a79b0;  1 drivers
v0x5646a88a2310_0 .var "RESULT", 0 0;
v0x5646a88a23e0_0 .net "SELECT", 0 0, L_0x5646a88a7a80;  1 drivers
E_0x5646a88a20f0 .event edge, v0x5646a88a23e0_0, v0x5646a88a2170_0, v0x5646a88a2250_0;
S_0x5646a88a2550 .scope module, "m55" "mux2to1_1bit" 3 27, 4 6 0, S_0x5646a8871c30;
 .timescale 0 0;
    .port_info 0 /INPUT 1 "INPUT1"
    .port_info 1 /INPUT 1 "INPUT2"
    .port_info 2 /OUTPUT 1 "RESULT"
    .port_info 3 /INPUT 1 "SELECT"
v0x5646a88a2810_0 .net "INPUT1", 0 0, L_0x5646a88a9ba0;  1 drivers
v0x5646a88a28f0_0 .net "INPUT2", 0 0, L_0x5646a88a9c70;  1 drivers
v0x5646a88a29b0_0 .var "RESULT", 0 0;
v0x5646a88a2a80_0 .net "SELECT", 0 0, L_0x5646a88a9ea0;  1 drivers
E_0x5646a88a2790 .event edge, v0x5646a88a2a80_0, v0x5646a88a2810_0, v0x5646a88a28f0_0;
S_0x5646a88a2bf0 .scope module, "m555" "mux2to1_1bit" 3 36, 4 6 0, S_0x5646a8871c30;
 .timescale 0 0;
    .port_info 0 /INPUT 1 "INPUT1"
    .port_info 1 /INPUT 1 "INPUT2"
    .port_info 2 /OUTPUT 1 "RESULT"
    .port_info 3 /INPUT 1 "SELECT"
v0x5646a88a2eb0_0 .net "INPUT1", 0 0, L_0x5646a88aca00;  1 drivers
v0x5646a88a2f90_0 .net "INPUT2", 0 0, L_0x5646a88accf0;  1 drivers
v0x5646a88a3050_0 .var "RESULT", 0 0;
v0x5646a88a3120_0 .net "SELECT", 0 0, L_0x5646a88acdc0;  1 drivers
E_0x5646a88a2e30 .event edge, v0x5646a88a3120_0, v0x5646a88a2eb0_0, v0x5646a88a2f90_0;
S_0x5646a88a3290 .scope module, "m6" "mux2to1_1bit" 3 19, 4 6 0, S_0x5646a8871c30;
 .timescale 0 0;
    .port_info 0 /INPUT 1 "INPUT1"
    .port_info 1 /INPUT 1 "INPUT2"
    .port_info 2 /OUTPUT 1 "RESULT"
    .port_info 3 /INPUT 1 "SELECT"
v0x5646a88a3550_0 .net "INPUT1", 0 0, L_0x5646a88a7bf0;  1 drivers
v0x5646a88a3630_0 .net "INPUT2", 0 0, L_0x5646a88a7cc0;  1 drivers
v0x5646a88a36f0_0 .var "RESULT", 0 0;
v0x5646a88a37c0_0 .net "SELECT", 0 0, L_0x5646a88a7b50;  1 drivers
E_0x5646a88a34d0 .event edge, v0x5646a88a37c0_0, v0x5646a88a3550_0, v0x5646a88a3630_0;
S_0x5646a88a3930 .scope module, "m66" "mux2to1_1bit" 3 28, 4 6 0, S_0x5646a8871c30;
 .timescale 0 0;
    .port_info 0 /INPUT 1 "INPUT1"
    .port_info 1 /INPUT 1 "INPUT2"
    .port_info 2 /OUTPUT 1 "RESULT"
    .port_info 3 /INPUT 1 "SELECT"
v0x5646a88a3bf0_0 .net "INPUT1", 0 0, L_0x5646a88a9f70;  1 drivers
v0x5646a88a3cd0_0 .net "INPUT2", 0 0, L_0x5646a88aa1b0;  1 drivers
v0x5646a88a3d90_0 .var "RESULT", 0 0;
v0x5646a88a3e60_0 .net "SELECT", 0 0, L_0x5646a88aa280;  1 drivers
E_0x5646a88a3b70 .event edge, v0x5646a88a3e60_0, v0x5646a88a3bf0_0, v0x5646a88a3cd0_0;
S_0x5646a88a3fd0 .scope module, "m666" "mux2to1_1bit" 3 37, 4 6 0, S_0x5646a8871c30;
 .timescale 0 0;
    .port_info 0 /INPUT 1 "INPUT1"
    .port_info 1 /INPUT 1 "INPUT2"
    .port_info 2 /OUTPUT 1 "RESULT"
    .port_info 3 /INPUT 1 "SELECT"
v0x5646a88a4290_0 .net "INPUT1", 0 0, L_0x5646a88ad0c0;  1 drivers
v0x5646a88a4370_0 .net "INPUT2", 0 0, L_0x5646a88ad190;  1 drivers
v0x5646a88a4430_0 .var "RESULT", 0 0;
v0x5646a88a4500_0 .net "SELECT", 0 0, L_0x5646a88ad4a0;  1 drivers
E_0x5646a88a4210 .event edge, v0x5646a88a4500_0, v0x5646a88a4290_0, v0x5646a88a4370_0;
S_0x5646a88a4670 .scope module, "m7" "mux2to1_1bit" 3 20, 4 6 0, S_0x5646a8871c30;
 .timescale 0 0;
    .port_info 0 /INPUT 1 "INPUT1"
    .port_info 1 /INPUT 1 "INPUT2"
    .port_info 2 /OUTPUT 1 "RESULT"
    .port_info 3 /INPUT 1 "SELECT"
v0x5646a88a4930_0 .net "INPUT1", 0 0, L_0x5646a88a7f80;  1 drivers
v0x5646a88a4a10_0 .net "INPUT2", 0 0, L_0x5646a88a8320;  1 drivers
v0x5646a88a4ad0_0 .var "RESULT", 0 0;
v0x5646a88a4ba0_0 .net "SELECT", 0 0, L_0x5646a88a8710;  1 drivers
E_0x5646a88a48b0 .event edge, v0x5646a88a4ba0_0, v0x5646a88a4930_0, v0x5646a88a4a10_0;
S_0x5646a88a4d10 .scope module, "m77" "mux2to1_1bit" 3 29, 4 6 0, S_0x5646a8871c30;
 .timescale 0 0;
    .port_info 0 /INPUT 1 "INPUT1"
    .port_info 1 /INPUT 1 "INPUT2"
    .port_info 2 /OUTPUT 1 "RESULT"
    .port_info 3 /INPUT 1 "SELECT"
v0x5646a88a4fd0_0 .net "INPUT1", 0 0, L_0x5646a88aa6e0;  1 drivers
v0x5646a88a50b0_0 .net "INPUT2", 0 0, L_0x5646a88aa9c0;  1 drivers
v0x5646a88a5170_0 .var "RESULT", 0 0;
v0x5646a88a5240_0 .net "SELECT", 0 0, L_0x5646a88aae70;  1 drivers
E_0x5646a88a4f50 .event edge, v0x5646a88a5240_0, v0x5646a88a4fd0_0, v0x5646a88a50b0_0;
S_0x5646a88a53b0 .scope module, "m777" "mux2to1_1bit" 3 38, 4 6 0, S_0x5646a8871c30;
 .timescale 0 0;
    .port_info 0 /INPUT 1 "INPUT1"
    .port_info 1 /INPUT 1 "INPUT2"
    .port_info 2 /OUTPUT 1 "RESULT"
    .port_info 3 /INPUT 1 "SELECT"
v0x5646a88a5670_0 .net "INPUT1", 0 0, L_0x5646a88ad570;  1 drivers
v0x5646a88a5750_0 .net "INPUT2", 0 0, L_0x5646a88ad890;  1 drivers
v0x5646a88a5810_0 .var "RESULT", 0 0;
v0x5646a88a58e0_0 .net "SELECT", 0 0, L_0x5646a88ade00;  1 drivers
E_0x5646a88a55f0 .event edge, v0x5646a88a58e0_0, v0x5646a88a5670_0, v0x5646a88a5750_0;
    .scope S_0x5646a8870d30;
T_0 ;
    %wait E_0x5646a8853630;
    %load/vec4 v0x5646a889bb70_0;
    %cmpi/e 0, 0, 1;
    %jmp/0xz  T_0.0, 4;
    %load/vec4 v0x5646a88520f0_0;
    %store/vec4 v0x5646a889bad0_0, 0, 1;
    %jmp T_0.1;
T_0.0 ;
    %load/vec4 v0x5646a889ba10_0;
    %store/vec4 v0x5646a889bad0_0, 0, 1;
T_0.1 ;
    %jmp T_0;
    .thread T_0, $push;
    .scope S_0x5646a889cfe0;
T_1 ;
    %wait E_0x5646a8861a50;
    %load/vec4 v0x5646a889d4f0_0;
    %cmpi/e 0, 0, 1;
    %jmp/0xz  T_1.0, 4;
    %load/vec4 v0x5646a889d2b0_0;
    %store/vec4 v0x5646a889d450_0, 0, 1;
    %jmp T_1.1;
T_1.0 ;
    %load/vec4 v0x5646a889d390_0;
    %store/vec4 v0x5646a889d450_0, 0, 1;
T_1.1 ;
    %jmp T_1;
    .thread T_1, $push;
    .scope S_0x5646a889e360;
T_2 ;
    %wait E_0x5646a889e5a0;
    %load/vec4 v0x5646a889e890_0;
    %cmpi/e 0, 0, 1;
    %jmp/0xz  T_2.0, 4;
    %load/vec4 v0x5646a889e620_0;
    %store/vec4 v0x5646a889e7c0_0, 0, 1;
    %jmp T_2.1;
T_2.0 ;
    %load/vec4 v0x5646a889e700_0;
    %store/vec4 v0x5646a889e7c0_0, 0, 1;
T_2.1 ;
    %jmp T_2;
    .thread T_2, $push;
    .scope S_0x5646a889f6f0;
T_3 ;
    %wait E_0x5646a889f930;
    %load/vec4 v0x5646a889fc20_0;
    %cmpi/e 0, 0, 1;
    %jmp/0xz  T_3.0, 4;
    %load/vec4 v0x5646a889f9b0_0;
    %store/vec4 v0x5646a889fb50_0, 0, 1;
    %jmp T_3.1;
T_3.0 ;
    %load/vec4 v0x5646a889fa90_0;
    %store/vec4 v0x5646a889fb50_0, 0, 1;
T_3.1 ;
    %jmp T_3;
    .thread T_3, $push;
    .scope S_0x5646a88a0ad0;
T_4 ;
    %wait E_0x5646a88a0d10;
    %load/vec4 v0x5646a88a1000_0;
    %cmpi/e 0, 0, 1;
    %jmp/0xz  T_4.0, 4;
    %load/vec4 v0x5646a88a0d90_0;
    %store/vec4 v0x5646a88a0f30_0, 0, 1;
    %jmp T_4.1;
T_4.0 ;
    %load/vec4 v0x5646a88a0e70_0;
    %store/vec4 v0x5646a88a0f30_0, 0, 1;
T_4.1 ;
    %jmp T_4;
    .thread T_4, $push;
    .scope S_0x5646a88a1eb0;
T_5 ;
    %wait E_0x5646a88a20f0;
    %load/vec4 v0x5646a88a23e0_0;
    %cmpi/e 0, 0, 1;
    %jmp/0xz  T_5.0, 4;
    %load/vec4 v0x5646a88a2170_0;
    %store/vec4 v0x5646a88a2310_0, 0, 1;
    %jmp T_5.1;
T_5.0 ;
    %load/vec4 v0x5646a88a2250_0;
    %store/vec4 v0x5646a88a2310_0, 0, 1;
T_5.1 ;
    %jmp T_5;
    .thread T_5, $push;
    .scope S_0x5646a88a3290;
T_6 ;
    %wait E_0x5646a88a34d0;
    %load/vec4 v0x5646a88a37c0_0;
    %cmpi/e 0, 0, 1;
    %jmp/0xz  T_6.0, 4;
    %load/vec4 v0x5646a88a3550_0;
    %store/vec4 v0x5646a88a36f0_0, 0, 1;
    %jmp T_6.1;
T_6.0 ;
    %load/vec4 v0x5646a88a3630_0;
    %store/vec4 v0x5646a88a36f0_0, 0, 1;
T_6.1 ;
    %jmp T_6;
    .thread T_6, $push;
    .scope S_0x5646a88a4670;
T_7 ;
    %wait E_0x5646a88a48b0;
    %load/vec4 v0x5646a88a4ba0_0;
    %cmpi/e 0, 0, 1;
    %jmp/0xz  T_7.0, 4;
    %load/vec4 v0x5646a88a4930_0;
    %store/vec4 v0x5646a88a4ad0_0, 0, 1;
    %jmp T_7.1;
T_7.0 ;
    %load/vec4 v0x5646a88a4a10_0;
    %store/vec4 v0x5646a88a4ad0_0, 0, 1;
T_7.1 ;
    %jmp T_7;
    .thread T_7, $push;
    .scope S_0x5646a889bcb0;
T_8 ;
    %wait E_0x5646a88534c0;
    %load/vec4 v0x5646a889c170_0;
    %cmpi/e 0, 0, 1;
    %jmp/0xz  T_8.0, 4;
    %load/vec4 v0x5646a889bf30_0;
    %store/vec4 v0x5646a889c0d0_0, 0, 1;
    %jmp T_8.1;
T_8.0 ;
    %load/vec4 v0x5646a889c010_0;
    %store/vec4 v0x5646a889c0d0_0, 0, 1;
T_8.1 ;
    %jmp T_8;
    .thread T_8, $push;
    .scope S_0x5646a889d660;
T_9 ;
    %wait E_0x5646a8886610;
    %load/vec4 v0x5646a889db50_0;
    %cmpi/e 0, 0, 1;
    %jmp/0xz  T_9.0, 4;
    %load/vec4 v0x5646a889d8e0_0;
    %store/vec4 v0x5646a889da80_0, 0, 1;
    %jmp T_9.1;
T_9.0 ;
    %load/vec4 v0x5646a889d9c0_0;
    %store/vec4 v0x5646a889da80_0, 0, 1;
T_9.1 ;
    %jmp T_9;
    .thread T_9, $push;
    .scope S_0x5646a889ea00;
T_10 ;
    %wait E_0x5646a889ec40;
    %load/vec4 v0x5646a889ef30_0;
    %cmpi/e 0, 0, 1;
    %jmp/0xz  T_10.0, 4;
    %load/vec4 v0x5646a889ecc0_0;
    %store/vec4 v0x5646a889ee60_0, 0, 1;
    %jmp T_10.1;
T_10.0 ;
    %load/vec4 v0x5646a889eda0_0;
    %store/vec4 v0x5646a889ee60_0, 0, 1;
T_10.1 ;
    %jmp T_10;
    .thread T_10, $push;
    .scope S_0x5646a889fd90;
T_11 ;
    %wait E_0x5646a889ffd0;
    %load/vec4 v0x5646a88a02c0_0;
    %cmpi/e 0, 0, 1;
    %jmp/0xz  T_11.0, 4;
    %load/vec4 v0x5646a88a0050_0;
    %store/vec4 v0x5646a88a01f0_0, 0, 1;
    %jmp T_11.1;
T_11.0 ;
    %load/vec4 v0x5646a88a0130_0;
    %store/vec4 v0x5646a88a01f0_0, 0, 1;
T_11.1 ;
    %jmp T_11;
    .thread T_11, $push;
    .scope S_0x5646a88a1170;
T_12 ;
    %wait E_0x5646a88a13b0;
    %load/vec4 v0x5646a88a16a0_0;
    %cmpi/e 0, 0, 1;
    %jmp/0xz  T_12.0, 4;
    %load/vec4 v0x5646a88a1430_0;
    %store/vec4 v0x5646a88a15d0_0, 0, 1;
    %jmp T_12.1;
T_12.0 ;
    %load/vec4 v0x5646a88a1510_0;
    %store/vec4 v0x5646a88a15d0_0, 0, 1;
T_12.1 ;
    %jmp T_12;
    .thread T_12, $push;
    .scope S_0x5646a88a2550;
T_13 ;
    %wait E_0x5646a88a2790;
    %load/vec4 v0x5646a88a2a80_0;
    %cmpi/e 0, 0, 1;
    %jmp/0xz  T_13.0, 4;
    %load/vec4 v0x5646a88a2810_0;
    %store/vec4 v0x5646a88a29b0_0, 0, 1;
    %jmp T_13.1;
T_13.0 ;
    %load/vec4 v0x5646a88a28f0_0;
    %store/vec4 v0x5646a88a29b0_0, 0, 1;
T_13.1 ;
    %jmp T_13;
    .thread T_13, $push;
    .scope S_0x5646a88a3930;
T_14 ;
    %wait E_0x5646a88a3b70;
    %load/vec4 v0x5646a88a3e60_0;
    %cmpi/e 0, 0, 1;
    %jmp/0xz  T_14.0, 4;
    %load/vec4 v0x5646a88a3bf0_0;
    %store/vec4 v0x5646a88a3d90_0, 0, 1;
    %jmp T_14.1;
T_14.0 ;
    %load/vec4 v0x5646a88a3cd0_0;
    %store/vec4 v0x5646a88a3d90_0, 0, 1;
T_14.1 ;
    %jmp T_14;
    .thread T_14, $push;
    .scope S_0x5646a88a4d10;
T_15 ;
    %wait E_0x5646a88a4f50;
    %load/vec4 v0x5646a88a5240_0;
    %cmpi/e 0, 0, 1;
    %jmp/0xz  T_15.0, 4;
    %load/vec4 v0x5646a88a4fd0_0;
    %store/vec4 v0x5646a88a5170_0, 0, 1;
    %jmp T_15.1;
T_15.0 ;
    %load/vec4 v0x5646a88a50b0_0;
    %store/vec4 v0x5646a88a5170_0, 0, 1;
T_15.1 ;
    %jmp T_15;
    .thread T_15, $push;
    .scope S_0x5646a889c2b0;
T_16 ;
    %wait E_0x5646a88617e0;
    %load/vec4 v0x5646a889c7b0_0;
    %cmpi/e 0, 0, 1;
    %jmp/0xz  T_16.0, 4;
    %load/vec4 v0x5646a889c540_0;
    %store/vec4 v0x5646a889c6e0_0, 0, 1;
    %jmp T_16.1;
T_16.0 ;
    %load/vec4 v0x5646a889c620_0;
    %store/vec4 v0x5646a889c6e0_0, 0, 1;
T_16.1 ;
    %jmp T_16;
    .thread T_16, $push;
    .scope S_0x5646a889dcc0;
T_17 ;
    %wait E_0x5646a889df00;
    %load/vec4 v0x5646a889e1f0_0;
    %cmpi/e 0, 0, 1;
    %jmp/0xz  T_17.0, 4;
    %load/vec4 v0x5646a889df80_0;
    %store/vec4 v0x5646a889e120_0, 0, 1;
    %jmp T_17.1;
T_17.0 ;
    %load/vec4 v0x5646a889e060_0;
    %store/vec4 v0x5646a889e120_0, 0, 1;
T_17.1 ;
    %jmp T_17;
    .thread T_17, $push;
    .scope S_0x5646a889f0a0;
T_18 ;
    %wait E_0x5646a889f290;
    %load/vec4 v0x5646a889f580_0;
    %cmpi/e 0, 0, 1;
    %jmp/0xz  T_18.0, 4;
    %load/vec4 v0x5646a889f310_0;
    %store/vec4 v0x5646a889f4b0_0, 0, 1;
    %jmp T_18.1;
T_18.0 ;
    %load/vec4 v0x5646a889f3f0_0;
    %store/vec4 v0x5646a889f4b0_0, 0, 1;
T_18.1 ;
    %jmp T_18;
    .thread T_18, $push;
    .scope S_0x5646a88a0430;
T_19 ;
    %wait E_0x5646a88a0670;
    %load/vec4 v0x5646a88a0960_0;
    %cmpi/e 0, 0, 1;
    %jmp/0xz  T_19.0, 4;
    %load/vec4 v0x5646a88a06f0_0;
    %store/vec4 v0x5646a88a0890_0, 0, 1;
    %jmp T_19.1;
T_19.0 ;
    %load/vec4 v0x5646a88a07d0_0;
    %store/vec4 v0x5646a88a0890_0, 0, 1;
T_19.1 ;
    %jmp T_19;
    .thread T_19, $push;
    .scope S_0x5646a88a1810;
T_20 ;
    %wait E_0x5646a88a1a50;
    %load/vec4 v0x5646a88a1d40_0;
    %cmpi/e 0, 0, 1;
    %jmp/0xz  T_20.0, 4;
    %load/vec4 v0x5646a88a1ad0_0;
    %store/vec4 v0x5646a88a1c70_0, 0, 1;
    %jmp T_20.1;
T_20.0 ;
    %load/vec4 v0x5646a88a1bb0_0;
    %store/vec4 v0x5646a88a1c70_0, 0, 1;
T_20.1 ;
    %jmp T_20;
    .thread T_20, $push;
    .scope S_0x5646a88a2bf0;
T_21 ;
    %wait E_0x5646a88a2e30;
    %load/vec4 v0x5646a88a3120_0;
    %cmpi/e 0, 0, 1;
    %jmp/0xz  T_21.0, 4;
    %load/vec4 v0x5646a88a2eb0_0;
    %store/vec4 v0x5646a88a3050_0, 0, 1;
    %jmp T_21.1;
T_21.0 ;
    %load/vec4 v0x5646a88a2f90_0;
    %store/vec4 v0x5646a88a3050_0, 0, 1;
T_21.1 ;
    %jmp T_21;
    .thread T_21, $push;
    .scope S_0x5646a88a3fd0;
T_22 ;
    %wait E_0x5646a88a4210;
    %load/vec4 v0x5646a88a4500_0;
    %cmpi/e 0, 0, 1;
    %jmp/0xz  T_22.0, 4;
    %load/vec4 v0x5646a88a4290_0;
    %store/vec4 v0x5646a88a4430_0, 0, 1;
    %jmp T_22.1;
T_22.0 ;
    %load/vec4 v0x5646a88a4370_0;
    %store/vec4 v0x5646a88a4430_0, 0, 1;
T_22.1 ;
    %jmp T_22;
    .thread T_22, $push;
    .scope S_0x5646a88a53b0;
T_23 ;
    %wait E_0x5646a88a55f0;
    %load/vec4 v0x5646a88a58e0_0;
    %cmpi/e 0, 0, 1;
    %jmp/0xz  T_23.0, 4;
    %load/vec4 v0x5646a88a5670_0;
    %store/vec4 v0x5646a88a5810_0, 0, 1;
    %jmp T_23.1;
T_23.0 ;
    %load/vec4 v0x5646a88a5750_0;
    %store/vec4 v0x5646a88a5810_0, 0, 1;
T_23.1 ;
    %jmp T_23;
    .thread T_23, $push;
    .scope S_0x5646a889c920;
T_24 ;
    %wait E_0x5646a8861d40;
    %load/vec4 v0x5646a889ce70_0;
    %cmpi/e 0, 0, 1;
    %jmp/0xz  T_24.0, 4;
    %load/vec4 v0x5646a889cba0_0;
    %store/vec4 v0x5646a889cd80_0, 0, 8;
    %jmp T_24.1;
T_24.0 ;
    %load/vec4 v0x5646a889cca0_0;
    %store/vec4 v0x5646a889cd80_0, 0, 8;
T_24.1 ;
    %jmp T_24;
    .thread T_24, $push;
    .scope S_0x5646a8872390;
T_25 ;
    %vpi_call 2 21 "$dumpfile", "barrelShifter.vcd" {0 0 0};
    %vpi_call 2 22 "$dumpvars", 32'sb00000000000000000000000000000000, S_0x5646a8872390 {0 0 0};
    %end;
    .thread T_25;
    .scope S_0x5646a8872390;
T_26 ;
    %pushi/vec4 5, 0, 8;
    %store/vec4 v0x5646a88a6710_0, 0, 8;
    %pushi/vec4 1, 0, 8;
    %store/vec4 v0x5646a88a68a0_0, 0, 8;
    %delay 5, 0;
    %pushi/vec4 7, 0, 8;
    %store/vec4 v0x5646a88a68a0_0, 0, 8;
    %delay 5, 0;
    %pushi/vec4 8, 0, 8;
    %store/vec4 v0x5646a88a68a0_0, 0, 8;
    %delay 5, 0;
    %pushi/vec4 16, 0, 8;
    %store/vec4 v0x5646a88a6710_0, 0, 8;
    %pushi/vec4 2, 0, 8;
    %store/vec4 v0x5646a88a68a0_0, 0, 8;
    %delay 20, 0;
    %pushi/vec4 252, 0, 8;
    %store/vec4 v0x5646a88a6710_0, 0, 8;
    %pushi/vec4 2, 0, 8;
    %store/vec4 v0x5646a88a68a0_0, 0, 8;
    %delay 10, 0;
    %vpi_call 2 48 "$finish" {0 0 0};
    %end;
    .thread T_26;
# The file index is used to find the file name in the following table.
:file_names 6;
    "N/A";
    "<interactive>";
    "tb.v";
    "./rotateShifterRight.v";
    "./mux2to1_1bit.v";
    "./mux2to1_8bit.v";
